[2025-11-08T03:32:04.889+0000] {taskinstance.py:1125} INFO - Dependencies all met for dep_context=non-requeueable deps ti=<TaskInstance: orquestador.prueba_modelo manual__2025-11-08T03:26:54.466886+00:00 [queued]>
[2025-11-08T03:32:04.899+0000] {taskinstance.py:1125} INFO - Dependencies all met for dep_context=requeueable deps ti=<TaskInstance: orquestador.prueba_modelo manual__2025-11-08T03:26:54.466886+00:00 [queued]>
[2025-11-08T03:32:04.900+0000] {taskinstance.py:1331} INFO - Starting attempt 2 of 2
[2025-11-08T03:32:04.913+0000] {taskinstance.py:1350} INFO - Executing <Task(PythonOperator): prueba_modelo> on 2025-11-08 03:26:54.466886+00:00
[2025-11-08T03:32:04.921+0000] {standard_task_runner.py:57} INFO - Started process 183 to run task
[2025-11-08T03:32:04.929+0000] {standard_task_runner.py:84} INFO - Running: ['***', 'tasks', 'run', 'orquestador', 'prueba_modelo', 'manual__2025-11-08T03:26:54.466886+00:00', '--job-id', '611', '--raw', '--subdir', 'DAGS_FOLDER/orquestador.py', '--cfg-path', '/tmp/tmpad5260ye']
[2025-11-08T03:32:04.933+0000] {standard_task_runner.py:85} INFO - Job 611: Subtask prueba_modelo
[2025-11-08T03:32:04.994+0000] {task_command.py:410} INFO - Running <TaskInstance: orquestador.prueba_modelo manual__2025-11-08T03:26:54.466886+00:00 [running]> on host 07d7237ee251
[2025-11-08T03:32:05.091+0000] {taskinstance.py:1568} INFO - Exporting env vars: AIRFLOW_CTX_DAG_OWNER='***' AIRFLOW_CTX_DAG_ID='orquestador' AIRFLOW_CTX_TASK_ID='prueba_modelo' AIRFLOW_CTX_EXECUTION_DATE='2025-11-08T03:26:54.466886+00:00' AIRFLOW_CTX_TRY_NUMBER='2' AIRFLOW_CTX_DAG_RUN_ID='manual__2025-11-08T03:26:54.466886+00:00'
[2025-11-08T03:32:05.092+0000] {logging_mixin.py:149} INFO - 📘 Cargando datos de penguins...
[2025-11-08T03:32:05.108+0000] {logging_mixin.py:149} INFO - 🔗 Conectando a MLflow en http://10.43.100.98:8084
[2025-11-08T03:32:05.149+0000] {logging_mixin.py:149} INFO - ⚙️ Entrenando modelo...
[2025-11-08T03:32:05.561+0000] {logging_mixin.py:149} INFO - 🧾 Registrando modelo en MLflow...
[2025-11-08T03:32:05.627+0000] {logging_mixin.py:149} WARNING - 2025/11/08 03:32:05 WARNING mlflow.utils.git_utils: Failed to import Git (the Git executable is probably not on your PATH), so Git SHA is not available. Error: Failed to initialize: Bad git executable.
The git executable must be specified in one of the following ways:
    - be included in your $PATH
    - be set via $GIT_PYTHON_GIT_EXECUTABLE
    - explicitly set via git.refresh(<full-path-to-git-executable>)

All git commands will error until this is rectified.

This initial message can be silenced or aggravated in the future by setting the
$GIT_PYTHON_REFRESH environment variable. Use one of the following values:
    - quiet|q|silence|s|silent|none|n|0: for no message or exception
    - warn|w|warning|log|l|1: for a warning message (logging level CRITICAL, displayed by default)
    - error|e|exception|raise|r|2: for a raised exception

Example:
    export GIT_PYTHON_REFRESH=quiet
[2025-11-08T03:32:09.795+0000] {warnings.py:109} WARNING - /home/***/.local/lib/python3.9/site-packages/_distutils_hack/__init__.py:33: UserWarning: Setuptools is replacing distutils.
  warnings.warn("Setuptools is replacing distutils.")

[2025-11-08T03:32:09.903+0000] {credentials.py:1123} INFO - Found credentials in environment variables.
[2025-11-08T03:32:10.087+0000] {logging_mixin.py:149} INFO - ✅ Modelo logueado con accuracy = 1.0000
[2025-11-08T03:32:10.176+0000] {logging_mixin.py:149} WARNING - Successfully registered model 'logistic_regression'.
[2025-11-08T03:32:10.238+0000] {logging_mixin.py:149} WARNING - 2025/11/08 03:32:10 INFO mlflow.tracking._model_registry.client: Waiting up to 300 seconds for model version to finish creation. Model name: logistic_regression, version 1
[2025-11-08T03:32:10.238+0000] {logging_mixin.py:149} WARNING - Created version '1' of model 'logistic_regression'.
[2025-11-08T03:32:10.295+0000] {logging_mixin.py:149} INFO - 🚀 Modelo logistic_regression v1 promovido a 'Production'
[2025-11-08T03:32:10.295+0000] {logging_mixin.py:149} INFO - 🎉 ¡Proceso completado exitosamente!
[2025-11-08T03:32:10.296+0000] {python.py:183} INFO - Done. Returned value was: None
[2025-11-08T03:32:10.307+0000] {taskinstance.py:1368} INFO - Marking task as SUCCESS. dag_id=orquestador, task_id=prueba_modelo, execution_date=20251108T032654, start_date=20251108T033204, end_date=20251108T033210
[2025-11-08T03:32:10.345+0000] {local_task_job_runner.py:232} INFO - Task exited with return code 0
[2025-11-08T03:32:10.365+0000] {taskinstance.py:2674} INFO - 0 downstream tasks scheduled from follow-on schedule check
