[2025-11-08T21:16:44.131+0000] {taskinstance.py:1125} INFO - Dependencies all met for dep_context=non-requeueable deps ti=<TaskInstance: orquestador.wait_between_runs scheduled__2023-01-01T00:15:00+00:00 [queued]>
[2025-11-08T21:16:44.153+0000] {taskinstance.py:1125} INFO - Dependencies all met for dep_context=requeueable deps ti=<TaskInstance: orquestador.wait_between_runs scheduled__2023-01-01T00:15:00+00:00 [queued]>
[2025-11-08T21:16:44.154+0000] {taskinstance.py:1331} INFO - Starting attempt 1 of 2
[2025-11-08T21:16:44.180+0000] {taskinstance.py:1350} INFO - Executing <Task(PythonOperator): wait_between_runs> on 2023-01-01 00:15:00+00:00
[2025-11-08T21:16:44.196+0000] {standard_task_runner.py:57} INFO - Started process 15137 to run task
[2025-11-08T21:16:44.206+0000] {standard_task_runner.py:84} INFO - Running: ['***', 'tasks', 'run', 'orquestador', 'wait_between_runs', 'scheduled__2023-01-01T00:15:00+00:00', '--job-id', '804', '--raw', '--subdir', 'DAGS_FOLDER/orquestador.py', '--cfg-path', '/tmp/tmpw2ksehip']
[2025-11-08T21:16:44.210+0000] {standard_task_runner.py:85} INFO - Job 804: Subtask wait_between_runs
[2025-11-08T21:16:44.656+0000] {task_command.py:410} INFO - Running <TaskInstance: orquestador.wait_between_runs scheduled__2023-01-01T00:15:00+00:00 [running]> on host 068cff9bffb3
[2025-11-08T21:16:44.800+0000] {taskinstance.py:1568} INFO - Exporting env vars: AIRFLOW_CTX_DAG_OWNER='***' AIRFLOW_CTX_DAG_ID='orquestador' AIRFLOW_CTX_TASK_ID='wait_between_runs' AIRFLOW_CTX_EXECUTION_DATE='2023-01-01T00:15:00+00:00' AIRFLOW_CTX_TRY_NUMBER='1' AIRFLOW_CTX_DAG_RUN_ID='scheduled__2023-01-01T00:15:00+00:00'
[2025-11-08T21:21:44.892+0000] {python.py:183} INFO - Done. Returned value was: None
[2025-11-08T21:21:44.916+0000] {taskinstance.py:1368} INFO - Marking task as SUCCESS. dag_id=orquestador, task_id=wait_between_runs, execution_date=20230101T001500, start_date=20251108T211644, end_date=20251108T212144
[2025-11-08T21:21:44.985+0000] {local_task_job_runner.py:232} INFO - Task exited with return code 0
[2025-11-08T21:21:45.017+0000] {taskinstance.py:2674} INFO - 0 downstream tasks scheduled from follow-on schedule check
[2025-11-09T00:43:24.173+0000] {taskinstance.py:1125} INFO - Dependencies all met for dep_context=non-requeueable deps ti=<TaskInstance: orquestador.wait_between_runs scheduled__2023-01-01T00:15:00+00:00 [queued]>
[2025-11-09T00:43:24.189+0000] {taskinstance.py:1125} INFO - Dependencies all met for dep_context=requeueable deps ti=<TaskInstance: orquestador.wait_between_runs scheduled__2023-01-01T00:15:00+00:00 [queued]>
[2025-11-09T00:43:24.189+0000] {taskinstance.py:1331} INFO - Starting attempt 1 of 2
[2025-11-09T00:43:24.206+0000] {taskinstance.py:1350} INFO - Executing <Task(PythonOperator): wait_between_runs> on 2023-01-01 00:15:00+00:00
[2025-11-09T00:43:24.216+0000] {standard_task_runner.py:57} INFO - Started process 1243 to run task
[2025-11-09T00:43:24.222+0000] {standard_task_runner.py:84} INFO - Running: ['***', 'tasks', 'run', 'orquestador', 'wait_between_runs', 'scheduled__2023-01-01T00:15:00+00:00', '--job-id', '70', '--raw', '--subdir', 'DAGS_FOLDER/orquestador.py', '--cfg-path', '/tmp/tmps0rq0gpy']
[2025-11-09T00:43:24.225+0000] {standard_task_runner.py:85} INFO - Job 70: Subtask wait_between_runs
[2025-11-09T00:43:24.562+0000] {task_command.py:410} INFO - Running <TaskInstance: orquestador.wait_between_runs scheduled__2023-01-01T00:15:00+00:00 [running]> on host abefff83dc87
[2025-11-09T00:43:24.663+0000] {taskinstance.py:1568} INFO - Exporting env vars: AIRFLOW_CTX_DAG_OWNER='***' AIRFLOW_CTX_DAG_ID='orquestador' AIRFLOW_CTX_TASK_ID='wait_between_runs' AIRFLOW_CTX_EXECUTION_DATE='2023-01-01T00:15:00+00:00' AIRFLOW_CTX_TRY_NUMBER='1' AIRFLOW_CTX_DAG_RUN_ID='scheduled__2023-01-01T00:15:00+00:00'
[2025-11-09T00:48:24.764+0000] {python.py:183} INFO - Done. Returned value was: None
[2025-11-09T00:48:24.778+0000] {taskinstance.py:1368} INFO - Marking task as SUCCESS. dag_id=orquestador, task_id=wait_between_runs, execution_date=20230101T001500, start_date=20251109T004324, end_date=20251109T004824
[2025-11-09T00:48:24.822+0000] {local_task_job_runner.py:232} INFO - Task exited with return code 0
[2025-11-09T00:48:24.857+0000] {taskinstance.py:2674} INFO - 0 downstream tasks scheduled from follow-on schedule check
[2025-11-09T03:24:51.294+0000] {taskinstance.py:1125} INFO - Dependencies all met for dep_context=non-requeueable deps ti=<TaskInstance: orquestador.wait_between_runs scheduled__2023-01-01T00:15:00+00:00 [queued]>
[2025-11-09T03:24:51.313+0000] {taskinstance.py:1125} INFO - Dependencies all met for dep_context=requeueable deps ti=<TaskInstance: orquestador.wait_between_runs scheduled__2023-01-01T00:15:00+00:00 [queued]>
[2025-11-09T03:24:51.314+0000] {taskinstance.py:1331} INFO - Starting attempt 1 of 2
[2025-11-09T03:24:51.338+0000] {taskinstance.py:1350} INFO - Executing <Task(PythonOperator): wait_between_runs> on 2023-01-01 00:15:00+00:00
[2025-11-09T03:24:51.357+0000] {standard_task_runner.py:57} INFO - Started process 780 to run task
[2025-11-09T03:24:51.363+0000] {standard_task_runner.py:84} INFO - Running: ['***', 'tasks', 'run', 'orquestador', 'wait_between_runs', 'scheduled__2023-01-01T00:15:00+00:00', '--job-id', '116', '--raw', '--subdir', 'DAGS_FOLDER/orquestador.py', '--cfg-path', '/tmp/tmp27z6ur14']
[2025-11-09T03:24:51.367+0000] {standard_task_runner.py:85} INFO - Job 116: Subtask wait_between_runs
[2025-11-09T03:24:51.845+0000] {task_command.py:410} INFO - Running <TaskInstance: orquestador.wait_between_runs scheduled__2023-01-01T00:15:00+00:00 [running]> on host 94c887adfb7d
[2025-11-09T03:24:51.960+0000] {taskinstance.py:1568} INFO - Exporting env vars: AIRFLOW_CTX_DAG_OWNER='***' AIRFLOW_CTX_DAG_ID='orquestador' AIRFLOW_CTX_TASK_ID='wait_between_runs' AIRFLOW_CTX_EXECUTION_DATE='2023-01-01T00:15:00+00:00' AIRFLOW_CTX_TRY_NUMBER='1' AIRFLOW_CTX_DAG_RUN_ID='scheduled__2023-01-01T00:15:00+00:00'
[2025-11-09T03:29:52.060+0000] {python.py:183} INFO - Done. Returned value was: None
[2025-11-09T03:29:52.080+0000] {taskinstance.py:1368} INFO - Marking task as SUCCESS. dag_id=orquestador, task_id=wait_between_runs, execution_date=20230101T001500, start_date=20251109T032451, end_date=20251109T032952
[2025-11-09T03:29:52.144+0000] {local_task_job_runner.py:232} INFO - Task exited with return code 0
[2025-11-09T03:29:52.174+0000] {taskinstance.py:2674} INFO - 0 downstream tasks scheduled from follow-on schedule check
