[2025-11-08T03:56:30.916+0000] {taskinstance.py:1125} INFO - Dependencies all met for dep_context=non-requeueable deps ti=<TaskInstance: orquestador.delete_table_clean scheduled__2023-01-01T00:00:00+00:00 [queued]>
[2025-11-08T03:56:30.929+0000] {taskinstance.py:1125} INFO - Dependencies all met for dep_context=requeueable deps ti=<TaskInstance: orquestador.delete_table_clean scheduled__2023-01-01T00:00:00+00:00 [queued]>
[2025-11-08T03:56:30.929+0000] {taskinstance.py:1331} INFO - Starting attempt 1 of 2
[2025-11-08T03:56:30.944+0000] {taskinstance.py:1350} INFO - Executing <Task(MySqlOperator): delete_table_clean> on 2023-01-01 00:00:00+00:00
[2025-11-08T03:56:30.956+0000] {standard_task_runner.py:57} INFO - Started process 75 to run task
[2025-11-08T03:56:30.964+0000] {standard_task_runner.py:84} INFO - Running: ['***', 'tasks', 'run', 'orquestador', 'delete_table_clean', 'scheduled__2023-01-01T00:00:00+00:00', '--job-id', '619', '--raw', '--subdir', 'DAGS_FOLDER/orquestador.py', '--cfg-path', '/tmp/tmp75wj5as_']
[2025-11-08T03:56:30.968+0000] {standard_task_runner.py:85} INFO - Job 619: Subtask delete_table_clean
[2025-11-08T03:56:31.265+0000] {task_command.py:410} INFO - Running <TaskInstance: orquestador.delete_table_clean scheduled__2023-01-01T00:00:00+00:00 [running]> on host 068cff9bffb3
[2025-11-08T03:56:31.348+0000] {taskinstance.py:1568} INFO - Exporting env vars: AIRFLOW_CTX_DAG_OWNER='***' AIRFLOW_CTX_DAG_ID='orquestador' AIRFLOW_CTX_TASK_ID='delete_table_clean' AIRFLOW_CTX_EXECUTION_DATE='2023-01-01T00:00:00+00:00' AIRFLOW_CTX_TRY_NUMBER='1' AIRFLOW_CTX_DAG_RUN_ID='scheduled__2023-01-01T00:00:00+00:00'
[2025-11-08T03:56:31.348+0000] {sql.py:262} INFO - Executing: 
DROP TABLE IF EXISTS diabetes_clean

[2025-11-08T03:56:31.349+0000] {crypto.py:83} WARNING - empty cryptography key - values will not be stored encrypted.
[2025-11-08T03:56:31.349+0000] {base.py:73} INFO - Using connection ID 'mysql_conn' for task execution.
[2025-11-08T03:56:31.418+0000] {base.py:73} INFO - Using connection ID 'mysql_conn' for task execution.
[2025-11-08T03:56:31.435+0000] {sql.py:375} INFO - Running statement: 
DROP TABLE IF EXISTS diabetes_clean
, parameters: None
[2025-11-08T03:56:31.441+0000] {sql.py:384} INFO - Rows affected: 0
[2025-11-08T03:56:31.450+0000] {taskinstance.py:1368} INFO - Marking task as SUCCESS. dag_id=orquestador, task_id=delete_table_clean, execution_date=20230101T000000, start_date=20251108T035630, end_date=20251108T035631
[2025-11-08T03:56:31.495+0000] {local_task_job_runner.py:232} INFO - Task exited with return code 0
[2025-11-08T03:56:31.743+0000] {taskinstance.py:2674} INFO - 1 downstream tasks scheduled from follow-on schedule check
[2025-11-08T04:12:18.326+0000] {taskinstance.py:1125} INFO - Dependencies all met for dep_context=non-requeueable deps ti=<TaskInstance: orquestador.delete_table_clean scheduled__2023-01-01T00:00:00+00:00 [queued]>
[2025-11-08T04:12:18.344+0000] {taskinstance.py:1125} INFO - Dependencies all met for dep_context=requeueable deps ti=<TaskInstance: orquestador.delete_table_clean scheduled__2023-01-01T00:00:00+00:00 [queued]>
[2025-11-08T04:12:18.344+0000] {taskinstance.py:1331} INFO - Starting attempt 1 of 2
[2025-11-08T04:12:18.362+0000] {taskinstance.py:1350} INFO - Executing <Task(MySqlOperator): delete_table_clean> on 2023-01-01 00:00:00+00:00
[2025-11-08T04:12:18.379+0000] {standard_task_runner.py:57} INFO - Started process 362 to run task
[2025-11-08T04:12:18.385+0000] {standard_task_runner.py:84} INFO - Running: ['***', 'tasks', 'run', 'orquestador', 'delete_table_clean', 'scheduled__2023-01-01T00:00:00+00:00', '--job-id', '633', '--raw', '--subdir', 'DAGS_FOLDER/orquestador.py', '--cfg-path', '/tmp/tmpmjw89ewr']
[2025-11-08T04:12:18.389+0000] {standard_task_runner.py:85} INFO - Job 633: Subtask delete_table_clean
[2025-11-08T04:12:18.809+0000] {task_command.py:410} INFO - Running <TaskInstance: orquestador.delete_table_clean scheduled__2023-01-01T00:00:00+00:00 [running]> on host 068cff9bffb3
[2025-11-08T04:12:18.948+0000] {taskinstance.py:1568} INFO - Exporting env vars: AIRFLOW_CTX_DAG_OWNER='***' AIRFLOW_CTX_DAG_ID='orquestador' AIRFLOW_CTX_TASK_ID='delete_table_clean' AIRFLOW_CTX_EXECUTION_DATE='2023-01-01T00:00:00+00:00' AIRFLOW_CTX_TRY_NUMBER='1' AIRFLOW_CTX_DAG_RUN_ID='scheduled__2023-01-01T00:00:00+00:00'
[2025-11-08T04:12:18.949+0000] {sql.py:262} INFO - Executing: 
DROP TABLE IF EXISTS diabetes_clean

[2025-11-08T04:12:18.950+0000] {crypto.py:83} WARNING - empty cryptography key - values will not be stored encrypted.
[2025-11-08T04:12:18.950+0000] {base.py:73} INFO - Using connection ID 'mysql_conn' for task execution.
[2025-11-08T04:12:19.061+0000] {base.py:73} INFO - Using connection ID 'mysql_conn' for task execution.
[2025-11-08T04:12:19.079+0000] {sql.py:375} INFO - Running statement: 
DROP TABLE IF EXISTS diabetes_clean
, parameters: None
[2025-11-08T04:12:19.101+0000] {sql.py:384} INFO - Rows affected: 0
[2025-11-08T04:12:19.115+0000] {taskinstance.py:1368} INFO - Marking task as SUCCESS. dag_id=orquestador, task_id=delete_table_clean, execution_date=20230101T000000, start_date=20251108T041218, end_date=20251108T041219
[2025-11-08T04:12:19.199+0000] {local_task_job_runner.py:232} INFO - Task exited with return code 0
[2025-11-08T04:12:19.561+0000] {taskinstance.py:2674} INFO - 1 downstream tasks scheduled from follow-on schedule check
[2025-11-08T04:27:24.684+0000] {taskinstance.py:1125} INFO - Dependencies all met for dep_context=non-requeueable deps ti=<TaskInstance: orquestador.delete_table_clean scheduled__2023-01-01T00:00:00+00:00 [queued]>
[2025-11-08T04:27:24.696+0000] {taskinstance.py:1125} INFO - Dependencies all met for dep_context=requeueable deps ti=<TaskInstance: orquestador.delete_table_clean scheduled__2023-01-01T00:00:00+00:00 [queued]>
[2025-11-08T04:27:24.696+0000] {taskinstance.py:1331} INFO - Starting attempt 1 of 2
[2025-11-08T04:27:24.708+0000] {taskinstance.py:1350} INFO - Executing <Task(MySqlOperator): delete_table_clean> on 2023-01-01 00:00:00+00:00
[2025-11-08T04:27:24.717+0000] {standard_task_runner.py:57} INFO - Started process 650 to run task
[2025-11-08T04:27:24.724+0000] {standard_task_runner.py:84} INFO - Running: ['***', 'tasks', 'run', 'orquestador', 'delete_table_clean', 'scheduled__2023-01-01T00:00:00+00:00', '--job-id', '647', '--raw', '--subdir', 'DAGS_FOLDER/orquestador.py', '--cfg-path', '/tmp/tmpdlgr8jxw']
[2025-11-08T04:27:24.728+0000] {standard_task_runner.py:85} INFO - Job 647: Subtask delete_table_clean
[2025-11-08T04:27:25.019+0000] {task_command.py:410} INFO - Running <TaskInstance: orquestador.delete_table_clean scheduled__2023-01-01T00:00:00+00:00 [running]> on host 068cff9bffb3
[2025-11-08T04:27:25.104+0000] {taskinstance.py:1568} INFO - Exporting env vars: AIRFLOW_CTX_DAG_OWNER='***' AIRFLOW_CTX_DAG_ID='orquestador' AIRFLOW_CTX_TASK_ID='delete_table_clean' AIRFLOW_CTX_EXECUTION_DATE='2023-01-01T00:00:00+00:00' AIRFLOW_CTX_TRY_NUMBER='1' AIRFLOW_CTX_DAG_RUN_ID='scheduled__2023-01-01T00:00:00+00:00'
[2025-11-08T04:27:25.105+0000] {sql.py:262} INFO - Executing: 
DROP TABLE IF EXISTS diabetes_clean

[2025-11-08T04:27:25.107+0000] {crypto.py:83} WARNING - empty cryptography key - values will not be stored encrypted.
[2025-11-08T04:27:25.108+0000] {base.py:73} INFO - Using connection ID 'mysql_conn' for task execution.
[2025-11-08T04:27:25.171+0000] {base.py:73} INFO - Using connection ID 'mysql_conn' for task execution.
[2025-11-08T04:27:25.184+0000] {sql.py:375} INFO - Running statement: 
DROP TABLE IF EXISTS diabetes_clean
, parameters: None
[2025-11-08T04:27:25.211+0000] {sql.py:384} INFO - Rows affected: 0
[2025-11-08T04:27:25.227+0000] {taskinstance.py:1368} INFO - Marking task as SUCCESS. dag_id=orquestador, task_id=delete_table_clean, execution_date=20230101T000000, start_date=20251108T042724, end_date=20251108T042725
[2025-11-08T04:27:25.255+0000] {local_task_job_runner.py:232} INFO - Task exited with return code 0
[2025-11-08T04:27:25.525+0000] {taskinstance.py:2674} INFO - 1 downstream tasks scheduled from follow-on schedule check
[2025-11-08T04:35:40.520+0000] {taskinstance.py:1125} INFO - Dependencies all met for dep_context=non-requeueable deps ti=<TaskInstance: orquestador.delete_table_clean scheduled__2023-01-01T00:00:00+00:00 [queued]>
[2025-11-08T04:35:40.536+0000] {taskinstance.py:1125} INFO - Dependencies all met for dep_context=requeueable deps ti=<TaskInstance: orquestador.delete_table_clean scheduled__2023-01-01T00:00:00+00:00 [queued]>
[2025-11-08T04:35:40.536+0000] {taskinstance.py:1331} INFO - Starting attempt 1 of 2
[2025-11-08T04:35:40.552+0000] {taskinstance.py:1350} INFO - Executing <Task(MySqlOperator): delete_table_clean> on 2023-01-01 00:00:00+00:00
[2025-11-08T04:35:40.562+0000] {standard_task_runner.py:57} INFO - Started process 842 to run task
[2025-11-08T04:35:40.567+0000] {standard_task_runner.py:84} INFO - Running: ['***', 'tasks', 'run', 'orquestador', 'delete_table_clean', 'scheduled__2023-01-01T00:00:00+00:00', '--job-id', '661', '--raw', '--subdir', 'DAGS_FOLDER/orquestador.py', '--cfg-path', '/tmp/tmp97qav82g']
[2025-11-08T04:35:40.570+0000] {standard_task_runner.py:85} INFO - Job 661: Subtask delete_table_clean
[2025-11-08T04:35:40.860+0000] {task_command.py:410} INFO - Running <TaskInstance: orquestador.delete_table_clean scheduled__2023-01-01T00:00:00+00:00 [running]> on host 068cff9bffb3
[2025-11-08T04:35:40.934+0000] {taskinstance.py:1568} INFO - Exporting env vars: AIRFLOW_CTX_DAG_OWNER='***' AIRFLOW_CTX_DAG_ID='orquestador' AIRFLOW_CTX_TASK_ID='delete_table_clean' AIRFLOW_CTX_EXECUTION_DATE='2023-01-01T00:00:00+00:00' AIRFLOW_CTX_TRY_NUMBER='1' AIRFLOW_CTX_DAG_RUN_ID='scheduled__2023-01-01T00:00:00+00:00'
[2025-11-08T04:35:40.935+0000] {sql.py:262} INFO - Executing: 
DROP TABLE IF EXISTS diabetes_clean

[2025-11-08T04:35:40.936+0000] {crypto.py:83} WARNING - empty cryptography key - values will not be stored encrypted.
[2025-11-08T04:35:40.936+0000] {base.py:73} INFO - Using connection ID 'mysql_conn' for task execution.
[2025-11-08T04:35:40.997+0000] {base.py:73} INFO - Using connection ID 'mysql_conn' for task execution.
[2025-11-08T04:35:41.018+0000] {sql.py:375} INFO - Running statement: 
DROP TABLE IF EXISTS diabetes_clean
, parameters: None
[2025-11-08T04:35:41.035+0000] {sql.py:384} INFO - Rows affected: 0
[2025-11-08T04:35:41.046+0000] {taskinstance.py:1368} INFO - Marking task as SUCCESS. dag_id=orquestador, task_id=delete_table_clean, execution_date=20230101T000000, start_date=20251108T043540, end_date=20251108T043541
[2025-11-08T04:35:41.099+0000] {local_task_job_runner.py:232} INFO - Task exited with return code 0
[2025-11-08T04:35:41.352+0000] {taskinstance.py:2674} INFO - 1 downstream tasks scheduled from follow-on schedule check
[2025-11-08T04:39:24.572+0000] {taskinstance.py:1125} INFO - Dependencies all met for dep_context=non-requeueable deps ti=<TaskInstance: orquestador.delete_table_clean scheduled__2023-01-01T00:00:00+00:00 [queued]>
[2025-11-08T04:39:24.584+0000] {taskinstance.py:1125} INFO - Dependencies all met for dep_context=requeueable deps ti=<TaskInstance: orquestador.delete_table_clean scheduled__2023-01-01T00:00:00+00:00 [queued]>
[2025-11-08T04:39:24.584+0000] {taskinstance.py:1331} INFO - Starting attempt 1 of 2
[2025-11-08T04:39:24.598+0000] {taskinstance.py:1350} INFO - Executing <Task(MySqlOperator): delete_table_clean> on 2023-01-01 00:00:00+00:00
[2025-11-08T04:39:24.610+0000] {standard_task_runner.py:57} INFO - Started process 964 to run task
[2025-11-08T04:39:24.621+0000] {standard_task_runner.py:84} INFO - Running: ['***', 'tasks', 'run', 'orquestador', 'delete_table_clean', 'scheduled__2023-01-01T00:00:00+00:00', '--job-id', '673', '--raw', '--subdir', 'DAGS_FOLDER/orquestador.py', '--cfg-path', '/tmp/tmpc_uc_ull']
[2025-11-08T04:39:24.626+0000] {standard_task_runner.py:85} INFO - Job 673: Subtask delete_table_clean
[2025-11-08T04:39:24.943+0000] {task_command.py:410} INFO - Running <TaskInstance: orquestador.delete_table_clean scheduled__2023-01-01T00:00:00+00:00 [running]> on host 068cff9bffb3
[2025-11-08T04:39:25.021+0000] {taskinstance.py:1568} INFO - Exporting env vars: AIRFLOW_CTX_DAG_OWNER='***' AIRFLOW_CTX_DAG_ID='orquestador' AIRFLOW_CTX_TASK_ID='delete_table_clean' AIRFLOW_CTX_EXECUTION_DATE='2023-01-01T00:00:00+00:00' AIRFLOW_CTX_TRY_NUMBER='1' AIRFLOW_CTX_DAG_RUN_ID='scheduled__2023-01-01T00:00:00+00:00'
[2025-11-08T04:39:25.023+0000] {sql.py:262} INFO - Executing: 
DROP TABLE IF EXISTS diabetes_clean

[2025-11-08T04:39:25.025+0000] {crypto.py:83} WARNING - empty cryptography key - values will not be stored encrypted.
[2025-11-08T04:39:25.026+0000] {base.py:73} INFO - Using connection ID 'mysql_conn' for task execution.
[2025-11-08T04:39:25.089+0000] {base.py:73} INFO - Using connection ID 'mysql_conn' for task execution.
[2025-11-08T04:39:25.105+0000] {sql.py:375} INFO - Running statement: 
DROP TABLE IF EXISTS diabetes_clean
, parameters: None
[2025-11-08T04:39:25.124+0000] {sql.py:384} INFO - Rows affected: 0
[2025-11-08T04:39:25.144+0000] {taskinstance.py:1368} INFO - Marking task as SUCCESS. dag_id=orquestador, task_id=delete_table_clean, execution_date=20230101T000000, start_date=20251108T043924, end_date=20251108T043925
[2025-11-08T04:39:25.189+0000] {local_task_job_runner.py:232} INFO - Task exited with return code 0
[2025-11-08T04:39:25.431+0000] {taskinstance.py:2674} INFO - 1 downstream tasks scheduled from follow-on schedule check
[2025-11-08T17:10:38.535+0000] {taskinstance.py:1125} INFO - Dependencies all met for dep_context=non-requeueable deps ti=<TaskInstance: orquestador.delete_table_clean scheduled__2023-01-01T00:00:00+00:00 [queued]>
[2025-11-08T17:10:38.552+0000] {taskinstance.py:1125} INFO - Dependencies all met for dep_context=requeueable deps ti=<TaskInstance: orquestador.delete_table_clean scheduled__2023-01-01T00:00:00+00:00 [queued]>
[2025-11-08T17:10:38.552+0000] {taskinstance.py:1331} INFO - Starting attempt 1 of 2
[2025-11-08T17:10:38.572+0000] {taskinstance.py:1350} INFO - Executing <Task(MySqlOperator): delete_table_clean> on 2023-01-01 00:00:00+00:00
[2025-11-08T17:10:38.586+0000] {standard_task_runner.py:57} INFO - Started process 11003 to run task
[2025-11-08T17:10:38.592+0000] {standard_task_runner.py:84} INFO - Running: ['***', 'tasks', 'run', 'orquestador', 'delete_table_clean', 'scheduled__2023-01-01T00:00:00+00:00', '--job-id', '687', '--raw', '--subdir', 'DAGS_FOLDER/orquestador.py', '--cfg-path', '/tmp/tmpiz6cpzgy']
[2025-11-08T17:10:38.597+0000] {standard_task_runner.py:85} INFO - Job 687: Subtask delete_table_clean
[2025-11-08T17:10:39.041+0000] {task_command.py:410} INFO - Running <TaskInstance: orquestador.delete_table_clean scheduled__2023-01-01T00:00:00+00:00 [running]> on host 068cff9bffb3
[2025-11-08T17:10:39.185+0000] {taskinstance.py:1568} INFO - Exporting env vars: AIRFLOW_CTX_DAG_OWNER='***' AIRFLOW_CTX_DAG_ID='orquestador' AIRFLOW_CTX_TASK_ID='delete_table_clean' AIRFLOW_CTX_EXECUTION_DATE='2023-01-01T00:00:00+00:00' AIRFLOW_CTX_TRY_NUMBER='1' AIRFLOW_CTX_DAG_RUN_ID='scheduled__2023-01-01T00:00:00+00:00'
[2025-11-08T17:10:39.186+0000] {sql.py:262} INFO - Executing: 
DROP TABLE IF EXISTS diabetes_clean

[2025-11-08T17:10:39.187+0000] {crypto.py:83} WARNING - empty cryptography key - values will not be stored encrypted.
[2025-11-08T17:10:39.188+0000] {base.py:73} INFO - Using connection ID 'mysql_conn' for task execution.
[2025-11-08T17:10:39.261+0000] {base.py:73} INFO - Using connection ID 'mysql_conn' for task execution.
[2025-11-08T17:10:39.280+0000] {sql.py:375} INFO - Running statement: 
DROP TABLE IF EXISTS diabetes_clean
, parameters: None
[2025-11-08T17:10:39.300+0000] {sql.py:384} INFO - Rows affected: 0
[2025-11-08T17:10:39.322+0000] {taskinstance.py:1368} INFO - Marking task as SUCCESS. dag_id=orquestador, task_id=delete_table_clean, execution_date=20230101T000000, start_date=20251108T171038, end_date=20251108T171039
[2025-11-08T17:10:39.366+0000] {local_task_job_runner.py:232} INFO - Task exited with return code 0
[2025-11-08T17:10:39.738+0000] {taskinstance.py:2674} INFO - 1 downstream tasks scheduled from follow-on schedule check
[2025-11-08T17:35:56.972+0000] {taskinstance.py:1125} INFO - Dependencies all met for dep_context=non-requeueable deps ti=<TaskInstance: orquestador.delete_table_clean scheduled__2023-01-01T00:00:00+00:00 [queued]>
[2025-11-08T17:35:56.983+0000] {taskinstance.py:1125} INFO - Dependencies all met for dep_context=requeueable deps ti=<TaskInstance: orquestador.delete_table_clean scheduled__2023-01-01T00:00:00+00:00 [queued]>
[2025-11-08T17:35:56.984+0000] {taskinstance.py:1331} INFO - Starting attempt 1 of 2
[2025-11-08T17:35:56.997+0000] {taskinstance.py:1350} INFO - Executing <Task(MySqlOperator): delete_table_clean> on 2023-01-01 00:00:00+00:00
[2025-11-08T17:35:57.006+0000] {standard_task_runner.py:57} INFO - Started process 11499 to run task
[2025-11-08T17:35:57.016+0000] {standard_task_runner.py:84} INFO - Running: ['***', 'tasks', 'run', 'orquestador', 'delete_table_clean', 'scheduled__2023-01-01T00:00:00+00:00', '--job-id', '709', '--raw', '--subdir', 'DAGS_FOLDER/orquestador.py', '--cfg-path', '/tmp/tmpmtgtk5_2']
[2025-11-08T17:35:57.020+0000] {standard_task_runner.py:85} INFO - Job 709: Subtask delete_table_clean
[2025-11-08T17:35:57.313+0000] {task_command.py:410} INFO - Running <TaskInstance: orquestador.delete_table_clean scheduled__2023-01-01T00:00:00+00:00 [running]> on host 068cff9bffb3
[2025-11-08T17:35:57.406+0000] {taskinstance.py:1568} INFO - Exporting env vars: AIRFLOW_CTX_DAG_OWNER='***' AIRFLOW_CTX_DAG_ID='orquestador' AIRFLOW_CTX_TASK_ID='delete_table_clean' AIRFLOW_CTX_EXECUTION_DATE='2023-01-01T00:00:00+00:00' AIRFLOW_CTX_TRY_NUMBER='1' AIRFLOW_CTX_DAG_RUN_ID='scheduled__2023-01-01T00:00:00+00:00'
[2025-11-08T17:35:57.407+0000] {sql.py:262} INFO - Executing: 
DROP TABLE IF EXISTS diabetes_clean

[2025-11-08T17:35:57.409+0000] {crypto.py:83} WARNING - empty cryptography key - values will not be stored encrypted.
[2025-11-08T17:35:57.410+0000] {base.py:73} INFO - Using connection ID 'mysql_conn' for task execution.
[2025-11-08T17:35:57.479+0000] {base.py:73} INFO - Using connection ID 'mysql_conn' for task execution.
[2025-11-08T17:35:57.493+0000] {sql.py:375} INFO - Running statement: 
DROP TABLE IF EXISTS diabetes_clean
, parameters: None
[2025-11-08T17:35:57.505+0000] {sql.py:384} INFO - Rows affected: 0
[2025-11-08T17:35:57.526+0000] {taskinstance.py:1368} INFO - Marking task as SUCCESS. dag_id=orquestador, task_id=delete_table_clean, execution_date=20230101T000000, start_date=20251108T173556, end_date=20251108T173557
[2025-11-08T17:35:57.584+0000] {local_task_job_runner.py:232} INFO - Task exited with return code 0
[2025-11-08T17:35:57.853+0000] {taskinstance.py:2674} INFO - 1 downstream tasks scheduled from follow-on schedule check
[2025-11-08T17:40:07.783+0000] {taskinstance.py:1125} INFO - Dependencies all met for dep_context=non-requeueable deps ti=<TaskInstance: orquestador.delete_table_clean scheduled__2023-01-01T00:00:00+00:00 [queued]>
[2025-11-08T17:40:07.798+0000] {taskinstance.py:1125} INFO - Dependencies all met for dep_context=requeueable deps ti=<TaskInstance: orquestador.delete_table_clean scheduled__2023-01-01T00:00:00+00:00 [queued]>
[2025-11-08T17:40:07.799+0000] {taskinstance.py:1331} INFO - Starting attempt 1 of 2
[2025-11-08T17:40:07.815+0000] {taskinstance.py:1350} INFO - Executing <Task(MySqlOperator): delete_table_clean> on 2023-01-01 00:00:00+00:00
[2025-11-08T17:40:07.826+0000] {standard_task_runner.py:57} INFO - Started process 11631 to run task
[2025-11-08T17:40:07.831+0000] {standard_task_runner.py:84} INFO - Running: ['***', 'tasks', 'run', 'orquestador', 'delete_table_clean', 'scheduled__2023-01-01T00:00:00+00:00', '--job-id', '721', '--raw', '--subdir', 'DAGS_FOLDER/orquestador.py', '--cfg-path', '/tmp/tmpl9n9ygdf']
[2025-11-08T17:40:07.834+0000] {standard_task_runner.py:85} INFO - Job 721: Subtask delete_table_clean
[2025-11-08T17:40:08.138+0000] {task_command.py:410} INFO - Running <TaskInstance: orquestador.delete_table_clean scheduled__2023-01-01T00:00:00+00:00 [running]> on host 068cff9bffb3
[2025-11-08T17:40:08.291+0000] {taskinstance.py:1568} INFO - Exporting env vars: AIRFLOW_CTX_DAG_OWNER='***' AIRFLOW_CTX_DAG_ID='orquestador' AIRFLOW_CTX_TASK_ID='delete_table_clean' AIRFLOW_CTX_EXECUTION_DATE='2023-01-01T00:00:00+00:00' AIRFLOW_CTX_TRY_NUMBER='1' AIRFLOW_CTX_DAG_RUN_ID='scheduled__2023-01-01T00:00:00+00:00'
[2025-11-08T17:40:08.291+0000] {sql.py:262} INFO - Executing: 
DROP TABLE IF EXISTS diabetes_clean

[2025-11-08T17:40:08.292+0000] {crypto.py:83} WARNING - empty cryptography key - values will not be stored encrypted.
[2025-11-08T17:40:08.293+0000] {base.py:73} INFO - Using connection ID 'mysql_conn' for task execution.
[2025-11-08T17:40:08.357+0000] {base.py:73} INFO - Using connection ID 'mysql_conn' for task execution.
[2025-11-08T17:40:08.372+0000] {sql.py:375} INFO - Running statement: 
DROP TABLE IF EXISTS diabetes_clean
, parameters: None
[2025-11-08T17:40:08.400+0000] {sql.py:384} INFO - Rows affected: 0
[2025-11-08T17:40:08.424+0000] {taskinstance.py:1368} INFO - Marking task as SUCCESS. dag_id=orquestador, task_id=delete_table_clean, execution_date=20230101T000000, start_date=20251108T174007, end_date=20251108T174008
[2025-11-08T17:40:08.475+0000] {local_task_job_runner.py:232} INFO - Task exited with return code 0
[2025-11-08T17:40:08.741+0000] {taskinstance.py:2674} INFO - 1 downstream tasks scheduled from follow-on schedule check
[2025-11-08T20:19:07.965+0000] {taskinstance.py:1125} INFO - Dependencies all met for dep_context=non-requeueable deps ti=<TaskInstance: orquestador.delete_table_clean scheduled__2023-01-01T00:00:00+00:00 [queued]>
[2025-11-08T20:19:07.979+0000] {taskinstance.py:1125} INFO - Dependencies all met for dep_context=requeueable deps ti=<TaskInstance: orquestador.delete_table_clean scheduled__2023-01-01T00:00:00+00:00 [queued]>
[2025-11-08T20:19:07.979+0000] {taskinstance.py:1331} INFO - Starting attempt 1 of 2
[2025-11-08T20:19:07.994+0000] {taskinstance.py:1350} INFO - Executing <Task(MySqlOperator): delete_table_clean> on 2023-01-01 00:00:00+00:00
[2025-11-08T20:19:08.002+0000] {standard_task_runner.py:57} INFO - Started process 13806 to run task
[2025-11-08T20:19:08.010+0000] {standard_task_runner.py:84} INFO - Running: ['***', 'tasks', 'run', 'orquestador', 'delete_table_clean', 'scheduled__2023-01-01T00:00:00+00:00', '--job-id', '735', '--raw', '--subdir', 'DAGS_FOLDER/orquestador.py', '--cfg-path', '/tmp/tmphaghqi3c']
[2025-11-08T20:19:08.017+0000] {standard_task_runner.py:85} INFO - Job 735: Subtask delete_table_clean
[2025-11-08T20:19:08.313+0000] {task_command.py:410} INFO - Running <TaskInstance: orquestador.delete_table_clean scheduled__2023-01-01T00:00:00+00:00 [running]> on host 068cff9bffb3
[2025-11-08T20:19:08.393+0000] {taskinstance.py:1568} INFO - Exporting env vars: AIRFLOW_CTX_DAG_OWNER='***' AIRFLOW_CTX_DAG_ID='orquestador' AIRFLOW_CTX_TASK_ID='delete_table_clean' AIRFLOW_CTX_EXECUTION_DATE='2023-01-01T00:00:00+00:00' AIRFLOW_CTX_TRY_NUMBER='1' AIRFLOW_CTX_DAG_RUN_ID='scheduled__2023-01-01T00:00:00+00:00'
[2025-11-08T20:19:08.394+0000] {sql.py:262} INFO - Executing: 
DROP TABLE IF EXISTS diabetes_clean

[2025-11-08T20:19:08.394+0000] {crypto.py:83} WARNING - empty cryptography key - values will not be stored encrypted.
[2025-11-08T20:19:08.395+0000] {base.py:73} INFO - Using connection ID 'mysql_conn' for task execution.
[2025-11-08T20:19:08.459+0000] {base.py:73} INFO - Using connection ID 'mysql_conn' for task execution.
[2025-11-08T20:19:08.472+0000] {sql.py:375} INFO - Running statement: 
DROP TABLE IF EXISTS diabetes_clean
, parameters: None
[2025-11-08T20:19:08.487+0000] {sql.py:384} INFO - Rows affected: 0
[2025-11-08T20:19:08.501+0000] {taskinstance.py:1368} INFO - Marking task as SUCCESS. dag_id=orquestador, task_id=delete_table_clean, execution_date=20230101T000000, start_date=20251108T201907, end_date=20251108T201908
[2025-11-08T20:19:08.547+0000] {local_task_job_runner.py:232} INFO - Task exited with return code 0
[2025-11-08T20:19:08.793+0000] {taskinstance.py:2674} INFO - 1 downstream tasks scheduled from follow-on schedule check
[2025-11-08T20:22:45.146+0000] {taskinstance.py:1125} INFO - Dependencies all met for dep_context=non-requeueable deps ti=<TaskInstance: orquestador.delete_table_clean scheduled__2023-01-01T00:00:00+00:00 [queued]>
[2025-11-08T20:22:45.168+0000] {taskinstance.py:1125} INFO - Dependencies all met for dep_context=requeueable deps ti=<TaskInstance: orquestador.delete_table_clean scheduled__2023-01-01T00:00:00+00:00 [queued]>
[2025-11-08T20:22:45.169+0000] {taskinstance.py:1331} INFO - Starting attempt 1 of 2
[2025-11-08T20:22:45.182+0000] {taskinstance.py:1350} INFO - Executing <Task(MySqlOperator): delete_table_clean> on 2023-01-01 00:00:00+00:00
[2025-11-08T20:22:45.191+0000] {standard_task_runner.py:57} INFO - Started process 13931 to run task
[2025-11-08T20:22:45.201+0000] {standard_task_runner.py:84} INFO - Running: ['***', 'tasks', 'run', 'orquestador', 'delete_table_clean', 'scheduled__2023-01-01T00:00:00+00:00', '--job-id', '747', '--raw', '--subdir', 'DAGS_FOLDER/orquestador.py', '--cfg-path', '/tmp/tmpdsvb2d5j']
[2025-11-08T20:22:45.205+0000] {standard_task_runner.py:85} INFO - Job 747: Subtask delete_table_clean
[2025-11-08T20:22:45.599+0000] {task_command.py:410} INFO - Running <TaskInstance: orquestador.delete_table_clean scheduled__2023-01-01T00:00:00+00:00 [running]> on host 068cff9bffb3
[2025-11-08T20:22:45.721+0000] {taskinstance.py:1568} INFO - Exporting env vars: AIRFLOW_CTX_DAG_OWNER='***' AIRFLOW_CTX_DAG_ID='orquestador' AIRFLOW_CTX_TASK_ID='delete_table_clean' AIRFLOW_CTX_EXECUTION_DATE='2023-01-01T00:00:00+00:00' AIRFLOW_CTX_TRY_NUMBER='1' AIRFLOW_CTX_DAG_RUN_ID='scheduled__2023-01-01T00:00:00+00:00'
[2025-11-08T20:22:45.721+0000] {sql.py:262} INFO - Executing: 
DROP TABLE IF EXISTS diabetes_clean

[2025-11-08T20:22:45.722+0000] {crypto.py:83} WARNING - empty cryptography key - values will not be stored encrypted.
[2025-11-08T20:22:45.723+0000] {base.py:73} INFO - Using connection ID 'mysql_conn' for task execution.
[2025-11-08T20:22:45.801+0000] {base.py:73} INFO - Using connection ID 'mysql_conn' for task execution.
[2025-11-08T20:22:45.820+0000] {sql.py:375} INFO - Running statement: 
DROP TABLE IF EXISTS diabetes_clean
, parameters: None
[2025-11-08T20:22:45.838+0000] {sql.py:384} INFO - Rows affected: 0
[2025-11-08T20:22:45.860+0000] {taskinstance.py:1368} INFO - Marking task as SUCCESS. dag_id=orquestador, task_id=delete_table_clean, execution_date=20230101T000000, start_date=20251108T202245, end_date=20251108T202245
[2025-11-08T20:22:45.931+0000] {local_task_job_runner.py:232} INFO - Task exited with return code 0
[2025-11-08T20:22:46.314+0000] {taskinstance.py:2674} INFO - 1 downstream tasks scheduled from follow-on schedule check
[2025-11-08T20:50:54.147+0000] {taskinstance.py:1125} INFO - Dependencies all met for dep_context=non-requeueable deps ti=<TaskInstance: orquestador.delete_table_clean scheduled__2023-01-01T00:00:00+00:00 [queued]>
[2025-11-08T20:50:54.164+0000] {taskinstance.py:1125} INFO - Dependencies all met for dep_context=requeueable deps ti=<TaskInstance: orquestador.delete_table_clean scheduled__2023-01-01T00:00:00+00:00 [queued]>
[2025-11-08T20:50:54.164+0000] {taskinstance.py:1331} INFO - Starting attempt 1 of 2
[2025-11-08T20:50:54.183+0000] {taskinstance.py:1350} INFO - Executing <Task(MySqlOperator): delete_table_clean> on 2023-01-01 00:00:00+00:00
[2025-11-08T20:50:54.198+0000] {standard_task_runner.py:57} INFO - Started process 14493 to run task
[2025-11-08T20:50:54.207+0000] {standard_task_runner.py:84} INFO - Running: ['***', 'tasks', 'run', 'orquestador', 'delete_table_clean', 'scheduled__2023-01-01T00:00:00+00:00', '--job-id', '769', '--raw', '--subdir', 'DAGS_FOLDER/orquestador.py', '--cfg-path', '/tmp/tmp3dgxkmg9']
[2025-11-08T20:50:54.211+0000] {standard_task_runner.py:85} INFO - Job 769: Subtask delete_table_clean
[2025-11-08T20:50:54.639+0000] {task_command.py:410} INFO - Running <TaskInstance: orquestador.delete_table_clean scheduled__2023-01-01T00:00:00+00:00 [running]> on host 068cff9bffb3
[2025-11-08T20:50:54.768+0000] {taskinstance.py:1568} INFO - Exporting env vars: AIRFLOW_CTX_DAG_OWNER='***' AIRFLOW_CTX_DAG_ID='orquestador' AIRFLOW_CTX_TASK_ID='delete_table_clean' AIRFLOW_CTX_EXECUTION_DATE='2023-01-01T00:00:00+00:00' AIRFLOW_CTX_TRY_NUMBER='1' AIRFLOW_CTX_DAG_RUN_ID='scheduled__2023-01-01T00:00:00+00:00'
[2025-11-08T20:50:54.769+0000] {sql.py:262} INFO - Executing: 
DROP TABLE IF EXISTS diabetes_clean

[2025-11-08T20:50:54.770+0000] {crypto.py:83} WARNING - empty cryptography key - values will not be stored encrypted.
[2025-11-08T20:50:54.771+0000] {base.py:73} INFO - Using connection ID 'mysql_conn' for task execution.
[2025-11-08T20:50:54.846+0000] {base.py:73} INFO - Using connection ID 'mysql_conn' for task execution.
[2025-11-08T20:50:54.861+0000] {sql.py:375} INFO - Running statement: 
DROP TABLE IF EXISTS diabetes_clean
, parameters: None
[2025-11-08T20:50:54.882+0000] {sql.py:384} INFO - Rows affected: 0
[2025-11-08T20:50:54.901+0000] {taskinstance.py:1368} INFO - Marking task as SUCCESS. dag_id=orquestador, task_id=delete_table_clean, execution_date=20230101T000000, start_date=20251108T205054, end_date=20251108T205054
[2025-11-08T20:50:54.939+0000] {local_task_job_runner.py:232} INFO - Task exited with return code 0
[2025-11-08T20:50:55.336+0000] {taskinstance.py:2674} INFO - 1 downstream tasks scheduled from follow-on schedule check
[2025-11-08T23:03:27.337+0000] {taskinstance.py:1125} INFO - Dependencies all met for dep_context=non-requeueable deps ti=<TaskInstance: orquestador.delete_table_clean scheduled__2023-01-01T00:00:00+00:00 [queued]>
[2025-11-08T23:03:27.354+0000] {taskinstance.py:1125} INFO - Dependencies all met for dep_context=requeueable deps ti=<TaskInstance: orquestador.delete_table_clean scheduled__2023-01-01T00:00:00+00:00 [queued]>
[2025-11-08T23:03:27.354+0000] {taskinstance.py:1331} INFO - Starting attempt 1 of 2
[2025-11-08T23:03:27.368+0000] {taskinstance.py:1350} INFO - Executing <Task(MySqlOperator): delete_table_clean> on 2023-01-01 00:00:00+00:00
[2025-11-08T23:03:27.379+0000] {standard_task_runner.py:57} INFO - Started process 16630 to run task
[2025-11-08T23:03:27.389+0000] {standard_task_runner.py:84} INFO - Running: ['***', 'tasks', 'run', 'orquestador', 'delete_table_clean', 'scheduled__2023-01-01T00:00:00+00:00', '--job-id', '814', '--raw', '--subdir', 'DAGS_FOLDER/orquestador.py', '--cfg-path', '/tmp/tmpasz63ccj']
[2025-11-08T23:03:27.405+0000] {standard_task_runner.py:85} INFO - Job 814: Subtask delete_table_clean
[2025-11-08T23:03:27.709+0000] {task_command.py:410} INFO - Running <TaskInstance: orquestador.delete_table_clean scheduled__2023-01-01T00:00:00+00:00 [running]> on host 068cff9bffb3
[2025-11-08T23:03:27.822+0000] {taskinstance.py:1568} INFO - Exporting env vars: AIRFLOW_CTX_DAG_OWNER='***' AIRFLOW_CTX_DAG_ID='orquestador' AIRFLOW_CTX_TASK_ID='delete_table_clean' AIRFLOW_CTX_EXECUTION_DATE='2023-01-01T00:00:00+00:00' AIRFLOW_CTX_TRY_NUMBER='1' AIRFLOW_CTX_DAG_RUN_ID='scheduled__2023-01-01T00:00:00+00:00'
[2025-11-08T23:03:27.823+0000] {sql.py:262} INFO - Executing: 
DROP TABLE IF EXISTS diabetes_clean

[2025-11-08T23:03:27.823+0000] {crypto.py:83} WARNING - empty cryptography key - values will not be stored encrypted.
[2025-11-08T23:03:27.824+0000] {base.py:73} INFO - Using connection ID 'mysql_conn' for task execution.
[2025-11-08T23:03:27.886+0000] {base.py:73} INFO - Using connection ID 'mysql_conn' for task execution.
[2025-11-08T23:03:27.899+0000] {sql.py:375} INFO - Running statement: 
DROP TABLE IF EXISTS diabetes_clean
, parameters: None
[2025-11-08T23:03:27.928+0000] {sql.py:384} INFO - Rows affected: 0
[2025-11-08T23:03:27.948+0000] {taskinstance.py:1368} INFO - Marking task as SUCCESS. dag_id=orquestador, task_id=delete_table_clean, execution_date=20230101T000000, start_date=20251108T230327, end_date=20251108T230327
[2025-11-08T23:03:27.995+0000] {local_task_job_runner.py:232} INFO - Task exited with return code 0
[2025-11-08T23:03:28.253+0000] {taskinstance.py:2674} INFO - 1 downstream tasks scheduled from follow-on schedule check
[2025-11-08T23:18:59.830+0000] {taskinstance.py:1125} INFO - Dependencies all met for dep_context=non-requeueable deps ti=<TaskInstance: orquestador.delete_table_clean scheduled__2023-01-01T00:00:00+00:00 [queued]>
[2025-11-08T23:18:59.843+0000] {taskinstance.py:1125} INFO - Dependencies all met for dep_context=requeueable deps ti=<TaskInstance: orquestador.delete_table_clean scheduled__2023-01-01T00:00:00+00:00 [queued]>
[2025-11-08T23:18:59.843+0000] {taskinstance.py:1331} INFO - Starting attempt 1 of 2
[2025-11-08T23:18:59.858+0000] {taskinstance.py:1350} INFO - Executing <Task(MySqlOperator): delete_table_clean> on 2023-01-01 00:00:00+00:00
[2025-11-08T23:18:59.868+0000] {standard_task_runner.py:57} INFO - Started process 17048 to run task
[2025-11-08T23:18:59.875+0000] {standard_task_runner.py:84} INFO - Running: ['***', 'tasks', 'run', 'orquestador', 'delete_table_clean', 'scheduled__2023-01-01T00:00:00+00:00', '--job-id', '841', '--raw', '--subdir', 'DAGS_FOLDER/orquestador.py', '--cfg-path', '/tmp/tmprg49xlzj']
[2025-11-08T23:18:59.878+0000] {standard_task_runner.py:85} INFO - Job 841: Subtask delete_table_clean
[2025-11-08T23:19:00.193+0000] {task_command.py:410} INFO - Running <TaskInstance: orquestador.delete_table_clean scheduled__2023-01-01T00:00:00+00:00 [running]> on host 068cff9bffb3
[2025-11-08T23:19:00.276+0000] {taskinstance.py:1568} INFO - Exporting env vars: AIRFLOW_CTX_DAG_OWNER='***' AIRFLOW_CTX_DAG_ID='orquestador' AIRFLOW_CTX_TASK_ID='delete_table_clean' AIRFLOW_CTX_EXECUTION_DATE='2023-01-01T00:00:00+00:00' AIRFLOW_CTX_TRY_NUMBER='1' AIRFLOW_CTX_DAG_RUN_ID='scheduled__2023-01-01T00:00:00+00:00'
[2025-11-08T23:19:00.276+0000] {sql.py:262} INFO - Executing: 
DROP TABLE IF EXISTS diabetes_clean

[2025-11-08T23:19:00.277+0000] {crypto.py:83} WARNING - empty cryptography key - values will not be stored encrypted.
[2025-11-08T23:19:00.277+0000] {base.py:73} INFO - Using connection ID 'mysql_conn' for task execution.
[2025-11-08T23:19:00.355+0000] {base.py:73} INFO - Using connection ID 'mysql_conn' for task execution.
[2025-11-08T23:19:00.370+0000] {sql.py:375} INFO - Running statement: 
DROP TABLE IF EXISTS diabetes_clean
, parameters: None
[2025-11-08T23:19:00.391+0000] {sql.py:384} INFO - Rows affected: 0
[2025-11-08T23:19:00.401+0000] {taskinstance.py:1368} INFO - Marking task as SUCCESS. dag_id=orquestador, task_id=delete_table_clean, execution_date=20230101T000000, start_date=20251108T231859, end_date=20251108T231900
[2025-11-08T23:19:00.446+0000] {local_task_job_runner.py:232} INFO - Task exited with return code 0
[2025-11-08T23:19:00.718+0000] {taskinstance.py:2674} INFO - 1 downstream tasks scheduled from follow-on schedule check
[2025-11-08T23:27:18.147+0000] {taskinstance.py:1125} INFO - Dependencies all met for dep_context=non-requeueable deps ti=<TaskInstance: orquestador.delete_table_clean scheduled__2023-01-01T00:00:00+00:00 [queued]>
[2025-11-08T23:27:18.159+0000] {taskinstance.py:1125} INFO - Dependencies all met for dep_context=requeueable deps ti=<TaskInstance: orquestador.delete_table_clean scheduled__2023-01-01T00:00:00+00:00 [queued]>
[2025-11-08T23:27:18.160+0000] {taskinstance.py:1331} INFO - Starting attempt 1 of 2
[2025-11-08T23:27:18.172+0000] {taskinstance.py:1350} INFO - Executing <Task(MySqlOperator): delete_table_clean> on 2023-01-01 00:00:00+00:00
[2025-11-08T23:27:18.188+0000] {standard_task_runner.py:57} INFO - Started process 17312 to run task
[2025-11-08T23:27:18.197+0000] {standard_task_runner.py:84} INFO - Running: ['***', 'tasks', 'run', 'orquestador', 'delete_table_clean', 'scheduled__2023-01-01T00:00:00+00:00', '--job-id', '862', '--raw', '--subdir', 'DAGS_FOLDER/orquestador.py', '--cfg-path', '/tmp/tmpglqj47so']
[2025-11-08T23:27:18.201+0000] {standard_task_runner.py:85} INFO - Job 862: Subtask delete_table_clean
[2025-11-08T23:27:18.510+0000] {task_command.py:410} INFO - Running <TaskInstance: orquestador.delete_table_clean scheduled__2023-01-01T00:00:00+00:00 [running]> on host 068cff9bffb3
[2025-11-08T23:27:18.610+0000] {taskinstance.py:1568} INFO - Exporting env vars: AIRFLOW_CTX_DAG_OWNER='***' AIRFLOW_CTX_DAG_ID='orquestador' AIRFLOW_CTX_TASK_ID='delete_table_clean' AIRFLOW_CTX_EXECUTION_DATE='2023-01-01T00:00:00+00:00' AIRFLOW_CTX_TRY_NUMBER='1' AIRFLOW_CTX_DAG_RUN_ID='scheduled__2023-01-01T00:00:00+00:00'
[2025-11-08T23:27:18.611+0000] {sql.py:262} INFO - Executing: 
DROP TABLE IF EXISTS diabetes_clean

[2025-11-08T23:27:18.613+0000] {crypto.py:83} WARNING - empty cryptography key - values will not be stored encrypted.
[2025-11-08T23:27:18.615+0000] {base.py:73} INFO - Using connection ID 'mysql_conn' for task execution.
[2025-11-08T23:27:18.679+0000] {base.py:73} INFO - Using connection ID 'mysql_conn' for task execution.
[2025-11-08T23:27:18.696+0000] {sql.py:375} INFO - Running statement: 
DROP TABLE IF EXISTS diabetes_clean
, parameters: None
[2025-11-08T23:27:18.741+0000] {sql.py:384} INFO - Rows affected: 0
[2025-11-08T23:27:18.764+0000] {taskinstance.py:1368} INFO - Marking task as SUCCESS. dag_id=orquestador, task_id=delete_table_clean, execution_date=20230101T000000, start_date=20251108T232718, end_date=20251108T232718
[2025-11-08T23:27:18.807+0000] {local_task_job_runner.py:232} INFO - Task exited with return code 0
[2025-11-08T23:27:19.037+0000] {taskinstance.py:2674} INFO - 1 downstream tasks scheduled from follow-on schedule check
[2025-11-08T23:33:18.074+0000] {taskinstance.py:1125} INFO - Dependencies all met for dep_context=non-requeueable deps ti=<TaskInstance: orquestador.delete_table_clean scheduled__2023-01-01T00:00:00+00:00 [queued]>
[2025-11-08T23:33:18.091+0000] {taskinstance.py:1125} INFO - Dependencies all met for dep_context=requeueable deps ti=<TaskInstance: orquestador.delete_table_clean scheduled__2023-01-01T00:00:00+00:00 [queued]>
[2025-11-08T23:33:18.092+0000] {taskinstance.py:1331} INFO - Starting attempt 1 of 2
[2025-11-08T23:33:18.269+0000] {taskinstance.py:1350} INFO - Executing <Task(MySqlOperator): delete_table_clean> on 2023-01-01 00:00:00+00:00
[2025-11-08T23:33:18.283+0000] {standard_task_runner.py:57} INFO - Started process 17515 to run task
[2025-11-08T23:33:18.293+0000] {standard_task_runner.py:84} INFO - Running: ['***', 'tasks', 'run', 'orquestador', 'delete_table_clean', 'scheduled__2023-01-01T00:00:00+00:00', '--job-id', '879', '--raw', '--subdir', 'DAGS_FOLDER/orquestador.py', '--cfg-path', '/tmp/tmpyy1zoy90']
[2025-11-08T23:33:18.298+0000] {standard_task_runner.py:85} INFO - Job 879: Subtask delete_table_clean
[2025-11-08T23:33:18.361+0000] {task_command.py:410} INFO - Running <TaskInstance: orquestador.delete_table_clean scheduled__2023-01-01T00:00:00+00:00 [running]> on host 068cff9bffb3
[2025-11-08T23:33:18.446+0000] {taskinstance.py:1568} INFO - Exporting env vars: AIRFLOW_CTX_DAG_OWNER='***' AIRFLOW_CTX_DAG_ID='orquestador' AIRFLOW_CTX_TASK_ID='delete_table_clean' AIRFLOW_CTX_EXECUTION_DATE='2023-01-01T00:00:00+00:00' AIRFLOW_CTX_TRY_NUMBER='1' AIRFLOW_CTX_DAG_RUN_ID='scheduled__2023-01-01T00:00:00+00:00'
[2025-11-08T23:33:18.447+0000] {sql.py:262} INFO - Executing: 
DROP TABLE IF EXISTS diabetes_clean

[2025-11-08T23:33:18.448+0000] {crypto.py:83} WARNING - empty cryptography key - values will not be stored encrypted.
[2025-11-08T23:33:18.448+0000] {base.py:73} INFO - Using connection ID 'mysql_conn' for task execution.
[2025-11-08T23:33:18.524+0000] {base.py:73} INFO - Using connection ID 'mysql_conn' for task execution.
[2025-11-08T23:33:18.537+0000] {sql.py:375} INFO - Running statement: 
DROP TABLE IF EXISTS diabetes_clean
, parameters: None
[2025-11-08T23:33:18.551+0000] {sql.py:384} INFO - Rows affected: 0
[2025-11-08T23:33:18.567+0000] {taskinstance.py:1368} INFO - Marking task as SUCCESS. dag_id=orquestador, task_id=delete_table_clean, execution_date=20230101T000000, start_date=20251108T233318, end_date=20251108T233318
[2025-11-08T23:33:18.620+0000] {local_task_job_runner.py:232} INFO - Task exited with return code 0
[2025-11-08T23:33:18.700+0000] {taskinstance.py:2674} INFO - 1 downstream tasks scheduled from follow-on schedule check
[2025-11-09T00:01:09.452+0000] {taskinstance.py:1125} INFO - Dependencies all met for dep_context=non-requeueable deps ti=<TaskInstance: orquestador.delete_table_clean scheduled__2023-01-01T00:00:00+00:00 [queued]>
[2025-11-09T00:01:09.470+0000] {taskinstance.py:1125} INFO - Dependencies all met for dep_context=requeueable deps ti=<TaskInstance: orquestador.delete_table_clean scheduled__2023-01-01T00:00:00+00:00 [queued]>
[2025-11-09T00:01:09.470+0000] {taskinstance.py:1331} INFO - Starting attempt 1 of 2
[2025-11-09T00:01:09.494+0000] {taskinstance.py:1350} INFO - Executing <Task(MySqlOperator): delete_table_clean> on 2023-01-01 00:00:00+00:00
[2025-11-09T00:01:09.525+0000] {standard_task_runner.py:57} INFO - Started process 147 to run task
[2025-11-09T00:01:09.535+0000] {standard_task_runner.py:84} INFO - Running: ['***', 'tasks', 'run', 'orquestador', 'delete_table_clean', 'scheduled__2023-01-01T00:00:00+00:00', '--job-id', '5', '--raw', '--subdir', 'DAGS_FOLDER/orquestador.py', '--cfg-path', '/tmp/tmpdasys48_']
[2025-11-09T00:01:09.539+0000] {standard_task_runner.py:85} INFO - Job 5: Subtask delete_table_clean
[2025-11-09T00:01:10.053+0000] {task_command.py:410} INFO - Running <TaskInstance: orquestador.delete_table_clean scheduled__2023-01-01T00:00:00+00:00 [running]> on host abefff83dc87
[2025-11-09T00:01:10.179+0000] {taskinstance.py:1568} INFO - Exporting env vars: AIRFLOW_CTX_DAG_OWNER='***' AIRFLOW_CTX_DAG_ID='orquestador' AIRFLOW_CTX_TASK_ID='delete_table_clean' AIRFLOW_CTX_EXECUTION_DATE='2023-01-01T00:00:00+00:00' AIRFLOW_CTX_TRY_NUMBER='1' AIRFLOW_CTX_DAG_RUN_ID='scheduled__2023-01-01T00:00:00+00:00'
[2025-11-09T00:01:10.184+0000] {sql.py:262} INFO - Executing: 
DROP TABLE IF EXISTS diabetes_clean

[2025-11-09T00:01:10.185+0000] {crypto.py:83} WARNING - empty cryptography key - values will not be stored encrypted.
[2025-11-09T00:01:10.185+0000] {base.py:73} INFO - Using connection ID 'mysql_conn' for task execution.
[2025-11-09T00:01:10.279+0000] {base.py:73} INFO - Using connection ID 'mysql_conn' for task execution.
[2025-11-09T00:01:10.300+0000] {sql.py:375} INFO - Running statement: 
DROP TABLE IF EXISTS diabetes_clean
, parameters: None
[2025-11-09T00:01:10.306+0000] {sql.py:384} INFO - Rows affected: 0
[2025-11-09T00:01:10.326+0000] {taskinstance.py:1368} INFO - Marking task as SUCCESS. dag_id=orquestador, task_id=delete_table_clean, execution_date=20230101T000000, start_date=20251109T000109, end_date=20251109T000110
[2025-11-09T00:01:10.394+0000] {local_task_job_runner.py:232} INFO - Task exited with return code 0
[2025-11-09T00:01:10.804+0000] {taskinstance.py:2674} INFO - 1 downstream tasks scheduled from follow-on schedule check
[2025-11-09T00:17:48.608+0000] {taskinstance.py:1125} INFO - Dependencies all met for dep_context=non-requeueable deps ti=<TaskInstance: orquestador.delete_table_clean scheduled__2023-01-01T00:00:00+00:00 [queued]>
[2025-11-09T00:17:48.622+0000] {taskinstance.py:1125} INFO - Dependencies all met for dep_context=requeueable deps ti=<TaskInstance: orquestador.delete_table_clean scheduled__2023-01-01T00:00:00+00:00 [queued]>
[2025-11-09T00:17:48.623+0000] {taskinstance.py:1331} INFO - Starting attempt 1 of 2
[2025-11-09T00:17:48.639+0000] {taskinstance.py:1350} INFO - Executing <Task(MySqlOperator): delete_table_clean> on 2023-01-01 00:00:00+00:00
[2025-11-09T00:17:48.648+0000] {standard_task_runner.py:57} INFO - Started process 600 to run task
[2025-11-09T00:17:48.652+0000] {standard_task_runner.py:84} INFO - Running: ['***', 'tasks', 'run', 'orquestador', 'delete_table_clean', 'scheduled__2023-01-01T00:00:00+00:00', '--job-id', '35', '--raw', '--subdir', 'DAGS_FOLDER/orquestador.py', '--cfg-path', '/tmp/tmp5yur9r3d']
[2025-11-09T00:17:48.656+0000] {standard_task_runner.py:85} INFO - Job 35: Subtask delete_table_clean
[2025-11-09T00:17:48.973+0000] {task_command.py:410} INFO - Running <TaskInstance: orquestador.delete_table_clean scheduled__2023-01-01T00:00:00+00:00 [running]> on host abefff83dc87
[2025-11-09T00:17:49.060+0000] {taskinstance.py:1568} INFO - Exporting env vars: AIRFLOW_CTX_DAG_OWNER='***' AIRFLOW_CTX_DAG_ID='orquestador' AIRFLOW_CTX_TASK_ID='delete_table_clean' AIRFLOW_CTX_EXECUTION_DATE='2023-01-01T00:00:00+00:00' AIRFLOW_CTX_TRY_NUMBER='1' AIRFLOW_CTX_DAG_RUN_ID='scheduled__2023-01-01T00:00:00+00:00'
[2025-11-09T00:17:49.060+0000] {sql.py:262} INFO - Executing: 
DROP TABLE IF EXISTS diabetes_clean

[2025-11-09T00:17:49.061+0000] {crypto.py:83} WARNING - empty cryptography key - values will not be stored encrypted.
[2025-11-09T00:17:49.061+0000] {base.py:73} INFO - Using connection ID 'mysql_conn' for task execution.
[2025-11-09T00:17:49.134+0000] {base.py:73} INFO - Using connection ID 'mysql_conn' for task execution.
[2025-11-09T00:17:49.150+0000] {sql.py:375} INFO - Running statement: 
DROP TABLE IF EXISTS diabetes_clean
, parameters: None
[2025-11-09T00:17:49.172+0000] {sql.py:384} INFO - Rows affected: 0
[2025-11-09T00:17:49.186+0000] {taskinstance.py:1368} INFO - Marking task as SUCCESS. dag_id=orquestador, task_id=delete_table_clean, execution_date=20230101T000000, start_date=20251109T001748, end_date=20251109T001749
[2025-11-09T00:17:49.225+0000] {local_task_job_runner.py:232} INFO - Task exited with return code 0
[2025-11-09T00:17:49.463+0000] {taskinstance.py:2674} INFO - 1 downstream tasks scheduled from follow-on schedule check
