[2025-11-08T03:56:33.774+0000] {taskinstance.py:1125} INFO - Dependencies all met for dep_context=non-requeueable deps ti=<TaskInstance: orquestador.delete_table_train scheduled__2023-01-01T00:00:00+00:00 [queued]>
[2025-11-08T03:56:33.797+0000] {taskinstance.py:1125} INFO - Dependencies all met for dep_context=requeueable deps ti=<TaskInstance: orquestador.delete_table_train scheduled__2023-01-01T00:00:00+00:00 [queued]>
[2025-11-08T03:56:33.797+0000] {taskinstance.py:1331} INFO - Starting attempt 1 of 2
[2025-11-08T03:56:33.813+0000] {taskinstance.py:1350} INFO - Executing <Task(MySqlOperator): delete_table_train> on 2023-01-01 00:00:00+00:00
[2025-11-08T03:56:33.821+0000] {standard_task_runner.py:57} INFO - Started process 81 to run task
[2025-11-08T03:56:33.829+0000] {standard_task_runner.py:84} INFO - Running: ['***', 'tasks', 'run', 'orquestador', 'delete_table_train', 'scheduled__2023-01-01T00:00:00+00:00', '--job-id', '620', '--raw', '--subdir', 'DAGS_FOLDER/orquestador.py', '--cfg-path', '/tmp/tmpz7qv_wft']
[2025-11-08T03:56:33.833+0000] {standard_task_runner.py:85} INFO - Job 620: Subtask delete_table_train
[2025-11-08T03:56:34.132+0000] {task_command.py:410} INFO - Running <TaskInstance: orquestador.delete_table_train scheduled__2023-01-01T00:00:00+00:00 [running]> on host 068cff9bffb3
[2025-11-08T03:56:34.220+0000] {taskinstance.py:1568} INFO - Exporting env vars: AIRFLOW_CTX_DAG_OWNER='***' AIRFLOW_CTX_DAG_ID='orquestador' AIRFLOW_CTX_TASK_ID='delete_table_train' AIRFLOW_CTX_EXECUTION_DATE='2023-01-01T00:00:00+00:00' AIRFLOW_CTX_TRY_NUMBER='1' AIRFLOW_CTX_DAG_RUN_ID='scheduled__2023-01-01T00:00:00+00:00'
[2025-11-08T03:56:34.221+0000] {sql.py:262} INFO - Executing: 
DROP TABLE IF EXISTS diabetes_clean_train

[2025-11-08T03:56:34.222+0000] {crypto.py:83} WARNING - empty cryptography key - values will not be stored encrypted.
[2025-11-08T03:56:34.222+0000] {base.py:73} INFO - Using connection ID 'mysql_conn' for task execution.
[2025-11-08T03:56:34.286+0000] {base.py:73} INFO - Using connection ID 'mysql_conn' for task execution.
[2025-11-08T03:56:34.299+0000] {sql.py:375} INFO - Running statement: 
DROP TABLE IF EXISTS diabetes_clean_train
, parameters: None
[2025-11-08T03:56:34.302+0000] {sql.py:384} INFO - Rows affected: 0
[2025-11-08T03:56:34.314+0000] {taskinstance.py:1368} INFO - Marking task as SUCCESS. dag_id=orquestador, task_id=delete_table_train, execution_date=20230101T000000, start_date=20251108T035633, end_date=20251108T035634
[2025-11-08T03:56:34.362+0000] {local_task_job_runner.py:232} INFO - Task exited with return code 0
[2025-11-08T03:56:34.607+0000] {taskinstance.py:2674} INFO - 1 downstream tasks scheduled from follow-on schedule check
[2025-11-08T04:12:22.064+0000] {taskinstance.py:1125} INFO - Dependencies all met for dep_context=non-requeueable deps ti=<TaskInstance: orquestador.delete_table_train scheduled__2023-01-01T00:00:00+00:00 [queued]>
[2025-11-08T04:12:22.076+0000] {taskinstance.py:1125} INFO - Dependencies all met for dep_context=requeueable deps ti=<TaskInstance: orquestador.delete_table_train scheduled__2023-01-01T00:00:00+00:00 [queued]>
[2025-11-08T04:12:22.077+0000] {taskinstance.py:1331} INFO - Starting attempt 1 of 2
[2025-11-08T04:12:22.091+0000] {taskinstance.py:1350} INFO - Executing <Task(MySqlOperator): delete_table_train> on 2023-01-01 00:00:00+00:00
[2025-11-08T04:12:22.099+0000] {standard_task_runner.py:57} INFO - Started process 375 to run task
[2025-11-08T04:12:22.111+0000] {standard_task_runner.py:84} INFO - Running: ['***', 'tasks', 'run', 'orquestador', 'delete_table_train', 'scheduled__2023-01-01T00:00:00+00:00', '--job-id', '634', '--raw', '--subdir', 'DAGS_FOLDER/orquestador.py', '--cfg-path', '/tmp/tmpw_5sgqan']
[2025-11-08T04:12:22.114+0000] {standard_task_runner.py:85} INFO - Job 634: Subtask delete_table_train
[2025-11-08T04:12:22.410+0000] {task_command.py:410} INFO - Running <TaskInstance: orquestador.delete_table_train scheduled__2023-01-01T00:00:00+00:00 [running]> on host 068cff9bffb3
[2025-11-08T04:12:22.494+0000] {taskinstance.py:1568} INFO - Exporting env vars: AIRFLOW_CTX_DAG_OWNER='***' AIRFLOW_CTX_DAG_ID='orquestador' AIRFLOW_CTX_TASK_ID='delete_table_train' AIRFLOW_CTX_EXECUTION_DATE='2023-01-01T00:00:00+00:00' AIRFLOW_CTX_TRY_NUMBER='1' AIRFLOW_CTX_DAG_RUN_ID='scheduled__2023-01-01T00:00:00+00:00'
[2025-11-08T04:12:22.494+0000] {sql.py:262} INFO - Executing: 
DROP TABLE IF EXISTS diabetes_clean_train

[2025-11-08T04:12:22.495+0000] {crypto.py:83} WARNING - empty cryptography key - values will not be stored encrypted.
[2025-11-08T04:12:22.495+0000] {base.py:73} INFO - Using connection ID 'mysql_conn' for task execution.
[2025-11-08T04:12:22.561+0000] {base.py:73} INFO - Using connection ID 'mysql_conn' for task execution.
[2025-11-08T04:12:22.580+0000] {sql.py:375} INFO - Running statement: 
DROP TABLE IF EXISTS diabetes_clean_train
, parameters: None
[2025-11-08T04:12:22.604+0000] {sql.py:384} INFO - Rows affected: 0
[2025-11-08T04:12:22.616+0000] {taskinstance.py:1368} INFO - Marking task as SUCCESS. dag_id=orquestador, task_id=delete_table_train, execution_date=20230101T000000, start_date=20251108T041222, end_date=20251108T041222
[2025-11-08T04:12:22.679+0000] {local_task_job_runner.py:232} INFO - Task exited with return code 0
[2025-11-08T04:12:22.936+0000] {taskinstance.py:2674} INFO - 1 downstream tasks scheduled from follow-on schedule check
[2025-11-08T04:27:28.139+0000] {taskinstance.py:1125} INFO - Dependencies all met for dep_context=non-requeueable deps ti=<TaskInstance: orquestador.delete_table_train scheduled__2023-01-01T00:00:00+00:00 [queued]>
[2025-11-08T04:27:28.159+0000] {taskinstance.py:1125} INFO - Dependencies all met for dep_context=requeueable deps ti=<TaskInstance: orquestador.delete_table_train scheduled__2023-01-01T00:00:00+00:00 [queued]>
[2025-11-08T04:27:28.160+0000] {taskinstance.py:1331} INFO - Starting attempt 1 of 2
[2025-11-08T04:27:28.180+0000] {taskinstance.py:1350} INFO - Executing <Task(MySqlOperator): delete_table_train> on 2023-01-01 00:00:00+00:00
[2025-11-08T04:27:28.191+0000] {standard_task_runner.py:57} INFO - Started process 656 to run task
[2025-11-08T04:27:28.202+0000] {standard_task_runner.py:84} INFO - Running: ['***', 'tasks', 'run', 'orquestador', 'delete_table_train', 'scheduled__2023-01-01T00:00:00+00:00', '--job-id', '648', '--raw', '--subdir', 'DAGS_FOLDER/orquestador.py', '--cfg-path', '/tmp/tmpq_shv5pk']
[2025-11-08T04:27:28.206+0000] {standard_task_runner.py:85} INFO - Job 648: Subtask delete_table_train
[2025-11-08T04:27:28.497+0000] {task_command.py:410} INFO - Running <TaskInstance: orquestador.delete_table_train scheduled__2023-01-01T00:00:00+00:00 [running]> on host 068cff9bffb3
[2025-11-08T04:27:28.591+0000] {taskinstance.py:1568} INFO - Exporting env vars: AIRFLOW_CTX_DAG_OWNER='***' AIRFLOW_CTX_DAG_ID='orquestador' AIRFLOW_CTX_TASK_ID='delete_table_train' AIRFLOW_CTX_EXECUTION_DATE='2023-01-01T00:00:00+00:00' AIRFLOW_CTX_TRY_NUMBER='1' AIRFLOW_CTX_DAG_RUN_ID='scheduled__2023-01-01T00:00:00+00:00'
[2025-11-08T04:27:28.592+0000] {sql.py:262} INFO - Executing: 
DROP TABLE IF EXISTS diabetes_clean_train

[2025-11-08T04:27:28.594+0000] {crypto.py:83} WARNING - empty cryptography key - values will not be stored encrypted.
[2025-11-08T04:27:28.594+0000] {base.py:73} INFO - Using connection ID 'mysql_conn' for task execution.
[2025-11-08T04:27:28.661+0000] {base.py:73} INFO - Using connection ID 'mysql_conn' for task execution.
[2025-11-08T04:27:28.677+0000] {sql.py:375} INFO - Running statement: 
DROP TABLE IF EXISTS diabetes_clean_train
, parameters: None
[2025-11-08T04:27:28.709+0000] {sql.py:384} INFO - Rows affected: 0
[2025-11-08T04:27:28.730+0000] {taskinstance.py:1368} INFO - Marking task as SUCCESS. dag_id=orquestador, task_id=delete_table_train, execution_date=20230101T000000, start_date=20251108T042728, end_date=20251108T042728
[2025-11-08T04:27:28.768+0000] {local_task_job_runner.py:232} INFO - Task exited with return code 0
[2025-11-08T04:27:29.014+0000] {taskinstance.py:2674} INFO - 1 downstream tasks scheduled from follow-on schedule check
[2025-11-08T04:35:43.188+0000] {taskinstance.py:1125} INFO - Dependencies all met for dep_context=non-requeueable deps ti=<TaskInstance: orquestador.delete_table_train scheduled__2023-01-01T00:00:00+00:00 [queued]>
[2025-11-08T04:35:43.202+0000] {taskinstance.py:1125} INFO - Dependencies all met for dep_context=requeueable deps ti=<TaskInstance: orquestador.delete_table_train scheduled__2023-01-01T00:00:00+00:00 [queued]>
[2025-11-08T04:35:43.202+0000] {taskinstance.py:1331} INFO - Starting attempt 1 of 2
[2025-11-08T04:35:43.215+0000] {taskinstance.py:1350} INFO - Executing <Task(MySqlOperator): delete_table_train> on 2023-01-01 00:00:00+00:00
[2025-11-08T04:35:43.223+0000] {standard_task_runner.py:57} INFO - Started process 848 to run task
[2025-11-08T04:35:43.228+0000] {standard_task_runner.py:84} INFO - Running: ['***', 'tasks', 'run', 'orquestador', 'delete_table_train', 'scheduled__2023-01-01T00:00:00+00:00', '--job-id', '662', '--raw', '--subdir', 'DAGS_FOLDER/orquestador.py', '--cfg-path', '/tmp/tmpyvw6y4na']
[2025-11-08T04:35:43.231+0000] {standard_task_runner.py:85} INFO - Job 662: Subtask delete_table_train
[2025-11-08T04:35:43.515+0000] {task_command.py:410} INFO - Running <TaskInstance: orquestador.delete_table_train scheduled__2023-01-01T00:00:00+00:00 [running]> on host 068cff9bffb3
[2025-11-08T04:35:43.608+0000] {taskinstance.py:1568} INFO - Exporting env vars: AIRFLOW_CTX_DAG_OWNER='***' AIRFLOW_CTX_DAG_ID='orquestador' AIRFLOW_CTX_TASK_ID='delete_table_train' AIRFLOW_CTX_EXECUTION_DATE='2023-01-01T00:00:00+00:00' AIRFLOW_CTX_TRY_NUMBER='1' AIRFLOW_CTX_DAG_RUN_ID='scheduled__2023-01-01T00:00:00+00:00'
[2025-11-08T04:35:43.609+0000] {sql.py:262} INFO - Executing: 
DROP TABLE IF EXISTS diabetes_clean_train

[2025-11-08T04:35:43.609+0000] {crypto.py:83} WARNING - empty cryptography key - values will not be stored encrypted.
[2025-11-08T04:35:43.610+0000] {base.py:73} INFO - Using connection ID 'mysql_conn' for task execution.
[2025-11-08T04:35:43.675+0000] {base.py:73} INFO - Using connection ID 'mysql_conn' for task execution.
[2025-11-08T04:35:43.690+0000] {sql.py:375} INFO - Running statement: 
DROP TABLE IF EXISTS diabetes_clean_train
, parameters: None
[2025-11-08T04:35:43.706+0000] {sql.py:384} INFO - Rows affected: 0
[2025-11-08T04:35:43.719+0000] {taskinstance.py:1368} INFO - Marking task as SUCCESS. dag_id=orquestador, task_id=delete_table_train, execution_date=20230101T000000, start_date=20251108T043543, end_date=20251108T043543
[2025-11-08T04:35:43.759+0000] {local_task_job_runner.py:232} INFO - Task exited with return code 0
[2025-11-08T04:35:44.009+0000] {taskinstance.py:2674} INFO - 1 downstream tasks scheduled from follow-on schedule check
[2025-11-08T04:39:28.198+0000] {taskinstance.py:1125} INFO - Dependencies all met for dep_context=non-requeueable deps ti=<TaskInstance: orquestador.delete_table_train scheduled__2023-01-01T00:00:00+00:00 [queued]>
[2025-11-08T04:39:28.211+0000] {taskinstance.py:1125} INFO - Dependencies all met for dep_context=requeueable deps ti=<TaskInstance: orquestador.delete_table_train scheduled__2023-01-01T00:00:00+00:00 [queued]>
[2025-11-08T04:39:28.212+0000] {taskinstance.py:1331} INFO - Starting attempt 1 of 2
[2025-11-08T04:39:28.231+0000] {taskinstance.py:1350} INFO - Executing <Task(MySqlOperator): delete_table_train> on 2023-01-01 00:00:00+00:00
[2025-11-08T04:39:28.242+0000] {standard_task_runner.py:57} INFO - Started process 970 to run task
[2025-11-08T04:39:28.247+0000] {standard_task_runner.py:84} INFO - Running: ['***', 'tasks', 'run', 'orquestador', 'delete_table_train', 'scheduled__2023-01-01T00:00:00+00:00', '--job-id', '674', '--raw', '--subdir', 'DAGS_FOLDER/orquestador.py', '--cfg-path', '/tmp/tmp6co15vb6']
[2025-11-08T04:39:28.251+0000] {standard_task_runner.py:85} INFO - Job 674: Subtask delete_table_train
[2025-11-08T04:39:28.548+0000] {task_command.py:410} INFO - Running <TaskInstance: orquestador.delete_table_train scheduled__2023-01-01T00:00:00+00:00 [running]> on host 068cff9bffb3
[2025-11-08T04:39:28.643+0000] {taskinstance.py:1568} INFO - Exporting env vars: AIRFLOW_CTX_DAG_OWNER='***' AIRFLOW_CTX_DAG_ID='orquestador' AIRFLOW_CTX_TASK_ID='delete_table_train' AIRFLOW_CTX_EXECUTION_DATE='2023-01-01T00:00:00+00:00' AIRFLOW_CTX_TRY_NUMBER='1' AIRFLOW_CTX_DAG_RUN_ID='scheduled__2023-01-01T00:00:00+00:00'
[2025-11-08T04:39:28.644+0000] {sql.py:262} INFO - Executing: 
DROP TABLE IF EXISTS diabetes_clean_train

[2025-11-08T04:39:28.645+0000] {crypto.py:83} WARNING - empty cryptography key - values will not be stored encrypted.
[2025-11-08T04:39:28.645+0000] {base.py:73} INFO - Using connection ID 'mysql_conn' for task execution.
[2025-11-08T04:39:28.707+0000] {base.py:73} INFO - Using connection ID 'mysql_conn' for task execution.
[2025-11-08T04:39:28.719+0000] {sql.py:375} INFO - Running statement: 
DROP TABLE IF EXISTS diabetes_clean_train
, parameters: None
[2025-11-08T04:39:28.733+0000] {sql.py:384} INFO - Rows affected: 0
[2025-11-08T04:39:28.743+0000] {taskinstance.py:1368} INFO - Marking task as SUCCESS. dag_id=orquestador, task_id=delete_table_train, execution_date=20230101T000000, start_date=20251108T043928, end_date=20251108T043928
[2025-11-08T04:39:28.787+0000] {local_task_job_runner.py:232} INFO - Task exited with return code 0
[2025-11-08T04:39:29.054+0000] {taskinstance.py:2674} INFO - 1 downstream tasks scheduled from follow-on schedule check
[2025-11-08T17:10:42.279+0000] {taskinstance.py:1125} INFO - Dependencies all met for dep_context=non-requeueable deps ti=<TaskInstance: orquestador.delete_table_train scheduled__2023-01-01T00:00:00+00:00 [queued]>
[2025-11-08T17:10:42.298+0000] {taskinstance.py:1125} INFO - Dependencies all met for dep_context=requeueable deps ti=<TaskInstance: orquestador.delete_table_train scheduled__2023-01-01T00:00:00+00:00 [queued]>
[2025-11-08T17:10:42.299+0000] {taskinstance.py:1331} INFO - Starting attempt 1 of 2
[2025-11-08T17:10:42.318+0000] {taskinstance.py:1350} INFO - Executing <Task(MySqlOperator): delete_table_train> on 2023-01-01 00:00:00+00:00
[2025-11-08T17:10:42.333+0000] {standard_task_runner.py:57} INFO - Started process 11016 to run task
[2025-11-08T17:10:42.340+0000] {standard_task_runner.py:84} INFO - Running: ['***', 'tasks', 'run', 'orquestador', 'delete_table_train', 'scheduled__2023-01-01T00:00:00+00:00', '--job-id', '688', '--raw', '--subdir', 'DAGS_FOLDER/orquestador.py', '--cfg-path', '/tmp/tmp0bj8vqxp']
[2025-11-08T17:10:42.344+0000] {standard_task_runner.py:85} INFO - Job 688: Subtask delete_table_train
[2025-11-08T17:10:42.802+0000] {task_command.py:410} INFO - Running <TaskInstance: orquestador.delete_table_train scheduled__2023-01-01T00:00:00+00:00 [running]> on host 068cff9bffb3
[2025-11-08T17:10:42.916+0000] {taskinstance.py:1568} INFO - Exporting env vars: AIRFLOW_CTX_DAG_OWNER='***' AIRFLOW_CTX_DAG_ID='orquestador' AIRFLOW_CTX_TASK_ID='delete_table_train' AIRFLOW_CTX_EXECUTION_DATE='2023-01-01T00:00:00+00:00' AIRFLOW_CTX_TRY_NUMBER='1' AIRFLOW_CTX_DAG_RUN_ID='scheduled__2023-01-01T00:00:00+00:00'
[2025-11-08T17:10:42.917+0000] {sql.py:262} INFO - Executing: 
DROP TABLE IF EXISTS diabetes_clean_train

[2025-11-08T17:10:42.918+0000] {crypto.py:83} WARNING - empty cryptography key - values will not be stored encrypted.
[2025-11-08T17:10:42.918+0000] {base.py:73} INFO - Using connection ID 'mysql_conn' for task execution.
[2025-11-08T17:10:42.990+0000] {base.py:73} INFO - Using connection ID 'mysql_conn' for task execution.
[2025-11-08T17:10:43.006+0000] {sql.py:375} INFO - Running statement: 
DROP TABLE IF EXISTS diabetes_clean_train
, parameters: None
[2025-11-08T17:10:43.020+0000] {sql.py:384} INFO - Rows affected: 0
[2025-11-08T17:10:43.042+0000] {taskinstance.py:1368} INFO - Marking task as SUCCESS. dag_id=orquestador, task_id=delete_table_train, execution_date=20230101T000000, start_date=20251108T171042, end_date=20251108T171043
[2025-11-08T17:10:43.082+0000] {local_task_job_runner.py:232} INFO - Task exited with return code 0
[2025-11-08T17:10:43.434+0000] {taskinstance.py:2674} INFO - 1 downstream tasks scheduled from follow-on schedule check
[2025-11-08T17:36:00.578+0000] {taskinstance.py:1125} INFO - Dependencies all met for dep_context=non-requeueable deps ti=<TaskInstance: orquestador.delete_table_train scheduled__2023-01-01T00:00:00+00:00 [queued]>
[2025-11-08T17:36:00.593+0000] {taskinstance.py:1125} INFO - Dependencies all met for dep_context=requeueable deps ti=<TaskInstance: orquestador.delete_table_train scheduled__2023-01-01T00:00:00+00:00 [queued]>
[2025-11-08T17:36:00.593+0000] {taskinstance.py:1331} INFO - Starting attempt 1 of 2
[2025-11-08T17:36:00.612+0000] {taskinstance.py:1350} INFO - Executing <Task(MySqlOperator): delete_table_train> on 2023-01-01 00:00:00+00:00
[2025-11-08T17:36:00.620+0000] {standard_task_runner.py:57} INFO - Started process 11505 to run task
[2025-11-08T17:36:00.633+0000] {standard_task_runner.py:84} INFO - Running: ['***', 'tasks', 'run', 'orquestador', 'delete_table_train', 'scheduled__2023-01-01T00:00:00+00:00', '--job-id', '710', '--raw', '--subdir', 'DAGS_FOLDER/orquestador.py', '--cfg-path', '/tmp/tmpsoy28z_v']
[2025-11-08T17:36:00.637+0000] {standard_task_runner.py:85} INFO - Job 710: Subtask delete_table_train
[2025-11-08T17:36:00.947+0000] {task_command.py:410} INFO - Running <TaskInstance: orquestador.delete_table_train scheduled__2023-01-01T00:00:00+00:00 [running]> on host 068cff9bffb3
[2025-11-08T17:36:01.022+0000] {taskinstance.py:1568} INFO - Exporting env vars: AIRFLOW_CTX_DAG_OWNER='***' AIRFLOW_CTX_DAG_ID='orquestador' AIRFLOW_CTX_TASK_ID='delete_table_train' AIRFLOW_CTX_EXECUTION_DATE='2023-01-01T00:00:00+00:00' AIRFLOW_CTX_TRY_NUMBER='1' AIRFLOW_CTX_DAG_RUN_ID='scheduled__2023-01-01T00:00:00+00:00'
[2025-11-08T17:36:01.022+0000] {sql.py:262} INFO - Executing: 
DROP TABLE IF EXISTS diabetes_clean_train

[2025-11-08T17:36:01.023+0000] {crypto.py:83} WARNING - empty cryptography key - values will not be stored encrypted.
[2025-11-08T17:36:01.023+0000] {base.py:73} INFO - Using connection ID 'mysql_conn' for task execution.
[2025-11-08T17:36:01.089+0000] {base.py:73} INFO - Using connection ID 'mysql_conn' for task execution.
[2025-11-08T17:36:01.101+0000] {sql.py:375} INFO - Running statement: 
DROP TABLE IF EXISTS diabetes_clean_train
, parameters: None
[2025-11-08T17:36:01.114+0000] {sql.py:384} INFO - Rows affected: 0
[2025-11-08T17:36:01.125+0000] {taskinstance.py:1368} INFO - Marking task as SUCCESS. dag_id=orquestador, task_id=delete_table_train, execution_date=20230101T000000, start_date=20251108T173600, end_date=20251108T173601
[2025-11-08T17:36:01.161+0000] {local_task_job_runner.py:232} INFO - Task exited with return code 0
[2025-11-08T17:36:01.382+0000] {taskinstance.py:2674} INFO - 1 downstream tasks scheduled from follow-on schedule check
[2025-11-08T17:40:10.865+0000] {taskinstance.py:1125} INFO - Dependencies all met for dep_context=non-requeueable deps ti=<TaskInstance: orquestador.delete_table_train scheduled__2023-01-01T00:00:00+00:00 [queued]>
[2025-11-08T17:40:10.882+0000] {taskinstance.py:1125} INFO - Dependencies all met for dep_context=requeueable deps ti=<TaskInstance: orquestador.delete_table_train scheduled__2023-01-01T00:00:00+00:00 [queued]>
[2025-11-08T17:40:10.882+0000] {taskinstance.py:1331} INFO - Starting attempt 1 of 2
[2025-11-08T17:40:10.896+0000] {taskinstance.py:1350} INFO - Executing <Task(MySqlOperator): delete_table_train> on 2023-01-01 00:00:00+00:00
[2025-11-08T17:40:10.908+0000] {standard_task_runner.py:57} INFO - Started process 11637 to run task
[2025-11-08T17:40:10.919+0000] {standard_task_runner.py:84} INFO - Running: ['***', 'tasks', 'run', 'orquestador', 'delete_table_train', 'scheduled__2023-01-01T00:00:00+00:00', '--job-id', '722', '--raw', '--subdir', 'DAGS_FOLDER/orquestador.py', '--cfg-path', '/tmp/tmp1sj5t4jr']
[2025-11-08T17:40:10.922+0000] {standard_task_runner.py:85} INFO - Job 722: Subtask delete_table_train
[2025-11-08T17:40:11.211+0000] {task_command.py:410} INFO - Running <TaskInstance: orquestador.delete_table_train scheduled__2023-01-01T00:00:00+00:00 [running]> on host 068cff9bffb3
[2025-11-08T17:40:11.299+0000] {taskinstance.py:1568} INFO - Exporting env vars: AIRFLOW_CTX_DAG_OWNER='***' AIRFLOW_CTX_DAG_ID='orquestador' AIRFLOW_CTX_TASK_ID='delete_table_train' AIRFLOW_CTX_EXECUTION_DATE='2023-01-01T00:00:00+00:00' AIRFLOW_CTX_TRY_NUMBER='1' AIRFLOW_CTX_DAG_RUN_ID='scheduled__2023-01-01T00:00:00+00:00'
[2025-11-08T17:40:11.300+0000] {sql.py:262} INFO - Executing: 
DROP TABLE IF EXISTS diabetes_clean_train

[2025-11-08T17:40:11.301+0000] {crypto.py:83} WARNING - empty cryptography key - values will not be stored encrypted.
[2025-11-08T17:40:11.302+0000] {base.py:73} INFO - Using connection ID 'mysql_conn' for task execution.
[2025-11-08T17:40:11.363+0000] {base.py:73} INFO - Using connection ID 'mysql_conn' for task execution.
[2025-11-08T17:40:11.381+0000] {sql.py:375} INFO - Running statement: 
DROP TABLE IF EXISTS diabetes_clean_train
, parameters: None
[2025-11-08T17:40:11.399+0000] {sql.py:384} INFO - Rows affected: 0
[2025-11-08T17:40:11.412+0000] {taskinstance.py:1368} INFO - Marking task as SUCCESS. dag_id=orquestador, task_id=delete_table_train, execution_date=20230101T000000, start_date=20251108T174010, end_date=20251108T174011
[2025-11-08T17:40:11.446+0000] {local_task_job_runner.py:232} INFO - Task exited with return code 0
[2025-11-08T17:40:11.701+0000] {taskinstance.py:2674} INFO - 1 downstream tasks scheduled from follow-on schedule check
[2025-11-08T20:19:11.423+0000] {taskinstance.py:1125} INFO - Dependencies all met for dep_context=non-requeueable deps ti=<TaskInstance: orquestador.delete_table_train scheduled__2023-01-01T00:00:00+00:00 [queued]>
[2025-11-08T20:19:11.437+0000] {taskinstance.py:1125} INFO - Dependencies all met for dep_context=requeueable deps ti=<TaskInstance: orquestador.delete_table_train scheduled__2023-01-01T00:00:00+00:00 [queued]>
[2025-11-08T20:19:11.437+0000] {taskinstance.py:1331} INFO - Starting attempt 1 of 2
[2025-11-08T20:19:11.452+0000] {taskinstance.py:1350} INFO - Executing <Task(MySqlOperator): delete_table_train> on 2023-01-01 00:00:00+00:00
[2025-11-08T20:19:11.463+0000] {standard_task_runner.py:57} INFO - Started process 13820 to run task
[2025-11-08T20:19:11.470+0000] {standard_task_runner.py:84} INFO - Running: ['***', 'tasks', 'run', 'orquestador', 'delete_table_train', 'scheduled__2023-01-01T00:00:00+00:00', '--job-id', '736', '--raw', '--subdir', 'DAGS_FOLDER/orquestador.py', '--cfg-path', '/tmp/tmpj08r0_mt']
[2025-11-08T20:19:11.473+0000] {standard_task_runner.py:85} INFO - Job 736: Subtask delete_table_train
[2025-11-08T20:19:11.774+0000] {task_command.py:410} INFO - Running <TaskInstance: orquestador.delete_table_train scheduled__2023-01-01T00:00:00+00:00 [running]> on host 068cff9bffb3
[2025-11-08T20:19:11.859+0000] {taskinstance.py:1568} INFO - Exporting env vars: AIRFLOW_CTX_DAG_OWNER='***' AIRFLOW_CTX_DAG_ID='orquestador' AIRFLOW_CTX_TASK_ID='delete_table_train' AIRFLOW_CTX_EXECUTION_DATE='2023-01-01T00:00:00+00:00' AIRFLOW_CTX_TRY_NUMBER='1' AIRFLOW_CTX_DAG_RUN_ID='scheduled__2023-01-01T00:00:00+00:00'
[2025-11-08T20:19:11.859+0000] {sql.py:262} INFO - Executing: 
DROP TABLE IF EXISTS diabetes_clean_train

[2025-11-08T20:19:11.860+0000] {crypto.py:83} WARNING - empty cryptography key - values will not be stored encrypted.
[2025-11-08T20:19:11.860+0000] {base.py:73} INFO - Using connection ID 'mysql_conn' for task execution.
[2025-11-08T20:19:11.924+0000] {base.py:73} INFO - Using connection ID 'mysql_conn' for task execution.
[2025-11-08T20:19:11.936+0000] {sql.py:375} INFO - Running statement: 
DROP TABLE IF EXISTS diabetes_clean_train
, parameters: None
[2025-11-08T20:19:11.951+0000] {sql.py:384} INFO - Rows affected: 0
[2025-11-08T20:19:11.962+0000] {taskinstance.py:1368} INFO - Marking task as SUCCESS. dag_id=orquestador, task_id=delete_table_train, execution_date=20230101T000000, start_date=20251108T201911, end_date=20251108T201911
[2025-11-08T20:19:12.014+0000] {local_task_job_runner.py:232} INFO - Task exited with return code 0
[2025-11-08T20:19:12.259+0000] {taskinstance.py:2674} INFO - 1 downstream tasks scheduled from follow-on schedule check
[2025-11-08T20:22:48.632+0000] {taskinstance.py:1125} INFO - Dependencies all met for dep_context=non-requeueable deps ti=<TaskInstance: orquestador.delete_table_train scheduled__2023-01-01T00:00:00+00:00 [queued]>
[2025-11-08T20:22:48.651+0000] {taskinstance.py:1125} INFO - Dependencies all met for dep_context=requeueable deps ti=<TaskInstance: orquestador.delete_table_train scheduled__2023-01-01T00:00:00+00:00 [queued]>
[2025-11-08T20:22:48.652+0000] {taskinstance.py:1331} INFO - Starting attempt 1 of 2
[2025-11-08T20:22:48.670+0000] {taskinstance.py:1350} INFO - Executing <Task(MySqlOperator): delete_table_train> on 2023-01-01 00:00:00+00:00
[2025-11-08T20:22:48.688+0000] {standard_task_runner.py:57} INFO - Started process 13937 to run task
[2025-11-08T20:22:48.697+0000] {standard_task_runner.py:84} INFO - Running: ['***', 'tasks', 'run', 'orquestador', 'delete_table_train', 'scheduled__2023-01-01T00:00:00+00:00', '--job-id', '748', '--raw', '--subdir', 'DAGS_FOLDER/orquestador.py', '--cfg-path', '/tmp/tmp_o_35nw2']
[2025-11-08T20:22:48.702+0000] {standard_task_runner.py:85} INFO - Job 748: Subtask delete_table_train
[2025-11-08T20:22:49.044+0000] {task_command.py:410} INFO - Running <TaskInstance: orquestador.delete_table_train scheduled__2023-01-01T00:00:00+00:00 [running]> on host 068cff9bffb3
[2025-11-08T20:22:49.160+0000] {taskinstance.py:1568} INFO - Exporting env vars: AIRFLOW_CTX_DAG_OWNER='***' AIRFLOW_CTX_DAG_ID='orquestador' AIRFLOW_CTX_TASK_ID='delete_table_train' AIRFLOW_CTX_EXECUTION_DATE='2023-01-01T00:00:00+00:00' AIRFLOW_CTX_TRY_NUMBER='1' AIRFLOW_CTX_DAG_RUN_ID='scheduled__2023-01-01T00:00:00+00:00'
[2025-11-08T20:22:49.160+0000] {sql.py:262} INFO - Executing: 
DROP TABLE IF EXISTS diabetes_clean_train

[2025-11-08T20:22:49.161+0000] {crypto.py:83} WARNING - empty cryptography key - values will not be stored encrypted.
[2025-11-08T20:22:49.161+0000] {base.py:73} INFO - Using connection ID 'mysql_conn' for task execution.
[2025-11-08T20:22:49.224+0000] {base.py:73} INFO - Using connection ID 'mysql_conn' for task execution.
[2025-11-08T20:22:49.239+0000] {sql.py:375} INFO - Running statement: 
DROP TABLE IF EXISTS diabetes_clean_train
, parameters: None
[2025-11-08T20:22:49.255+0000] {sql.py:384} INFO - Rows affected: 0
[2025-11-08T20:22:49.272+0000] {taskinstance.py:1368} INFO - Marking task as SUCCESS. dag_id=orquestador, task_id=delete_table_train, execution_date=20230101T000000, start_date=20251108T202248, end_date=20251108T202249
[2025-11-08T20:22:49.304+0000] {local_task_job_runner.py:232} INFO - Task exited with return code 0
[2025-11-08T20:22:49.545+0000] {taskinstance.py:2674} INFO - 1 downstream tasks scheduled from follow-on schedule check
[2025-11-08T20:50:57.891+0000] {taskinstance.py:1125} INFO - Dependencies all met for dep_context=non-requeueable deps ti=<TaskInstance: orquestador.delete_table_train scheduled__2023-01-01T00:00:00+00:00 [queued]>
[2025-11-08T20:50:57.909+0000] {taskinstance.py:1125} INFO - Dependencies all met for dep_context=requeueable deps ti=<TaskInstance: orquestador.delete_table_train scheduled__2023-01-01T00:00:00+00:00 [queued]>
[2025-11-08T20:50:57.909+0000] {taskinstance.py:1331} INFO - Starting attempt 1 of 2
[2025-11-08T20:50:57.923+0000] {taskinstance.py:1350} INFO - Executing <Task(MySqlOperator): delete_table_train> on 2023-01-01 00:00:00+00:00
[2025-11-08T20:50:57.932+0000] {standard_task_runner.py:57} INFO - Started process 14499 to run task
[2025-11-08T20:50:57.944+0000] {standard_task_runner.py:84} INFO - Running: ['***', 'tasks', 'run', 'orquestador', 'delete_table_train', 'scheduled__2023-01-01T00:00:00+00:00', '--job-id', '770', '--raw', '--subdir', 'DAGS_FOLDER/orquestador.py', '--cfg-path', '/tmp/tmp3w2ndt2c']
[2025-11-08T20:50:57.948+0000] {standard_task_runner.py:85} INFO - Job 770: Subtask delete_table_train
[2025-11-08T20:50:58.244+0000] {task_command.py:410} INFO - Running <TaskInstance: orquestador.delete_table_train scheduled__2023-01-01T00:00:00+00:00 [running]> on host 068cff9bffb3
[2025-11-08T20:50:58.316+0000] {taskinstance.py:1568} INFO - Exporting env vars: AIRFLOW_CTX_DAG_OWNER='***' AIRFLOW_CTX_DAG_ID='orquestador' AIRFLOW_CTX_TASK_ID='delete_table_train' AIRFLOW_CTX_EXECUTION_DATE='2023-01-01T00:00:00+00:00' AIRFLOW_CTX_TRY_NUMBER='1' AIRFLOW_CTX_DAG_RUN_ID='scheduled__2023-01-01T00:00:00+00:00'
[2025-11-08T20:50:58.317+0000] {sql.py:262} INFO - Executing: 
DROP TABLE IF EXISTS diabetes_clean_train

[2025-11-08T20:50:58.318+0000] {crypto.py:83} WARNING - empty cryptography key - values will not be stored encrypted.
[2025-11-08T20:50:58.320+0000] {base.py:73} INFO - Using connection ID 'mysql_conn' for task execution.
[2025-11-08T20:50:58.384+0000] {base.py:73} INFO - Using connection ID 'mysql_conn' for task execution.
[2025-11-08T20:50:58.399+0000] {sql.py:375} INFO - Running statement: 
DROP TABLE IF EXISTS diabetes_clean_train
, parameters: None
[2025-11-08T20:50:58.424+0000] {sql.py:384} INFO - Rows affected: 0
[2025-11-08T20:50:58.445+0000] {taskinstance.py:1368} INFO - Marking task as SUCCESS. dag_id=orquestador, task_id=delete_table_train, execution_date=20230101T000000, start_date=20251108T205057, end_date=20251108T205058
[2025-11-08T20:50:58.509+0000] {local_task_job_runner.py:232} INFO - Task exited with return code 0
[2025-11-08T20:50:58.749+0000] {taskinstance.py:2674} INFO - 1 downstream tasks scheduled from follow-on schedule check
[2025-11-08T23:03:30.697+0000] {taskinstance.py:1125} INFO - Dependencies all met for dep_context=non-requeueable deps ti=<TaskInstance: orquestador.delete_table_train scheduled__2023-01-01T00:00:00+00:00 [queued]>
[2025-11-08T23:03:30.714+0000] {taskinstance.py:1125} INFO - Dependencies all met for dep_context=requeueable deps ti=<TaskInstance: orquestador.delete_table_train scheduled__2023-01-01T00:00:00+00:00 [queued]>
[2025-11-08T23:03:30.714+0000] {taskinstance.py:1331} INFO - Starting attempt 1 of 2
[2025-11-08T23:03:30.728+0000] {taskinstance.py:1350} INFO - Executing <Task(MySqlOperator): delete_table_train> on 2023-01-01 00:00:00+00:00
[2025-11-08T23:03:30.737+0000] {standard_task_runner.py:57} INFO - Started process 16636 to run task
[2025-11-08T23:03:30.748+0000] {standard_task_runner.py:84} INFO - Running: ['***', 'tasks', 'run', 'orquestador', 'delete_table_train', 'scheduled__2023-01-01T00:00:00+00:00', '--job-id', '815', '--raw', '--subdir', 'DAGS_FOLDER/orquestador.py', '--cfg-path', '/tmp/tmpzx6m7sme']
[2025-11-08T23:03:30.752+0000] {standard_task_runner.py:85} INFO - Job 815: Subtask delete_table_train
[2025-11-08T23:03:31.051+0000] {task_command.py:410} INFO - Running <TaskInstance: orquestador.delete_table_train scheduled__2023-01-01T00:00:00+00:00 [running]> on host 068cff9bffb3
[2025-11-08T23:03:31.123+0000] {taskinstance.py:1568} INFO - Exporting env vars: AIRFLOW_CTX_DAG_OWNER='***' AIRFLOW_CTX_DAG_ID='orquestador' AIRFLOW_CTX_TASK_ID='delete_table_train' AIRFLOW_CTX_EXECUTION_DATE='2023-01-01T00:00:00+00:00' AIRFLOW_CTX_TRY_NUMBER='1' AIRFLOW_CTX_DAG_RUN_ID='scheduled__2023-01-01T00:00:00+00:00'
[2025-11-08T23:03:31.123+0000] {sql.py:262} INFO - Executing: 
DROP TABLE IF EXISTS diabetes_clean_train

[2025-11-08T23:03:31.124+0000] {crypto.py:83} WARNING - empty cryptography key - values will not be stored encrypted.
[2025-11-08T23:03:31.124+0000] {base.py:73} INFO - Using connection ID 'mysql_conn' for task execution.
[2025-11-08T23:03:31.171+0000] {base.py:73} INFO - Using connection ID 'mysql_conn' for task execution.
[2025-11-08T23:03:31.182+0000] {sql.py:375} INFO - Running statement: 
DROP TABLE IF EXISTS diabetes_clean_train
, parameters: None
[2025-11-08T23:03:31.210+0000] {sql.py:384} INFO - Rows affected: 0
[2025-11-08T23:03:31.224+0000] {taskinstance.py:1368} INFO - Marking task as SUCCESS. dag_id=orquestador, task_id=delete_table_train, execution_date=20230101T000000, start_date=20251108T230330, end_date=20251108T230331
[2025-11-08T23:03:31.278+0000] {local_task_job_runner.py:232} INFO - Task exited with return code 0
[2025-11-08T23:03:31.534+0000] {taskinstance.py:2674} INFO - 1 downstream tasks scheduled from follow-on schedule check
[2025-11-08T23:19:03.098+0000] {taskinstance.py:1125} INFO - Dependencies all met for dep_context=non-requeueable deps ti=<TaskInstance: orquestador.delete_table_train scheduled__2023-01-01T00:00:00+00:00 [queued]>
[2025-11-08T23:19:03.122+0000] {taskinstance.py:1125} INFO - Dependencies all met for dep_context=requeueable deps ti=<TaskInstance: orquestador.delete_table_train scheduled__2023-01-01T00:00:00+00:00 [queued]>
[2025-11-08T23:19:03.122+0000] {taskinstance.py:1331} INFO - Starting attempt 1 of 2
[2025-11-08T23:19:03.139+0000] {taskinstance.py:1350} INFO - Executing <Task(MySqlOperator): delete_table_train> on 2023-01-01 00:00:00+00:00
[2025-11-08T23:19:03.148+0000] {standard_task_runner.py:57} INFO - Started process 17054 to run task
[2025-11-08T23:19:03.154+0000] {standard_task_runner.py:84} INFO - Running: ['***', 'tasks', 'run', 'orquestador', 'delete_table_train', 'scheduled__2023-01-01T00:00:00+00:00', '--job-id', '842', '--raw', '--subdir', 'DAGS_FOLDER/orquestador.py', '--cfg-path', '/tmp/tmpz94m4zhv']
[2025-11-08T23:19:03.157+0000] {standard_task_runner.py:85} INFO - Job 842: Subtask delete_table_train
[2025-11-08T23:19:03.489+0000] {task_command.py:410} INFO - Running <TaskInstance: orquestador.delete_table_train scheduled__2023-01-01T00:00:00+00:00 [running]> on host 068cff9bffb3
[2025-11-08T23:19:03.584+0000] {taskinstance.py:1568} INFO - Exporting env vars: AIRFLOW_CTX_DAG_OWNER='***' AIRFLOW_CTX_DAG_ID='orquestador' AIRFLOW_CTX_TASK_ID='delete_table_train' AIRFLOW_CTX_EXECUTION_DATE='2023-01-01T00:00:00+00:00' AIRFLOW_CTX_TRY_NUMBER='1' AIRFLOW_CTX_DAG_RUN_ID='scheduled__2023-01-01T00:00:00+00:00'
[2025-11-08T23:19:03.585+0000] {sql.py:262} INFO - Executing: 
DROP TABLE IF EXISTS diabetes_clean_train

[2025-11-08T23:19:03.585+0000] {crypto.py:83} WARNING - empty cryptography key - values will not be stored encrypted.
[2025-11-08T23:19:03.586+0000] {base.py:73} INFO - Using connection ID 'mysql_conn' for task execution.
[2025-11-08T23:19:03.650+0000] {base.py:73} INFO - Using connection ID 'mysql_conn' for task execution.
[2025-11-08T23:19:03.665+0000] {sql.py:375} INFO - Running statement: 
DROP TABLE IF EXISTS diabetes_clean_train
, parameters: None
[2025-11-08T23:19:03.688+0000] {sql.py:384} INFO - Rows affected: 0
[2025-11-08T23:19:03.701+0000] {taskinstance.py:1368} INFO - Marking task as SUCCESS. dag_id=orquestador, task_id=delete_table_train, execution_date=20230101T000000, start_date=20251108T231903, end_date=20251108T231903
[2025-11-08T23:19:03.732+0000] {local_task_job_runner.py:232} INFO - Task exited with return code 0
[2025-11-08T23:19:03.979+0000] {taskinstance.py:2674} INFO - 1 downstream tasks scheduled from follow-on schedule check
[2025-11-08T23:27:21.630+0000] {taskinstance.py:1125} INFO - Dependencies all met for dep_context=non-requeueable deps ti=<TaskInstance: orquestador.delete_table_train scheduled__2023-01-01T00:00:00+00:00 [queued]>
[2025-11-08T23:27:21.646+0000] {taskinstance.py:1125} INFO - Dependencies all met for dep_context=requeueable deps ti=<TaskInstance: orquestador.delete_table_train scheduled__2023-01-01T00:00:00+00:00 [queued]>
[2025-11-08T23:27:21.647+0000] {taskinstance.py:1331} INFO - Starting attempt 1 of 2
[2025-11-08T23:27:21.662+0000] {taskinstance.py:1350} INFO - Executing <Task(MySqlOperator): delete_table_train> on 2023-01-01 00:00:00+00:00
[2025-11-08T23:27:21.673+0000] {standard_task_runner.py:57} INFO - Started process 17318 to run task
[2025-11-08T23:27:21.677+0000] {standard_task_runner.py:84} INFO - Running: ['***', 'tasks', 'run', 'orquestador', 'delete_table_train', 'scheduled__2023-01-01T00:00:00+00:00', '--job-id', '863', '--raw', '--subdir', 'DAGS_FOLDER/orquestador.py', '--cfg-path', '/tmp/tmpxpbdrfnq']
[2025-11-08T23:27:21.680+0000] {standard_task_runner.py:85} INFO - Job 863: Subtask delete_table_train
[2025-11-08T23:27:21.973+0000] {task_command.py:410} INFO - Running <TaskInstance: orquestador.delete_table_train scheduled__2023-01-01T00:00:00+00:00 [running]> on host 068cff9bffb3
[2025-11-08T23:27:22.057+0000] {taskinstance.py:1568} INFO - Exporting env vars: AIRFLOW_CTX_DAG_OWNER='***' AIRFLOW_CTX_DAG_ID='orquestador' AIRFLOW_CTX_TASK_ID='delete_table_train' AIRFLOW_CTX_EXECUTION_DATE='2023-01-01T00:00:00+00:00' AIRFLOW_CTX_TRY_NUMBER='1' AIRFLOW_CTX_DAG_RUN_ID='scheduled__2023-01-01T00:00:00+00:00'
[2025-11-08T23:27:22.057+0000] {sql.py:262} INFO - Executing: 
DROP TABLE IF EXISTS diabetes_clean_train

[2025-11-08T23:27:22.058+0000] {crypto.py:83} WARNING - empty cryptography key - values will not be stored encrypted.
[2025-11-08T23:27:22.058+0000] {base.py:73} INFO - Using connection ID 'mysql_conn' for task execution.
[2025-11-08T23:27:22.136+0000] {base.py:73} INFO - Using connection ID 'mysql_conn' for task execution.
[2025-11-08T23:27:22.150+0000] {sql.py:375} INFO - Running statement: 
DROP TABLE IF EXISTS diabetes_clean_train
, parameters: None
[2025-11-08T23:27:22.178+0000] {sql.py:384} INFO - Rows affected: 0
[2025-11-08T23:27:22.195+0000] {taskinstance.py:1368} INFO - Marking task as SUCCESS. dag_id=orquestador, task_id=delete_table_train, execution_date=20230101T000000, start_date=20251108T232721, end_date=20251108T232722
[2025-11-08T23:27:22.250+0000] {local_task_job_runner.py:232} INFO - Task exited with return code 0
[2025-11-08T23:27:22.509+0000] {taskinstance.py:2674} INFO - 1 downstream tasks scheduled from follow-on schedule check
[2025-11-08T23:33:20.929+0000] {taskinstance.py:1125} INFO - Dependencies all met for dep_context=non-requeueable deps ti=<TaskInstance: orquestador.delete_table_train scheduled__2023-01-01T00:00:00+00:00 [queued]>
[2025-11-08T23:33:20.945+0000] {taskinstance.py:1125} INFO - Dependencies all met for dep_context=requeueable deps ti=<TaskInstance: orquestador.delete_table_train scheduled__2023-01-01T00:00:00+00:00 [queued]>
[2025-11-08T23:33:20.946+0000] {taskinstance.py:1331} INFO - Starting attempt 1 of 2
[2025-11-08T23:33:21.115+0000] {taskinstance.py:1350} INFO - Executing <Task(MySqlOperator): delete_table_train> on 2023-01-01 00:00:00+00:00
[2025-11-08T23:33:21.124+0000] {standard_task_runner.py:57} INFO - Started process 17521 to run task
[2025-11-08T23:33:21.130+0000] {standard_task_runner.py:84} INFO - Running: ['***', 'tasks', 'run', 'orquestador', 'delete_table_train', 'scheduled__2023-01-01T00:00:00+00:00', '--job-id', '880', '--raw', '--subdir', 'DAGS_FOLDER/orquestador.py', '--cfg-path', '/tmp/tmpadhkhby2']
[2025-11-08T23:33:21.134+0000] {standard_task_runner.py:85} INFO - Job 880: Subtask delete_table_train
[2025-11-08T23:33:21.189+0000] {task_command.py:410} INFO - Running <TaskInstance: orquestador.delete_table_train scheduled__2023-01-01T00:00:00+00:00 [running]> on host 068cff9bffb3
[2025-11-08T23:33:21.266+0000] {taskinstance.py:1568} INFO - Exporting env vars: AIRFLOW_CTX_DAG_OWNER='***' AIRFLOW_CTX_DAG_ID='orquestador' AIRFLOW_CTX_TASK_ID='delete_table_train' AIRFLOW_CTX_EXECUTION_DATE='2023-01-01T00:00:00+00:00' AIRFLOW_CTX_TRY_NUMBER='1' AIRFLOW_CTX_DAG_RUN_ID='scheduled__2023-01-01T00:00:00+00:00'
[2025-11-08T23:33:21.267+0000] {sql.py:262} INFO - Executing: 
DROP TABLE IF EXISTS diabetes_clean_train

[2025-11-08T23:33:21.268+0000] {crypto.py:83} WARNING - empty cryptography key - values will not be stored encrypted.
[2025-11-08T23:33:21.269+0000] {base.py:73} INFO - Using connection ID 'mysql_conn' for task execution.
[2025-11-08T23:33:21.334+0000] {base.py:73} INFO - Using connection ID 'mysql_conn' for task execution.
[2025-11-08T23:33:21.353+0000] {sql.py:375} INFO - Running statement: 
DROP TABLE IF EXISTS diabetes_clean_train
, parameters: None
[2025-11-08T23:33:21.368+0000] {sql.py:384} INFO - Rows affected: 0
[2025-11-08T23:33:21.399+0000] {taskinstance.py:1368} INFO - Marking task as SUCCESS. dag_id=orquestador, task_id=delete_table_train, execution_date=20230101T000000, start_date=20251108T233320, end_date=20251108T233321
[2025-11-08T23:33:21.460+0000] {local_task_job_runner.py:232} INFO - Task exited with return code 0
[2025-11-08T23:33:21.526+0000] {taskinstance.py:2674} INFO - 1 downstream tasks scheduled from follow-on schedule check
[2025-11-09T00:01:13.265+0000] {taskinstance.py:1125} INFO - Dependencies all met for dep_context=non-requeueable deps ti=<TaskInstance: orquestador.delete_table_train scheduled__2023-01-01T00:00:00+00:00 [queued]>
[2025-11-09T00:01:13.291+0000] {taskinstance.py:1125} INFO - Dependencies all met for dep_context=requeueable deps ti=<TaskInstance: orquestador.delete_table_train scheduled__2023-01-01T00:00:00+00:00 [queued]>
[2025-11-09T00:01:13.291+0000] {taskinstance.py:1331} INFO - Starting attempt 1 of 2
[2025-11-09T00:01:13.320+0000] {taskinstance.py:1350} INFO - Executing <Task(MySqlOperator): delete_table_train> on 2023-01-01 00:00:00+00:00
[2025-11-09T00:01:13.338+0000] {standard_task_runner.py:57} INFO - Started process 153 to run task
[2025-11-09T00:01:13.354+0000] {standard_task_runner.py:84} INFO - Running: ['***', 'tasks', 'run', 'orquestador', 'delete_table_train', 'scheduled__2023-01-01T00:00:00+00:00', '--job-id', '6', '--raw', '--subdir', 'DAGS_FOLDER/orquestador.py', '--cfg-path', '/tmp/tmpavjo57ag']
[2025-11-09T00:01:13.360+0000] {standard_task_runner.py:85} INFO - Job 6: Subtask delete_table_train
[2025-11-09T00:01:13.797+0000] {task_command.py:410} INFO - Running <TaskInstance: orquestador.delete_table_train scheduled__2023-01-01T00:00:00+00:00 [running]> on host abefff83dc87
[2025-11-09T00:01:13.894+0000] {taskinstance.py:1568} INFO - Exporting env vars: AIRFLOW_CTX_DAG_OWNER='***' AIRFLOW_CTX_DAG_ID='orquestador' AIRFLOW_CTX_TASK_ID='delete_table_train' AIRFLOW_CTX_EXECUTION_DATE='2023-01-01T00:00:00+00:00' AIRFLOW_CTX_TRY_NUMBER='1' AIRFLOW_CTX_DAG_RUN_ID='scheduled__2023-01-01T00:00:00+00:00'
[2025-11-09T00:01:13.895+0000] {sql.py:262} INFO - Executing: 
DROP TABLE IF EXISTS diabetes_clean_train

[2025-11-09T00:01:13.896+0000] {crypto.py:83} WARNING - empty cryptography key - values will not be stored encrypted.
[2025-11-09T00:01:13.896+0000] {base.py:73} INFO - Using connection ID 'mysql_conn' for task execution.
[2025-11-09T00:01:13.963+0000] {base.py:73} INFO - Using connection ID 'mysql_conn' for task execution.
[2025-11-09T00:01:13.981+0000] {sql.py:375} INFO - Running statement: 
DROP TABLE IF EXISTS diabetes_clean_train
, parameters: None
[2025-11-09T00:01:13.984+0000] {sql.py:384} INFO - Rows affected: 0
[2025-11-09T00:01:14.000+0000] {taskinstance.py:1368} INFO - Marking task as SUCCESS. dag_id=orquestador, task_id=delete_table_train, execution_date=20230101T000000, start_date=20251109T000113, end_date=20251109T000114
[2025-11-09T00:01:14.039+0000] {local_task_job_runner.py:232} INFO - Task exited with return code 0
[2025-11-09T00:01:14.303+0000] {taskinstance.py:2674} INFO - 1 downstream tasks scheduled from follow-on schedule check
[2025-11-09T00:17:51.451+0000] {taskinstance.py:1125} INFO - Dependencies all met for dep_context=non-requeueable deps ti=<TaskInstance: orquestador.delete_table_train scheduled__2023-01-01T00:00:00+00:00 [queued]>
[2025-11-09T00:17:51.464+0000] {taskinstance.py:1125} INFO - Dependencies all met for dep_context=requeueable deps ti=<TaskInstance: orquestador.delete_table_train scheduled__2023-01-01T00:00:00+00:00 [queued]>
[2025-11-09T00:17:51.465+0000] {taskinstance.py:1331} INFO - Starting attempt 1 of 2
[2025-11-09T00:17:51.479+0000] {taskinstance.py:1350} INFO - Executing <Task(MySqlOperator): delete_table_train> on 2023-01-01 00:00:00+00:00
[2025-11-09T00:17:51.488+0000] {standard_task_runner.py:57} INFO - Started process 606 to run task
[2025-11-09T00:17:51.494+0000] {standard_task_runner.py:84} INFO - Running: ['***', 'tasks', 'run', 'orquestador', 'delete_table_train', 'scheduled__2023-01-01T00:00:00+00:00', '--job-id', '36', '--raw', '--subdir', 'DAGS_FOLDER/orquestador.py', '--cfg-path', '/tmp/tmp_j33t571']
[2025-11-09T00:17:51.497+0000] {standard_task_runner.py:85} INFO - Job 36: Subtask delete_table_train
[2025-11-09T00:17:51.805+0000] {task_command.py:410} INFO - Running <TaskInstance: orquestador.delete_table_train scheduled__2023-01-01T00:00:00+00:00 [running]> on host abefff83dc87
[2025-11-09T00:17:51.891+0000] {taskinstance.py:1568} INFO - Exporting env vars: AIRFLOW_CTX_DAG_OWNER='***' AIRFLOW_CTX_DAG_ID='orquestador' AIRFLOW_CTX_TASK_ID='delete_table_train' AIRFLOW_CTX_EXECUTION_DATE='2023-01-01T00:00:00+00:00' AIRFLOW_CTX_TRY_NUMBER='1' AIRFLOW_CTX_DAG_RUN_ID='scheduled__2023-01-01T00:00:00+00:00'
[2025-11-09T00:17:51.893+0000] {sql.py:262} INFO - Executing: 
DROP TABLE IF EXISTS diabetes_clean_train

[2025-11-09T00:17:51.894+0000] {crypto.py:83} WARNING - empty cryptography key - values will not be stored encrypted.
[2025-11-09T00:17:51.894+0000] {base.py:73} INFO - Using connection ID 'mysql_conn' for task execution.
[2025-11-09T00:17:51.965+0000] {base.py:73} INFO - Using connection ID 'mysql_conn' for task execution.
[2025-11-09T00:17:51.982+0000] {sql.py:375} INFO - Running statement: 
DROP TABLE IF EXISTS diabetes_clean_train
, parameters: None
[2025-11-09T00:17:52.061+0000] {sql.py:384} INFO - Rows affected: 0
[2025-11-09T00:17:52.075+0000] {taskinstance.py:1368} INFO - Marking task as SUCCESS. dag_id=orquestador, task_id=delete_table_train, execution_date=20230101T000000, start_date=20251109T001751, end_date=20251109T001752
[2025-11-09T00:17:52.108+0000] {local_task_job_runner.py:232} INFO - Task exited with return code 0
[2025-11-09T00:17:52.350+0000] {taskinstance.py:2674} INFO - 1 downstream tasks scheduled from follow-on schedule check
[2025-11-09T02:56:53.161+0000] {taskinstance.py:1125} INFO - Dependencies all met for dep_context=non-requeueable deps ti=<TaskInstance: orquestador.delete_table_train scheduled__2023-01-01T00:00:00+00:00 [queued]>
[2025-11-09T02:56:53.179+0000] {taskinstance.py:1125} INFO - Dependencies all met for dep_context=requeueable deps ti=<TaskInstance: orquestador.delete_table_train scheduled__2023-01-01T00:00:00+00:00 [queued]>
[2025-11-09T02:56:53.179+0000] {taskinstance.py:1331} INFO - Starting attempt 1 of 2
[2025-11-09T02:56:53.194+0000] {taskinstance.py:1350} INFO - Executing <Task(MySqlOperator): delete_table_train> on 2023-01-01 00:00:00+00:00
[2025-11-09T02:56:53.203+0000] {standard_task_runner.py:57} INFO - Started process 116 to run task
[2025-11-09T02:56:53.213+0000] {standard_task_runner.py:84} INFO - Running: ['***', 'tasks', 'run', 'orquestador', 'delete_table_train', 'scheduled__2023-01-01T00:00:00+00:00', '--job-id', '82', '--raw', '--subdir', 'DAGS_FOLDER/orquestador.py', '--cfg-path', '/tmp/tmp29bsl7qu']
[2025-11-09T02:56:53.217+0000] {standard_task_runner.py:85} INFO - Job 82: Subtask delete_table_train
[2025-11-09T02:56:53.525+0000] {task_command.py:410} INFO - Running <TaskInstance: orquestador.delete_table_train scheduled__2023-01-01T00:00:00+00:00 [running]> on host 94c887adfb7d
[2025-11-09T02:56:53.604+0000] {taskinstance.py:1568} INFO - Exporting env vars: AIRFLOW_CTX_DAG_OWNER='***' AIRFLOW_CTX_DAG_ID='orquestador' AIRFLOW_CTX_TASK_ID='delete_table_train' AIRFLOW_CTX_EXECUTION_DATE='2023-01-01T00:00:00+00:00' AIRFLOW_CTX_TRY_NUMBER='1' AIRFLOW_CTX_DAG_RUN_ID='scheduled__2023-01-01T00:00:00+00:00'
[2025-11-09T02:56:53.605+0000] {sql.py:262} INFO - Executing: 
DROP TABLE IF EXISTS diabetes_clean_train

[2025-11-09T02:56:53.606+0000] {crypto.py:83} WARNING - empty cryptography key - values will not be stored encrypted.
[2025-11-09T02:56:53.606+0000] {base.py:73} INFO - Using connection ID 'mysql_conn' for task execution.
[2025-11-09T02:56:53.667+0000] {base.py:73} INFO - Using connection ID 'mysql_conn' for task execution.
[2025-11-09T02:56:53.702+0000] {sql.py:375} INFO - Running statement: 
DROP TABLE IF EXISTS diabetes_clean_train
, parameters: None
[2025-11-09T02:56:53.705+0000] {sql.py:384} INFO - Rows affected: 0
[2025-11-09T02:56:53.717+0000] {taskinstance.py:1368} INFO - Marking task as SUCCESS. dag_id=orquestador, task_id=delete_table_train, execution_date=20230101T000000, start_date=20251109T025653, end_date=20251109T025653
[2025-11-09T02:56:53.780+0000] {local_task_job_runner.py:232} INFO - Task exited with return code 0
[2025-11-09T02:56:54.041+0000] {taskinstance.py:2674} INFO - 1 downstream tasks scheduled from follow-on schedule check
[2025-11-10T02:11:23.741+0000] {taskinstance.py:1125} INFO - Dependencies all met for dep_context=non-requeueable deps ti=<TaskInstance: orquestador.delete_table_train scheduled__2023-01-01T00:00:00+00:00 [queued]>
[2025-11-10T02:11:23.754+0000] {taskinstance.py:1125} INFO - Dependencies all met for dep_context=requeueable deps ti=<TaskInstance: orquestador.delete_table_train scheduled__2023-01-01T00:00:00+00:00 [queued]>
[2025-11-10T02:11:23.754+0000] {taskinstance.py:1331} INFO - Starting attempt 1 of 2
[2025-11-10T02:11:23.769+0000] {taskinstance.py:1350} INFO - Executing <Task(MySqlOperator): delete_table_train> on 2023-01-01 00:00:00+00:00
[2025-11-10T02:11:23.780+0000] {standard_task_runner.py:57} INFO - Started process 6135 to run task
[2025-11-10T02:11:23.785+0000] {standard_task_runner.py:84} INFO - Running: ['***', 'tasks', 'run', 'orquestador', 'delete_table_train', 'scheduled__2023-01-01T00:00:00+00:00', '--job-id', '144', '--raw', '--subdir', 'DAGS_FOLDER/orquestador.py', '--cfg-path', '/tmp/tmpzzrdbzuz']
[2025-11-10T02:11:23.793+0000] {standard_task_runner.py:85} INFO - Job 144: Subtask delete_table_train
[2025-11-10T02:11:24.104+0000] {task_command.py:410} INFO - Running <TaskInstance: orquestador.delete_table_train scheduled__2023-01-01T00:00:00+00:00 [running]> on host 94c887adfb7d
[2025-11-10T02:11:24.216+0000] {taskinstance.py:1568} INFO - Exporting env vars: AIRFLOW_CTX_DAG_OWNER='***' AIRFLOW_CTX_DAG_ID='orquestador' AIRFLOW_CTX_TASK_ID='delete_table_train' AIRFLOW_CTX_EXECUTION_DATE='2023-01-01T00:00:00+00:00' AIRFLOW_CTX_TRY_NUMBER='1' AIRFLOW_CTX_DAG_RUN_ID='scheduled__2023-01-01T00:00:00+00:00'
[2025-11-10T02:11:24.217+0000] {sql.py:262} INFO - Executing: 
DROP TABLE IF EXISTS diabetes_clean_train

[2025-11-10T02:11:24.217+0000] {crypto.py:83} WARNING - empty cryptography key - values will not be stored encrypted.
[2025-11-10T02:11:24.218+0000] {base.py:73} INFO - Using connection ID 'mysql_conn' for task execution.
[2025-11-10T02:11:24.283+0000] {base.py:73} INFO - Using connection ID 'mysql_conn' for task execution.
[2025-11-10T02:11:24.321+0000] {sql.py:375} INFO - Running statement: 
DROP TABLE IF EXISTS diabetes_clean_train
, parameters: None
[2025-11-10T02:11:24.324+0000] {sql.py:384} INFO - Rows affected: 0
[2025-11-10T02:11:24.334+0000] {taskinstance.py:1368} INFO - Marking task as SUCCESS. dag_id=orquestador, task_id=delete_table_train, execution_date=20230101T000000, start_date=20251110T021123, end_date=20251110T021124
[2025-11-10T02:11:24.384+0000] {local_task_job_runner.py:232} INFO - Task exited with return code 0
[2025-11-10T02:11:24.631+0000] {taskinstance.py:2674} INFO - 1 downstream tasks scheduled from follow-on schedule check
