[2025-11-10T01:35:28.034+0000] {taskinstance.py:1125} INFO - Dependencies all met for dep_context=non-requeueable deps ti=<TaskInstance: orquestador.insert_raw_data scheduled__2023-01-01T00:25:00+00:00 [queued]>
[2025-11-10T01:35:28.049+0000] {taskinstance.py:1125} INFO - Dependencies all met for dep_context=requeueable deps ti=<TaskInstance: orquestador.insert_raw_data scheduled__2023-01-01T00:25:00+00:00 [queued]>
[2025-11-10T01:35:28.050+0000] {taskinstance.py:1331} INFO - Starting attempt 1 of 2
[2025-11-10T01:35:28.063+0000] {taskinstance.py:1350} INFO - Executing <Task(PythonOperator): insert_raw_data> on 2023-01-01 00:25:00+00:00
[2025-11-10T01:35:28.072+0000] {standard_task_runner.py:57} INFO - Started process 5557 to run task
[2025-11-10T01:35:28.081+0000] {standard_task_runner.py:84} INFO - Running: ['***', 'tasks', 'run', 'orquestador', 'insert_raw_data', 'scheduled__2023-01-01T00:25:00+00:00', '--job-id', '127', '--raw', '--subdir', 'DAGS_FOLDER/orquestador.py', '--cfg-path', '/tmp/tmpg5gevtll']
[2025-11-10T01:35:28.089+0000] {standard_task_runner.py:85} INFO - Job 127: Subtask insert_raw_data
[2025-11-10T01:35:28.411+0000] {task_command.py:410} INFO - Running <TaskInstance: orquestador.insert_raw_data scheduled__2023-01-01T00:25:00+00:00 [running]> on host 94c887adfb7d
[2025-11-10T01:35:28.502+0000] {taskinstance.py:1568} INFO - Exporting env vars: AIRFLOW_CTX_DAG_OWNER='***' AIRFLOW_CTX_DAG_ID='orquestador' AIRFLOW_CTX_TASK_ID='insert_raw_data' AIRFLOW_CTX_EXECUTION_DATE='2023-01-01T00:25:00+00:00' AIRFLOW_CTX_TRY_NUMBER='1' AIRFLOW_CTX_DAG_RUN_ID='scheduled__2023-01-01T00:25:00+00:00'
[2025-11-10T01:35:31.215+0000] {logging_mixin.py:149} INFO - Cargado chunk con 15000 filas.
[2025-11-10T01:35:31.224+0000] {logging_mixin.py:149} INFO - (15000, 50)
[2025-11-10T01:35:31.343+0000] {logging_mixin.py:149} INFO - DataFrame cargado con 15000 filas para insertar.
[2025-11-10T01:35:31.436+0000] {logging_mixin.py:149} INFO - Insertando datos en la tabla diabetes_raw...
[2025-11-10T01:35:31.522+0000] {logging_mixin.py:149} INFO -   A1Cresult acarbose acetohexamide  ...  tolbutamide  troglitazone weight
0         0       No            No  ...           No            No      ?
1         0       No            No  ...           No            No      ?
2         0       No            No  ...           No            No      ?
3         0       No            No  ...           No            No      ?
4         0       No            No  ...           No            No      ?

[5 rows x 50 columns]
[2025-11-10T01:35:31.522+0000] {logging_mixin.py:149} INFO - columnas
[2025-11-10T01:35:31.523+0000] {logging_mixin.py:149} INFO - Index(['A1Cresult', 'acarbose', 'acetohexamide', 'admission_source_id',
       'admission_type_id', 'age', 'cambio', 'chlorpropamide', 'citoglipton',
       'diabetesMed', 'diag_1', 'diag_2', 'diag_3', 'discharge_disposition_id',
       'encounter_id', 'examide', 'gender', 'glimepiride',
       'glimepiride_pioglitazone', 'glipizide', 'glipizide_metformin',
       'glyburide', 'glyburide_metformin', 'insulin', 'max_glu_serum',
       'medical_specialty', 'metformin', 'metformin_pioglitazone',
       'metformin_rosiglitazone', 'miglitol', 'nateglinide',
       'num_lab_procedures', 'num_medications', 'num_procedures',
       'number_diagnoses', 'number_emergency', 'number_inpatient',
       'number_outpatient', 'patient_nbr', 'payer_code', 'pioglitazone',
       'race', 'readmitted', 'repaglinide', 'rosiglitazone',
       'time_in_hospital', 'tolazamide', 'tolbutamide', 'troglitazone',
       'weight'],
      dtype='object')
[2025-11-10T01:35:34.630+0000] {crypto.py:83} WARNING - empty cryptography key - values will not be stored encrypted.
[2025-11-10T01:35:34.631+0000] {base.py:73} INFO - Using connection ID 'mysql_conn' for task execution.
[2025-11-10T01:35:34.802+0000] {taskinstance.py:1847} ERROR - Task failed with exception
Traceback (most recent call last):
  File "/home/airflow/.local/lib/python3.9/site-packages/airflow/operators/python.py", line 181, in execute
    return_value = self.execute_callable()
  File "/home/airflow/.local/lib/python3.9/site-packages/airflow/operators/python.py", line 198, in execute_callable
    return self.python_callable(*self.op_args, **self.op_kwargs)
  File "/opt/airflow/dags/scripts/funciones.py", line 218, in insert_data
    conn = hook.get_conn()
  File "/home/airflow/.local/lib/python3.9/site-packages/airflow/providers/mysql/hooks/mysql.py", line 188, in get_conn
    return MySQLdb.connect(**conn_config)
  File "/home/airflow/.local/lib/python3.9/site-packages/MySQLdb/__init__.py", line 123, in Connect
    return Connection(*args, **kwargs)
  File "/home/airflow/.local/lib/python3.9/site-packages/MySQLdb/connections.py", line 185, in __init__
    super().__init__(*args, **kwargs2)
MySQLdb.OperationalError: (2003, "Can't connect to MySQL server on '172.17.0.1:30306' (111)")
[2025-11-10T01:35:34.831+0000] {taskinstance.py:1368} INFO - Marking task as UP_FOR_RETRY. dag_id=orquestador, task_id=insert_raw_data, execution_date=20230101T002500, start_date=20251110T013528, end_date=20251110T013534
[2025-11-10T01:35:34.856+0000] {standard_task_runner.py:104} ERROR - Failed to execute job 127 for task insert_raw_data ((2003, "Can't connect to MySQL server on '172.17.0.1:30306' (111)"); 5557)
[2025-11-10T01:35:34.900+0000] {local_task_job_runner.py:232} INFO - Task exited with return code 1
[2025-11-10T01:35:34.975+0000] {taskinstance.py:2674} INFO - 0 downstream tasks scheduled from follow-on schedule check
