[2025-11-08T21:12:22.303+0000] {taskinstance.py:1125} INFO - Dependencies all met for dep_context=non-requeueable deps ti=<TaskInstance: orquestador.insert_raw_data scheduled__2023-01-01T00:15:00+00:00 [queued]>
[2025-11-08T21:12:22.320+0000] {taskinstance.py:1125} INFO - Dependencies all met for dep_context=requeueable deps ti=<TaskInstance: orquestador.insert_raw_data scheduled__2023-01-01T00:15:00+00:00 [queued]>
[2025-11-08T21:12:22.321+0000] {taskinstance.py:1331} INFO - Starting attempt 1 of 2
[2025-11-08T21:12:22.343+0000] {taskinstance.py:1350} INFO - Executing <Task(PythonOperator): insert_raw_data> on 2023-01-01 00:15:00+00:00
[2025-11-08T21:12:22.360+0000] {standard_task_runner.py:57} INFO - Started process 15028 to run task
[2025-11-08T21:12:22.370+0000] {standard_task_runner.py:84} INFO - Running: ['***', 'tasks', 'run', 'orquestador', 'insert_raw_data', 'scheduled__2023-01-01T00:15:00+00:00', '--job-id', '799', '--raw', '--subdir', 'DAGS_FOLDER/orquestador.py', '--cfg-path', '/tmp/tmpjrxcb7v6']
[2025-11-08T21:12:22.375+0000] {standard_task_runner.py:85} INFO - Job 799: Subtask insert_raw_data
[2025-11-08T21:12:22.817+0000] {task_command.py:410} INFO - Running <TaskInstance: orquestador.insert_raw_data scheduled__2023-01-01T00:15:00+00:00 [running]> on host 068cff9bffb3
[2025-11-08T21:12:22.974+0000] {taskinstance.py:1568} INFO - Exporting env vars: AIRFLOW_CTX_DAG_OWNER='***' AIRFLOW_CTX_DAG_ID='orquestador' AIRFLOW_CTX_TASK_ID='insert_raw_data' AIRFLOW_CTX_EXECUTION_DATE='2023-01-01T00:15:00+00:00' AIRFLOW_CTX_TRY_NUMBER='1' AIRFLOW_CTX_DAG_RUN_ID='scheduled__2023-01-01T00:15:00+00:00'
[2025-11-08T21:12:25.554+0000] {logging_mixin.py:149} INFO - Cargado chunk con 15000 filas.
[2025-11-08T21:12:25.564+0000] {logging_mixin.py:149} INFO - (15000, 50)
[2025-11-08T21:12:25.592+0000] {logging_mixin.py:149} INFO - DataFrame cargado con 15000 filas para insertar.
[2025-11-08T21:12:25.667+0000] {logging_mixin.py:149} INFO - Insertando datos en la tabla diabetes_raw...
[2025-11-08T21:12:25.710+0000] {logging_mixin.py:149} INFO -   A1Cresult acarbose acetohexamide  ...  tolbutamide  troglitazone weight
0         0       No            No  ...           No            No      ?
1         0       No            No  ...           No            No      ?
2         0       No            No  ...           No            No      ?
3         0       No            No  ...           No            No      ?
4         0       No            No  ...           No            No      ?

[5 rows x 50 columns]
[2025-11-08T21:12:25.710+0000] {logging_mixin.py:149} INFO - columnas
[2025-11-08T21:12:25.710+0000] {logging_mixin.py:149} INFO - Index(['A1Cresult', 'acarbose', 'acetohexamide', 'admission_source_id',
       'admission_type_id', 'age', 'cambio', 'chlorpropamide', 'citoglipton',
       'diabetesMed', 'diag_1', 'diag_2', 'diag_3', 'discharge_disposition_id',
       'encounter_id', 'examide', 'gender', 'glimepiride',
       'glimepiride_pioglitazone', 'glipizide', 'glipizide_metformin',
       'glyburide', 'glyburide_metformin', 'insulin', 'max_glu_serum',
       'medical_specialty', 'metformin', 'metformin_pioglitazone',
       'metformin_rosiglitazone', 'miglitol', 'nateglinide',
       'num_lab_procedures', 'num_medications', 'num_procedures',
       'number_diagnoses', 'number_emergency', 'number_inpatient',
       'number_outpatient', 'patient_nbr', 'payer_code', 'pioglitazone',
       'race', 'readmitted', 'repaglinide', 'rosiglitazone',
       'time_in_hospital', 'tolazamide', 'tolbutamide', 'troglitazone',
       'weight'],
      dtype='object')
[2025-11-08T21:12:28.578+0000] {crypto.py:83} WARNING - empty cryptography key - values will not be stored encrypted.
[2025-11-08T21:12:28.579+0000] {base.py:73} INFO - Using connection ID 'mysql_conn' for task execution.
[2025-11-08T21:12:30.761+0000] {logging_mixin.py:149} INFO - 15000 registros insertados en diabetes_raw
[2025-11-08T21:12:30.779+0000] {python.py:183} INFO - Done. Returned value was: None
[2025-11-08T21:12:30.794+0000] {taskinstance.py:1368} INFO - Marking task as SUCCESS. dag_id=orquestador, task_id=insert_raw_data, execution_date=20230101T001500, start_date=20251108T211222, end_date=20251108T211230
[2025-11-08T21:12:30.864+0000] {local_task_job_runner.py:232} INFO - Task exited with return code 0
[2025-11-08T21:12:30.925+0000] {taskinstance.py:2674} INFO - 1 downstream tasks scheduled from follow-on schedule check
[2025-11-09T00:39:04.486+0000] {taskinstance.py:1125} INFO - Dependencies all met for dep_context=non-requeueable deps ti=<TaskInstance: orquestador.insert_raw_data scheduled__2023-01-01T00:15:00+00:00 [queued]>
[2025-11-09T00:39:04.500+0000] {taskinstance.py:1125} INFO - Dependencies all met for dep_context=requeueable deps ti=<TaskInstance: orquestador.insert_raw_data scheduled__2023-01-01T00:15:00+00:00 [queued]>
[2025-11-09T00:39:04.500+0000] {taskinstance.py:1331} INFO - Starting attempt 1 of 2
[2025-11-09T00:39:04.514+0000] {taskinstance.py:1350} INFO - Executing <Task(PythonOperator): insert_raw_data> on 2023-01-01 00:15:00+00:00
[2025-11-09T00:39:04.526+0000] {standard_task_runner.py:57} INFO - Started process 1134 to run task
[2025-11-09T00:39:04.530+0000] {standard_task_runner.py:84} INFO - Running: ['***', 'tasks', 'run', 'orquestador', 'insert_raw_data', 'scheduled__2023-01-01T00:15:00+00:00', '--job-id', '65', '--raw', '--subdir', 'DAGS_FOLDER/orquestador.py', '--cfg-path', '/tmp/tmp2wadjws_']
[2025-11-09T00:39:04.533+0000] {standard_task_runner.py:85} INFO - Job 65: Subtask insert_raw_data
[2025-11-09T00:39:04.840+0000] {task_command.py:410} INFO - Running <TaskInstance: orquestador.insert_raw_data scheduled__2023-01-01T00:15:00+00:00 [running]> on host abefff83dc87
[2025-11-09T00:39:04.944+0000] {taskinstance.py:1568} INFO - Exporting env vars: AIRFLOW_CTX_DAG_OWNER='***' AIRFLOW_CTX_DAG_ID='orquestador' AIRFLOW_CTX_TASK_ID='insert_raw_data' AIRFLOW_CTX_EXECUTION_DATE='2023-01-01T00:15:00+00:00' AIRFLOW_CTX_TRY_NUMBER='1' AIRFLOW_CTX_DAG_RUN_ID='scheduled__2023-01-01T00:15:00+00:00'
[2025-11-09T00:39:07.580+0000] {logging_mixin.py:149} INFO - Cargado chunk con 15000 filas.
[2025-11-09T00:39:07.591+0000] {logging_mixin.py:149} INFO - (15000, 50)
[2025-11-09T00:39:07.621+0000] {logging_mixin.py:149} INFO - DataFrame cargado con 15000 filas para insertar.
[2025-11-09T00:39:07.694+0000] {logging_mixin.py:149} INFO - Insertando datos en la tabla diabetes_raw...
[2025-11-09T00:39:07.737+0000] {logging_mixin.py:149} INFO -   A1Cresult acarbose acetohexamide  ...  tolbutamide  troglitazone weight
0         0       No            No  ...           No            No      ?
1         0       No            No  ...           No            No      ?
2         0       No            No  ...           No            No      ?
3         0       No            No  ...           No            No      ?
4        >8       No            No  ...           No            No      ?

[5 rows x 50 columns]
[2025-11-09T00:39:07.737+0000] {logging_mixin.py:149} INFO - columnas
[2025-11-09T00:39:07.737+0000] {logging_mixin.py:149} INFO - Index(['A1Cresult', 'acarbose', 'acetohexamide', 'admission_source_id',
       'admission_type_id', 'age', 'cambio', 'chlorpropamide', 'citoglipton',
       'diabetesMed', 'diag_1', 'diag_2', 'diag_3', 'discharge_disposition_id',
       'encounter_id', 'examide', 'gender', 'glimepiride',
       'glimepiride_pioglitazone', 'glipizide', 'glipizide_metformin',
       'glyburide', 'glyburide_metformin', 'insulin', 'max_glu_serum',
       'medical_specialty', 'metformin', 'metformin_pioglitazone',
       'metformin_rosiglitazone', 'miglitol', 'nateglinide',
       'num_lab_procedures', 'num_medications', 'num_procedures',
       'number_diagnoses', 'number_emergency', 'number_inpatient',
       'number_outpatient', 'patient_nbr', 'payer_code', 'pioglitazone',
       'race', 'readmitted', 'repaglinide', 'rosiglitazone',
       'time_in_hospital', 'tolazamide', 'tolbutamide', 'troglitazone',
       'weight'],
      dtype='object')
[2025-11-09T00:39:10.807+0000] {crypto.py:83} WARNING - empty cryptography key - values will not be stored encrypted.
[2025-11-09T00:39:10.808+0000] {base.py:73} INFO - Using connection ID 'mysql_conn' for task execution.
[2025-11-09T00:39:13.060+0000] {logging_mixin.py:149} INFO - 15000 registros insertados en diabetes_raw
[2025-11-09T00:39:13.082+0000] {python.py:183} INFO - Done. Returned value was: None
[2025-11-09T00:39:13.100+0000] {taskinstance.py:1368} INFO - Marking task as SUCCESS. dag_id=orquestador, task_id=insert_raw_data, execution_date=20230101T001500, start_date=20251109T003904, end_date=20251109T003913
[2025-11-09T00:39:13.142+0000] {local_task_job_runner.py:232} INFO - Task exited with return code 0
[2025-11-09T00:39:13.188+0000] {taskinstance.py:2674} INFO - 1 downstream tasks scheduled from follow-on schedule check
[2025-11-09T03:19:41.290+0000] {taskinstance.py:1125} INFO - Dependencies all met for dep_context=non-requeueable deps ti=<TaskInstance: orquestador.insert_raw_data scheduled__2023-01-01T00:15:00+00:00 [queued]>
[2025-11-09T03:19:41.305+0000] {taskinstance.py:1125} INFO - Dependencies all met for dep_context=requeueable deps ti=<TaskInstance: orquestador.insert_raw_data scheduled__2023-01-01T00:15:00+00:00 [queued]>
[2025-11-09T03:19:41.306+0000] {taskinstance.py:1331} INFO - Starting attempt 1 of 2
[2025-11-09T03:19:41.319+0000] {taskinstance.py:1350} INFO - Executing <Task(PythonOperator): insert_raw_data> on 2023-01-01 00:15:00+00:00
[2025-11-09T03:19:41.329+0000] {standard_task_runner.py:57} INFO - Started process 662 to run task
[2025-11-09T03:19:41.340+0000] {standard_task_runner.py:84} INFO - Running: ['***', 'tasks', 'run', 'orquestador', 'insert_raw_data', 'scheduled__2023-01-01T00:15:00+00:00', '--job-id', '111', '--raw', '--subdir', 'DAGS_FOLDER/orquestador.py', '--cfg-path', '/tmp/tmpme397j0f']
[2025-11-09T03:19:41.345+0000] {standard_task_runner.py:85} INFO - Job 111: Subtask insert_raw_data
[2025-11-09T03:19:41.660+0000] {task_command.py:410} INFO - Running <TaskInstance: orquestador.insert_raw_data scheduled__2023-01-01T00:15:00+00:00 [running]> on host 94c887adfb7d
[2025-11-09T03:19:41.780+0000] {taskinstance.py:1568} INFO - Exporting env vars: AIRFLOW_CTX_DAG_OWNER='***' AIRFLOW_CTX_DAG_ID='orquestador' AIRFLOW_CTX_TASK_ID='insert_raw_data' AIRFLOW_CTX_EXECUTION_DATE='2023-01-01T00:15:00+00:00' AIRFLOW_CTX_TRY_NUMBER='1' AIRFLOW_CTX_DAG_RUN_ID='scheduled__2023-01-01T00:15:00+00:00'
[2025-11-09T03:19:45.152+0000] {logging_mixin.py:149} INFO - Cargado chunk con 15000 filas.
[2025-11-09T03:19:45.166+0000] {logging_mixin.py:149} INFO - (15000, 50)
[2025-11-09T03:19:45.200+0000] {logging_mixin.py:149} INFO - DataFrame cargado con 15000 filas para insertar.
[2025-11-09T03:19:45.292+0000] {logging_mixin.py:149} INFO - Insertando datos en la tabla diabetes_raw...
[2025-11-09T03:19:45.340+0000] {logging_mixin.py:149} INFO -   A1Cresult acarbose acetohexamide  ...  tolbutamide  troglitazone weight
0         0       No            No  ...           No            No      ?
1         0       No            No  ...           No            No      ?
2         0       No            No  ...           No            No      ?
3         0       No            No  ...           No            No      ?
4         0       No            No  ...           No            No      ?

[5 rows x 50 columns]
[2025-11-09T03:19:45.340+0000] {logging_mixin.py:149} INFO - columnas
[2025-11-09T03:19:45.341+0000] {logging_mixin.py:149} INFO - Index(['A1Cresult', 'acarbose', 'acetohexamide', 'admission_source_id',
       'admission_type_id', 'age', 'cambio', 'chlorpropamide', 'citoglipton',
       'diabetesMed', 'diag_1', 'diag_2', 'diag_3', 'discharge_disposition_id',
       'encounter_id', 'examide', 'gender', 'glimepiride',
       'glimepiride_pioglitazone', 'glipizide', 'glipizide_metformin',
       'glyburide', 'glyburide_metformin', 'insulin', 'max_glu_serum',
       'medical_specialty', 'metformin', 'metformin_pioglitazone',
       'metformin_rosiglitazone', 'miglitol', 'nateglinide',
       'num_lab_procedures', 'num_medications', 'num_procedures',
       'number_diagnoses', 'number_emergency', 'number_inpatient',
       'number_outpatient', 'patient_nbr', 'payer_code', 'pioglitazone',
       'race', 'readmitted', 'repaglinide', 'rosiglitazone',
       'time_in_hospital', 'tolazamide', 'tolbutamide', 'troglitazone',
       'weight'],
      dtype='object')
[2025-11-09T03:19:48.557+0000] {crypto.py:83} WARNING - empty cryptography key - values will not be stored encrypted.
[2025-11-09T03:19:48.557+0000] {base.py:73} INFO - Using connection ID 'mysql_conn' for task execution.
[2025-11-09T03:19:54.348+0000] {logging_mixin.py:149} INFO - 15000 registros insertados en diabetes_raw
[2025-11-09T03:19:54.372+0000] {python.py:183} INFO - Done. Returned value was: None
[2025-11-09T03:19:54.387+0000] {taskinstance.py:1368} INFO - Marking task as SUCCESS. dag_id=orquestador, task_id=insert_raw_data, execution_date=20230101T001500, start_date=20251109T031941, end_date=20251109T031954
[2025-11-09T03:19:54.421+0000] {local_task_job_runner.py:232} INFO - Task exited with return code 0
[2025-11-09T03:19:54.476+0000] {taskinstance.py:2674} INFO - 1 downstream tasks scheduled from follow-on schedule check
