[2025-11-08T17:28:50.046+0000] {taskinstance.py:1125} INFO - Dependencies all met for dep_context=non-requeueable deps ti=<TaskInstance: orquestador.insert_raw_data scheduled__2023-01-01T00:05:00+00:00 [queued]>
[2025-11-08T17:28:50.060+0000] {taskinstance.py:1125} INFO - Dependencies all met for dep_context=requeueable deps ti=<TaskInstance: orquestador.insert_raw_data scheduled__2023-01-01T00:05:00+00:00 [queued]>
[2025-11-08T17:28:50.060+0000] {taskinstance.py:1331} INFO - Starting attempt 1 of 2
[2025-11-08T17:28:50.074+0000] {taskinstance.py:1350} INFO - Executing <Task(PythonOperator): insert_raw_data> on 2023-01-01 00:05:00+00:00
[2025-11-08T17:28:50.083+0000] {standard_task_runner.py:57} INFO - Started process 11369 to run task
[2025-11-08T17:28:50.090+0000] {standard_task_runner.py:84} INFO - Running: ['***', 'tasks', 'run', 'orquestador', 'insert_raw_data', 'scheduled__2023-01-01T00:05:00+00:00', '--job-id', '704', '--raw', '--subdir', 'DAGS_FOLDER/orquestador.py', '--cfg-path', '/tmp/tmpo_bh5fi7']
[2025-11-08T17:28:50.094+0000] {standard_task_runner.py:85} INFO - Job 704: Subtask insert_raw_data
[2025-11-08T17:28:50.411+0000] {task_command.py:410} INFO - Running <TaskInstance: orquestador.insert_raw_data scheduled__2023-01-01T00:05:00+00:00 [running]> on host 068cff9bffb3
[2025-11-08T17:28:50.509+0000] {taskinstance.py:1568} INFO - Exporting env vars: AIRFLOW_CTX_DAG_OWNER='***' AIRFLOW_CTX_DAG_ID='orquestador' AIRFLOW_CTX_TASK_ID='insert_raw_data' AIRFLOW_CTX_EXECUTION_DATE='2023-01-01T00:05:00+00:00' AIRFLOW_CTX_TRY_NUMBER='1' AIRFLOW_CTX_DAG_RUN_ID='scheduled__2023-01-01T00:05:00+00:00'
[2025-11-08T17:28:52.314+0000] {logging_mixin.py:149} INFO - Error al conectar con la API: Expecting value: line 1 column 15 (char 14)
[2025-11-08T17:28:52.317+0000] {logging_mixin.py:149} INFO - (0, 0)
[2025-11-08T17:28:52.318+0000] {taskinstance.py:1847} ERROR - Task failed with exception
Traceback (most recent call last):
  File "/home/airflow/.local/lib/python3.9/site-packages/pandas/core/indexes/base.py", line 3802, in get_loc
    return self._engine.get_loc(casted_key)
  File "pandas/_libs/index.pyx", line 138, in pandas._libs.index.IndexEngine.get_loc
  File "pandas/_libs/index.pyx", line 165, in pandas._libs.index.IndexEngine.get_loc
  File "pandas/_libs/hashtable_class_helper.pxi", line 5745, in pandas._libs.hashtable.PyObjectHashTable.get_item
  File "pandas/_libs/hashtable_class_helper.pxi", line 5753, in pandas._libs.hashtable.PyObjectHashTable.get_item
KeyError: 'A1Cresult'

The above exception was the direct cause of the following exception:

Traceback (most recent call last):
  File "/home/airflow/.local/lib/python3.9/site-packages/airflow/operators/python.py", line 181, in execute
    return_value = self.execute_callable()
  File "/home/airflow/.local/lib/python3.9/site-packages/airflow/operators/python.py", line 198, in execute_callable
    return self.python_callable(*self.op_args, **self.op_kwargs)
  File "/opt/airflow/dags/scripts/funciones.py", line 124, in insert_data
    df['A1Cresult'] = df['A1Cresult'].fillna('0')
  File "/home/airflow/.local/lib/python3.9/site-packages/pandas/core/frame.py", line 3807, in __getitem__
    indexer = self.columns.get_loc(key)
  File "/home/airflow/.local/lib/python3.9/site-packages/pandas/core/indexes/base.py", line 3804, in get_loc
    raise KeyError(key) from err
KeyError: 'A1Cresult'
[2025-11-08T17:28:52.336+0000] {taskinstance.py:1368} INFO - Marking task as UP_FOR_RETRY. dag_id=orquestador, task_id=insert_raw_data, execution_date=20230101T000500, start_date=20251108T172850, end_date=20251108T172852
[2025-11-08T17:28:52.349+0000] {standard_task_runner.py:104} ERROR - Failed to execute job 704 for task insert_raw_data ('A1Cresult'; 11369)
[2025-11-08T17:28:52.370+0000] {local_task_job_runner.py:232} INFO - Task exited with return code 1
[2025-11-08T17:28:52.628+0000] {taskinstance.py:2674} INFO - 0 downstream tasks scheduled from follow-on schedule check
[2025-11-08T20:35:49.951+0000] {taskinstance.py:1125} INFO - Dependencies all met for dep_context=non-requeueable deps ti=<TaskInstance: orquestador.insert_raw_data scheduled__2023-01-01T00:05:00+00:00 [queued]>
[2025-11-08T20:35:49.967+0000] {taskinstance.py:1125} INFO - Dependencies all met for dep_context=requeueable deps ti=<TaskInstance: orquestador.insert_raw_data scheduled__2023-01-01T00:05:00+00:00 [queued]>
[2025-11-08T20:35:49.968+0000] {taskinstance.py:1331} INFO - Starting attempt 1 of 2
[2025-11-08T20:35:49.987+0000] {taskinstance.py:1350} INFO - Executing <Task(PythonOperator): insert_raw_data> on 2023-01-01 00:05:00+00:00
[2025-11-08T20:35:50.002+0000] {standard_task_runner.py:57} INFO - Started process 14237 to run task
[2025-11-08T20:35:50.013+0000] {standard_task_runner.py:84} INFO - Running: ['***', 'tasks', 'run', 'orquestador', 'insert_raw_data', 'scheduled__2023-01-01T00:05:00+00:00', '--job-id', '763', '--raw', '--subdir', 'DAGS_FOLDER/orquestador.py', '--cfg-path', '/tmp/tmpmp4vu1lb']
[2025-11-08T20:35:50.018+0000] {standard_task_runner.py:85} INFO - Job 763: Subtask insert_raw_data
[2025-11-08T20:35:50.431+0000] {task_command.py:410} INFO - Running <TaskInstance: orquestador.insert_raw_data scheduled__2023-01-01T00:05:00+00:00 [running]> on host 068cff9bffb3
[2025-11-08T20:35:50.566+0000] {taskinstance.py:1568} INFO - Exporting env vars: AIRFLOW_CTX_DAG_OWNER='***' AIRFLOW_CTX_DAG_ID='orquestador' AIRFLOW_CTX_TASK_ID='insert_raw_data' AIRFLOW_CTX_EXECUTION_DATE='2023-01-01T00:05:00+00:00' AIRFLOW_CTX_TRY_NUMBER='1' AIRFLOW_CTX_DAG_RUN_ID='scheduled__2023-01-01T00:05:00+00:00'
[2025-11-08T20:35:53.411+0000] {logging_mixin.py:149} INFO - Cargado chunk con 15000 filas.
[2025-11-08T20:35:53.427+0000] {logging_mixin.py:149} INFO - (15000, 50)
[2025-11-08T20:35:53.468+0000] {logging_mixin.py:149} INFO - DataFrame cargado con 15000 filas para insertar.
[2025-11-08T20:35:53.564+0000] {logging_mixin.py:149} INFO - Insertando datos en la tabla diabetes_raw...
[2025-11-08T20:35:53.614+0000] {logging_mixin.py:149} INFO -   A1Cresult acarbose acetohexamide  ...  tolbutamide  troglitazone weight
0         0       No            No  ...           No            No      ?
1         0       No            No  ...           No            No      ?
2         0       No            No  ...           No            No      ?
3         0       No            No  ...           No            No      ?
4        >8       No            No  ...           No            No      ?

[5 rows x 50 columns]
[2025-11-08T20:35:53.615+0000] {logging_mixin.py:149} INFO - columnas
[2025-11-08T20:35:53.616+0000] {logging_mixin.py:149} INFO - Index(['A1Cresult', 'acarbose', 'acetohexamide', 'admission_source_id',
       'admission_type_id', 'age', 'cambio', 'chlorpropamide', 'citoglipton',
       'diabetesMed', 'diag_1', 'diag_2', 'diag_3', 'discharge_disposition_id',
       'encounter_id', 'examide', 'gender', 'glimepiride',
       'glimepiride_pioglitazone', 'glipizide', 'glipizide_metformin',
       'glyburide', 'glyburide_metformin', 'insulin', 'max_glu_serum',
       'medical_specialty', 'metformin', 'metformin_pioglitazone',
       'metformin_rosiglitazone', 'miglitol', 'nateglinide',
       'num_lab_procedures', 'num_medications', 'num_procedures',
       'number_diagnoses', 'number_emergency', 'number_inpatient',
       'number_outpatient', 'patient_nbr', 'payer_code', 'pioglitazone',
       'race', 'readmitted', 'repaglinide', 'rosiglitazone',
       'time_in_hospital', 'tolazamide', 'tolbutamide', 'troglitazone',
       'weight'],
      dtype='object')
[2025-11-08T20:35:56.812+0000] {crypto.py:83} WARNING - empty cryptography key - values will not be stored encrypted.
[2025-11-08T20:35:56.813+0000] {base.py:73} INFO - Using connection ID 'mysql_conn' for task execution.
[2025-11-08T20:35:59.019+0000] {logging_mixin.py:149} INFO - 15000 registros insertados en diabetes_raw
[2025-11-08T20:35:59.041+0000] {python.py:183} INFO - Done. Returned value was: None
[2025-11-08T20:35:59.061+0000] {taskinstance.py:1368} INFO - Marking task as SUCCESS. dag_id=orquestador, task_id=insert_raw_data, execution_date=20230101T000500, start_date=20251108T203549, end_date=20251108T203559
[2025-11-08T20:35:59.095+0000] {local_task_job_runner.py:232} INFO - Task exited with return code 0
[2025-11-08T20:35:59.172+0000] {taskinstance.py:2674} INFO - 0 downstream tasks scheduled from follow-on schedule check
[2025-11-08T20:57:43.068+0000] {taskinstance.py:1125} INFO - Dependencies all met for dep_context=non-requeueable deps ti=<TaskInstance: orquestador.insert_raw_data scheduled__2023-01-01T00:05:00+00:00 [queued]>
[2025-11-08T20:57:43.082+0000] {taskinstance.py:1125} INFO - Dependencies all met for dep_context=requeueable deps ti=<TaskInstance: orquestador.insert_raw_data scheduled__2023-01-01T00:05:00+00:00 [queued]>
[2025-11-08T20:57:43.082+0000] {taskinstance.py:1331} INFO - Starting attempt 1 of 2
[2025-11-08T20:57:43.098+0000] {taskinstance.py:1350} INFO - Executing <Task(PythonOperator): insert_raw_data> on 2023-01-01 00:05:00+00:00
[2025-11-08T20:57:43.109+0000] {standard_task_runner.py:57} INFO - Started process 14703 to run task
[2025-11-08T20:57:43.113+0000] {standard_task_runner.py:84} INFO - Running: ['***', 'tasks', 'run', 'orquestador', 'insert_raw_data', 'scheduled__2023-01-01T00:05:00+00:00', '--job-id', '785', '--raw', '--subdir', 'DAGS_FOLDER/orquestador.py', '--cfg-path', '/tmp/tmpd3yjzntf']
[2025-11-08T20:57:43.117+0000] {standard_task_runner.py:85} INFO - Job 785: Subtask insert_raw_data
[2025-11-08T20:57:43.421+0000] {task_command.py:410} INFO - Running <TaskInstance: orquestador.insert_raw_data scheduled__2023-01-01T00:05:00+00:00 [running]> on host 068cff9bffb3
[2025-11-08T20:57:43.518+0000] {taskinstance.py:1568} INFO - Exporting env vars: AIRFLOW_CTX_DAG_OWNER='***' AIRFLOW_CTX_DAG_ID='orquestador' AIRFLOW_CTX_TASK_ID='insert_raw_data' AIRFLOW_CTX_EXECUTION_DATE='2023-01-01T00:05:00+00:00' AIRFLOW_CTX_TRY_NUMBER='1' AIRFLOW_CTX_DAG_RUN_ID='scheduled__2023-01-01T00:05:00+00:00'
[2025-11-08T20:57:46.033+0000] {logging_mixin.py:149} INFO - Cargado chunk con 15000 filas.
[2025-11-08T20:57:46.044+0000] {logging_mixin.py:149} INFO - (15000, 50)
[2025-11-08T20:57:46.074+0000] {logging_mixin.py:149} INFO - DataFrame cargado con 15000 filas para insertar.
[2025-11-08T20:57:46.141+0000] {logging_mixin.py:149} INFO - Insertando datos en la tabla diabetes_raw...
[2025-11-08T20:57:46.183+0000] {logging_mixin.py:149} INFO -   A1Cresult acarbose acetohexamide  ...  tolbutamide  troglitazone weight
0         0       No            No  ...           No            No      ?
1         0       No            No  ...           No            No      ?
2         0       No            No  ...           No            No      ?
3         0       No            No  ...           No            No      ?
4        >8       No            No  ...           No            No      ?

[5 rows x 50 columns]
[2025-11-08T20:57:46.183+0000] {logging_mixin.py:149} INFO - columnas
[2025-11-08T20:57:46.184+0000] {logging_mixin.py:149} INFO - Index(['A1Cresult', 'acarbose', 'acetohexamide', 'admission_source_id',
       'admission_type_id', 'age', 'cambio', 'chlorpropamide', 'citoglipton',
       'diabetesMed', 'diag_1', 'diag_2', 'diag_3', 'discharge_disposition_id',
       'encounter_id', 'examide', 'gender', 'glimepiride',
       'glimepiride_pioglitazone', 'glipizide', 'glipizide_metformin',
       'glyburide', 'glyburide_metformin', 'insulin', 'max_glu_serum',
       'medical_specialty', 'metformin', 'metformin_pioglitazone',
       'metformin_rosiglitazone', 'miglitol', 'nateglinide',
       'num_lab_procedures', 'num_medications', 'num_procedures',
       'number_diagnoses', 'number_emergency', 'number_inpatient',
       'number_outpatient', 'patient_nbr', 'payer_code', 'pioglitazone',
       'race', 'readmitted', 'repaglinide', 'rosiglitazone',
       'time_in_hospital', 'tolazamide', 'tolbutamide', 'troglitazone',
       'weight'],
      dtype='object')
[2025-11-08T20:57:48.945+0000] {crypto.py:83} WARNING - empty cryptography key - values will not be stored encrypted.
[2025-11-08T20:57:48.946+0000] {base.py:73} INFO - Using connection ID 'mysql_conn' for task execution.
[2025-11-08T20:57:50.986+0000] {logging_mixin.py:149} INFO - 15000 registros insertados en diabetes_raw
[2025-11-08T20:57:51.011+0000] {python.py:183} INFO - Done. Returned value was: None
[2025-11-08T20:57:51.027+0000] {taskinstance.py:1368} INFO - Marking task as SUCCESS. dag_id=orquestador, task_id=insert_raw_data, execution_date=20230101T000500, start_date=20251108T205743, end_date=20251108T205751
[2025-11-08T20:57:51.116+0000] {local_task_job_runner.py:232} INFO - Task exited with return code 0
[2025-11-08T20:57:51.202+0000] {taskinstance.py:2674} INFO - 1 downstream tasks scheduled from follow-on schedule check
[2025-11-08T23:10:02.766+0000] {taskinstance.py:1125} INFO - Dependencies all met for dep_context=non-requeueable deps ti=<TaskInstance: orquestador.insert_raw_data scheduled__2023-01-01T00:05:00+00:00 [queued]>
[2025-11-08T23:10:02.812+0000] {taskinstance.py:1125} INFO - Dependencies all met for dep_context=requeueable deps ti=<TaskInstance: orquestador.insert_raw_data scheduled__2023-01-01T00:05:00+00:00 [queued]>
[2025-11-08T23:10:02.812+0000] {taskinstance.py:1331} INFO - Starting attempt 1 of 2
[2025-11-08T23:10:02.846+0000] {taskinstance.py:1350} INFO - Executing <Task(PythonOperator): insert_raw_data> on 2023-01-01 00:05:00+00:00
[2025-11-08T23:10:02.863+0000] {standard_task_runner.py:57} INFO - Started process 16836 to run task
[2025-11-08T23:10:02.871+0000] {standard_task_runner.py:84} INFO - Running: ['***', 'tasks', 'run', 'orquestador', 'insert_raw_data', 'scheduled__2023-01-01T00:05:00+00:00', '--job-id', '830', '--raw', '--subdir', 'DAGS_FOLDER/orquestador.py', '--cfg-path', '/tmp/tmp96291s44']
[2025-11-08T23:10:02.879+0000] {standard_task_runner.py:85} INFO - Job 830: Subtask insert_raw_data
[2025-11-08T23:10:03.231+0000] {task_command.py:410} INFO - Running <TaskInstance: orquestador.insert_raw_data scheduled__2023-01-01T00:05:00+00:00 [running]> on host 068cff9bffb3
[2025-11-08T23:10:03.320+0000] {taskinstance.py:1568} INFO - Exporting env vars: AIRFLOW_CTX_DAG_OWNER='***' AIRFLOW_CTX_DAG_ID='orquestador' AIRFLOW_CTX_TASK_ID='insert_raw_data' AIRFLOW_CTX_EXECUTION_DATE='2023-01-01T00:05:00+00:00' AIRFLOW_CTX_TRY_NUMBER='1' AIRFLOW_CTX_DAG_RUN_ID='scheduled__2023-01-01T00:05:00+00:00'
[2025-11-08T23:10:05.559+0000] {logging_mixin.py:149} INFO - Cargado chunk con 11766 filas.
[2025-11-08T23:10:05.567+0000] {logging_mixin.py:149} INFO - (11766, 50)
[2025-11-08T23:10:05.590+0000] {logging_mixin.py:149} INFO - DataFrame cargado con 11766 filas para insertar.
[2025-11-08T23:10:05.641+0000] {logging_mixin.py:149} INFO - Insertando datos en la tabla diabetes_raw...
[2025-11-08T23:10:05.685+0000] {logging_mixin.py:149} INFO -   A1Cresult acarbose acetohexamide  ...  tolbutamide  troglitazone     weight
0         0       No            No  ...           No            No  [100-125)
1         0       No            No  ...           No            No          ?
2         0       No            No  ...           No            No          ?
3         0       No            No  ...           No            No          ?
4         0       No            No  ...           No            No          ?

[5 rows x 50 columns]
[2025-11-08T23:10:05.686+0000] {logging_mixin.py:149} INFO - columnas
[2025-11-08T23:10:05.686+0000] {logging_mixin.py:149} INFO - Index(['A1Cresult', 'acarbose', 'acetohexamide', 'admission_source_id',
       'admission_type_id', 'age', 'cambio', 'chlorpropamide', 'citoglipton',
       'diabetesMed', 'diag_1', 'diag_2', 'diag_3', 'discharge_disposition_id',
       'encounter_id', 'examide', 'gender', 'glimepiride',
       'glimepiride_pioglitazone', 'glipizide', 'glipizide_metformin',
       'glyburide', 'glyburide_metformin', 'insulin', 'max_glu_serum',
       'medical_specialty', 'metformin', 'metformin_pioglitazone',
       'metformin_rosiglitazone', 'miglitol', 'nateglinide',
       'num_lab_procedures', 'num_medications', 'num_procedures',
       'number_diagnoses', 'number_emergency', 'number_inpatient',
       'number_outpatient', 'patient_nbr', 'payer_code', 'pioglitazone',
       'race', 'readmitted', 'repaglinide', 'rosiglitazone',
       'time_in_hospital', 'tolazamide', 'tolbutamide', 'troglitazone',
       'weight'],
      dtype='object')
[2025-11-08T23:10:08.012+0000] {crypto.py:83} WARNING - empty cryptography key - values will not be stored encrypted.
[2025-11-08T23:10:08.013+0000] {base.py:73} INFO - Using connection ID 'mysql_conn' for task execution.
[2025-11-08T23:10:09.723+0000] {logging_mixin.py:149} INFO - 11766 registros insertados en diabetes_raw
[2025-11-08T23:10:09.741+0000] {python.py:183} INFO - Done. Returned value was: None
[2025-11-08T23:10:09.752+0000] {taskinstance.py:1368} INFO - Marking task as SUCCESS. dag_id=orquestador, task_id=insert_raw_data, execution_date=20230101T000500, start_date=20251108T231002, end_date=20251108T231009
[2025-11-08T23:10:09.823+0000] {local_task_job_runner.py:232} INFO - Task exited with return code 0
[2025-11-08T23:10:09.930+0000] {taskinstance.py:2674} INFO - 1 downstream tasks scheduled from follow-on schedule check
[2025-11-08T23:25:34.791+0000] {taskinstance.py:1125} INFO - Dependencies all met for dep_context=non-requeueable deps ti=<TaskInstance: orquestador.insert_raw_data scheduled__2023-01-01T00:05:00+00:00 [queued]>
[2025-11-08T23:25:34.808+0000] {taskinstance.py:1125} INFO - Dependencies all met for dep_context=requeueable deps ti=<TaskInstance: orquestador.insert_raw_data scheduled__2023-01-01T00:05:00+00:00 [queued]>
[2025-11-08T23:25:34.808+0000] {taskinstance.py:1331} INFO - Starting attempt 1 of 2
[2025-11-08T23:25:34.823+0000] {taskinstance.py:1350} INFO - Executing <Task(PythonOperator): insert_raw_data> on 2023-01-01 00:05:00+00:00
[2025-11-08T23:25:34.836+0000] {standard_task_runner.py:57} INFO - Started process 17251 to run task
[2025-11-08T23:25:34.840+0000] {standard_task_runner.py:84} INFO - Running: ['***', 'tasks', 'run', 'orquestador', 'insert_raw_data', 'scheduled__2023-01-01T00:05:00+00:00', '--job-id', '857', '--raw', '--subdir', 'DAGS_FOLDER/orquestador.py', '--cfg-path', '/tmp/tmpy_w1o5bi']
[2025-11-08T23:25:34.843+0000] {standard_task_runner.py:85} INFO - Job 857: Subtask insert_raw_data
[2025-11-08T23:25:35.143+0000] {task_command.py:410} INFO - Running <TaskInstance: orquestador.insert_raw_data scheduled__2023-01-01T00:05:00+00:00 [running]> on host 068cff9bffb3
[2025-11-08T23:25:35.244+0000] {taskinstance.py:1568} INFO - Exporting env vars: AIRFLOW_CTX_DAG_OWNER='***' AIRFLOW_CTX_DAG_ID='orquestador' AIRFLOW_CTX_TASK_ID='insert_raw_data' AIRFLOW_CTX_EXECUTION_DATE='2023-01-01T00:05:00+00:00' AIRFLOW_CTX_TRY_NUMBER='1' AIRFLOW_CTX_DAG_RUN_ID='scheduled__2023-01-01T00:05:00+00:00'
[2025-11-08T23:25:37.934+0000] {logging_mixin.py:149} INFO - Cargado chunk con 15000 filas.
[2025-11-08T23:25:37.951+0000] {logging_mixin.py:149} INFO - (15000, 50)
[2025-11-08T23:25:38.013+0000] {logging_mixin.py:149} INFO - DataFrame cargado con 15000 filas para insertar.
[2025-11-08T23:25:38.111+0000] {logging_mixin.py:149} INFO - Insertando datos en la tabla diabetes_raw...
[2025-11-08T23:25:38.172+0000] {logging_mixin.py:149} INFO -   A1Cresult acarbose acetohexamide  ...  tolbutamide  troglitazone weight
0         0       No            No  ...           No            No      ?
1         0       No            No  ...           No            No      ?
2         0       No            No  ...           No            No      ?
3         0       No            No  ...           No            No      ?
4         0       No            No  ...           No            No      ?

[5 rows x 50 columns]
[2025-11-08T23:25:38.172+0000] {logging_mixin.py:149} INFO - columnas
[2025-11-08T23:25:38.173+0000] {logging_mixin.py:149} INFO - Index(['A1Cresult', 'acarbose', 'acetohexamide', 'admission_source_id',
       'admission_type_id', 'age', 'cambio', 'chlorpropamide', 'citoglipton',
       'diabetesMed', 'diag_1', 'diag_2', 'diag_3', 'discharge_disposition_id',
       'encounter_id', 'examide', 'gender', 'glimepiride',
       'glimepiride_pioglitazone', 'glipizide', 'glipizide_metformin',
       'glyburide', 'glyburide_metformin', 'insulin', 'max_glu_serum',
       'medical_specialty', 'metformin', 'metformin_pioglitazone',
       'metformin_rosiglitazone', 'miglitol', 'nateglinide',
       'num_lab_procedures', 'num_medications', 'num_procedures',
       'number_diagnoses', 'number_emergency', 'number_inpatient',
       'number_outpatient', 'patient_nbr', 'payer_code', 'pioglitazone',
       'race', 'readmitted', 'repaglinide', 'rosiglitazone',
       'time_in_hospital', 'tolazamide', 'tolbutamide', 'troglitazone',
       'weight'],
      dtype='object')
[2025-11-08T23:25:41.119+0000] {crypto.py:83} WARNING - empty cryptography key - values will not be stored encrypted.
[2025-11-08T23:25:41.120+0000] {base.py:73} INFO - Using connection ID 'mysql_conn' for task execution.
[2025-11-08T23:25:43.357+0000] {logging_mixin.py:149} INFO - 15000 registros insertados en diabetes_raw
[2025-11-08T23:25:43.376+0000] {python.py:183} INFO - Done. Returned value was: None
[2025-11-08T23:25:43.393+0000] {taskinstance.py:1368} INFO - Marking task as SUCCESS. dag_id=orquestador, task_id=insert_raw_data, execution_date=20230101T000500, start_date=20251108T232534, end_date=20251108T232543
[2025-11-08T23:25:43.455+0000] {local_task_job_runner.py:232} INFO - Task exited with return code 0
[2025-11-08T23:25:43.529+0000] {taskinstance.py:2674} INFO - 1 downstream tasks scheduled from follow-on schedule check
[2025-11-08T23:45:40.268+0000] {taskinstance.py:1125} INFO - Dependencies all met for dep_context=non-requeueable deps ti=<TaskInstance: orquestador.insert_raw_data scheduled__2023-01-01T00:05:00+00:00 [queued]>
[2025-11-08T23:45:40.282+0000] {taskinstance.py:1125} INFO - Dependencies all met for dep_context=requeueable deps ti=<TaskInstance: orquestador.insert_raw_data scheduled__2023-01-01T00:05:00+00:00 [queued]>
[2025-11-08T23:45:40.283+0000] {taskinstance.py:1331} INFO - Starting attempt 1 of 2
[2025-11-08T23:45:40.296+0000] {taskinstance.py:1350} INFO - Executing <Task(PythonOperator): insert_raw_data> on 2023-01-01 00:05:00+00:00
[2025-11-08T23:45:40.311+0000] {standard_task_runner.py:57} INFO - Started process 77 to run task
[2025-11-08T23:45:40.315+0000] {standard_task_runner.py:84} INFO - Running: ['***', 'tasks', 'run', 'orquestador', 'insert_raw_data', 'scheduled__2023-01-01T00:05:00+00:00', '--job-id', '897', '--raw', '--subdir', 'DAGS_FOLDER/orquestador.py', '--cfg-path', '/tmp/tmp0e9f6qem']
[2025-11-08T23:45:40.320+0000] {standard_task_runner.py:85} INFO - Job 897: Subtask insert_raw_data
[2025-11-08T23:45:40.757+0000] {task_command.py:410} INFO - Running <TaskInstance: orquestador.insert_raw_data scheduled__2023-01-01T00:05:00+00:00 [running]> on host 47714183b084
[2025-11-08T23:45:40.853+0000] {taskinstance.py:1568} INFO - Exporting env vars: AIRFLOW_CTX_DAG_OWNER='***' AIRFLOW_CTX_DAG_ID='orquestador' AIRFLOW_CTX_TASK_ID='insert_raw_data' AIRFLOW_CTX_EXECUTION_DATE='2023-01-01T00:05:00+00:00' AIRFLOW_CTX_TRY_NUMBER='1' AIRFLOW_CTX_DAG_RUN_ID='scheduled__2023-01-01T00:05:00+00:00'
[2025-11-08T23:45:44.049+0000] {logging_mixin.py:149} INFO - Cargado chunk con 15000 filas.
[2025-11-08T23:45:44.065+0000] {logging_mixin.py:149} INFO - (15000, 50)
[2025-11-08T23:45:44.156+0000] {logging_mixin.py:149} INFO - DataFrame cargado con 15000 filas para insertar.
[2025-11-08T23:45:44.275+0000] {logging_mixin.py:149} INFO - Insertando datos en la tabla diabetes_raw...
[2025-11-08T23:45:44.354+0000] {logging_mixin.py:149} INFO -   A1Cresult acarbose acetohexamide  ...  tolbutamide  troglitazone weight
0         0       No            No  ...           No            No      ?
1         0       No            No  ...           No            No      ?
2         0       No            No  ...           No            No      ?
3         0       No            No  ...           No            No      ?
4         0       No            No  ...           No            No      ?

[5 rows x 50 columns]
[2025-11-08T23:45:44.354+0000] {logging_mixin.py:149} INFO - columnas
[2025-11-08T23:45:44.355+0000] {logging_mixin.py:149} INFO - Index(['A1Cresult', 'acarbose', 'acetohexamide', 'admission_source_id',
       'admission_type_id', 'age', 'cambio', 'chlorpropamide', 'citoglipton',
       'diabetesMed', 'diag_1', 'diag_2', 'diag_3', 'discharge_disposition_id',
       'encounter_id', 'examide', 'gender', 'glimepiride',
       'glimepiride_pioglitazone', 'glipizide', 'glipizide_metformin',
       'glyburide', 'glyburide_metformin', 'insulin', 'max_glu_serum',
       'medical_specialty', 'metformin', 'metformin_pioglitazone',
       'metformin_rosiglitazone', 'miglitol', 'nateglinide',
       'num_lab_procedures', 'num_medications', 'num_procedures',
       'number_diagnoses', 'number_emergency', 'number_inpatient',
       'number_outpatient', 'patient_nbr', 'payer_code', 'pioglitazone',
       'race', 'readmitted', 'repaglinide', 'rosiglitazone',
       'time_in_hospital', 'tolazamide', 'tolbutamide', 'troglitazone',
       'weight'],
      dtype='object')
[2025-11-08T23:45:47.336+0000] {crypto.py:83} WARNING - empty cryptography key - values will not be stored encrypted.
[2025-11-08T23:45:47.337+0000] {base.py:73} INFO - Using connection ID 'mysql_conn' for task execution.
[2025-11-08T23:45:49.770+0000] {logging_mixin.py:149} INFO - 15000 registros insertados en diabetes_raw
[2025-11-08T23:45:49.794+0000] {python.py:183} INFO - Done. Returned value was: None
[2025-11-08T23:45:49.812+0000] {taskinstance.py:1368} INFO - Marking task as SUCCESS. dag_id=orquestador, task_id=insert_raw_data, execution_date=20230101T000500, start_date=20251108T234540, end_date=20251108T234549
[2025-11-08T23:45:49.870+0000] {local_task_job_runner.py:232} INFO - Task exited with return code 0
[2025-11-08T23:45:49.928+0000] {taskinstance.py:2674} INFO - 1 downstream tasks scheduled from follow-on schedule check
[2025-11-09T00:08:22.567+0000] {taskinstance.py:1125} INFO - Dependencies all met for dep_context=non-requeueable deps ti=<TaskInstance: orquestador.insert_raw_data scheduled__2023-01-01T00:05:00+00:00 [queued]>
[2025-11-09T00:08:22.587+0000] {taskinstance.py:1125} INFO - Dependencies all met for dep_context=requeueable deps ti=<TaskInstance: orquestador.insert_raw_data scheduled__2023-01-01T00:05:00+00:00 [queued]>
[2025-11-09T00:08:22.587+0000] {taskinstance.py:1331} INFO - Starting attempt 1 of 2
[2025-11-09T00:08:22.603+0000] {taskinstance.py:1350} INFO - Executing <Task(PythonOperator): insert_raw_data> on 2023-01-01 00:05:00+00:00
[2025-11-09T00:08:22.614+0000] {standard_task_runner.py:57} INFO - Started process 361 to run task
[2025-11-09T00:08:22.618+0000] {standard_task_runner.py:84} INFO - Running: ['***', 'tasks', 'run', 'orquestador', 'insert_raw_data', 'scheduled__2023-01-01T00:05:00+00:00', '--job-id', '21', '--raw', '--subdir', 'DAGS_FOLDER/orquestador.py', '--cfg-path', '/tmp/tmpgr3ak50d']
[2025-11-09T00:08:22.621+0000] {standard_task_runner.py:85} INFO - Job 21: Subtask insert_raw_data
[2025-11-09T00:08:22.917+0000] {task_command.py:410} INFO - Running <TaskInstance: orquestador.insert_raw_data scheduled__2023-01-01T00:05:00+00:00 [running]> on host abefff83dc87
[2025-11-09T00:08:23.011+0000] {taskinstance.py:1568} INFO - Exporting env vars: AIRFLOW_CTX_DAG_OWNER='***' AIRFLOW_CTX_DAG_ID='orquestador' AIRFLOW_CTX_TASK_ID='insert_raw_data' AIRFLOW_CTX_EXECUTION_DATE='2023-01-01T00:05:00+00:00' AIRFLOW_CTX_TRY_NUMBER='1' AIRFLOW_CTX_DAG_RUN_ID='scheduled__2023-01-01T00:05:00+00:00'
[2025-11-09T00:08:25.616+0000] {logging_mixin.py:149} INFO - Cargado chunk con 15000 filas.
[2025-11-09T00:08:25.626+0000] {logging_mixin.py:149} INFO - (15000, 50)
[2025-11-09T00:08:25.658+0000] {logging_mixin.py:149} INFO - DataFrame cargado con 15000 filas para insertar.
[2025-11-09T00:08:25.733+0000] {logging_mixin.py:149} INFO - Insertando datos en la tabla diabetes_raw...
[2025-11-09T00:08:25.788+0000] {logging_mixin.py:149} INFO -   A1Cresult acarbose acetohexamide  ...  tolbutamide  troglitazone weight
0         0       No            No  ...           No            No      ?
1         0       No            No  ...           No            No      ?
2         0       No            No  ...           No            No      ?
3         0       No            No  ...           No            No      ?
4         0       No            No  ...           No            No      ?

[5 rows x 50 columns]
[2025-11-09T00:08:25.788+0000] {logging_mixin.py:149} INFO - columnas
[2025-11-09T00:08:25.789+0000] {logging_mixin.py:149} INFO - Index(['A1Cresult', 'acarbose', 'acetohexamide', 'admission_source_id',
       'admission_type_id', 'age', 'cambio', 'chlorpropamide', 'citoglipton',
       'diabetesMed', 'diag_1', 'diag_2', 'diag_3', 'discharge_disposition_id',
       'encounter_id', 'examide', 'gender', 'glimepiride',
       'glimepiride_pioglitazone', 'glipizide', 'glipizide_metformin',
       'glyburide', 'glyburide_metformin', 'insulin', 'max_glu_serum',
       'medical_specialty', 'metformin', 'metformin_pioglitazone',
       'metformin_rosiglitazone', 'miglitol', 'nateglinide',
       'num_lab_procedures', 'num_medications', 'num_procedures',
       'number_diagnoses', 'number_emergency', 'number_inpatient',
       'number_outpatient', 'patient_nbr', 'payer_code', 'pioglitazone',
       'race', 'readmitted', 'repaglinide', 'rosiglitazone',
       'time_in_hospital', 'tolazamide', 'tolbutamide', 'troglitazone',
       'weight'],
      dtype='object')
[2025-11-09T00:08:28.826+0000] {crypto.py:83} WARNING - empty cryptography key - values will not be stored encrypted.
[2025-11-09T00:08:28.826+0000] {base.py:73} INFO - Using connection ID 'mysql_conn' for task execution.
[2025-11-09T00:08:30.966+0000] {logging_mixin.py:149} INFO - 15000 registros insertados en diabetes_raw
[2025-11-09T00:08:30.996+0000] {python.py:183} INFO - Done. Returned value was: None
[2025-11-09T00:08:31.016+0000] {taskinstance.py:1368} INFO - Marking task as SUCCESS. dag_id=orquestador, task_id=insert_raw_data, execution_date=20230101T000500, start_date=20251109T000822, end_date=20251109T000831
[2025-11-09T00:08:31.086+0000] {local_task_job_runner.py:232} INFO - Task exited with return code 0
[2025-11-09T00:08:31.158+0000] {taskinstance.py:2674} INFO - 1 downstream tasks scheduled from follow-on schedule check
[2025-11-09T00:24:31.452+0000] {taskinstance.py:1125} INFO - Dependencies all met for dep_context=non-requeueable deps ti=<TaskInstance: orquestador.insert_raw_data scheduled__2023-01-01T00:05:00+00:00 [queued]>
[2025-11-09T00:24:31.468+0000] {taskinstance.py:1125} INFO - Dependencies all met for dep_context=requeueable deps ti=<TaskInstance: orquestador.insert_raw_data scheduled__2023-01-01T00:05:00+00:00 [queued]>
[2025-11-09T00:24:31.469+0000] {taskinstance.py:1331} INFO - Starting attempt 1 of 2
[2025-11-09T00:24:31.492+0000] {taskinstance.py:1350} INFO - Executing <Task(PythonOperator): insert_raw_data> on 2023-01-01 00:05:00+00:00
[2025-11-09T00:24:31.501+0000] {standard_task_runner.py:57} INFO - Started process 806 to run task
[2025-11-09T00:24:31.510+0000] {standard_task_runner.py:84} INFO - Running: ['***', 'tasks', 'run', 'orquestador', 'insert_raw_data', 'scheduled__2023-01-01T00:05:00+00:00', '--job-id', '51', '--raw', '--subdir', 'DAGS_FOLDER/orquestador.py', '--cfg-path', '/tmp/tmpbovommxs']
[2025-11-09T00:24:31.513+0000] {standard_task_runner.py:85} INFO - Job 51: Subtask insert_raw_data
[2025-11-09T00:24:31.827+0000] {task_command.py:410} INFO - Running <TaskInstance: orquestador.insert_raw_data scheduled__2023-01-01T00:05:00+00:00 [running]> on host abefff83dc87
[2025-11-09T00:24:31.922+0000] {taskinstance.py:1568} INFO - Exporting env vars: AIRFLOW_CTX_DAG_OWNER='***' AIRFLOW_CTX_DAG_ID='orquestador' AIRFLOW_CTX_TASK_ID='insert_raw_data' AIRFLOW_CTX_EXECUTION_DATE='2023-01-01T00:05:00+00:00' AIRFLOW_CTX_TRY_NUMBER='1' AIRFLOW_CTX_DAG_RUN_ID='scheduled__2023-01-01T00:05:00+00:00'
[2025-11-09T00:24:34.550+0000] {logging_mixin.py:149} INFO - Cargado chunk con 15000 filas.
[2025-11-09T00:24:34.560+0000] {logging_mixin.py:149} INFO - (15000, 50)
[2025-11-09T00:24:34.587+0000] {logging_mixin.py:149} INFO - DataFrame cargado con 15000 filas para insertar.
[2025-11-09T00:24:34.653+0000] {logging_mixin.py:149} INFO - Insertando datos en la tabla diabetes_raw...
[2025-11-09T00:24:34.694+0000] {logging_mixin.py:149} INFO -   A1Cresult acarbose acetohexamide  ...  tolbutamide  troglitazone weight
0         0       No            No  ...           No            No      ?
1         0       No            No  ...           No            No      ?
2         0       No            No  ...           No            No      ?
3         0       No            No  ...           No            No      ?
4         0       No            No  ...           No            No      ?

[5 rows x 50 columns]
[2025-11-09T00:24:34.694+0000] {logging_mixin.py:149} INFO - columnas
[2025-11-09T00:24:34.695+0000] {logging_mixin.py:149} INFO - Index(['A1Cresult', 'acarbose', 'acetohexamide', 'admission_source_id',
       'admission_type_id', 'age', 'cambio', 'chlorpropamide', 'citoglipton',
       'diabetesMed', 'diag_1', 'diag_2', 'diag_3', 'discharge_disposition_id',
       'encounter_id', 'examide', 'gender', 'glimepiride',
       'glimepiride_pioglitazone', 'glipizide', 'glipizide_metformin',
       'glyburide', 'glyburide_metformin', 'insulin', 'max_glu_serum',
       'medical_specialty', 'metformin', 'metformin_pioglitazone',
       'metformin_rosiglitazone', 'miglitol', 'nateglinide',
       'num_lab_procedures', 'num_medications', 'num_procedures',
       'number_diagnoses', 'number_emergency', 'number_inpatient',
       'number_outpatient', 'patient_nbr', 'payer_code', 'pioglitazone',
       'race', 'readmitted', 'repaglinide', 'rosiglitazone',
       'time_in_hospital', 'tolazamide', 'tolbutamide', 'troglitazone',
       'weight'],
      dtype='object')
[2025-11-09T00:24:37.737+0000] {crypto.py:83} WARNING - empty cryptography key - values will not be stored encrypted.
[2025-11-09T00:24:37.737+0000] {base.py:73} INFO - Using connection ID 'mysql_conn' for task execution.
[2025-11-09T00:24:40.026+0000] {logging_mixin.py:149} INFO - 15000 registros insertados en diabetes_raw
[2025-11-09T00:24:40.048+0000] {python.py:183} INFO - Done. Returned value was: None
[2025-11-09T00:24:40.064+0000] {taskinstance.py:1368} INFO - Marking task as SUCCESS. dag_id=orquestador, task_id=insert_raw_data, execution_date=20230101T000500, start_date=20251109T002431, end_date=20251109T002440
[2025-11-09T00:24:40.123+0000] {local_task_job_runner.py:232} INFO - Task exited with return code 0
[2025-11-09T00:24:40.175+0000] {taskinstance.py:2674} INFO - 1 downstream tasks scheduled from follow-on schedule check
[2025-11-09T03:04:19.669+0000] {taskinstance.py:1125} INFO - Dependencies all met for dep_context=non-requeueable deps ti=<TaskInstance: orquestador.insert_raw_data scheduled__2023-01-01T00:05:00+00:00 [queued]>
[2025-11-09T03:04:19.684+0000] {taskinstance.py:1125} INFO - Dependencies all met for dep_context=requeueable deps ti=<TaskInstance: orquestador.insert_raw_data scheduled__2023-01-01T00:05:00+00:00 [queued]>
[2025-11-09T03:04:19.684+0000] {taskinstance.py:1331} INFO - Starting attempt 1 of 2
[2025-11-09T03:04:19.698+0000] {taskinstance.py:1350} INFO - Executing <Task(PythonOperator): insert_raw_data> on 2023-01-01 00:05:00+00:00
[2025-11-09T03:04:19.707+0000] {standard_task_runner.py:57} INFO - Started process 325 to run task
[2025-11-09T03:04:19.714+0000] {standard_task_runner.py:84} INFO - Running: ['***', 'tasks', 'run', 'orquestador', 'insert_raw_data', 'scheduled__2023-01-01T00:05:00+00:00', '--job-id', '97', '--raw', '--subdir', 'DAGS_FOLDER/orquestador.py', '--cfg-path', '/tmp/tmpbc8g1xlc']
[2025-11-09T03:04:19.717+0000] {standard_task_runner.py:85} INFO - Job 97: Subtask insert_raw_data
[2025-11-09T03:04:20.032+0000] {task_command.py:410} INFO - Running <TaskInstance: orquestador.insert_raw_data scheduled__2023-01-01T00:05:00+00:00 [running]> on host 94c887adfb7d
[2025-11-09T03:04:20.134+0000] {taskinstance.py:1568} INFO - Exporting env vars: AIRFLOW_CTX_DAG_OWNER='***' AIRFLOW_CTX_DAG_ID='orquestador' AIRFLOW_CTX_TASK_ID='insert_raw_data' AIRFLOW_CTX_EXECUTION_DATE='2023-01-01T00:05:00+00:00' AIRFLOW_CTX_TRY_NUMBER='1' AIRFLOW_CTX_DAG_RUN_ID='scheduled__2023-01-01T00:05:00+00:00'
[2025-11-09T03:04:22.761+0000] {logging_mixin.py:149} INFO - Cargado chunk con 11766 filas.
[2025-11-09T03:04:22.774+0000] {logging_mixin.py:149} INFO - (11766, 50)
[2025-11-09T03:04:22.826+0000] {logging_mixin.py:149} INFO - DataFrame cargado con 11766 filas para insertar.
[2025-11-09T03:04:22.928+0000] {logging_mixin.py:149} INFO - Insertando datos en la tabla diabetes_raw...
[2025-11-09T03:04:22.983+0000] {logging_mixin.py:149} INFO -   A1Cresult acarbose acetohexamide  ...  tolbutamide  troglitazone     weight
0         0       No            No  ...           No            No  [100-125)
1         0       No            No  ...           No            No          ?
2         0       No            No  ...           No            No          ?
3         0       No            No  ...           No            No          ?
4         0       No            No  ...           No            No          ?

[5 rows x 50 columns]
[2025-11-09T03:04:22.984+0000] {logging_mixin.py:149} INFO - columnas
[2025-11-09T03:04:22.985+0000] {logging_mixin.py:149} INFO - Index(['A1Cresult', 'acarbose', 'acetohexamide', 'admission_source_id',
       'admission_type_id', 'age', 'cambio', 'chlorpropamide', 'citoglipton',
       'diabetesMed', 'diag_1', 'diag_2', 'diag_3', 'discharge_disposition_id',
       'encounter_id', 'examide', 'gender', 'glimepiride',
       'glimepiride_pioglitazone', 'glipizide', 'glipizide_metformin',
       'glyburide', 'glyburide_metformin', 'insulin', 'max_glu_serum',
       'medical_specialty', 'metformin', 'metformin_pioglitazone',
       'metformin_rosiglitazone', 'miglitol', 'nateglinide',
       'num_lab_procedures', 'num_medications', 'num_procedures',
       'number_diagnoses', 'number_emergency', 'number_inpatient',
       'number_outpatient', 'patient_nbr', 'payer_code', 'pioglitazone',
       'race', 'readmitted', 'repaglinide', 'rosiglitazone',
       'time_in_hospital', 'tolazamide', 'tolbutamide', 'troglitazone',
       'weight'],
      dtype='object')
[2025-11-09T03:04:25.517+0000] {crypto.py:83} WARNING - empty cryptography key - values will not be stored encrypted.
[2025-11-09T03:04:25.518+0000] {base.py:73} INFO - Using connection ID 'mysql_conn' for task execution.
[2025-11-09T03:04:30.167+0000] {logging_mixin.py:149} INFO - 11766 registros insertados en diabetes_raw
[2025-11-09T03:04:30.183+0000] {python.py:183} INFO - Done. Returned value was: None
[2025-11-09T03:04:30.198+0000] {taskinstance.py:1368} INFO - Marking task as SUCCESS. dag_id=orquestador, task_id=insert_raw_data, execution_date=20230101T000500, start_date=20251109T030419, end_date=20251109T030430
[2025-11-09T03:04:30.240+0000] {local_task_job_runner.py:232} INFO - Task exited with return code 0
[2025-11-09T03:04:30.291+0000] {taskinstance.py:2674} INFO - 1 downstream tasks scheduled from follow-on schedule check
