[2025-11-08T21:16:39.882+0000] {taskinstance.py:1125} INFO - Dependencies all met for dep_context=non-requeueable deps ti=<TaskInstance: orquestador.promueve_a_produccion scheduled__2023-01-01T00:15:00+00:00 [queued]>
[2025-11-08T21:16:39.901+0000] {taskinstance.py:1125} INFO - Dependencies all met for dep_context=requeueable deps ti=<TaskInstance: orquestador.promueve_a_produccion scheduled__2023-01-01T00:15:00+00:00 [queued]>
[2025-11-08T21:16:39.902+0000] {taskinstance.py:1331} INFO - Starting attempt 1 of 2
[2025-11-08T21:16:39.935+0000] {taskinstance.py:1350} INFO - Executing <Task(PythonOperator): promueve_a_produccion> on 2023-01-01 00:15:00+00:00
[2025-11-08T21:16:39.957+0000] {standard_task_runner.py:57} INFO - Started process 15131 to run task
[2025-11-08T21:16:39.962+0000] {standard_task_runner.py:84} INFO - Running: ['***', 'tasks', 'run', 'orquestador', 'promueve_a_produccion', 'scheduled__2023-01-01T00:15:00+00:00', '--job-id', '803', '--raw', '--subdir', 'DAGS_FOLDER/orquestador.py', '--cfg-path', '/tmp/tmp5t723hep']
[2025-11-08T21:16:39.967+0000] {standard_task_runner.py:85} INFO - Job 803: Subtask promueve_a_produccion
[2025-11-08T21:16:40.479+0000] {task_command.py:410} INFO - Running <TaskInstance: orquestador.promueve_a_produccion scheduled__2023-01-01T00:15:00+00:00 [running]> on host 068cff9bffb3
[2025-11-08T21:16:40.606+0000] {taskinstance.py:1568} INFO - Exporting env vars: AIRFLOW_CTX_DAG_OWNER='***' AIRFLOW_CTX_DAG_ID='orquestador' AIRFLOW_CTX_TASK_ID='promueve_a_produccion' AIRFLOW_CTX_EXECUTION_DATE='2023-01-01T00:15:00+00:00' AIRFLOW_CTX_TRY_NUMBER='1' AIRFLOW_CTX_DAG_RUN_ID='scheduled__2023-01-01T00:15:00+00:00'
[2025-11-08T21:16:40.607+0000] {logging_mixin.py:149} INFO - 🚀 Promoviendo el mejor modelo a Production...
[2025-11-08T21:16:40.769+0000] {logging_mixin.py:149} INFO - 🏆 Mejor modelo encontrado: versión 4 con accuracy=0.7367
[2025-11-08T21:16:40.791+0000] {logging_mixin.py:149} INFO - ✅ Modelo GradientBoostingModel v4 promovido a Production con accuracy=0.7367
[2025-11-08T21:16:40.791+0000] {logging_mixin.py:149} INFO - 🎯 ¡Proceso completado exitosamente!
[2025-11-08T21:16:40.791+0000] {python.py:183} INFO - Done. Returned value was: None
[2025-11-08T21:16:40.806+0000] {taskinstance.py:1368} INFO - Marking task as SUCCESS. dag_id=orquestador, task_id=promueve_a_produccion, execution_date=20230101T001500, start_date=20251108T211639, end_date=20251108T211640
[2025-11-08T21:16:40.866+0000] {local_task_job_runner.py:232} INFO - Task exited with return code 0
[2025-11-08T21:16:41.208+0000] {taskinstance.py:2674} INFO - 1 downstream tasks scheduled from follow-on schedule check
[2025-11-09T00:43:20.954+0000] {taskinstance.py:1125} INFO - Dependencies all met for dep_context=non-requeueable deps ti=<TaskInstance: orquestador.promueve_a_produccion scheduled__2023-01-01T00:15:00+00:00 [queued]>
[2025-11-09T00:43:20.968+0000] {taskinstance.py:1125} INFO - Dependencies all met for dep_context=requeueable deps ti=<TaskInstance: orquestador.promueve_a_produccion scheduled__2023-01-01T00:15:00+00:00 [queued]>
[2025-11-09T00:43:20.968+0000] {taskinstance.py:1331} INFO - Starting attempt 1 of 2
[2025-11-09T00:43:20.982+0000] {taskinstance.py:1350} INFO - Executing <Task(PythonOperator): promueve_a_produccion> on 2023-01-01 00:15:00+00:00
[2025-11-09T00:43:20.991+0000] {standard_task_runner.py:57} INFO - Started process 1237 to run task
[2025-11-09T00:43:20.999+0000] {standard_task_runner.py:84} INFO - Running: ['***', 'tasks', 'run', 'orquestador', 'promueve_a_produccion', 'scheduled__2023-01-01T00:15:00+00:00', '--job-id', '69', '--raw', '--subdir', 'DAGS_FOLDER/orquestador.py', '--cfg-path', '/tmp/tmp5nyh4jzk']
[2025-11-09T00:43:21.002+0000] {standard_task_runner.py:85} INFO - Job 69: Subtask promueve_a_produccion
[2025-11-09T00:43:21.316+0000] {task_command.py:410} INFO - Running <TaskInstance: orquestador.promueve_a_produccion scheduled__2023-01-01T00:15:00+00:00 [running]> on host abefff83dc87
[2025-11-09T00:43:21.402+0000] {taskinstance.py:1568} INFO - Exporting env vars: AIRFLOW_CTX_DAG_OWNER='***' AIRFLOW_CTX_DAG_ID='orquestador' AIRFLOW_CTX_TASK_ID='promueve_a_produccion' AIRFLOW_CTX_EXECUTION_DATE='2023-01-01T00:15:00+00:00' AIRFLOW_CTX_TRY_NUMBER='1' AIRFLOW_CTX_DAG_RUN_ID='scheduled__2023-01-01T00:15:00+00:00'
[2025-11-09T00:43:21.403+0000] {logging_mixin.py:149} INFO - 🚀 Promoviendo el mejor modelo a Production...
[2025-11-09T00:43:21.572+0000] {logging_mixin.py:149} INFO - 🏆 Mejor modelo encontrado: versión 3 con accuracy=0.7717
[2025-11-09T00:43:21.587+0000] {logging_mixin.py:149} INFO - ✅ Modelo GradientBoostingModel v3 promovido a Production con accuracy=0.7717
[2025-11-09T00:43:21.587+0000] {logging_mixin.py:149} INFO - 🎯 ¡Proceso completado exitosamente!
[2025-11-09T00:43:21.588+0000] {python.py:183} INFO - Done. Returned value was: None
[2025-11-09T00:43:21.598+0000] {taskinstance.py:1368} INFO - Marking task as SUCCESS. dag_id=orquestador, task_id=promueve_a_produccion, execution_date=20230101T001500, start_date=20251109T004320, end_date=20251109T004321
[2025-11-09T00:43:21.661+0000] {local_task_job_runner.py:232} INFO - Task exited with return code 0
[2025-11-09T00:43:21.895+0000] {taskinstance.py:2674} INFO - 1 downstream tasks scheduled from follow-on schedule check
