[2025-11-08T21:07:05.827+0000] {taskinstance.py:1125} INFO - Dependencies all met for dep_context=non-requeueable deps ti=<TaskInstance: orquestador.promueve_a_produccion scheduled__2023-01-01T00:10:00+00:00 [queued]>
[2025-11-08T21:07:05.844+0000] {taskinstance.py:1125} INFO - Dependencies all met for dep_context=requeueable deps ti=<TaskInstance: orquestador.promueve_a_produccion scheduled__2023-01-01T00:10:00+00:00 [queued]>
[2025-11-08T21:07:05.844+0000] {taskinstance.py:1331} INFO - Starting attempt 1 of 2
[2025-11-08T21:07:05.864+0000] {taskinstance.py:1350} INFO - Executing <Task(PythonOperator): promueve_a_produccion> on 2023-01-01 00:10:00+00:00
[2025-11-08T21:07:05.875+0000] {standard_task_runner.py:57} INFO - Started process 14939 to run task
[2025-11-08T21:07:05.887+0000] {standard_task_runner.py:84} INFO - Running: ['***', 'tasks', 'run', 'orquestador', 'promueve_a_produccion', 'scheduled__2023-01-01T00:10:00+00:00', '--job-id', '796', '--raw', '--subdir', 'DAGS_FOLDER/orquestador.py', '--cfg-path', '/tmp/tmp5fv9b6t0']
[2025-11-08T21:07:05.892+0000] {standard_task_runner.py:85} INFO - Job 796: Subtask promueve_a_produccion
[2025-11-08T21:07:06.220+0000] {task_command.py:410} INFO - Running <TaskInstance: orquestador.promueve_a_produccion scheduled__2023-01-01T00:10:00+00:00 [running]> on host 068cff9bffb3
[2025-11-08T21:07:06.325+0000] {taskinstance.py:1568} INFO - Exporting env vars: AIRFLOW_CTX_DAG_OWNER='***' AIRFLOW_CTX_DAG_ID='orquestador' AIRFLOW_CTX_TASK_ID='promueve_a_produccion' AIRFLOW_CTX_EXECUTION_DATE='2023-01-01T00:10:00+00:00' AIRFLOW_CTX_TRY_NUMBER='1' AIRFLOW_CTX_DAG_RUN_ID='scheduled__2023-01-01T00:10:00+00:00'
[2025-11-08T21:07:06.325+0000] {logging_mixin.py:149} INFO - 🚀 Promoviendo el mejor modelo a Production...
[2025-11-08T21:07:06.476+0000] {logging_mixin.py:149} INFO - 🏆 Mejor modelo encontrado: versión 3 con accuracy=0.7356
[2025-11-08T21:07:06.498+0000] {logging_mixin.py:149} INFO - ✅ Modelo GradientBoostingModel v3 promovido a Production con accuracy=0.7356
[2025-11-08T21:07:06.499+0000] {logging_mixin.py:149} INFO - 🎯 ¡Proceso completado exitosamente!
[2025-11-08T21:07:06.499+0000] {python.py:183} INFO - Done. Returned value was: None
[2025-11-08T21:07:06.512+0000] {taskinstance.py:1368} INFO - Marking task as SUCCESS. dag_id=orquestador, task_id=promueve_a_produccion, execution_date=20230101T001000, start_date=20251108T210705, end_date=20251108T210706
[2025-11-08T21:07:06.573+0000] {local_task_job_runner.py:232} INFO - Task exited with return code 0
[2025-11-08T21:07:06.806+0000] {taskinstance.py:2674} INFO - 1 downstream tasks scheduled from follow-on schedule check
[2025-11-09T00:33:50.045+0000] {taskinstance.py:1125} INFO - Dependencies all met for dep_context=non-requeueable deps ti=<TaskInstance: orquestador.promueve_a_produccion scheduled__2023-01-01T00:10:00+00:00 [queued]>
[2025-11-09T00:33:50.060+0000] {taskinstance.py:1125} INFO - Dependencies all met for dep_context=requeueable deps ti=<TaskInstance: orquestador.promueve_a_produccion scheduled__2023-01-01T00:10:00+00:00 [queued]>
[2025-11-09T00:33:50.060+0000] {taskinstance.py:1331} INFO - Starting attempt 1 of 2
[2025-11-09T00:33:50.074+0000] {taskinstance.py:1350} INFO - Executing <Task(PythonOperator): promueve_a_produccion> on 2023-01-01 00:10:00+00:00
[2025-11-09T00:33:50.084+0000] {standard_task_runner.py:57} INFO - Started process 1051 to run task
[2025-11-09T00:33:50.092+0000] {standard_task_runner.py:84} INFO - Running: ['***', 'tasks', 'run', 'orquestador', 'promueve_a_produccion', 'scheduled__2023-01-01T00:10:00+00:00', '--job-id', '62', '--raw', '--subdir', 'DAGS_FOLDER/orquestador.py', '--cfg-path', '/tmp/tmp71iszqqm']
[2025-11-09T00:33:50.096+0000] {standard_task_runner.py:85} INFO - Job 62: Subtask promueve_a_produccion
[2025-11-09T00:33:50.399+0000] {task_command.py:410} INFO - Running <TaskInstance: orquestador.promueve_a_produccion scheduled__2023-01-01T00:10:00+00:00 [running]> on host abefff83dc87
[2025-11-09T00:33:50.500+0000] {taskinstance.py:1568} INFO - Exporting env vars: AIRFLOW_CTX_DAG_OWNER='***' AIRFLOW_CTX_DAG_ID='orquestador' AIRFLOW_CTX_TASK_ID='promueve_a_produccion' AIRFLOW_CTX_EXECUTION_DATE='2023-01-01T00:10:00+00:00' AIRFLOW_CTX_TRY_NUMBER='1' AIRFLOW_CTX_DAG_RUN_ID='scheduled__2023-01-01T00:10:00+00:00'
[2025-11-09T00:33:50.501+0000] {logging_mixin.py:149} INFO - 🚀 Promoviendo el mejor modelo a Production...
[2025-11-09T00:33:50.634+0000] {logging_mixin.py:149} INFO - 🏆 Mejor modelo encontrado: versión 3 con accuracy=0.7717
[2025-11-09T00:33:50.649+0000] {logging_mixin.py:149} INFO - ✅ Modelo GradientBoostingModel v3 promovido a Production con accuracy=0.7717
[2025-11-09T00:33:50.650+0000] {logging_mixin.py:149} INFO - 🎯 ¡Proceso completado exitosamente!
[2025-11-09T00:33:50.650+0000] {python.py:183} INFO - Done. Returned value was: None
[2025-11-09T00:33:50.666+0000] {taskinstance.py:1368} INFO - Marking task as SUCCESS. dag_id=orquestador, task_id=promueve_a_produccion, execution_date=20230101T001000, start_date=20251109T003350, end_date=20251109T003350
[2025-11-09T00:33:50.707+0000] {local_task_job_runner.py:232} INFO - Task exited with return code 0
[2025-11-09T00:33:50.911+0000] {taskinstance.py:2674} INFO - 1 downstream tasks scheduled from follow-on schedule check
[2025-11-09T03:14:25.964+0000] {taskinstance.py:1125} INFO - Dependencies all met for dep_context=non-requeueable deps ti=<TaskInstance: orquestador.promueve_a_produccion scheduled__2023-01-01T00:10:00+00:00 [queued]>
[2025-11-09T03:14:25.984+0000] {taskinstance.py:1125} INFO - Dependencies all met for dep_context=requeueable deps ti=<TaskInstance: orquestador.promueve_a_produccion scheduled__2023-01-01T00:10:00+00:00 [queued]>
[2025-11-09T03:14:25.984+0000] {taskinstance.py:1331} INFO - Starting attempt 1 of 2
[2025-11-09T03:14:26.001+0000] {taskinstance.py:1350} INFO - Executing <Task(PythonOperator): promueve_a_produccion> on 2023-01-01 00:10:00+00:00
[2025-11-09T03:14:26.011+0000] {standard_task_runner.py:57} INFO - Started process 573 to run task
[2025-11-09T03:14:26.021+0000] {standard_task_runner.py:84} INFO - Running: ['***', 'tasks', 'run', 'orquestador', 'promueve_a_produccion', 'scheduled__2023-01-01T00:10:00+00:00', '--job-id', '108', '--raw', '--subdir', 'DAGS_FOLDER/orquestador.py', '--cfg-path', '/tmp/tmpjkjx_ogy']
[2025-11-09T03:14:26.025+0000] {standard_task_runner.py:85} INFO - Job 108: Subtask promueve_a_produccion
[2025-11-09T03:14:26.339+0000] {task_command.py:410} INFO - Running <TaskInstance: orquestador.promueve_a_produccion scheduled__2023-01-01T00:10:00+00:00 [running]> on host 94c887adfb7d
[2025-11-09T03:14:26.439+0000] {taskinstance.py:1568} INFO - Exporting env vars: AIRFLOW_CTX_DAG_OWNER='***' AIRFLOW_CTX_DAG_ID='orquestador' AIRFLOW_CTX_TASK_ID='promueve_a_produccion' AIRFLOW_CTX_EXECUTION_DATE='2023-01-01T00:10:00+00:00' AIRFLOW_CTX_TRY_NUMBER='1' AIRFLOW_CTX_DAG_RUN_ID='scheduled__2023-01-01T00:10:00+00:00'
[2025-11-09T03:14:26.439+0000] {logging_mixin.py:149} INFO - 🚀 Promoviendo el mejor modelo a Production...
[2025-11-09T03:14:26.711+0000] {logging_mixin.py:149} INFO - 🏆 Mejor modelo encontrado: versión 3 con accuracy=0.7717
[2025-11-09T03:14:26.725+0000] {logging_mixin.py:149} INFO - ✅ Modelo GradientBoostingModel v3 promovido a Production con accuracy=0.7717
[2025-11-09T03:14:26.725+0000] {logging_mixin.py:149} INFO - 🎯 ¡Proceso completado exitosamente!
[2025-11-09T03:14:26.725+0000] {python.py:183} INFO - Done. Returned value was: None
[2025-11-09T03:14:26.735+0000] {taskinstance.py:1368} INFO - Marking task as SUCCESS. dag_id=orquestador, task_id=promueve_a_produccion, execution_date=20230101T001000, start_date=20251109T031425, end_date=20251109T031426
[2025-11-09T03:14:26.793+0000] {local_task_job_runner.py:232} INFO - Task exited with return code 0
[2025-11-09T03:14:26.997+0000] {taskinstance.py:2674} INFO - 1 downstream tasks scheduled from follow-on schedule check
