[2025-11-08T21:04:21.456+0000] {taskinstance.py:1125} INFO - Dependencies all met for dep_context=non-requeueable deps ti=<TaskInstance: orquestador.check_first_run scheduled__2023-01-01T00:10:00+00:00 [queued]>
[2025-11-08T21:04:21.471+0000] {taskinstance.py:1125} INFO - Dependencies all met for dep_context=requeueable deps ti=<TaskInstance: orquestador.check_first_run scheduled__2023-01-01T00:10:00+00:00 [queued]>
[2025-11-08T21:04:21.471+0000] {taskinstance.py:1331} INFO - Starting attempt 1 of 2
[2025-11-08T21:04:21.485+0000] {taskinstance.py:1350} INFO - Executing <Task(BranchPythonOperator): check_first_run> on 2023-01-01 00:10:00+00:00
[2025-11-08T21:04:21.494+0000] {standard_task_runner.py:57} INFO - Started process 14849 to run task
[2025-11-08T21:04:21.500+0000] {standard_task_runner.py:84} INFO - Running: ['***', 'tasks', 'run', 'orquestador', 'check_first_run', 'scheduled__2023-01-01T00:10:00+00:00', '--job-id', '791', '--raw', '--subdir', 'DAGS_FOLDER/orquestador.py', '--cfg-path', '/tmp/tmp2bbjsq4k']
[2025-11-08T21:04:21.503+0000] {standard_task_runner.py:85} INFO - Job 791: Subtask check_first_run
[2025-11-08T21:04:21.816+0000] {task_command.py:410} INFO - Running <TaskInstance: orquestador.check_first_run scheduled__2023-01-01T00:10:00+00:00 [running]> on host 068cff9bffb3
[2025-11-08T21:04:21.907+0000] {taskinstance.py:1568} INFO - Exporting env vars: AIRFLOW_CTX_DAG_OWNER='***' AIRFLOW_CTX_DAG_ID='orquestador' AIRFLOW_CTX_TASK_ID='check_first_run' AIRFLOW_CTX_EXECUTION_DATE='2023-01-01T00:10:00+00:00' AIRFLOW_CTX_TRY_NUMBER='1' AIRFLOW_CTX_DAG_RUN_ID='scheduled__2023-01-01T00:10:00+00:00'
[2025-11-08T21:04:21.908+0000] {warnings.py:109} WARNING - /home/***/.local/lib/python3.9/site-packages/***/utils/context.py:313: AirflowContextDeprecationWarning: Accessing 'execution_date' from the template is deprecated and will be removed in a future version. Please use 'data_interval_start' or 'logical_date' instead.
  warnings.warn(_create_deprecation_warning(k, replacements))

[2025-11-08T21:04:21.908+0000] {python.py:183} INFO - Done. Returned value was: skip_table_creation
[2025-11-08T21:04:21.908+0000] {python.py:216} INFO - Branch callable return skip_table_creation
[2025-11-08T21:04:21.909+0000] {skipmixin.py:161} INFO - Following branch skip_table_creation
[2025-11-08T21:04:21.909+0000] {skipmixin.py:221} INFO - Skipping tasks ['delete_table_val', 'delete_table_raw', 'delete_table_clean', 'delete_table_train', 'delete_table_test']
[2025-11-08T21:04:21.971+0000] {taskinstance.py:1368} INFO - Marking task as SUCCESS. dag_id=orquestador, task_id=check_first_run, execution_date=20230101T001000, start_date=20251108T210421, end_date=20251108T210421
[2025-11-08T21:04:22.033+0000] {local_task_job_runner.py:232} INFO - Task exited with return code 0
[2025-11-08T21:04:22.332+0000] {taskinstance.py:2674} INFO - 0 downstream tasks scheduled from follow-on schedule check
[2025-11-08T23:16:32.186+0000] {taskinstance.py:1125} INFO - Dependencies all met for dep_context=non-requeueable deps ti=<TaskInstance: orquestador.check_first_run scheduled__2023-01-01T00:10:00+00:00 [queued]>
[2025-11-08T23:16:32.203+0000] {taskinstance.py:1125} INFO - Dependencies all met for dep_context=requeueable deps ti=<TaskInstance: orquestador.check_first_run scheduled__2023-01-01T00:10:00+00:00 [queued]>
[2025-11-08T23:16:32.204+0000] {taskinstance.py:1331} INFO - Starting attempt 1 of 2
[2025-11-08T23:16:32.218+0000] {taskinstance.py:1350} INFO - Executing <Task(BranchPythonOperator): check_first_run> on 2023-01-01 00:10:00+00:00
[2025-11-08T23:16:32.227+0000] {standard_task_runner.py:57} INFO - Started process 16986 to run task
[2025-11-08T23:16:32.237+0000] {standard_task_runner.py:84} INFO - Running: ['***', 'tasks', 'run', 'orquestador', 'check_first_run', 'scheduled__2023-01-01T00:10:00+00:00', '--job-id', '836', '--raw', '--subdir', 'DAGS_FOLDER/orquestador.py', '--cfg-path', '/tmp/tmp2fiw9i5a']
[2025-11-08T23:16:32.241+0000] {standard_task_runner.py:85} INFO - Job 836: Subtask check_first_run
[2025-11-08T23:16:32.547+0000] {task_command.py:410} INFO - Running <TaskInstance: orquestador.check_first_run scheduled__2023-01-01T00:10:00+00:00 [running]> on host 068cff9bffb3
[2025-11-08T23:16:32.652+0000] {taskinstance.py:1568} INFO - Exporting env vars: AIRFLOW_CTX_DAG_OWNER='***' AIRFLOW_CTX_DAG_ID='orquestador' AIRFLOW_CTX_TASK_ID='check_first_run' AIRFLOW_CTX_EXECUTION_DATE='2023-01-01T00:10:00+00:00' AIRFLOW_CTX_TRY_NUMBER='1' AIRFLOW_CTX_DAG_RUN_ID='scheduled__2023-01-01T00:10:00+00:00'
[2025-11-08T23:16:32.654+0000] {warnings.py:109} WARNING - /home/***/.local/lib/python3.9/site-packages/***/utils/context.py:313: AirflowContextDeprecationWarning: Accessing 'execution_date' from the template is deprecated and will be removed in a future version. Please use 'data_interval_start' or 'logical_date' instead.
  warnings.warn(_create_deprecation_warning(k, replacements))

[2025-11-08T23:16:32.654+0000] {python.py:183} INFO - Done. Returned value was: skip_table_creation
[2025-11-08T23:16:32.654+0000] {python.py:216} INFO - Branch callable return skip_table_creation
[2025-11-08T23:16:32.655+0000] {skipmixin.py:161} INFO - Following branch skip_table_creation
[2025-11-08T23:16:32.655+0000] {skipmixin.py:221} INFO - Skipping tasks ['delete_table_val', 'delete_table_raw', 'delete_table_clean', 'delete_table_train', 'delete_table_test']
[2025-11-08T23:16:32.704+0000] {taskinstance.py:1368} INFO - Marking task as SUCCESS. dag_id=orquestador, task_id=check_first_run, execution_date=20230101T001000, start_date=20251108T231632, end_date=20251108T231632
[2025-11-08T23:16:32.764+0000] {local_task_job_runner.py:232} INFO - Task exited with return code 0
[2025-11-08T23:16:33.070+0000] {taskinstance.py:2674} INFO - 0 downstream tasks scheduled from follow-on schedule check
[2025-11-09T00:14:58.325+0000] {taskinstance.py:1125} INFO - Dependencies all met for dep_context=non-requeueable deps ti=<TaskInstance: orquestador.check_first_run scheduled__2023-01-01T00:10:00+00:00 [queued]>
[2025-11-09T00:14:58.337+0000] {taskinstance.py:1125} INFO - Dependencies all met for dep_context=requeueable deps ti=<TaskInstance: orquestador.check_first_run scheduled__2023-01-01T00:10:00+00:00 [queued]>
[2025-11-09T00:14:58.337+0000] {taskinstance.py:1331} INFO - Starting attempt 1 of 2
[2025-11-09T00:14:58.352+0000] {taskinstance.py:1350} INFO - Executing <Task(BranchPythonOperator): check_first_run> on 2023-01-01 00:10:00+00:00
[2025-11-09T00:14:58.362+0000] {standard_task_runner.py:57} INFO - Started process 506 to run task
[2025-11-09T00:14:58.378+0000] {standard_task_runner.py:84} INFO - Running: ['***', 'tasks', 'run', 'orquestador', 'check_first_run', 'scheduled__2023-01-01T00:10:00+00:00', '--job-id', '27', '--raw', '--subdir', 'DAGS_FOLDER/orquestador.py', '--cfg-path', '/tmp/tmppuvwo9p2']
[2025-11-09T00:14:58.382+0000] {standard_task_runner.py:85} INFO - Job 27: Subtask check_first_run
[2025-11-09T00:14:58.689+0000] {task_command.py:410} INFO - Running <TaskInstance: orquestador.check_first_run scheduled__2023-01-01T00:10:00+00:00 [running]> on host abefff83dc87
[2025-11-09T00:14:58.778+0000] {taskinstance.py:1568} INFO - Exporting env vars: AIRFLOW_CTX_DAG_OWNER='***' AIRFLOW_CTX_DAG_ID='orquestador' AIRFLOW_CTX_TASK_ID='check_first_run' AIRFLOW_CTX_EXECUTION_DATE='2023-01-01T00:10:00+00:00' AIRFLOW_CTX_TRY_NUMBER='1' AIRFLOW_CTX_DAG_RUN_ID='scheduled__2023-01-01T00:10:00+00:00'
[2025-11-09T00:14:58.780+0000] {warnings.py:109} WARNING - /home/***/.local/lib/python3.9/site-packages/***/utils/context.py:313: AirflowContextDeprecationWarning: Accessing 'execution_date' from the template is deprecated and will be removed in a future version. Please use 'data_interval_start' or 'logical_date' instead.
  warnings.warn(_create_deprecation_warning(k, replacements))

[2025-11-09T00:14:58.780+0000] {python.py:183} INFO - Done. Returned value was: skip_table_creation
[2025-11-09T00:14:58.780+0000] {python.py:216} INFO - Branch callable return skip_table_creation
[2025-11-09T00:14:58.781+0000] {skipmixin.py:161} INFO - Following branch skip_table_creation
[2025-11-09T00:14:58.781+0000] {skipmixin.py:221} INFO - Skipping tasks ['delete_table_train', 'delete_table_val', 'delete_table_test', 'delete_table_raw', 'delete_table_clean']
[2025-11-09T00:14:58.832+0000] {taskinstance.py:1368} INFO - Marking task as SUCCESS. dag_id=orquestador, task_id=check_first_run, execution_date=20230101T001000, start_date=20251109T001458, end_date=20251109T001458
[2025-11-09T00:14:58.867+0000] {local_task_job_runner.py:232} INFO - Task exited with return code 0
[2025-11-09T00:14:59.155+0000] {taskinstance.py:2674} INFO - 0 downstream tasks scheduled from follow-on schedule check
[2025-11-09T00:31:09.715+0000] {taskinstance.py:1125} INFO - Dependencies all met for dep_context=non-requeueable deps ti=<TaskInstance: orquestador.check_first_run scheduled__2023-01-01T00:10:00+00:00 [queued]>
[2025-11-09T00:31:09.727+0000] {taskinstance.py:1125} INFO - Dependencies all met for dep_context=requeueable deps ti=<TaskInstance: orquestador.check_first_run scheduled__2023-01-01T00:10:00+00:00 [queued]>
[2025-11-09T00:31:09.728+0000] {taskinstance.py:1331} INFO - Starting attempt 1 of 2
[2025-11-09T00:31:09.744+0000] {taskinstance.py:1350} INFO - Executing <Task(BranchPythonOperator): check_first_run> on 2023-01-01 00:10:00+00:00
[2025-11-09T00:31:09.753+0000] {standard_task_runner.py:57} INFO - Started process 961 to run task
[2025-11-09T00:31:09.758+0000] {standard_task_runner.py:84} INFO - Running: ['***', 'tasks', 'run', 'orquestador', 'check_first_run', 'scheduled__2023-01-01T00:10:00+00:00', '--job-id', '57', '--raw', '--subdir', 'DAGS_FOLDER/orquestador.py', '--cfg-path', '/tmp/tmpran6irit']
[2025-11-09T00:31:09.764+0000] {standard_task_runner.py:85} INFO - Job 57: Subtask check_first_run
[2025-11-09T00:31:10.090+0000] {task_command.py:410} INFO - Running <TaskInstance: orquestador.check_first_run scheduled__2023-01-01T00:10:00+00:00 [running]> on host abefff83dc87
[2025-11-09T00:31:10.191+0000] {taskinstance.py:1568} INFO - Exporting env vars: AIRFLOW_CTX_DAG_OWNER='***' AIRFLOW_CTX_DAG_ID='orquestador' AIRFLOW_CTX_TASK_ID='check_first_run' AIRFLOW_CTX_EXECUTION_DATE='2023-01-01T00:10:00+00:00' AIRFLOW_CTX_TRY_NUMBER='1' AIRFLOW_CTX_DAG_RUN_ID='scheduled__2023-01-01T00:10:00+00:00'
[2025-11-09T00:31:10.192+0000] {warnings.py:109} WARNING - /home/***/.local/lib/python3.9/site-packages/***/utils/context.py:313: AirflowContextDeprecationWarning: Accessing 'execution_date' from the template is deprecated and will be removed in a future version. Please use 'data_interval_start' or 'logical_date' instead.
  warnings.warn(_create_deprecation_warning(k, replacements))

[2025-11-09T00:31:10.192+0000] {python.py:183} INFO - Done. Returned value was: skip_table_creation
[2025-11-09T00:31:10.192+0000] {python.py:216} INFO - Branch callable return skip_table_creation
[2025-11-09T00:31:10.192+0000] {skipmixin.py:161} INFO - Following branch skip_table_creation
[2025-11-09T00:31:10.192+0000] {skipmixin.py:221} INFO - Skipping tasks ['delete_table_train', 'delete_table_val', 'delete_table_test', 'delete_table_raw', 'delete_table_clean']
[2025-11-09T00:31:10.248+0000] {taskinstance.py:1368} INFO - Marking task as SUCCESS. dag_id=orquestador, task_id=check_first_run, execution_date=20230101T001000, start_date=20251109T003109, end_date=20251109T003110
[2025-11-09T00:31:10.304+0000] {local_task_job_runner.py:232} INFO - Task exited with return code 0
[2025-11-09T00:31:10.570+0000] {taskinstance.py:2674} INFO - 0 downstream tasks scheduled from follow-on schedule check
[2025-11-09T03:11:13.427+0000] {taskinstance.py:1125} INFO - Dependencies all met for dep_context=non-requeueable deps ti=<TaskInstance: orquestador.check_first_run scheduled__2023-01-01T00:10:00+00:00 [queued]>
[2025-11-09T03:11:13.440+0000] {taskinstance.py:1125} INFO - Dependencies all met for dep_context=requeueable deps ti=<TaskInstance: orquestador.check_first_run scheduled__2023-01-01T00:10:00+00:00 [queued]>
[2025-11-09T03:11:13.440+0000] {taskinstance.py:1331} INFO - Starting attempt 1 of 2
[2025-11-09T03:11:13.454+0000] {taskinstance.py:1350} INFO - Executing <Task(BranchPythonOperator): check_first_run> on 2023-01-01 00:10:00+00:00
[2025-11-09T03:11:13.472+0000] {standard_task_runner.py:57} INFO - Started process 477 to run task
[2025-11-09T03:11:13.478+0000] {standard_task_runner.py:84} INFO - Running: ['***', 'tasks', 'run', 'orquestador', 'check_first_run', 'scheduled__2023-01-01T00:10:00+00:00', '--job-id', '103', '--raw', '--subdir', 'DAGS_FOLDER/orquestador.py', '--cfg-path', '/tmp/tmp7p2wu7uy']
[2025-11-09T03:11:13.482+0000] {standard_task_runner.py:85} INFO - Job 103: Subtask check_first_run
[2025-11-09T03:11:13.795+0000] {task_command.py:410} INFO - Running <TaskInstance: orquestador.check_first_run scheduled__2023-01-01T00:10:00+00:00 [running]> on host 94c887adfb7d
[2025-11-09T03:11:13.894+0000] {taskinstance.py:1568} INFO - Exporting env vars: AIRFLOW_CTX_DAG_OWNER='***' AIRFLOW_CTX_DAG_ID='orquestador' AIRFLOW_CTX_TASK_ID='check_first_run' AIRFLOW_CTX_EXECUTION_DATE='2023-01-01T00:10:00+00:00' AIRFLOW_CTX_TRY_NUMBER='1' AIRFLOW_CTX_DAG_RUN_ID='scheduled__2023-01-01T00:10:00+00:00'
[2025-11-09T03:11:13.895+0000] {warnings.py:109} WARNING - /home/***/.local/lib/python3.9/site-packages/***/utils/context.py:313: AirflowContextDeprecationWarning: Accessing 'execution_date' from the template is deprecated and will be removed in a future version. Please use 'data_interval_start' or 'logical_date' instead.
  warnings.warn(_create_deprecation_warning(k, replacements))

[2025-11-09T03:11:13.896+0000] {python.py:183} INFO - Done. Returned value was: skip_table_creation
[2025-11-09T03:11:13.896+0000] {python.py:216} INFO - Branch callable return skip_table_creation
[2025-11-09T03:11:13.896+0000] {skipmixin.py:161} INFO - Following branch skip_table_creation
[2025-11-09T03:11:13.896+0000] {skipmixin.py:221} INFO - Skipping tasks ['delete_table_test', 'delete_table_raw', 'delete_table_train', 'delete_table_val', 'delete_table_clean']
[2025-11-09T03:11:13.959+0000] {taskinstance.py:1368} INFO - Marking task as SUCCESS. dag_id=orquestador, task_id=check_first_run, execution_date=20230101T001000, start_date=20251109T031113, end_date=20251109T031113
[2025-11-09T03:11:14.013+0000] {local_task_job_runner.py:232} INFO - Task exited with return code 0
[2025-11-09T03:11:14.305+0000] {taskinstance.py:2674} INFO - 0 downstream tasks scheduled from follow-on schedule check
