[2025-11-08T20:24:13.278+0000] {taskinstance.py:1125} INFO - Dependencies all met for dep_context=non-requeueable deps ti=<TaskInstance: orquestador.promueve_a_produccion scheduled__2023-01-01T00:00:00+00:00 [queued]>
[2025-11-08T20:24:13.302+0000] {taskinstance.py:1125} INFO - Dependencies all met for dep_context=requeueable deps ti=<TaskInstance: orquestador.promueve_a_produccion scheduled__2023-01-01T00:00:00+00:00 [queued]>
[2025-11-08T20:24:13.302+0000] {taskinstance.py:1331} INFO - Starting attempt 1 of 2
[2025-11-08T20:24:13.318+0000] {taskinstance.py:1350} INFO - Executing <Task(PythonOperator): promueve_a_produccion> on 2023-01-01 00:00:00+00:00
[2025-11-08T20:24:13.333+0000] {standard_task_runner.py:57} INFO - Started process 14054 to run task
[2025-11-08T20:24:13.338+0000] {standard_task_runner.py:84} INFO - Running: ['***', 'tasks', 'run', 'orquestador', 'promueve_a_produccion', 'scheduled__2023-01-01T00:00:00+00:00', '--job-id', '760', '--raw', '--subdir', 'DAGS_FOLDER/orquestador.py', '--cfg-path', '/tmp/tmp0mtryu8y']
[2025-11-08T20:24:13.343+0000] {standard_task_runner.py:85} INFO - Job 760: Subtask promueve_a_produccion
[2025-11-08T20:24:13.805+0000] {task_command.py:410} INFO - Running <TaskInstance: orquestador.promueve_a_produccion scheduled__2023-01-01T00:00:00+00:00 [running]> on host 068cff9bffb3
[2025-11-08T20:24:13.924+0000] {taskinstance.py:1568} INFO - Exporting env vars: AIRFLOW_CTX_DAG_OWNER='***' AIRFLOW_CTX_DAG_ID='orquestador' AIRFLOW_CTX_TASK_ID='promueve_a_produccion' AIRFLOW_CTX_EXECUTION_DATE='2023-01-01T00:00:00+00:00' AIRFLOW_CTX_TRY_NUMBER='1' AIRFLOW_CTX_DAG_RUN_ID='scheduled__2023-01-01T00:00:00+00:00'
[2025-11-08T20:24:13.925+0000] {logging_mixin.py:149} INFO - Promoviendo modelo a Production...
[2025-11-08T20:24:13.959+0000] {logging_mixin.py:149} INFO - Error al promover modelo: Invalid parent directory '/opt/***/mlruns/models/GradientBoostingModel'
[2025-11-08T20:24:13.960+0000] {logging_mixin.py:149} INFO - ¡Proceso completado exitosamente!
[2025-11-08T20:24:13.960+0000] {python.py:183} INFO - Done. Returned value was: None
[2025-11-08T20:24:13.973+0000] {taskinstance.py:1368} INFO - Marking task as SUCCESS. dag_id=orquestador, task_id=promueve_a_produccion, execution_date=20230101T000000, start_date=20251108T202413, end_date=20251108T202413
[2025-11-08T20:24:14.033+0000] {local_task_job_runner.py:232} INFO - Task exited with return code 0
[2025-11-08T20:24:14.370+0000] {taskinstance.py:2674} INFO - 1 downstream tasks scheduled from follow-on schedule check
[2025-11-08T20:52:12.998+0000] {taskinstance.py:1125} INFO - Dependencies all met for dep_context=non-requeueable deps ti=<TaskInstance: orquestador.promueve_a_produccion scheduled__2023-01-01T00:00:00+00:00 [queued]>
[2025-11-08T20:52:13.012+0000] {taskinstance.py:1125} INFO - Dependencies all met for dep_context=requeueable deps ti=<TaskInstance: orquestador.promueve_a_produccion scheduled__2023-01-01T00:00:00+00:00 [queued]>
[2025-11-08T20:52:13.012+0000] {taskinstance.py:1331} INFO - Starting attempt 1 of 2
[2025-11-08T20:52:13.034+0000] {taskinstance.py:1350} INFO - Executing <Task(PythonOperator): promueve_a_produccion> on 2023-01-01 00:00:00+00:00
[2025-11-08T20:52:13.049+0000] {standard_task_runner.py:57} INFO - Started process 14608 to run task
[2025-11-08T20:52:13.059+0000] {standard_task_runner.py:84} INFO - Running: ['***', 'tasks', 'run', 'orquestador', 'promueve_a_produccion', 'scheduled__2023-01-01T00:00:00+00:00', '--job-id', '782', '--raw', '--subdir', 'DAGS_FOLDER/orquestador.py', '--cfg-path', '/tmp/tmp_h8b38_u']
[2025-11-08T20:52:13.064+0000] {standard_task_runner.py:85} INFO - Job 782: Subtask promueve_a_produccion
[2025-11-08T20:52:13.323+0000] {task_command.py:410} INFO - Running <TaskInstance: orquestador.promueve_a_produccion scheduled__2023-01-01T00:00:00+00:00 [running]> on host 068cff9bffb3
[2025-11-08T20:52:13.388+0000] {taskinstance.py:1568} INFO - Exporting env vars: AIRFLOW_CTX_DAG_OWNER='***' AIRFLOW_CTX_DAG_ID='orquestador' AIRFLOW_CTX_TASK_ID='promueve_a_produccion' AIRFLOW_CTX_EXECUTION_DATE='2023-01-01T00:00:00+00:00' AIRFLOW_CTX_TRY_NUMBER='1' AIRFLOW_CTX_DAG_RUN_ID='scheduled__2023-01-01T00:00:00+00:00'
[2025-11-08T20:52:13.389+0000] {logging_mixin.py:149} INFO - 🚀 Promoviendo el mejor modelo a Production...
[2025-11-08T20:52:13.456+0000] {logging_mixin.py:149} INFO - 🏆 Mejor modelo encontrado: versión 1 con accuracy=0.7290
[2025-11-08T20:52:13.479+0000] {logging_mixin.py:149} INFO - ✅ Modelo GradientBoostingModel v1 promovido a Production con accuracy=0.7290
[2025-11-08T20:52:13.479+0000] {logging_mixin.py:149} INFO - 🎯 ¡Proceso completado exitosamente!
[2025-11-08T20:52:13.479+0000] {python.py:183} INFO - Done. Returned value was: None
[2025-11-08T20:52:13.487+0000] {taskinstance.py:1368} INFO - Marking task as SUCCESS. dag_id=orquestador, task_id=promueve_a_produccion, execution_date=20230101T000000, start_date=20251108T205213, end_date=20251108T205213
[2025-11-08T20:52:13.508+0000] {local_task_job_runner.py:232} INFO - Task exited with return code 0
[2025-11-08T20:52:13.713+0000] {taskinstance.py:2674} INFO - 1 downstream tasks scheduled from follow-on schedule check
[2025-11-08T23:04:43.708+0000] {taskinstance.py:1125} INFO - Dependencies all met for dep_context=non-requeueable deps ti=<TaskInstance: orquestador.promueve_a_produccion scheduled__2023-01-01T00:00:00+00:00 [queued]>
[2025-11-08T23:04:43.720+0000] {taskinstance.py:1125} INFO - Dependencies all met for dep_context=requeueable deps ti=<TaskInstance: orquestador.promueve_a_produccion scheduled__2023-01-01T00:00:00+00:00 [queued]>
[2025-11-08T23:04:43.720+0000] {taskinstance.py:1331} INFO - Starting attempt 1 of 2
[2025-11-08T23:04:43.733+0000] {taskinstance.py:1350} INFO - Executing <Task(PythonOperator): promueve_a_produccion> on 2023-01-01 00:00:00+00:00
[2025-11-08T23:04:43.743+0000] {standard_task_runner.py:57} INFO - Started process 16746 to run task
[2025-11-08T23:04:43.749+0000] {standard_task_runner.py:84} INFO - Running: ['***', 'tasks', 'run', 'orquestador', 'promueve_a_produccion', 'scheduled__2023-01-01T00:00:00+00:00', '--job-id', '827', '--raw', '--subdir', 'DAGS_FOLDER/orquestador.py', '--cfg-path', '/tmp/tmpndpu15og']
[2025-11-08T23:04:43.754+0000] {standard_task_runner.py:85} INFO - Job 827: Subtask promueve_a_produccion
[2025-11-08T23:04:44.059+0000] {task_command.py:410} INFO - Running <TaskInstance: orquestador.promueve_a_produccion scheduled__2023-01-01T00:00:00+00:00 [running]> on host 068cff9bffb3
[2025-11-08T23:04:44.147+0000] {taskinstance.py:1568} INFO - Exporting env vars: AIRFLOW_CTX_DAG_OWNER='***' AIRFLOW_CTX_DAG_ID='orquestador' AIRFLOW_CTX_TASK_ID='promueve_a_produccion' AIRFLOW_CTX_EXECUTION_DATE='2023-01-01T00:00:00+00:00' AIRFLOW_CTX_TRY_NUMBER='1' AIRFLOW_CTX_DAG_RUN_ID='scheduled__2023-01-01T00:00:00+00:00'
[2025-11-08T23:04:44.148+0000] {logging_mixin.py:149} INFO - 🚀 Promoviendo el mejor modelo a Production...
[2025-11-08T23:04:44.297+0000] {logging_mixin.py:149} INFO - 🏆 Mejor modelo encontrado: versión 4 con accuracy=0.7367
[2025-11-08T23:04:44.313+0000] {logging_mixin.py:149} INFO - ✅ Modelo GradientBoostingModel v4 promovido a Production con accuracy=0.7367
[2025-11-08T23:04:44.314+0000] {logging_mixin.py:149} INFO - 🎯 ¡Proceso completado exitosamente!
[2025-11-08T23:04:44.314+0000] {python.py:183} INFO - Done. Returned value was: None
[2025-11-08T23:04:44.324+0000] {taskinstance.py:1368} INFO - Marking task as SUCCESS. dag_id=orquestador, task_id=promueve_a_produccion, execution_date=20230101T000000, start_date=20251108T230443, end_date=20251108T230444
[2025-11-08T23:04:44.363+0000] {local_task_job_runner.py:232} INFO - Task exited with return code 0
[2025-11-08T23:04:44.589+0000] {taskinstance.py:2674} INFO - 1 downstream tasks scheduled from follow-on schedule check
[2025-11-08T23:20:18.375+0000] {taskinstance.py:1125} INFO - Dependencies all met for dep_context=non-requeueable deps ti=<TaskInstance: orquestador.promueve_a_produccion scheduled__2023-01-01T00:00:00+00:00 [queued]>
[2025-11-08T23:20:18.391+0000] {taskinstance.py:1125} INFO - Dependencies all met for dep_context=requeueable deps ti=<TaskInstance: orquestador.promueve_a_produccion scheduled__2023-01-01T00:00:00+00:00 [queued]>
[2025-11-08T23:20:18.392+0000] {taskinstance.py:1331} INFO - Starting attempt 1 of 2
[2025-11-08T23:20:18.404+0000] {taskinstance.py:1350} INFO - Executing <Task(PythonOperator): promueve_a_produccion> on 2023-01-01 00:00:00+00:00
[2025-11-08T23:20:18.413+0000] {standard_task_runner.py:57} INFO - Started process 17171 to run task
[2025-11-08T23:20:18.424+0000] {standard_task_runner.py:84} INFO - Running: ['***', 'tasks', 'run', 'orquestador', 'promueve_a_produccion', 'scheduled__2023-01-01T00:00:00+00:00', '--job-id', '854', '--raw', '--subdir', 'DAGS_FOLDER/orquestador.py', '--cfg-path', '/tmp/tmp2q384dah']
[2025-11-08T23:20:18.429+0000] {standard_task_runner.py:85} INFO - Job 854: Subtask promueve_a_produccion
[2025-11-08T23:20:18.746+0000] {task_command.py:410} INFO - Running <TaskInstance: orquestador.promueve_a_produccion scheduled__2023-01-01T00:00:00+00:00 [running]> on host 068cff9bffb3
[2025-11-08T23:20:18.849+0000] {taskinstance.py:1568} INFO - Exporting env vars: AIRFLOW_CTX_DAG_OWNER='***' AIRFLOW_CTX_DAG_ID='orquestador' AIRFLOW_CTX_TASK_ID='promueve_a_produccion' AIRFLOW_CTX_EXECUTION_DATE='2023-01-01T00:00:00+00:00' AIRFLOW_CTX_TRY_NUMBER='1' AIRFLOW_CTX_DAG_RUN_ID='scheduled__2023-01-01T00:00:00+00:00'
[2025-11-08T23:20:18.851+0000] {logging_mixin.py:149} INFO - 🚀 Promoviendo el mejor modelo a Production...
[2025-11-08T23:20:19.053+0000] {logging_mixin.py:149} INFO - 🏆 Mejor modelo encontrado: versión 4 con accuracy=0.7367
[2025-11-08T23:20:19.068+0000] {logging_mixin.py:149} INFO - ✅ Modelo GradientBoostingModel v4 promovido a Production con accuracy=0.7367
[2025-11-08T23:20:19.068+0000] {logging_mixin.py:149} INFO - 🎯 ¡Proceso completado exitosamente!
[2025-11-08T23:20:19.069+0000] {python.py:183} INFO - Done. Returned value was: None
[2025-11-08T23:20:19.087+0000] {taskinstance.py:1368} INFO - Marking task as SUCCESS. dag_id=orquestador, task_id=promueve_a_produccion, execution_date=20230101T000000, start_date=20251108T232018, end_date=20251108T232019
[2025-11-08T23:20:19.150+0000] {local_task_job_runner.py:232} INFO - Task exited with return code 0
[2025-11-08T23:20:19.371+0000] {taskinstance.py:2674} INFO - 1 downstream tasks scheduled from follow-on schedule check
[2025-11-08T23:28:33.997+0000] {taskinstance.py:1125} INFO - Dependencies all met for dep_context=non-requeueable deps ti=<TaskInstance: orquestador.promueve_a_produccion scheduled__2023-01-01T00:00:00+00:00 [queued]>
[2025-11-08T23:28:34.011+0000] {taskinstance.py:1125} INFO - Dependencies all met for dep_context=requeueable deps ti=<TaskInstance: orquestador.promueve_a_produccion scheduled__2023-01-01T00:00:00+00:00 [queued]>
[2025-11-08T23:28:34.011+0000] {taskinstance.py:1331} INFO - Starting attempt 1 of 2
[2025-11-08T23:28:34.036+0000] {taskinstance.py:1350} INFO - Executing <Task(PythonOperator): promueve_a_produccion> on 2023-01-01 00:00:00+00:00
[2025-11-08T23:28:34.046+0000] {standard_task_runner.py:57} INFO - Started process 17427 to run task
[2025-11-08T23:28:34.051+0000] {standard_task_runner.py:84} INFO - Running: ['***', 'tasks', 'run', 'orquestador', 'promueve_a_produccion', 'scheduled__2023-01-01T00:00:00+00:00', '--job-id', '875', '--raw', '--subdir', 'DAGS_FOLDER/orquestador.py', '--cfg-path', '/tmp/tmpexcgpewj']
[2025-11-08T23:28:34.054+0000] {standard_task_runner.py:85} INFO - Job 875: Subtask promueve_a_produccion
[2025-11-08T23:28:34.360+0000] {task_command.py:410} INFO - Running <TaskInstance: orquestador.promueve_a_produccion scheduled__2023-01-01T00:00:00+00:00 [running]> on host 068cff9bffb3
[2025-11-08T23:28:34.444+0000] {taskinstance.py:1568} INFO - Exporting env vars: AIRFLOW_CTX_DAG_OWNER='***' AIRFLOW_CTX_DAG_ID='orquestador' AIRFLOW_CTX_TASK_ID='promueve_a_produccion' AIRFLOW_CTX_EXECUTION_DATE='2023-01-01T00:00:00+00:00' AIRFLOW_CTX_TRY_NUMBER='1' AIRFLOW_CTX_DAG_RUN_ID='scheduled__2023-01-01T00:00:00+00:00'
[2025-11-08T23:28:34.445+0000] {logging_mixin.py:149} INFO - 🚀 Promoviendo el mejor modelo a Production...
[2025-11-08T23:28:34.686+0000] {logging_mixin.py:149} INFO - 🏆 Mejor modelo encontrado: versión 9 con accuracy=0.7945
[2025-11-08T23:28:34.705+0000] {logging_mixin.py:149} INFO - ✅ Modelo GradientBoostingModel v9 promovido a Production con accuracy=0.7945
[2025-11-08T23:28:34.706+0000] {logging_mixin.py:149} INFO - 🎯 ¡Proceso completado exitosamente!
[2025-11-08T23:28:34.706+0000] {python.py:183} INFO - Done. Returned value was: None
[2025-11-08T23:28:34.722+0000] {taskinstance.py:1368} INFO - Marking task as SUCCESS. dag_id=orquestador, task_id=promueve_a_produccion, execution_date=20230101T000000, start_date=20251108T232833, end_date=20251108T232834
[2025-11-08T23:28:34.783+0000] {local_task_job_runner.py:232} INFO - Task exited with return code 0
[2025-11-08T23:28:35.007+0000] {taskinstance.py:2674} INFO - 1 downstream tasks scheduled from follow-on schedule check
[2025-11-08T23:34:33.600+0000] {taskinstance.py:1125} INFO - Dependencies all met for dep_context=non-requeueable deps ti=<TaskInstance: orquestador.promueve_a_produccion scheduled__2023-01-01T00:00:00+00:00 [queued]>
[2025-11-08T23:34:33.612+0000] {taskinstance.py:1125} INFO - Dependencies all met for dep_context=requeueable deps ti=<TaskInstance: orquestador.promueve_a_produccion scheduled__2023-01-01T00:00:00+00:00 [queued]>
[2025-11-08T23:34:33.612+0000] {taskinstance.py:1331} INFO - Starting attempt 1 of 2
[2025-11-08T23:34:33.628+0000] {taskinstance.py:1350} INFO - Executing <Task(PythonOperator): promueve_a_produccion> on 2023-01-01 00:00:00+00:00
[2025-11-08T23:34:33.638+0000] {standard_task_runner.py:57} INFO - Started process 17631 to run task
[2025-11-08T23:34:33.644+0000] {standard_task_runner.py:84} INFO - Running: ['***', 'tasks', 'run', 'orquestador', 'promueve_a_produccion', 'scheduled__2023-01-01T00:00:00+00:00', '--job-id', '892', '--raw', '--subdir', 'DAGS_FOLDER/orquestador.py', '--cfg-path', '/tmp/tmpbaym584j']
[2025-11-08T23:34:33.647+0000] {standard_task_runner.py:85} INFO - Job 892: Subtask promueve_a_produccion
[2025-11-08T23:34:33.976+0000] {task_command.py:410} INFO - Running <TaskInstance: orquestador.promueve_a_produccion scheduled__2023-01-01T00:00:00+00:00 [running]> on host 068cff9bffb3
[2025-11-08T23:34:34.079+0000] {taskinstance.py:1568} INFO - Exporting env vars: AIRFLOW_CTX_DAG_OWNER='***' AIRFLOW_CTX_DAG_ID='orquestador' AIRFLOW_CTX_TASK_ID='promueve_a_produccion' AIRFLOW_CTX_EXECUTION_DATE='2023-01-01T00:00:00+00:00' AIRFLOW_CTX_TRY_NUMBER='1' AIRFLOW_CTX_DAG_RUN_ID='scheduled__2023-01-01T00:00:00+00:00'
[2025-11-08T23:34:34.080+0000] {logging_mixin.py:149} INFO - 🚀 Promoviendo el mejor modelo a Production...
[2025-11-08T23:34:34.304+0000] {logging_mixin.py:149} INFO - 🏆 Mejor modelo encontrado: versión 9 con accuracy=0.7945
[2025-11-08T23:34:34.325+0000] {logging_mixin.py:149} INFO - ✅ Modelo GradientBoostingModel v9 promovido a Production con accuracy=0.7945
[2025-11-08T23:34:34.326+0000] {logging_mixin.py:149} INFO - 🎯 ¡Proceso completado exitosamente!
[2025-11-08T23:34:34.326+0000] {python.py:183} INFO - Done. Returned value was: None
[2025-11-08T23:34:34.343+0000] {taskinstance.py:1368} INFO - Marking task as SUCCESS. dag_id=orquestador, task_id=promueve_a_produccion, execution_date=20230101T000000, start_date=20251108T233433, end_date=20251108T233434
[2025-11-08T23:34:34.415+0000] {local_task_job_runner.py:232} INFO - Task exited with return code 0
[2025-11-08T23:34:34.734+0000] {taskinstance.py:2674} INFO - 1 downstream tasks scheduled from follow-on schedule check
[2025-11-09T00:02:31.937+0000] {taskinstance.py:1125} INFO - Dependencies all met for dep_context=non-requeueable deps ti=<TaskInstance: orquestador.promueve_a_produccion scheduled__2023-01-01T00:00:00+00:00 [queued]>
[2025-11-09T00:02:31.963+0000] {taskinstance.py:1125} INFO - Dependencies all met for dep_context=requeueable deps ti=<TaskInstance: orquestador.promueve_a_produccion scheduled__2023-01-01T00:00:00+00:00 [queued]>
[2025-11-09T00:02:31.964+0000] {taskinstance.py:1331} INFO - Starting attempt 1 of 2
[2025-11-09T00:02:31.980+0000] {taskinstance.py:1350} INFO - Executing <Task(PythonOperator): promueve_a_produccion> on 2023-01-01 00:00:00+00:00
[2025-11-09T00:02:31.995+0000] {standard_task_runner.py:57} INFO - Started process 262 to run task
[2025-11-09T00:02:32.005+0000] {standard_task_runner.py:84} INFO - Running: ['***', 'tasks', 'run', 'orquestador', 'promueve_a_produccion', 'scheduled__2023-01-01T00:00:00+00:00', '--job-id', '18', '--raw', '--subdir', 'DAGS_FOLDER/orquestador.py', '--cfg-path', '/tmp/tmp2mff2htn']
[2025-11-09T00:02:32.010+0000] {standard_task_runner.py:85} INFO - Job 18: Subtask promueve_a_produccion
[2025-11-09T00:02:32.449+0000] {task_command.py:410} INFO - Running <TaskInstance: orquestador.promueve_a_produccion scheduled__2023-01-01T00:00:00+00:00 [running]> on host abefff83dc87
[2025-11-09T00:02:32.567+0000] {taskinstance.py:1568} INFO - Exporting env vars: AIRFLOW_CTX_DAG_OWNER='***' AIRFLOW_CTX_DAG_ID='orquestador' AIRFLOW_CTX_TASK_ID='promueve_a_produccion' AIRFLOW_CTX_EXECUTION_DATE='2023-01-01T00:00:00+00:00' AIRFLOW_CTX_TRY_NUMBER='1' AIRFLOW_CTX_DAG_RUN_ID='scheduled__2023-01-01T00:00:00+00:00'
[2025-11-09T00:02:32.568+0000] {logging_mixin.py:149} INFO - 🚀 Promoviendo el mejor modelo a Production...
[2025-11-09T00:02:32.691+0000] {logging_mixin.py:149} INFO - 🏆 Mejor modelo encontrado: versión 1 con accuracy=0.7287
[2025-11-09T00:02:32.766+0000] {logging_mixin.py:149} INFO - ✅ Modelo GradientBoostingModel v1 promovido a Production con accuracy=0.7287
[2025-11-09T00:02:32.766+0000] {logging_mixin.py:149} INFO - 🎯 ¡Proceso completado exitosamente!
[2025-11-09T00:02:32.766+0000] {python.py:183} INFO - Done. Returned value was: None
[2025-11-09T00:02:32.779+0000] {taskinstance.py:1368} INFO - Marking task as SUCCESS. dag_id=orquestador, task_id=promueve_a_produccion, execution_date=20230101T000000, start_date=20251109T000231, end_date=20251109T000232
[2025-11-09T00:02:32.855+0000] {local_task_job_runner.py:232} INFO - Task exited with return code 0
[2025-11-09T00:02:33.173+0000] {taskinstance.py:2674} INFO - 1 downstream tasks scheduled from follow-on schedule check
[2025-11-09T00:19:06.133+0000] {taskinstance.py:1125} INFO - Dependencies all met for dep_context=non-requeueable deps ti=<TaskInstance: orquestador.promueve_a_produccion scheduled__2023-01-01T00:00:00+00:00 [queued]>
[2025-11-09T00:19:06.146+0000] {taskinstance.py:1125} INFO - Dependencies all met for dep_context=requeueable deps ti=<TaskInstance: orquestador.promueve_a_produccion scheduled__2023-01-01T00:00:00+00:00 [queued]>
[2025-11-09T00:19:06.146+0000] {taskinstance.py:1331} INFO - Starting attempt 1 of 2
[2025-11-09T00:19:06.158+0000] {taskinstance.py:1350} INFO - Executing <Task(PythonOperator): promueve_a_produccion> on 2023-01-01 00:00:00+00:00
[2025-11-09T00:19:06.167+0000] {standard_task_runner.py:57} INFO - Started process 715 to run task
[2025-11-09T00:19:06.172+0000] {standard_task_runner.py:84} INFO - Running: ['***', 'tasks', 'run', 'orquestador', 'promueve_a_produccion', 'scheduled__2023-01-01T00:00:00+00:00', '--job-id', '48', '--raw', '--subdir', 'DAGS_FOLDER/orquestador.py', '--cfg-path', '/tmp/tmp7xf1darw']
[2025-11-09T00:19:06.175+0000] {standard_task_runner.py:85} INFO - Job 48: Subtask promueve_a_produccion
[2025-11-09T00:19:06.463+0000] {task_command.py:410} INFO - Running <TaskInstance: orquestador.promueve_a_produccion scheduled__2023-01-01T00:00:00+00:00 [running]> on host abefff83dc87
[2025-11-09T00:19:06.549+0000] {taskinstance.py:1568} INFO - Exporting env vars: AIRFLOW_CTX_DAG_OWNER='***' AIRFLOW_CTX_DAG_ID='orquestador' AIRFLOW_CTX_TASK_ID='promueve_a_produccion' AIRFLOW_CTX_EXECUTION_DATE='2023-01-01T00:00:00+00:00' AIRFLOW_CTX_TRY_NUMBER='1' AIRFLOW_CTX_DAG_RUN_ID='scheduled__2023-01-01T00:00:00+00:00'
[2025-11-09T00:19:06.550+0000] {logging_mixin.py:149} INFO - 🚀 Promoviendo el mejor modelo a Production...
[2025-11-09T00:19:06.661+0000] {logging_mixin.py:149} INFO - 🏆 Mejor modelo encontrado: versión 3 con accuracy=0.7717
[2025-11-09T00:19:06.687+0000] {logging_mixin.py:149} INFO - ✅ Modelo GradientBoostingModel v3 promovido a Production con accuracy=0.7717
[2025-11-09T00:19:06.687+0000] {logging_mixin.py:149} INFO - 🎯 ¡Proceso completado exitosamente!
[2025-11-09T00:19:06.688+0000] {python.py:183} INFO - Done. Returned value was: None
[2025-11-09T00:19:06.698+0000] {taskinstance.py:1368} INFO - Marking task as SUCCESS. dag_id=orquestador, task_id=promueve_a_produccion, execution_date=20230101T000000, start_date=20251109T001906, end_date=20251109T001906
[2025-11-09T00:19:06.744+0000] {local_task_job_runner.py:232} INFO - Task exited with return code 0
[2025-11-09T00:19:06.960+0000] {taskinstance.py:2674} INFO - 1 downstream tasks scheduled from follow-on schedule check
[2025-11-09T02:58:33.403+0000] {taskinstance.py:1125} INFO - Dependencies all met for dep_context=non-requeueable deps ti=<TaskInstance: orquestador.promueve_a_produccion scheduled__2023-01-01T00:00:00+00:00 [queued]>
[2025-11-09T02:58:33.428+0000] {taskinstance.py:1125} INFO - Dependencies all met for dep_context=requeueable deps ti=<TaskInstance: orquestador.promueve_a_produccion scheduled__2023-01-01T00:00:00+00:00 [queued]>
[2025-11-09T02:58:33.429+0000] {taskinstance.py:1331} INFO - Starting attempt 1 of 2
[2025-11-09T02:58:33.452+0000] {taskinstance.py:1350} INFO - Executing <Task(PythonOperator): promueve_a_produccion> on 2023-01-01 00:00:00+00:00
[2025-11-09T02:58:33.467+0000] {standard_task_runner.py:57} INFO - Started process 230 to run task
[2025-11-09T02:58:33.471+0000] {standard_task_runner.py:84} INFO - Running: ['***', 'tasks', 'run', 'orquestador', 'promueve_a_produccion', 'scheduled__2023-01-01T00:00:00+00:00', '--job-id', '94', '--raw', '--subdir', 'DAGS_FOLDER/orquestador.py', '--cfg-path', '/tmp/tmp_bd6jfd6']
[2025-11-09T02:58:33.477+0000] {standard_task_runner.py:85} INFO - Job 94: Subtask promueve_a_produccion
[2025-11-09T02:58:33.797+0000] {task_command.py:410} INFO - Running <TaskInstance: orquestador.promueve_a_produccion scheduled__2023-01-01T00:00:00+00:00 [running]> on host 94c887adfb7d
[2025-11-09T02:58:33.885+0000] {taskinstance.py:1568} INFO - Exporting env vars: AIRFLOW_CTX_DAG_OWNER='***' AIRFLOW_CTX_DAG_ID='orquestador' AIRFLOW_CTX_TASK_ID='promueve_a_produccion' AIRFLOW_CTX_EXECUTION_DATE='2023-01-01T00:00:00+00:00' AIRFLOW_CTX_TRY_NUMBER='1' AIRFLOW_CTX_DAG_RUN_ID='scheduled__2023-01-01T00:00:00+00:00'
[2025-11-09T02:58:33.889+0000] {logging_mixin.py:149} INFO - 🚀 Promoviendo el mejor modelo a Production...
[2025-11-09T02:58:34.219+0000] {logging_mixin.py:149} INFO - 🏆 Mejor modelo encontrado: versión 3 con accuracy=0.7717
[2025-11-09T02:58:34.275+0000] {logging_mixin.py:149} INFO - ✅ Modelo GradientBoostingModel v3 promovido a Production con accuracy=0.7717
[2025-11-09T02:58:34.275+0000] {logging_mixin.py:149} INFO - 🎯 ¡Proceso completado exitosamente!
[2025-11-09T02:58:34.275+0000] {python.py:183} INFO - Done. Returned value was: None
[2025-11-09T02:58:34.294+0000] {taskinstance.py:1368} INFO - Marking task as SUCCESS. dag_id=orquestador, task_id=promueve_a_produccion, execution_date=20230101T000000, start_date=20251109T025833, end_date=20251109T025834
[2025-11-09T02:58:34.343+0000] {local_task_job_runner.py:232} INFO - Task exited with return code 0
[2025-11-09T02:58:34.645+0000] {taskinstance.py:2674} INFO - 1 downstream tasks scheduled from follow-on schedule check
