[2025-11-08T20:59:16.583+0000] {taskinstance.py:1125} INFO - Dependencies all met for dep_context=non-requeueable deps ti=<TaskInstance: orquestador.wait_between_runs scheduled__2023-01-01T00:05:00+00:00 [queued]>
[2025-11-08T20:59:16.595+0000] {taskinstance.py:1125} INFO - Dependencies all met for dep_context=requeueable deps ti=<TaskInstance: orquestador.wait_between_runs scheduled__2023-01-01T00:05:00+00:00 [queued]>
[2025-11-08T20:59:16.596+0000] {taskinstance.py:1331} INFO - Starting attempt 1 of 2
[2025-11-08T20:59:16.613+0000] {taskinstance.py:1350} INFO - Executing <Task(PythonOperator): wait_between_runs> on 2023-01-01 00:05:00+00:00
[2025-11-08T20:59:16.625+0000] {standard_task_runner.py:57} INFO - Started process 14771 to run task
[2025-11-08T20:59:16.633+0000] {standard_task_runner.py:84} INFO - Running: ['***', 'tasks', 'run', 'orquestador', 'wait_between_runs', 'scheduled__2023-01-01T00:05:00+00:00', '--job-id', '790', '--raw', '--subdir', 'DAGS_FOLDER/orquestador.py', '--cfg-path', '/tmp/tmpb2sx205r']
[2025-11-08T20:59:16.636+0000] {standard_task_runner.py:85} INFO - Job 790: Subtask wait_between_runs
[2025-11-08T20:59:16.953+0000] {task_command.py:410} INFO - Running <TaskInstance: orquestador.wait_between_runs scheduled__2023-01-01T00:05:00+00:00 [running]> on host 068cff9bffb3
[2025-11-08T20:59:17.028+0000] {taskinstance.py:1568} INFO - Exporting env vars: AIRFLOW_CTX_DAG_OWNER='***' AIRFLOW_CTX_DAG_ID='orquestador' AIRFLOW_CTX_TASK_ID='wait_between_runs' AIRFLOW_CTX_EXECUTION_DATE='2023-01-01T00:05:00+00:00' AIRFLOW_CTX_TRY_NUMBER='1' AIRFLOW_CTX_DAG_RUN_ID='scheduled__2023-01-01T00:05:00+00:00'
[2025-11-08T21:04:17.126+0000] {python.py:183} INFO - Done. Returned value was: None
[2025-11-08T21:04:17.151+0000] {taskinstance.py:1368} INFO - Marking task as SUCCESS. dag_id=orquestador, task_id=wait_between_runs, execution_date=20230101T000500, start_date=20251108T205916, end_date=20251108T210417
[2025-11-08T21:04:17.200+0000] {local_task_job_runner.py:232} INFO - Task exited with return code 0
[2025-11-08T21:04:17.229+0000] {taskinstance.py:2674} INFO - 0 downstream tasks scheduled from follow-on schedule check
[2025-11-08T23:11:28.136+0000] {taskinstance.py:1125} INFO - Dependencies all met for dep_context=non-requeueable deps ti=<TaskInstance: orquestador.wait_between_runs scheduled__2023-01-01T00:05:00+00:00 [queued]>
[2025-11-08T23:11:28.160+0000] {taskinstance.py:1125} INFO - Dependencies all met for dep_context=requeueable deps ti=<TaskInstance: orquestador.wait_between_runs scheduled__2023-01-01T00:05:00+00:00 [queued]>
[2025-11-08T23:11:28.161+0000] {taskinstance.py:1331} INFO - Starting attempt 1 of 2
[2025-11-08T23:11:28.183+0000] {taskinstance.py:1350} INFO - Executing <Task(PythonOperator): wait_between_runs> on 2023-01-01 00:05:00+00:00
[2025-11-08T23:11:28.198+0000] {standard_task_runner.py:57} INFO - Started process 16910 to run task
[2025-11-08T23:11:28.210+0000] {standard_task_runner.py:84} INFO - Running: ['***', 'tasks', 'run', 'orquestador', 'wait_between_runs', 'scheduled__2023-01-01T00:05:00+00:00', '--job-id', '835', '--raw', '--subdir', 'DAGS_FOLDER/orquestador.py', '--cfg-path', '/tmp/tmpar8h9yl3']
[2025-11-08T23:11:28.215+0000] {standard_task_runner.py:85} INFO - Job 835: Subtask wait_between_runs
[2025-11-08T23:11:28.655+0000] {task_command.py:410} INFO - Running <TaskInstance: orquestador.wait_between_runs scheduled__2023-01-01T00:05:00+00:00 [running]> on host 068cff9bffb3
[2025-11-08T23:11:28.805+0000] {taskinstance.py:1568} INFO - Exporting env vars: AIRFLOW_CTX_DAG_OWNER='***' AIRFLOW_CTX_DAG_ID='orquestador' AIRFLOW_CTX_TASK_ID='wait_between_runs' AIRFLOW_CTX_EXECUTION_DATE='2023-01-01T00:05:00+00:00' AIRFLOW_CTX_TRY_NUMBER='1' AIRFLOW_CTX_DAG_RUN_ID='scheduled__2023-01-01T00:05:00+00:00'
[2025-11-08T23:16:28.906+0000] {python.py:183} INFO - Done. Returned value was: None
[2025-11-08T23:16:28.925+0000] {taskinstance.py:1368} INFO - Marking task as SUCCESS. dag_id=orquestador, task_id=wait_between_runs, execution_date=20230101T000500, start_date=20251108T231128, end_date=20251108T231628
[2025-11-08T23:16:28.962+0000] {local_task_job_runner.py:232} INFO - Task exited with return code 0
[2025-11-08T23:16:28.976+0000] {taskinstance.py:2674} INFO - 0 downstream tasks scheduled from follow-on schedule check
[2025-11-09T00:09:54.818+0000] {taskinstance.py:1125} INFO - Dependencies all met for dep_context=non-requeueable deps ti=<TaskInstance: orquestador.wait_between_runs scheduled__2023-01-01T00:05:00+00:00 [queued]>
[2025-11-09T00:09:54.831+0000] {taskinstance.py:1125} INFO - Dependencies all met for dep_context=requeueable deps ti=<TaskInstance: orquestador.wait_between_runs scheduled__2023-01-01T00:05:00+00:00 [queued]>
[2025-11-09T00:09:54.832+0000] {taskinstance.py:1331} INFO - Starting attempt 1 of 2
[2025-11-09T00:09:54.846+0000] {taskinstance.py:1350} INFO - Executing <Task(PythonOperator): wait_between_runs> on 2023-01-01 00:05:00+00:00
[2025-11-09T00:09:54.858+0000] {standard_task_runner.py:57} INFO - Started process 436 to run task
[2025-11-09T00:09:54.865+0000] {standard_task_runner.py:84} INFO - Running: ['***', 'tasks', 'run', 'orquestador', 'wait_between_runs', 'scheduled__2023-01-01T00:05:00+00:00', '--job-id', '26', '--raw', '--subdir', 'DAGS_FOLDER/orquestador.py', '--cfg-path', '/tmp/tmpcrri9yfn']
[2025-11-09T00:09:54.869+0000] {standard_task_runner.py:85} INFO - Job 26: Subtask wait_between_runs
[2025-11-09T00:09:55.159+0000] {task_command.py:410} INFO - Running <TaskInstance: orquestador.wait_between_runs scheduled__2023-01-01T00:05:00+00:00 [running]> on host abefff83dc87
[2025-11-09T00:09:55.236+0000] {taskinstance.py:1568} INFO - Exporting env vars: AIRFLOW_CTX_DAG_OWNER='***' AIRFLOW_CTX_DAG_ID='orquestador' AIRFLOW_CTX_TASK_ID='wait_between_runs' AIRFLOW_CTX_EXECUTION_DATE='2023-01-01T00:05:00+00:00' AIRFLOW_CTX_TRY_NUMBER='1' AIRFLOW_CTX_DAG_RUN_ID='scheduled__2023-01-01T00:05:00+00:00'
[2025-11-09T00:14:55.333+0000] {python.py:183} INFO - Done. Returned value was: None
[2025-11-09T00:14:55.352+0000] {taskinstance.py:1368} INFO - Marking task as SUCCESS. dag_id=orquestador, task_id=wait_between_runs, execution_date=20230101T000500, start_date=20251109T000954, end_date=20251109T001455
[2025-11-09T00:14:55.402+0000] {local_task_job_runner.py:232} INFO - Task exited with return code 0
[2025-11-09T00:14:55.423+0000] {taskinstance.py:2674} INFO - 0 downstream tasks scheduled from follow-on schedule check
[2025-11-09T00:26:06.042+0000] {taskinstance.py:1125} INFO - Dependencies all met for dep_context=non-requeueable deps ti=<TaskInstance: orquestador.wait_between_runs scheduled__2023-01-01T00:05:00+00:00 [queued]>
[2025-11-09T00:26:06.056+0000] {taskinstance.py:1125} INFO - Dependencies all met for dep_context=requeueable deps ti=<TaskInstance: orquestador.wait_between_runs scheduled__2023-01-01T00:05:00+00:00 [queued]>
[2025-11-09T00:26:06.056+0000] {taskinstance.py:1331} INFO - Starting attempt 1 of 2
[2025-11-09T00:26:06.070+0000] {taskinstance.py:1350} INFO - Executing <Task(PythonOperator): wait_between_runs> on 2023-01-01 00:05:00+00:00
[2025-11-09T00:26:06.079+0000] {standard_task_runner.py:57} INFO - Started process 882 to run task
[2025-11-09T00:26:06.083+0000] {standard_task_runner.py:84} INFO - Running: ['***', 'tasks', 'run', 'orquestador', 'wait_between_runs', 'scheduled__2023-01-01T00:05:00+00:00', '--job-id', '56', '--raw', '--subdir', 'DAGS_FOLDER/orquestador.py', '--cfg-path', '/tmp/tmpq_p5dey5']
[2025-11-09T00:26:06.087+0000] {standard_task_runner.py:85} INFO - Job 56: Subtask wait_between_runs
[2025-11-09T00:26:06.403+0000] {task_command.py:410} INFO - Running <TaskInstance: orquestador.wait_between_runs scheduled__2023-01-01T00:05:00+00:00 [running]> on host abefff83dc87
[2025-11-09T00:26:06.515+0000] {taskinstance.py:1568} INFO - Exporting env vars: AIRFLOW_CTX_DAG_OWNER='***' AIRFLOW_CTX_DAG_ID='orquestador' AIRFLOW_CTX_TASK_ID='wait_between_runs' AIRFLOW_CTX_EXECUTION_DATE='2023-01-01T00:05:00+00:00' AIRFLOW_CTX_TRY_NUMBER='1' AIRFLOW_CTX_DAG_RUN_ID='scheduled__2023-01-01T00:05:00+00:00'
[2025-11-09T00:31:06.613+0000] {python.py:183} INFO - Done. Returned value was: None
[2025-11-09T00:31:06.630+0000] {taskinstance.py:1368} INFO - Marking task as SUCCESS. dag_id=orquestador, task_id=wait_between_runs, execution_date=20230101T000500, start_date=20251109T002606, end_date=20251109T003106
[2025-11-09T00:31:06.692+0000] {local_task_job_runner.py:232} INFO - Task exited with return code 0
[2025-11-09T00:31:06.733+0000] {taskinstance.py:2674} INFO - 0 downstream tasks scheduled from follow-on schedule check
[2025-11-09T03:06:09.120+0000] {taskinstance.py:1125} INFO - Dependencies all met for dep_context=non-requeueable deps ti=<TaskInstance: orquestador.wait_between_runs scheduled__2023-01-01T00:05:00+00:00 [queued]>
[2025-11-09T03:06:09.135+0000] {taskinstance.py:1125} INFO - Dependencies all met for dep_context=requeueable deps ti=<TaskInstance: orquestador.wait_between_runs scheduled__2023-01-01T00:05:00+00:00 [queued]>
[2025-11-09T03:06:09.135+0000] {taskinstance.py:1331} INFO - Starting attempt 1 of 2
[2025-11-09T03:06:09.148+0000] {taskinstance.py:1350} INFO - Executing <Task(PythonOperator): wait_between_runs> on 2023-01-01 00:05:00+00:00
[2025-11-09T03:06:09.157+0000] {standard_task_runner.py:57} INFO - Started process 399 to run task
[2025-11-09T03:06:09.162+0000] {standard_task_runner.py:84} INFO - Running: ['***', 'tasks', 'run', 'orquestador', 'wait_between_runs', 'scheduled__2023-01-01T00:05:00+00:00', '--job-id', '102', '--raw', '--subdir', 'DAGS_FOLDER/orquestador.py', '--cfg-path', '/tmp/tmppco9erc3']
[2025-11-09T03:06:09.165+0000] {standard_task_runner.py:85} INFO - Job 102: Subtask wait_between_runs
[2025-11-09T03:06:09.469+0000] {task_command.py:410} INFO - Running <TaskInstance: orquestador.wait_between_runs scheduled__2023-01-01T00:05:00+00:00 [running]> on host 94c887adfb7d
[2025-11-09T03:06:09.589+0000] {taskinstance.py:1568} INFO - Exporting env vars: AIRFLOW_CTX_DAG_OWNER='***' AIRFLOW_CTX_DAG_ID='orquestador' AIRFLOW_CTX_TASK_ID='wait_between_runs' AIRFLOW_CTX_EXECUTION_DATE='2023-01-01T00:05:00+00:00' AIRFLOW_CTX_TRY_NUMBER='1' AIRFLOW_CTX_DAG_RUN_ID='scheduled__2023-01-01T00:05:00+00:00'
[2025-11-09T03:11:09.689+0000] {python.py:183} INFO - Done. Returned value was: None
[2025-11-09T03:11:09.711+0000] {taskinstance.py:1368} INFO - Marking task as SUCCESS. dag_id=orquestador, task_id=wait_between_runs, execution_date=20230101T000500, start_date=20251109T030609, end_date=20251109T031109
[2025-11-09T03:11:09.751+0000] {local_task_job_runner.py:232} INFO - Task exited with return code 0
[2025-11-09T03:11:09.775+0000] {taskinstance.py:2674} INFO - 0 downstream tasks scheduled from follow-on schedule check
