[2025-11-08T21:22:50.249+0000] {taskinstance.py:1125} INFO - Dependencies all met for dep_context=non-requeueable deps ti=<TaskInstance: orquestador.inserta_en_todas_las_tablas scheduled__2023-01-01T00:20:00+00:00 [queued]>
[2025-11-08T21:22:50.273+0000] {taskinstance.py:1125} INFO - Dependencies all met for dep_context=requeueable deps ti=<TaskInstance: orquestador.inserta_en_todas_las_tablas scheduled__2023-01-01T00:20:00+00:00 [queued]>
[2025-11-08T21:22:50.274+0000] {taskinstance.py:1331} INFO - Starting attempt 1 of 2
[2025-11-08T21:22:50.293+0000] {taskinstance.py:1350} INFO - Executing <Task(PythonOperator): inserta_en_todas_las_tablas> on 2023-01-01 00:20:00+00:00
[2025-11-08T21:22:50.302+0000] {standard_task_runner.py:57} INFO - Started process 15243 to run task
[2025-11-08T21:22:50.307+0000] {standard_task_runner.py:84} INFO - Running: ['***', 'tasks', 'run', 'orquestador', 'inserta_en_todas_las_tablas', 'scheduled__2023-01-01T00:20:00+00:00', '--job-id', '808', '--raw', '--subdir', 'DAGS_FOLDER/orquestador.py', '--cfg-path', '/tmp/tmpim3s9t4c']
[2025-11-08T21:22:50.311+0000] {standard_task_runner.py:85} INFO - Job 808: Subtask inserta_en_todas_las_tablas
[2025-11-08T21:22:50.629+0000] {task_command.py:410} INFO - Running <TaskInstance: orquestador.inserta_en_todas_las_tablas scheduled__2023-01-01T00:20:00+00:00 [running]> on host 068cff9bffb3
[2025-11-08T21:22:50.745+0000] {taskinstance.py:1568} INFO - Exporting env vars: AIRFLOW_CTX_DAG_OWNER='***' AIRFLOW_CTX_DAG_ID='orquestador' AIRFLOW_CTX_TASK_ID='inserta_en_todas_las_tablas' AIRFLOW_CTX_EXECUTION_DATE='2023-01-01T00:20:00+00:00' AIRFLOW_CTX_TRY_NUMBER='1' AIRFLOW_CTX_DAG_RUN_ID='scheduled__2023-01-01T00:20:00+00:00'
[2025-11-08T21:22:50.746+0000] {crypto.py:83} WARNING - empty cryptography key - values will not be stored encrypted.
[2025-11-08T21:22:50.747+0000] {base.py:73} INFO - Using connection ID 'mysql_conn' for task execution.
[2025-11-08T21:22:50.764+0000] {warnings.py:109} WARNING - /home/***/.local/lib/python3.9/site-packages/***/providers/common/sql/hooks/sql.py:201: UserWarning: pandas only supports SQLAlchemy connectable (engine/connection) or database string URI or sqlite3 DBAPI2 connection. Other DBAPI2 objects are not tested. Please consider using SQLAlchemy.
  return psql.read_sql(sql, con=conn, params=parameters, **kwargs)

[2025-11-08T21:23:53.649+0000] {base.py:73} INFO - Using connection ID 'mysql_conn' for task execution.
[2025-11-08T21:24:27.770+0000] {logging_mixin.py:149} INFO - 204522 registros insertados en diabetes_clean_train
[2025-11-08T21:24:48.653+0000] {base.py:73} INFO - Using connection ID 'mysql_conn' for task execution.
[2025-11-08T21:25:01.763+0000] {logging_mixin.py:149} INFO - 81183 registros insertados en diabetes_clean_val
[2025-11-08T21:25:14.061+0000] {base.py:73} INFO - Using connection ID 'mysql_conn' for task execution.
[2025-11-08T21:25:21.100+0000] {logging_mixin.py:149} INFO - 42312 registros insertados en diabetes_clean_test
[2025-11-08T21:25:21.118+0000] {logging_mixin.py:149} INFO - Datos de entrenamiento y prueba insertados correctamente.
[2025-11-08T21:25:21.156+0000] {python.py:183} INFO - Done. Returned value was: None
[2025-11-08T21:25:21.175+0000] {taskinstance.py:1368} INFO - Marking task as SUCCESS. dag_id=orquestador, task_id=inserta_en_todas_las_tablas, execution_date=20230101T002000, start_date=20251108T212250, end_date=20251108T212521
[2025-11-08T21:25:21.263+0000] {local_task_job_runner.py:232} INFO - Task exited with return code 0
[2025-11-08T21:25:21.335+0000] {taskinstance.py:2674} INFO - 1 downstream tasks scheduled from follow-on schedule check
[2025-11-09T00:49:25.516+0000] {taskinstance.py:1125} INFO - Dependencies all met for dep_context=non-requeueable deps ti=<TaskInstance: orquestador.inserta_en_todas_las_tablas scheduled__2023-01-01T00:20:00+00:00 [queued]>
[2025-11-09T00:49:25.533+0000] {taskinstance.py:1125} INFO - Dependencies all met for dep_context=requeueable deps ti=<TaskInstance: orquestador.inserta_en_todas_las_tablas scheduled__2023-01-01T00:20:00+00:00 [queued]>
[2025-11-09T00:49:25.534+0000] {taskinstance.py:1331} INFO - Starting attempt 1 of 2
[2025-11-09T00:49:25.554+0000] {taskinstance.py:1350} INFO - Executing <Task(PythonOperator): inserta_en_todas_las_tablas> on 2023-01-01 00:20:00+00:00
[2025-11-09T00:49:25.573+0000] {standard_task_runner.py:57} INFO - Started process 1353 to run task
[2025-11-09T00:49:25.581+0000] {standard_task_runner.py:84} INFO - Running: ['***', 'tasks', 'run', 'orquestador', 'inserta_en_todas_las_tablas', 'scheduled__2023-01-01T00:20:00+00:00', '--job-id', '74', '--raw', '--subdir', 'DAGS_FOLDER/orquestador.py', '--cfg-path', '/tmp/tmp0kv7m4is']
[2025-11-09T00:49:25.585+0000] {standard_task_runner.py:85} INFO - Job 74: Subtask inserta_en_todas_las_tablas
[2025-11-09T00:49:26.048+0000] {task_command.py:410} INFO - Running <TaskInstance: orquestador.inserta_en_todas_las_tablas scheduled__2023-01-01T00:20:00+00:00 [running]> on host abefff83dc87
[2025-11-09T00:49:26.190+0000] {taskinstance.py:1568} INFO - Exporting env vars: AIRFLOW_CTX_DAG_OWNER='***' AIRFLOW_CTX_DAG_ID='orquestador' AIRFLOW_CTX_TASK_ID='inserta_en_todas_las_tablas' AIRFLOW_CTX_EXECUTION_DATE='2023-01-01T00:20:00+00:00' AIRFLOW_CTX_TRY_NUMBER='1' AIRFLOW_CTX_DAG_RUN_ID='scheduled__2023-01-01T00:20:00+00:00'
[2025-11-09T00:49:26.192+0000] {crypto.py:83} WARNING - empty cryptography key - values will not be stored encrypted.
[2025-11-09T00:49:26.192+0000] {base.py:73} INFO - Using connection ID 'mysql_conn' for task execution.
[2025-11-09T00:49:26.212+0000] {warnings.py:109} WARNING - /home/***/.local/lib/python3.9/site-packages/***/providers/common/sql/hooks/sql.py:201: UserWarning: pandas only supports SQLAlchemy connectable (engine/connection) or database string URI or sqlite3 DBAPI2 connection. Other DBAPI2 objects are not tested. Please consider using SQLAlchemy.
  return psql.read_sql(sql, con=conn, params=parameters, **kwargs)

[2025-11-09T00:50:25.923+0000] {base.py:73} INFO - Using connection ID 'mysql_conn' for task execution.
[2025-11-09T00:50:56.461+0000] {logging_mixin.py:149} INFO - 195777 registros insertados en diabetes_clean_train
[2025-11-09T00:51:18.377+0000] {base.py:73} INFO - Using connection ID 'mysql_conn' for task execution.
[2025-11-09T00:51:31.025+0000] {logging_mixin.py:149} INFO - 77693 registros insertados en diabetes_clean_val
[2025-11-09T00:51:42.039+0000] {base.py:73} INFO - Using connection ID 'mysql_conn' for task execution.
[2025-11-09T00:51:48.376+0000] {logging_mixin.py:149} INFO - 40489 registros insertados en diabetes_clean_test
[2025-11-09T00:51:48.393+0000] {logging_mixin.py:149} INFO - Datos de entrenamiento y prueba insertados correctamente.
[2025-11-09T00:51:48.418+0000] {python.py:183} INFO - Done. Returned value was: None
[2025-11-09T00:51:48.429+0000] {taskinstance.py:1368} INFO - Marking task as SUCCESS. dag_id=orquestador, task_id=inserta_en_todas_las_tablas, execution_date=20230101T002000, start_date=20251109T004925, end_date=20251109T005148
[2025-11-09T00:51:48.512+0000] {local_task_job_runner.py:232} INFO - Task exited with return code 0
[2025-11-09T00:51:48.564+0000] {taskinstance.py:2674} INFO - 1 downstream tasks scheduled from follow-on schedule check
[2025-11-09T03:31:12.167+0000] {taskinstance.py:1125} INFO - Dependencies all met for dep_context=non-requeueable deps ti=<TaskInstance: orquestador.inserta_en_todas_las_tablas scheduled__2023-01-01T00:20:00+00:00 [queued]>
[2025-11-09T03:31:12.186+0000] {taskinstance.py:1125} INFO - Dependencies all met for dep_context=requeueable deps ti=<TaskInstance: orquestador.inserta_en_todas_las_tablas scheduled__2023-01-01T00:20:00+00:00 [queued]>
[2025-11-09T03:31:12.187+0000] {taskinstance.py:1331} INFO - Starting attempt 1 of 2
[2025-11-09T03:31:12.213+0000] {taskinstance.py:1350} INFO - Executing <Task(PythonOperator): inserta_en_todas_las_tablas> on 2023-01-01 00:20:00+00:00
[2025-11-09T03:31:12.227+0000] {standard_task_runner.py:57} INFO - Started process 892 to run task
[2025-11-09T03:31:12.232+0000] {standard_task_runner.py:84} INFO - Running: ['***', 'tasks', 'run', 'orquestador', 'inserta_en_todas_las_tablas', 'scheduled__2023-01-01T00:20:00+00:00', '--job-id', '120', '--raw', '--subdir', 'DAGS_FOLDER/orquestador.py', '--cfg-path', '/tmp/tmpmf26owtz']
[2025-11-09T03:31:12.235+0000] {standard_task_runner.py:85} INFO - Job 120: Subtask inserta_en_todas_las_tablas
[2025-11-09T03:31:12.539+0000] {task_command.py:410} INFO - Running <TaskInstance: orquestador.inserta_en_todas_las_tablas scheduled__2023-01-01T00:20:00+00:00 [running]> on host 94c887adfb7d
[2025-11-09T03:31:12.617+0000] {taskinstance.py:1568} INFO - Exporting env vars: AIRFLOW_CTX_DAG_OWNER='***' AIRFLOW_CTX_DAG_ID='orquestador' AIRFLOW_CTX_TASK_ID='inserta_en_todas_las_tablas' AIRFLOW_CTX_EXECUTION_DATE='2023-01-01T00:20:00+00:00' AIRFLOW_CTX_TRY_NUMBER='1' AIRFLOW_CTX_DAG_RUN_ID='scheduled__2023-01-01T00:20:00+00:00'
[2025-11-09T03:31:12.618+0000] {crypto.py:83} WARNING - empty cryptography key - values will not be stored encrypted.
[2025-11-09T03:31:12.619+0000] {base.py:73} INFO - Using connection ID 'mysql_conn' for task execution.
[2025-11-09T03:31:12.647+0000] {warnings.py:109} WARNING - /home/***/.local/lib/python3.9/site-packages/***/providers/common/sql/hooks/sql.py:201: UserWarning: pandas only supports SQLAlchemy connectable (engine/connection) or database string URI or sqlite3 DBAPI2 connection. Other DBAPI2 objects are not tested. Please consider using SQLAlchemy.
  return psql.read_sql(sql, con=conn, params=parameters, **kwargs)

[2025-11-09T03:32:15.455+0000] {base.py:73} INFO - Using connection ID 'mysql_conn' for task execution.
[2025-11-09T03:33:23.535+0000] {logging_mixin.py:149} INFO - 192856 registros insertados en diabetes_clean_train
[2025-11-09T03:33:45.724+0000] {base.py:73} INFO - Using connection ID 'mysql_conn' for task execution.
[2025-11-09T03:34:12.168+0000] {logging_mixin.py:149} INFO - 76578 registros insertados en diabetes_clean_val
[2025-11-09T03:34:23.956+0000] {base.py:73} INFO - Using connection ID 'mysql_conn' for task execution.
[2025-11-09T03:34:37.744+0000] {logging_mixin.py:149} INFO - 39902 registros insertados en diabetes_clean_test
[2025-11-09T03:34:37.764+0000] {logging_mixin.py:149} INFO - Datos de entrenamiento y prueba insertados correctamente.
[2025-11-09T03:34:37.795+0000] {python.py:183} INFO - Done. Returned value was: None
[2025-11-09T03:34:37.806+0000] {taskinstance.py:1368} INFO - Marking task as SUCCESS. dag_id=orquestador, task_id=inserta_en_todas_las_tablas, execution_date=20230101T002000, start_date=20251109T033112, end_date=20251109T033437
[2025-11-09T03:34:37.896+0000] {local_task_job_runner.py:232} INFO - Task exited with return code 0
[2025-11-09T03:34:37.961+0000] {taskinstance.py:2674} INFO - 1 downstream tasks scheduled from follow-on schedule check
