[2025-11-08T03:56:27.459+0000] {taskinstance.py:1125} INFO - Dependencies all met for dep_context=non-requeueable deps ti=<TaskInstance: orquestador.delete_table_raw scheduled__2023-01-01T00:00:00+00:00 [queued]>
[2025-11-08T03:56:27.471+0000] {taskinstance.py:1125} INFO - Dependencies all met for dep_context=requeueable deps ti=<TaskInstance: orquestador.delete_table_raw scheduled__2023-01-01T00:00:00+00:00 [queued]>
[2025-11-08T03:56:27.471+0000] {taskinstance.py:1331} INFO - Starting attempt 2 of 2
[2025-11-08T03:56:27.482+0000] {taskinstance.py:1350} INFO - Executing <Task(MySqlOperator): delete_table_raw> on 2023-01-01 00:00:00+00:00
[2025-11-08T03:56:27.493+0000] {standard_task_runner.py:57} INFO - Started process 69 to run task
[2025-11-08T03:56:27.497+0000] {standard_task_runner.py:84} INFO - Running: ['***', 'tasks', 'run', 'orquestador', 'delete_table_raw', 'scheduled__2023-01-01T00:00:00+00:00', '--job-id', '618', '--raw', '--subdir', 'DAGS_FOLDER/orquestador.py', '--cfg-path', '/tmp/tmp5wx3qkbo']
[2025-11-08T03:56:27.501+0000] {standard_task_runner.py:85} INFO - Job 618: Subtask delete_table_raw
[2025-11-08T03:56:27.567+0000] {task_command.py:410} INFO - Running <TaskInstance: orquestador.delete_table_raw scheduled__2023-01-01T00:00:00+00:00 [running]> on host 068cff9bffb3
[2025-11-08T03:56:27.648+0000] {taskinstance.py:1568} INFO - Exporting env vars: AIRFLOW_CTX_DAG_OWNER='***' AIRFLOW_CTX_DAG_ID='orquestador' AIRFLOW_CTX_TASK_ID='delete_table_raw' AIRFLOW_CTX_EXECUTION_DATE='2023-01-01T00:00:00+00:00' AIRFLOW_CTX_TRY_NUMBER='2' AIRFLOW_CTX_DAG_RUN_ID='scheduled__2023-01-01T00:00:00+00:00'
[2025-11-08T03:56:27.648+0000] {sql.py:262} INFO - Executing: 
DROP TABLE IF EXISTS diabetes_raw

[2025-11-08T03:56:27.649+0000] {crypto.py:83} WARNING - empty cryptography key - values will not be stored encrypted.
[2025-11-08T03:56:27.650+0000] {base.py:73} INFO - Using connection ID 'mysql_conn' for task execution.
[2025-11-08T03:56:27.740+0000] {base.py:73} INFO - Using connection ID 'mysql_conn' for task execution.
[2025-11-08T03:56:27.997+0000] {sql.py:375} INFO - Running statement: 
DROP TABLE IF EXISTS diabetes_raw
, parameters: None
[2025-11-08T03:56:28.005+0000] {sql.py:384} INFO - Rows affected: 0
[2025-11-08T03:56:28.019+0000] {taskinstance.py:1368} INFO - Marking task as SUCCESS. dag_id=orquestador, task_id=delete_table_raw, execution_date=20230101T000000, start_date=20251108T035627, end_date=20251108T035628
[2025-11-08T03:56:28.070+0000] {local_task_job_runner.py:232} INFO - Task exited with return code 0
[2025-11-08T03:56:28.142+0000] {taskinstance.py:2674} INFO - 1 downstream tasks scheduled from follow-on schedule check
