[2025-11-08T03:51:23.290+0000] {taskinstance.py:1125} INFO - Dependencies all met for dep_context=non-requeueable deps ti=<TaskInstance: orquestador.delete_table_raw scheduled__2023-01-01T00:00:00+00:00 [queued]>
[2025-11-08T03:51:23.312+0000] {taskinstance.py:1125} INFO - Dependencies all met for dep_context=requeueable deps ti=<TaskInstance: orquestador.delete_table_raw scheduled__2023-01-01T00:00:00+00:00 [queued]>
[2025-11-08T03:51:23.313+0000] {taskinstance.py:1331} INFO - Starting attempt 1 of 2
[2025-11-08T03:51:23.333+0000] {taskinstance.py:1350} INFO - Executing <Task(MySqlOperator): delete_table_raw> on 2023-01-01 00:00:00+00:00
[2025-11-08T03:51:23.346+0000] {standard_task_runner.py:57} INFO - Started process 530 to run task
[2025-11-08T03:51:23.355+0000] {standard_task_runner.py:84} INFO - Running: ['***', 'tasks', 'run', 'orquestador', 'delete_table_raw', 'scheduled__2023-01-01T00:00:00+00:00', '--job-id', '615', '--raw', '--subdir', 'DAGS_FOLDER/orquestador.py', '--cfg-path', '/tmp/tmp3itk0ia7']
[2025-11-08T03:51:23.717+0000] {standard_task_runner.py:85} INFO - Job 615: Subtask delete_table_raw
[2025-11-08T03:51:23.783+0000] {task_command.py:410} INFO - Running <TaskInstance: orquestador.delete_table_raw scheduled__2023-01-01T00:00:00+00:00 [running]> on host 07d7237ee251
[2025-11-08T03:51:23.883+0000] {taskinstance.py:1568} INFO - Exporting env vars: AIRFLOW_CTX_DAG_OWNER='***' AIRFLOW_CTX_DAG_ID='orquestador' AIRFLOW_CTX_TASK_ID='delete_table_raw' AIRFLOW_CTX_EXECUTION_DATE='2023-01-01T00:00:00+00:00' AIRFLOW_CTX_TRY_NUMBER='1' AIRFLOW_CTX_DAG_RUN_ID='scheduled__2023-01-01T00:00:00+00:00'
[2025-11-08T03:51:23.883+0000] {sql.py:262} INFO - Executing: 
DROP TABLE IF EXISTS diabetes_raw

[2025-11-08T03:51:23.918+0000] {taskinstance.py:1847} ERROR - Task failed with exception
Traceback (most recent call last):
  File "/home/airflow/.local/lib/python3.9/site-packages/airflow/providers/common/sql/operators/sql.py", line 263, in execute
    hook = self.get_db_hook()
  File "/home/airflow/.local/lib/python3.9/site-packages/airflow/providers/common/sql/operators/sql.py", line 181, in get_db_hook
    return self._hook
  File "/usr/local/lib/python3.9/functools.py", line 993, in __get__
    val = self.func(instance)
  File "/home/airflow/.local/lib/python3.9/site-packages/airflow/providers/common/sql/operators/sql.py", line 143, in _hook
    conn = BaseHook.get_connection(self.conn_id)
  File "/home/airflow/.local/lib/python3.9/site-packages/airflow/hooks/base.py", line 72, in get_connection
    conn = Connection.get_connection_from_secrets(conn_id)
  File "/home/airflow/.local/lib/python3.9/site-packages/airflow/models/connection.py", line 434, in get_connection_from_secrets
    raise AirflowNotFoundException(f"The conn_id `{conn_id}` isn't defined")
airflow.exceptions.AirflowNotFoundException: The conn_id `mysql_conn` isn't defined
[2025-11-08T03:51:23.926+0000] {taskinstance.py:1368} INFO - Marking task as UP_FOR_RETRY. dag_id=orquestador, task_id=delete_table_raw, execution_date=20230101T000000, start_date=20251108T035123, end_date=20251108T035123
[2025-11-08T03:51:23.945+0000] {standard_task_runner.py:104} ERROR - Failed to execute job 615 for task delete_table_raw (The conn_id `mysql_conn` isn't defined; 530)
[2025-11-08T03:51:23.971+0000] {local_task_job_runner.py:232} INFO - Task exited with return code 1
[2025-11-08T03:51:24.367+0000] {taskinstance.py:2674} INFO - 0 downstream tasks scheduled from follow-on schedule check
[2025-11-08T04:12:14.739+0000] {taskinstance.py:1125} INFO - Dependencies all met for dep_context=non-requeueable deps ti=<TaskInstance: orquestador.delete_table_raw scheduled__2023-01-01T00:00:00+00:00 [queued]>
[2025-11-08T04:12:14.762+0000] {taskinstance.py:1125} INFO - Dependencies all met for dep_context=requeueable deps ti=<TaskInstance: orquestador.delete_table_raw scheduled__2023-01-01T00:00:00+00:00 [queued]>
[2025-11-08T04:12:14.763+0000] {taskinstance.py:1331} INFO - Starting attempt 1 of 2
[2025-11-08T04:12:14.782+0000] {taskinstance.py:1350} INFO - Executing <Task(MySqlOperator): delete_table_raw> on 2023-01-01 00:00:00+00:00
[2025-11-08T04:12:14.791+0000] {standard_task_runner.py:57} INFO - Started process 356 to run task
[2025-11-08T04:12:14.799+0000] {standard_task_runner.py:84} INFO - Running: ['***', 'tasks', 'run', 'orquestador', 'delete_table_raw', 'scheduled__2023-01-01T00:00:00+00:00', '--job-id', '632', '--raw', '--subdir', 'DAGS_FOLDER/orquestador.py', '--cfg-path', '/tmp/tmp42yh3u3c']
[2025-11-08T04:12:14.802+0000] {standard_task_runner.py:85} INFO - Job 632: Subtask delete_table_raw
[2025-11-08T04:12:15.099+0000] {task_command.py:410} INFO - Running <TaskInstance: orquestador.delete_table_raw scheduled__2023-01-01T00:00:00+00:00 [running]> on host 068cff9bffb3
[2025-11-08T04:12:15.179+0000] {taskinstance.py:1568} INFO - Exporting env vars: AIRFLOW_CTX_DAG_OWNER='***' AIRFLOW_CTX_DAG_ID='orquestador' AIRFLOW_CTX_TASK_ID='delete_table_raw' AIRFLOW_CTX_EXECUTION_DATE='2023-01-01T00:00:00+00:00' AIRFLOW_CTX_TRY_NUMBER='1' AIRFLOW_CTX_DAG_RUN_ID='scheduled__2023-01-01T00:00:00+00:00'
[2025-11-08T04:12:15.180+0000] {sql.py:262} INFO - Executing: 
DROP TABLE IF EXISTS diabetes_raw

[2025-11-08T04:12:15.180+0000] {crypto.py:83} WARNING - empty cryptography key - values will not be stored encrypted.
[2025-11-08T04:12:15.181+0000] {base.py:73} INFO - Using connection ID 'mysql_conn' for task execution.
[2025-11-08T04:12:15.243+0000] {base.py:73} INFO - Using connection ID 'mysql_conn' for task execution.
[2025-11-08T04:12:15.256+0000] {sql.py:375} INFO - Running statement: 
DROP TABLE IF EXISTS diabetes_raw
, parameters: None
[2025-11-08T04:12:15.275+0000] {sql.py:384} INFO - Rows affected: 0
[2025-11-08T04:12:15.286+0000] {taskinstance.py:1368} INFO - Marking task as SUCCESS. dag_id=orquestador, task_id=delete_table_raw, execution_date=20230101T000000, start_date=20251108T041214, end_date=20251108T041215
[2025-11-08T04:12:15.329+0000] {local_task_job_runner.py:232} INFO - Task exited with return code 0
[2025-11-08T04:12:15.582+0000] {taskinstance.py:2674} INFO - 1 downstream tasks scheduled from follow-on schedule check
[2025-11-08T04:27:20.867+0000] {taskinstance.py:1125} INFO - Dependencies all met for dep_context=non-requeueable deps ti=<TaskInstance: orquestador.delete_table_raw scheduled__2023-01-01T00:00:00+00:00 [queued]>
[2025-11-08T04:27:20.879+0000] {taskinstance.py:1125} INFO - Dependencies all met for dep_context=requeueable deps ti=<TaskInstance: orquestador.delete_table_raw scheduled__2023-01-01T00:00:00+00:00 [queued]>
[2025-11-08T04:27:20.879+0000] {taskinstance.py:1331} INFO - Starting attempt 1 of 2
[2025-11-08T04:27:20.900+0000] {taskinstance.py:1350} INFO - Executing <Task(MySqlOperator): delete_table_raw> on 2023-01-01 00:00:00+00:00
[2025-11-08T04:27:20.915+0000] {standard_task_runner.py:57} INFO - Started process 644 to run task
[2025-11-08T04:27:20.924+0000] {standard_task_runner.py:84} INFO - Running: ['***', 'tasks', 'run', 'orquestador', 'delete_table_raw', 'scheduled__2023-01-01T00:00:00+00:00', '--job-id', '646', '--raw', '--subdir', 'DAGS_FOLDER/orquestador.py', '--cfg-path', '/tmp/tmpenqwph2t']
[2025-11-08T04:27:20.927+0000] {standard_task_runner.py:85} INFO - Job 646: Subtask delete_table_raw
[2025-11-08T04:27:21.245+0000] {task_command.py:410} INFO - Running <TaskInstance: orquestador.delete_table_raw scheduled__2023-01-01T00:00:00+00:00 [running]> on host 068cff9bffb3
[2025-11-08T04:27:21.372+0000] {taskinstance.py:1568} INFO - Exporting env vars: AIRFLOW_CTX_DAG_OWNER='***' AIRFLOW_CTX_DAG_ID='orquestador' AIRFLOW_CTX_TASK_ID='delete_table_raw' AIRFLOW_CTX_EXECUTION_DATE='2023-01-01T00:00:00+00:00' AIRFLOW_CTX_TRY_NUMBER='1' AIRFLOW_CTX_DAG_RUN_ID='scheduled__2023-01-01T00:00:00+00:00'
[2025-11-08T04:27:21.372+0000] {sql.py:262} INFO - Executing: 
DROP TABLE IF EXISTS diabetes_raw

[2025-11-08T04:27:21.373+0000] {crypto.py:83} WARNING - empty cryptography key - values will not be stored encrypted.
[2025-11-08T04:27:21.373+0000] {base.py:73} INFO - Using connection ID 'mysql_conn' for task execution.
[2025-11-08T04:27:21.435+0000] {base.py:73} INFO - Using connection ID 'mysql_conn' for task execution.
[2025-11-08T04:27:21.447+0000] {sql.py:375} INFO - Running statement: 
DROP TABLE IF EXISTS diabetes_raw
, parameters: None
[2025-11-08T04:27:21.460+0000] {sql.py:384} INFO - Rows affected: 0
[2025-11-08T04:27:21.473+0000] {taskinstance.py:1368} INFO - Marking task as SUCCESS. dag_id=orquestador, task_id=delete_table_raw, execution_date=20230101T000000, start_date=20251108T042720, end_date=20251108T042721
[2025-11-08T04:27:21.539+0000] {local_task_job_runner.py:232} INFO - Task exited with return code 0
[2025-11-08T04:27:21.985+0000] {taskinstance.py:2674} INFO - 1 downstream tasks scheduled from follow-on schedule check
[2025-11-08T04:35:37.179+0000] {taskinstance.py:1125} INFO - Dependencies all met for dep_context=non-requeueable deps ti=<TaskInstance: orquestador.delete_table_raw scheduled__2023-01-01T00:00:00+00:00 [queued]>
[2025-11-08T04:35:37.194+0000] {taskinstance.py:1125} INFO - Dependencies all met for dep_context=requeueable deps ti=<TaskInstance: orquestador.delete_table_raw scheduled__2023-01-01T00:00:00+00:00 [queued]>
[2025-11-08T04:35:37.194+0000] {taskinstance.py:1331} INFO - Starting attempt 1 of 2
[2025-11-08T04:35:37.209+0000] {taskinstance.py:1350} INFO - Executing <Task(MySqlOperator): delete_table_raw> on 2023-01-01 00:00:00+00:00
[2025-11-08T04:35:37.219+0000] {standard_task_runner.py:57} INFO - Started process 836 to run task
[2025-11-08T04:35:37.228+0000] {standard_task_runner.py:84} INFO - Running: ['***', 'tasks', 'run', 'orquestador', 'delete_table_raw', 'scheduled__2023-01-01T00:00:00+00:00', '--job-id', '660', '--raw', '--subdir', 'DAGS_FOLDER/orquestador.py', '--cfg-path', '/tmp/tmp_f478519']
[2025-11-08T04:35:37.231+0000] {standard_task_runner.py:85} INFO - Job 660: Subtask delete_table_raw
[2025-11-08T04:35:37.531+0000] {task_command.py:410} INFO - Running <TaskInstance: orquestador.delete_table_raw scheduled__2023-01-01T00:00:00+00:00 [running]> on host 068cff9bffb3
[2025-11-08T04:35:37.625+0000] {taskinstance.py:1568} INFO - Exporting env vars: AIRFLOW_CTX_DAG_OWNER='***' AIRFLOW_CTX_DAG_ID='orquestador' AIRFLOW_CTX_TASK_ID='delete_table_raw' AIRFLOW_CTX_EXECUTION_DATE='2023-01-01T00:00:00+00:00' AIRFLOW_CTX_TRY_NUMBER='1' AIRFLOW_CTX_DAG_RUN_ID='scheduled__2023-01-01T00:00:00+00:00'
[2025-11-08T04:35:37.626+0000] {sql.py:262} INFO - Executing: 
DROP TABLE IF EXISTS diabetes_raw

[2025-11-08T04:35:37.626+0000] {crypto.py:83} WARNING - empty cryptography key - values will not be stored encrypted.
[2025-11-08T04:35:37.627+0000] {base.py:73} INFO - Using connection ID 'mysql_conn' for task execution.
[2025-11-08T04:35:37.687+0000] {base.py:73} INFO - Using connection ID 'mysql_conn' for task execution.
[2025-11-08T04:35:37.703+0000] {sql.py:375} INFO - Running statement: 
DROP TABLE IF EXISTS diabetes_raw
, parameters: None
[2025-11-08T04:35:37.737+0000] {sql.py:384} INFO - Rows affected: 0
[2025-11-08T04:35:37.750+0000] {taskinstance.py:1368} INFO - Marking task as SUCCESS. dag_id=orquestador, task_id=delete_table_raw, execution_date=20230101T000000, start_date=20251108T043537, end_date=20251108T043537
[2025-11-08T04:35:37.799+0000] {local_task_job_runner.py:232} INFO - Task exited with return code 0
[2025-11-08T04:35:38.060+0000] {taskinstance.py:2674} INFO - 1 downstream tasks scheduled from follow-on schedule check
[2025-11-08T04:39:21.591+0000] {taskinstance.py:1125} INFO - Dependencies all met for dep_context=non-requeueable deps ti=<TaskInstance: orquestador.delete_table_raw scheduled__2023-01-01T00:00:00+00:00 [queued]>
[2025-11-08T04:39:21.616+0000] {taskinstance.py:1125} INFO - Dependencies all met for dep_context=requeueable deps ti=<TaskInstance: orquestador.delete_table_raw scheduled__2023-01-01T00:00:00+00:00 [queued]>
[2025-11-08T04:39:21.616+0000] {taskinstance.py:1331} INFO - Starting attempt 1 of 2
[2025-11-08T04:39:21.631+0000] {taskinstance.py:1350} INFO - Executing <Task(MySqlOperator): delete_table_raw> on 2023-01-01 00:00:00+00:00
[2025-11-08T04:39:21.640+0000] {standard_task_runner.py:57} INFO - Started process 958 to run task
[2025-11-08T04:39:21.644+0000] {standard_task_runner.py:84} INFO - Running: ['***', 'tasks', 'run', 'orquestador', 'delete_table_raw', 'scheduled__2023-01-01T00:00:00+00:00', '--job-id', '672', '--raw', '--subdir', 'DAGS_FOLDER/orquestador.py', '--cfg-path', '/tmp/tmp50mnns0n']
[2025-11-08T04:39:21.647+0000] {standard_task_runner.py:85} INFO - Job 672: Subtask delete_table_raw
[2025-11-08T04:39:21.938+0000] {task_command.py:410} INFO - Running <TaskInstance: orquestador.delete_table_raw scheduled__2023-01-01T00:00:00+00:00 [running]> on host 068cff9bffb3
[2025-11-08T04:39:22.033+0000] {taskinstance.py:1568} INFO - Exporting env vars: AIRFLOW_CTX_DAG_OWNER='***' AIRFLOW_CTX_DAG_ID='orquestador' AIRFLOW_CTX_TASK_ID='delete_table_raw' AIRFLOW_CTX_EXECUTION_DATE='2023-01-01T00:00:00+00:00' AIRFLOW_CTX_TRY_NUMBER='1' AIRFLOW_CTX_DAG_RUN_ID='scheduled__2023-01-01T00:00:00+00:00'
[2025-11-08T04:39:22.033+0000] {sql.py:262} INFO - Executing: 
DROP TABLE IF EXISTS diabetes_raw

[2025-11-08T04:39:22.034+0000] {crypto.py:83} WARNING - empty cryptography key - values will not be stored encrypted.
[2025-11-08T04:39:22.034+0000] {base.py:73} INFO - Using connection ID 'mysql_conn' for task execution.
[2025-11-08T04:39:22.096+0000] {base.py:73} INFO - Using connection ID 'mysql_conn' for task execution.
[2025-11-08T04:39:22.113+0000] {sql.py:375} INFO - Running statement: 
DROP TABLE IF EXISTS diabetes_raw
, parameters: None
[2025-11-08T04:39:22.127+0000] {sql.py:384} INFO - Rows affected: 0
[2025-11-08T04:39:22.136+0000] {taskinstance.py:1368} INFO - Marking task as SUCCESS. dag_id=orquestador, task_id=delete_table_raw, execution_date=20230101T000000, start_date=20251108T043921, end_date=20251108T043922
[2025-11-08T04:39:22.180+0000] {local_task_job_runner.py:232} INFO - Task exited with return code 0
[2025-11-08T04:39:22.450+0000] {taskinstance.py:2674} INFO - 1 downstream tasks scheduled from follow-on schedule check
[2025-11-08T17:10:34.533+0000] {taskinstance.py:1125} INFO - Dependencies all met for dep_context=non-requeueable deps ti=<TaskInstance: orquestador.delete_table_raw scheduled__2023-01-01T00:00:00+00:00 [queued]>
[2025-11-08T17:10:34.550+0000] {taskinstance.py:1125} INFO - Dependencies all met for dep_context=requeueable deps ti=<TaskInstance: orquestador.delete_table_raw scheduled__2023-01-01T00:00:00+00:00 [queued]>
[2025-11-08T17:10:34.551+0000] {taskinstance.py:1331} INFO - Starting attempt 1 of 2
[2025-11-08T17:10:34.568+0000] {taskinstance.py:1350} INFO - Executing <Task(MySqlOperator): delete_table_raw> on 2023-01-01 00:00:00+00:00
[2025-11-08T17:10:34.585+0000] {standard_task_runner.py:57} INFO - Started process 10997 to run task
[2025-11-08T17:10:34.596+0000] {standard_task_runner.py:84} INFO - Running: ['***', 'tasks', 'run', 'orquestador', 'delete_table_raw', 'scheduled__2023-01-01T00:00:00+00:00', '--job-id', '686', '--raw', '--subdir', 'DAGS_FOLDER/orquestador.py', '--cfg-path', '/tmp/tmp93dkp0fr']
[2025-11-08T17:10:34.601+0000] {standard_task_runner.py:85} INFO - Job 686: Subtask delete_table_raw
[2025-11-08T17:10:35.048+0000] {task_command.py:410} INFO - Running <TaskInstance: orquestador.delete_table_raw scheduled__2023-01-01T00:00:00+00:00 [running]> on host 068cff9bffb3
[2025-11-08T17:10:35.191+0000] {taskinstance.py:1568} INFO - Exporting env vars: AIRFLOW_CTX_DAG_OWNER='***' AIRFLOW_CTX_DAG_ID='orquestador' AIRFLOW_CTX_TASK_ID='delete_table_raw' AIRFLOW_CTX_EXECUTION_DATE='2023-01-01T00:00:00+00:00' AIRFLOW_CTX_TRY_NUMBER='1' AIRFLOW_CTX_DAG_RUN_ID='scheduled__2023-01-01T00:00:00+00:00'
[2025-11-08T17:10:35.192+0000] {sql.py:262} INFO - Executing: 
DROP TABLE IF EXISTS diabetes_raw

[2025-11-08T17:10:35.194+0000] {crypto.py:83} WARNING - empty cryptography key - values will not be stored encrypted.
[2025-11-08T17:10:35.195+0000] {base.py:73} INFO - Using connection ID 'mysql_conn' for task execution.
[2025-11-08T17:10:35.292+0000] {base.py:73} INFO - Using connection ID 'mysql_conn' for task execution.
[2025-11-08T17:10:35.323+0000] {sql.py:375} INFO - Running statement: 
DROP TABLE IF EXISTS diabetes_raw
, parameters: None
[2025-11-08T17:10:35.345+0000] {sql.py:384} INFO - Rows affected: 0
[2025-11-08T17:10:35.366+0000] {taskinstance.py:1368} INFO - Marking task as SUCCESS. dag_id=orquestador, task_id=delete_table_raw, execution_date=20230101T000000, start_date=20251108T171034, end_date=20251108T171035
[2025-11-08T17:10:35.404+0000] {local_task_job_runner.py:232} INFO - Task exited with return code 0
[2025-11-08T17:10:35.753+0000] {taskinstance.py:2674} INFO - 1 downstream tasks scheduled from follow-on schedule check
[2025-11-08T17:35:54.496+0000] {taskinstance.py:1125} INFO - Dependencies all met for dep_context=non-requeueable deps ti=<TaskInstance: orquestador.delete_table_raw scheduled__2023-01-01T00:00:00+00:00 [queued]>
[2025-11-08T17:35:54.510+0000] {taskinstance.py:1125} INFO - Dependencies all met for dep_context=requeueable deps ti=<TaskInstance: orquestador.delete_table_raw scheduled__2023-01-01T00:00:00+00:00 [queued]>
[2025-11-08T17:35:54.510+0000] {taskinstance.py:1331} INFO - Starting attempt 1 of 2
[2025-11-08T17:35:54.524+0000] {taskinstance.py:1350} INFO - Executing <Task(MySqlOperator): delete_table_raw> on 2023-01-01 00:00:00+00:00
[2025-11-08T17:35:54.532+0000] {standard_task_runner.py:57} INFO - Started process 11493 to run task
[2025-11-08T17:35:54.538+0000] {standard_task_runner.py:84} INFO - Running: ['***', 'tasks', 'run', 'orquestador', 'delete_table_raw', 'scheduled__2023-01-01T00:00:00+00:00', '--job-id', '708', '--raw', '--subdir', 'DAGS_FOLDER/orquestador.py', '--cfg-path', '/tmp/tmpll23pfov']
[2025-11-08T17:35:54.541+0000] {standard_task_runner.py:85} INFO - Job 708: Subtask delete_table_raw
[2025-11-08T17:35:54.831+0000] {task_command.py:410} INFO - Running <TaskInstance: orquestador.delete_table_raw scheduled__2023-01-01T00:00:00+00:00 [running]> on host 068cff9bffb3
[2025-11-08T17:35:54.925+0000] {taskinstance.py:1568} INFO - Exporting env vars: AIRFLOW_CTX_DAG_OWNER='***' AIRFLOW_CTX_DAG_ID='orquestador' AIRFLOW_CTX_TASK_ID='delete_table_raw' AIRFLOW_CTX_EXECUTION_DATE='2023-01-01T00:00:00+00:00' AIRFLOW_CTX_TRY_NUMBER='1' AIRFLOW_CTX_DAG_RUN_ID='scheduled__2023-01-01T00:00:00+00:00'
[2025-11-08T17:35:54.926+0000] {sql.py:262} INFO - Executing: 
DROP TABLE IF EXISTS diabetes_raw

[2025-11-08T17:35:54.926+0000] {crypto.py:83} WARNING - empty cryptography key - values will not be stored encrypted.
[2025-11-08T17:35:54.927+0000] {base.py:73} INFO - Using connection ID 'mysql_conn' for task execution.
[2025-11-08T17:35:54.991+0000] {base.py:73} INFO - Using connection ID 'mysql_conn' for task execution.
[2025-11-08T17:35:55.004+0000] {sql.py:375} INFO - Running statement: 
DROP TABLE IF EXISTS diabetes_raw
, parameters: None
[2025-11-08T17:35:55.015+0000] {sql.py:384} INFO - Rows affected: 0
[2025-11-08T17:35:55.031+0000] {taskinstance.py:1368} INFO - Marking task as SUCCESS. dag_id=orquestador, task_id=delete_table_raw, execution_date=20230101T000000, start_date=20251108T173554, end_date=20251108T173555
[2025-11-08T17:35:55.071+0000] {local_task_job_runner.py:232} INFO - Task exited with return code 0
[2025-11-08T17:35:55.317+0000] {taskinstance.py:2674} INFO - 0 downstream tasks scheduled from follow-on schedule check
[2025-11-08T17:40:04.187+0000] {taskinstance.py:1125} INFO - Dependencies all met for dep_context=non-requeueable deps ti=<TaskInstance: orquestador.delete_table_raw scheduled__2023-01-01T00:00:00+00:00 [queued]>
[2025-11-08T17:40:04.200+0000] {taskinstance.py:1125} INFO - Dependencies all met for dep_context=requeueable deps ti=<TaskInstance: orquestador.delete_table_raw scheduled__2023-01-01T00:00:00+00:00 [queued]>
[2025-11-08T17:40:04.200+0000] {taskinstance.py:1331} INFO - Starting attempt 1 of 2
[2025-11-08T17:40:04.214+0000] {taskinstance.py:1350} INFO - Executing <Task(MySqlOperator): delete_table_raw> on 2023-01-01 00:00:00+00:00
[2025-11-08T17:40:04.226+0000] {standard_task_runner.py:57} INFO - Started process 11617 to run task
[2025-11-08T17:40:04.229+0000] {standard_task_runner.py:84} INFO - Running: ['***', 'tasks', 'run', 'orquestador', 'delete_table_raw', 'scheduled__2023-01-01T00:00:00+00:00', '--job-id', '720', '--raw', '--subdir', 'DAGS_FOLDER/orquestador.py', '--cfg-path', '/tmp/tmpxecm7hab']
[2025-11-08T17:40:04.232+0000] {standard_task_runner.py:85} INFO - Job 720: Subtask delete_table_raw
[2025-11-08T17:40:04.513+0000] {task_command.py:410} INFO - Running <TaskInstance: orquestador.delete_table_raw scheduled__2023-01-01T00:00:00+00:00 [running]> on host 068cff9bffb3
[2025-11-08T17:40:04.590+0000] {taskinstance.py:1568} INFO - Exporting env vars: AIRFLOW_CTX_DAG_OWNER='***' AIRFLOW_CTX_DAG_ID='orquestador' AIRFLOW_CTX_TASK_ID='delete_table_raw' AIRFLOW_CTX_EXECUTION_DATE='2023-01-01T00:00:00+00:00' AIRFLOW_CTX_TRY_NUMBER='1' AIRFLOW_CTX_DAG_RUN_ID='scheduled__2023-01-01T00:00:00+00:00'
[2025-11-08T17:40:04.591+0000] {sql.py:262} INFO - Executing: 
DROP TABLE IF EXISTS diabetes_raw

[2025-11-08T17:40:04.591+0000] {crypto.py:83} WARNING - empty cryptography key - values will not be stored encrypted.
[2025-11-08T17:40:04.592+0000] {base.py:73} INFO - Using connection ID 'mysql_conn' for task execution.
[2025-11-08T17:40:04.652+0000] {base.py:73} INFO - Using connection ID 'mysql_conn' for task execution.
[2025-11-08T17:40:04.666+0000] {sql.py:375} INFO - Running statement: 
DROP TABLE IF EXISTS diabetes_raw
, parameters: None
[2025-11-08T17:40:04.679+0000] {sql.py:384} INFO - Rows affected: 0
[2025-11-08T17:40:04.689+0000] {taskinstance.py:1368} INFO - Marking task as SUCCESS. dag_id=orquestador, task_id=delete_table_raw, execution_date=20230101T000000, start_date=20251108T174004, end_date=20251108T174004
[2025-11-08T17:40:04.724+0000] {local_task_job_runner.py:232} INFO - Task exited with return code 0
[2025-11-08T17:40:05.007+0000] {taskinstance.py:2674} INFO - 1 downstream tasks scheduled from follow-on schedule check
[2025-11-08T20:19:05.096+0000] {taskinstance.py:1125} INFO - Dependencies all met for dep_context=non-requeueable deps ti=<TaskInstance: orquestador.delete_table_raw scheduled__2023-01-01T00:00:00+00:00 [queued]>
[2025-11-08T20:19:05.116+0000] {taskinstance.py:1125} INFO - Dependencies all met for dep_context=requeueable deps ti=<TaskInstance: orquestador.delete_table_raw scheduled__2023-01-01T00:00:00+00:00 [queued]>
[2025-11-08T20:19:05.116+0000] {taskinstance.py:1331} INFO - Starting attempt 1 of 2
[2025-11-08T20:19:05.129+0000] {taskinstance.py:1350} INFO - Executing <Task(MySqlOperator): delete_table_raw> on 2023-01-01 00:00:00+00:00
[2025-11-08T20:19:05.137+0000] {standard_task_runner.py:57} INFO - Started process 13800 to run task
[2025-11-08T20:19:05.142+0000] {standard_task_runner.py:84} INFO - Running: ['***', 'tasks', 'run', 'orquestador', 'delete_table_raw', 'scheduled__2023-01-01T00:00:00+00:00', '--job-id', '734', '--raw', '--subdir', 'DAGS_FOLDER/orquestador.py', '--cfg-path', '/tmp/tmpe8v_02_n']
[2025-11-08T20:19:05.145+0000] {standard_task_runner.py:85} INFO - Job 734: Subtask delete_table_raw
[2025-11-08T20:19:05.436+0000] {task_command.py:410} INFO - Running <TaskInstance: orquestador.delete_table_raw scheduled__2023-01-01T00:00:00+00:00 [running]> on host 068cff9bffb3
[2025-11-08T20:19:05.529+0000] {taskinstance.py:1568} INFO - Exporting env vars: AIRFLOW_CTX_DAG_OWNER='***' AIRFLOW_CTX_DAG_ID='orquestador' AIRFLOW_CTX_TASK_ID='delete_table_raw' AIRFLOW_CTX_EXECUTION_DATE='2023-01-01T00:00:00+00:00' AIRFLOW_CTX_TRY_NUMBER='1' AIRFLOW_CTX_DAG_RUN_ID='scheduled__2023-01-01T00:00:00+00:00'
[2025-11-08T20:19:05.531+0000] {sql.py:262} INFO - Executing: 
DROP TABLE IF EXISTS diabetes_raw

[2025-11-08T20:19:05.531+0000] {crypto.py:83} WARNING - empty cryptography key - values will not be stored encrypted.
[2025-11-08T20:19:05.532+0000] {base.py:73} INFO - Using connection ID 'mysql_conn' for task execution.
[2025-11-08T20:19:05.601+0000] {base.py:73} INFO - Using connection ID 'mysql_conn' for task execution.
[2025-11-08T20:19:05.614+0000] {sql.py:375} INFO - Running statement: 
DROP TABLE IF EXISTS diabetes_raw
, parameters: None
[2025-11-08T20:19:05.626+0000] {sql.py:384} INFO - Rows affected: 0
[2025-11-08T20:19:05.640+0000] {taskinstance.py:1368} INFO - Marking task as SUCCESS. dag_id=orquestador, task_id=delete_table_raw, execution_date=20230101T000000, start_date=20251108T201905, end_date=20251108T201905
[2025-11-08T20:19:05.678+0000] {local_task_job_runner.py:232} INFO - Task exited with return code 0
[2025-11-08T20:19:05.929+0000] {taskinstance.py:2674} INFO - 1 downstream tasks scheduled from follow-on schedule check
[2025-11-08T20:22:42.087+0000] {taskinstance.py:1125} INFO - Dependencies all met for dep_context=non-requeueable deps ti=<TaskInstance: orquestador.delete_table_raw scheduled__2023-01-01T00:00:00+00:00 [queued]>
[2025-11-08T20:22:42.112+0000] {taskinstance.py:1125} INFO - Dependencies all met for dep_context=requeueable deps ti=<TaskInstance: orquestador.delete_table_raw scheduled__2023-01-01T00:00:00+00:00 [queued]>
[2025-11-08T20:22:42.113+0000] {taskinstance.py:1331} INFO - Starting attempt 1 of 2
[2025-11-08T20:22:42.130+0000] {taskinstance.py:1350} INFO - Executing <Task(MySqlOperator): delete_table_raw> on 2023-01-01 00:00:00+00:00
[2025-11-08T20:22:42.186+0000] {standard_task_runner.py:57} INFO - Started process 13925 to run task
[2025-11-08T20:22:42.189+0000] {standard_task_runner.py:84} INFO - Running: ['***', 'tasks', 'run', 'orquestador', 'delete_table_raw', 'scheduled__2023-01-01T00:00:00+00:00', '--job-id', '746', '--raw', '--subdir', 'DAGS_FOLDER/orquestador.py', '--cfg-path', '/tmp/tmpqft1nl9j']
[2025-11-08T20:22:42.222+0000] {standard_task_runner.py:85} INFO - Job 746: Subtask delete_table_raw
[2025-11-08T20:22:42.563+0000] {task_command.py:410} INFO - Running <TaskInstance: orquestador.delete_table_raw scheduled__2023-01-01T00:00:00+00:00 [running]> on host 068cff9bffb3
[2025-11-08T20:22:42.678+0000] {taskinstance.py:1568} INFO - Exporting env vars: AIRFLOW_CTX_DAG_OWNER='***' AIRFLOW_CTX_DAG_ID='orquestador' AIRFLOW_CTX_TASK_ID='delete_table_raw' AIRFLOW_CTX_EXECUTION_DATE='2023-01-01T00:00:00+00:00' AIRFLOW_CTX_TRY_NUMBER='1' AIRFLOW_CTX_DAG_RUN_ID='scheduled__2023-01-01T00:00:00+00:00'
[2025-11-08T20:22:42.678+0000] {sql.py:262} INFO - Executing: 
DROP TABLE IF EXISTS diabetes_raw

[2025-11-08T20:22:42.679+0000] {crypto.py:83} WARNING - empty cryptography key - values will not be stored encrypted.
[2025-11-08T20:22:42.681+0000] {base.py:73} INFO - Using connection ID 'mysql_conn' for task execution.
[2025-11-08T20:22:42.743+0000] {base.py:73} INFO - Using connection ID 'mysql_conn' for task execution.
[2025-11-08T20:22:42.760+0000] {sql.py:375} INFO - Running statement: 
DROP TABLE IF EXISTS diabetes_raw
, parameters: None
[2025-11-08T20:22:42.777+0000] {sql.py:384} INFO - Rows affected: 0
[2025-11-08T20:22:42.790+0000] {taskinstance.py:1368} INFO - Marking task as SUCCESS. dag_id=orquestador, task_id=delete_table_raw, execution_date=20230101T000000, start_date=20251108T202242, end_date=20251108T202242
[2025-11-08T20:22:42.823+0000] {local_task_job_runner.py:232} INFO - Task exited with return code 0
[2025-11-08T20:22:43.081+0000] {taskinstance.py:2674} INFO - 1 downstream tasks scheduled from follow-on schedule check
[2025-11-08T20:50:50.497+0000] {taskinstance.py:1125} INFO - Dependencies all met for dep_context=non-requeueable deps ti=<TaskInstance: orquestador.delete_table_raw scheduled__2023-01-01T00:00:00+00:00 [queued]>
[2025-11-08T20:50:50.517+0000] {taskinstance.py:1125} INFO - Dependencies all met for dep_context=requeueable deps ti=<TaskInstance: orquestador.delete_table_raw scheduled__2023-01-01T00:00:00+00:00 [queued]>
[2025-11-08T20:50:50.517+0000] {taskinstance.py:1331} INFO - Starting attempt 1 of 2
[2025-11-08T20:50:50.537+0000] {taskinstance.py:1350} INFO - Executing <Task(MySqlOperator): delete_table_raw> on 2023-01-01 00:00:00+00:00
[2025-11-08T20:50:50.554+0000] {standard_task_runner.py:57} INFO - Started process 14487 to run task
[2025-11-08T20:50:50.563+0000] {standard_task_runner.py:84} INFO - Running: ['***', 'tasks', 'run', 'orquestador', 'delete_table_raw', 'scheduled__2023-01-01T00:00:00+00:00', '--job-id', '768', '--raw', '--subdir', 'DAGS_FOLDER/orquestador.py', '--cfg-path', '/tmp/tmpc5nju9_v']
[2025-11-08T20:50:50.568+0000] {standard_task_runner.py:85} INFO - Job 768: Subtask delete_table_raw
[2025-11-08T20:50:51.004+0000] {task_command.py:410} INFO - Running <TaskInstance: orquestador.delete_table_raw scheduled__2023-01-01T00:00:00+00:00 [running]> on host 068cff9bffb3
[2025-11-08T20:50:51.112+0000] {taskinstance.py:1568} INFO - Exporting env vars: AIRFLOW_CTX_DAG_OWNER='***' AIRFLOW_CTX_DAG_ID='orquestador' AIRFLOW_CTX_TASK_ID='delete_table_raw' AIRFLOW_CTX_EXECUTION_DATE='2023-01-01T00:00:00+00:00' AIRFLOW_CTX_TRY_NUMBER='1' AIRFLOW_CTX_DAG_RUN_ID='scheduled__2023-01-01T00:00:00+00:00'
[2025-11-08T20:50:51.113+0000] {sql.py:262} INFO - Executing: 
DROP TABLE IF EXISTS diabetes_raw

[2025-11-08T20:50:51.114+0000] {crypto.py:83} WARNING - empty cryptography key - values will not be stored encrypted.
[2025-11-08T20:50:51.115+0000] {base.py:73} INFO - Using connection ID 'mysql_conn' for task execution.
[2025-11-08T20:50:51.192+0000] {base.py:73} INFO - Using connection ID 'mysql_conn' for task execution.
[2025-11-08T20:50:51.209+0000] {sql.py:375} INFO - Running statement: 
DROP TABLE IF EXISTS diabetes_raw
, parameters: None
[2025-11-08T20:50:51.235+0000] {sql.py:384} INFO - Rows affected: 0
[2025-11-08T20:50:51.262+0000] {taskinstance.py:1368} INFO - Marking task as SUCCESS. dag_id=orquestador, task_id=delete_table_raw, execution_date=20230101T000000, start_date=20251108T205050, end_date=20251108T205051
[2025-11-08T20:50:51.335+0000] {local_task_job_runner.py:232} INFO - Task exited with return code 0
[2025-11-08T20:50:51.735+0000] {taskinstance.py:2674} INFO - 1 downstream tasks scheduled from follow-on schedule check
[2025-11-08T23:03:24.142+0000] {taskinstance.py:1125} INFO - Dependencies all met for dep_context=non-requeueable deps ti=<TaskInstance: orquestador.delete_table_raw scheduled__2023-01-01T00:00:00+00:00 [queued]>
[2025-11-08T23:03:24.157+0000] {taskinstance.py:1125} INFO - Dependencies all met for dep_context=requeueable deps ti=<TaskInstance: orquestador.delete_table_raw scheduled__2023-01-01T00:00:00+00:00 [queued]>
[2025-11-08T23:03:24.157+0000] {taskinstance.py:1331} INFO - Starting attempt 1 of 2
[2025-11-08T23:03:24.177+0000] {taskinstance.py:1350} INFO - Executing <Task(MySqlOperator): delete_table_raw> on 2023-01-01 00:00:00+00:00
[2025-11-08T23:03:24.186+0000] {standard_task_runner.py:57} INFO - Started process 16624 to run task
[2025-11-08T23:03:24.192+0000] {standard_task_runner.py:84} INFO - Running: ['***', 'tasks', 'run', 'orquestador', 'delete_table_raw', 'scheduled__2023-01-01T00:00:00+00:00', '--job-id', '813', '--raw', '--subdir', 'DAGS_FOLDER/orquestador.py', '--cfg-path', '/tmp/tmp6qkdpvbi']
[2025-11-08T23:03:24.195+0000] {standard_task_runner.py:85} INFO - Job 813: Subtask delete_table_raw
[2025-11-08T23:03:24.532+0000] {task_command.py:410} INFO - Running <TaskInstance: orquestador.delete_table_raw scheduled__2023-01-01T00:00:00+00:00 [running]> on host 068cff9bffb3
[2025-11-08T23:03:24.617+0000] {taskinstance.py:1568} INFO - Exporting env vars: AIRFLOW_CTX_DAG_OWNER='***' AIRFLOW_CTX_DAG_ID='orquestador' AIRFLOW_CTX_TASK_ID='delete_table_raw' AIRFLOW_CTX_EXECUTION_DATE='2023-01-01T00:00:00+00:00' AIRFLOW_CTX_TRY_NUMBER='1' AIRFLOW_CTX_DAG_RUN_ID='scheduled__2023-01-01T00:00:00+00:00'
[2025-11-08T23:03:24.618+0000] {sql.py:262} INFO - Executing: 
DROP TABLE IF EXISTS diabetes_raw

[2025-11-08T23:03:24.618+0000] {crypto.py:83} WARNING - empty cryptography key - values will not be stored encrypted.
[2025-11-08T23:03:24.619+0000] {base.py:73} INFO - Using connection ID 'mysql_conn' for task execution.
[2025-11-08T23:03:24.679+0000] {base.py:73} INFO - Using connection ID 'mysql_conn' for task execution.
[2025-11-08T23:03:24.693+0000] {sql.py:375} INFO - Running statement: 
DROP TABLE IF EXISTS diabetes_raw
, parameters: None
[2025-11-08T23:03:24.795+0000] {sql.py:384} INFO - Rows affected: 0
[2025-11-08T23:03:24.805+0000] {taskinstance.py:1368} INFO - Marking task as SUCCESS. dag_id=orquestador, task_id=delete_table_raw, execution_date=20230101T000000, start_date=20251108T230324, end_date=20251108T230324
[2025-11-08T23:03:24.844+0000] {local_task_job_runner.py:232} INFO - Task exited with return code 0
[2025-11-08T23:03:25.136+0000] {taskinstance.py:2674} INFO - 1 downstream tasks scheduled from follow-on schedule check
[2025-11-08T23:18:56.363+0000] {taskinstance.py:1125} INFO - Dependencies all met for dep_context=non-requeueable deps ti=<TaskInstance: orquestador.delete_table_raw scheduled__2023-01-01T00:00:00+00:00 [queued]>
[2025-11-08T23:18:56.384+0000] {taskinstance.py:1125} INFO - Dependencies all met for dep_context=requeueable deps ti=<TaskInstance: orquestador.delete_table_raw scheduled__2023-01-01T00:00:00+00:00 [queued]>
[2025-11-08T23:18:56.384+0000] {taskinstance.py:1331} INFO - Starting attempt 1 of 2
[2025-11-08T23:18:56.401+0000] {taskinstance.py:1350} INFO - Executing <Task(MySqlOperator): delete_table_raw> on 2023-01-01 00:00:00+00:00
[2025-11-08T23:18:56.412+0000] {standard_task_runner.py:57} INFO - Started process 17042 to run task
[2025-11-08T23:18:56.416+0000] {standard_task_runner.py:84} INFO - Running: ['***', 'tasks', 'run', 'orquestador', 'delete_table_raw', 'scheduled__2023-01-01T00:00:00+00:00', '--job-id', '840', '--raw', '--subdir', 'DAGS_FOLDER/orquestador.py', '--cfg-path', '/tmp/tmp5u6yb219']
[2025-11-08T23:18:56.419+0000] {standard_task_runner.py:85} INFO - Job 840: Subtask delete_table_raw
[2025-11-08T23:18:56.787+0000] {task_command.py:410} INFO - Running <TaskInstance: orquestador.delete_table_raw scheduled__2023-01-01T00:00:00+00:00 [running]> on host 068cff9bffb3
[2025-11-08T23:18:56.904+0000] {taskinstance.py:1568} INFO - Exporting env vars: AIRFLOW_CTX_DAG_OWNER='***' AIRFLOW_CTX_DAG_ID='orquestador' AIRFLOW_CTX_TASK_ID='delete_table_raw' AIRFLOW_CTX_EXECUTION_DATE='2023-01-01T00:00:00+00:00' AIRFLOW_CTX_TRY_NUMBER='1' AIRFLOW_CTX_DAG_RUN_ID='scheduled__2023-01-01T00:00:00+00:00'
[2025-11-08T23:18:56.905+0000] {sql.py:262} INFO - Executing: 
DROP TABLE IF EXISTS diabetes_raw

[2025-11-08T23:18:56.906+0000] {crypto.py:83} WARNING - empty cryptography key - values will not be stored encrypted.
[2025-11-08T23:18:56.906+0000] {base.py:73} INFO - Using connection ID 'mysql_conn' for task execution.
[2025-11-08T23:18:56.980+0000] {base.py:73} INFO - Using connection ID 'mysql_conn' for task execution.
[2025-11-08T23:18:56.995+0000] {sql.py:375} INFO - Running statement: 
DROP TABLE IF EXISTS diabetes_raw
, parameters: None
[2025-11-08T23:18:57.023+0000] {sql.py:384} INFO - Rows affected: 0
[2025-11-08T23:18:57.035+0000] {taskinstance.py:1368} INFO - Marking task as SUCCESS. dag_id=orquestador, task_id=delete_table_raw, execution_date=20230101T000000, start_date=20251108T231856, end_date=20251108T231857
[2025-11-08T23:18:57.078+0000] {local_task_job_runner.py:232} INFO - Task exited with return code 0
[2025-11-08T23:18:57.428+0000] {taskinstance.py:2674} INFO - 0 downstream tasks scheduled from follow-on schedule check
[2025-11-08T23:27:14.835+0000] {taskinstance.py:1125} INFO - Dependencies all met for dep_context=non-requeueable deps ti=<TaskInstance: orquestador.delete_table_raw scheduled__2023-01-01T00:00:00+00:00 [queued]>
[2025-11-08T23:27:14.853+0000] {taskinstance.py:1125} INFO - Dependencies all met for dep_context=requeueable deps ti=<TaskInstance: orquestador.delete_table_raw scheduled__2023-01-01T00:00:00+00:00 [queued]>
[2025-11-08T23:27:14.854+0000] {taskinstance.py:1331} INFO - Starting attempt 1 of 2
[2025-11-08T23:27:14.874+0000] {taskinstance.py:1350} INFO - Executing <Task(MySqlOperator): delete_table_raw> on 2023-01-01 00:00:00+00:00
[2025-11-08T23:27:14.890+0000] {standard_task_runner.py:57} INFO - Started process 17306 to run task
[2025-11-08T23:27:14.901+0000] {standard_task_runner.py:84} INFO - Running: ['***', 'tasks', 'run', 'orquestador', 'delete_table_raw', 'scheduled__2023-01-01T00:00:00+00:00', '--job-id', '861', '--raw', '--subdir', 'DAGS_FOLDER/orquestador.py', '--cfg-path', '/tmp/tmpu49u6isd']
[2025-11-08T23:27:14.906+0000] {standard_task_runner.py:85} INFO - Job 861: Subtask delete_table_raw
[2025-11-08T23:27:15.358+0000] {task_command.py:410} INFO - Running <TaskInstance: orquestador.delete_table_raw scheduled__2023-01-01T00:00:00+00:00 [running]> on host 068cff9bffb3
[2025-11-08T23:27:15.470+0000] {taskinstance.py:1568} INFO - Exporting env vars: AIRFLOW_CTX_DAG_OWNER='***' AIRFLOW_CTX_DAG_ID='orquestador' AIRFLOW_CTX_TASK_ID='delete_table_raw' AIRFLOW_CTX_EXECUTION_DATE='2023-01-01T00:00:00+00:00' AIRFLOW_CTX_TRY_NUMBER='1' AIRFLOW_CTX_DAG_RUN_ID='scheduled__2023-01-01T00:00:00+00:00'
[2025-11-08T23:27:15.471+0000] {sql.py:262} INFO - Executing: 
DROP TABLE IF EXISTS diabetes_raw

[2025-11-08T23:27:15.473+0000] {crypto.py:83} WARNING - empty cryptography key - values will not be stored encrypted.
[2025-11-08T23:27:15.474+0000] {base.py:73} INFO - Using connection ID 'mysql_conn' for task execution.
[2025-11-08T23:27:15.575+0000] {base.py:73} INFO - Using connection ID 'mysql_conn' for task execution.
[2025-11-08T23:27:15.598+0000] {sql.py:375} INFO - Running statement: 
DROP TABLE IF EXISTS diabetes_raw
, parameters: None
[2025-11-08T23:27:15.628+0000] {sql.py:384} INFO - Rows affected: 0
[2025-11-08T23:27:15.648+0000] {taskinstance.py:1368} INFO - Marking task as SUCCESS. dag_id=orquestador, task_id=delete_table_raw, execution_date=20230101T000000, start_date=20251108T232714, end_date=20251108T232715
[2025-11-08T23:27:15.710+0000] {local_task_job_runner.py:232} INFO - Task exited with return code 0
[2025-11-08T23:27:16.175+0000] {taskinstance.py:2674} INFO - 0 downstream tasks scheduled from follow-on schedule check
[2025-11-08T23:33:14.754+0000] {taskinstance.py:1125} INFO - Dependencies all met for dep_context=non-requeueable deps ti=<TaskInstance: orquestador.delete_table_raw scheduled__2023-01-01T00:00:00+00:00 [queued]>
[2025-11-08T23:33:14.766+0000] {taskinstance.py:1125} INFO - Dependencies all met for dep_context=requeueable deps ti=<TaskInstance: orquestador.delete_table_raw scheduled__2023-01-01T00:00:00+00:00 [queued]>
[2025-11-08T23:33:14.767+0000] {taskinstance.py:1331} INFO - Starting attempt 1 of 2
[2025-11-08T23:33:14.784+0000] {taskinstance.py:1350} INFO - Executing <Task(MySqlOperator): delete_table_raw> on 2023-01-01 00:00:00+00:00
[2025-11-08T23:33:14.794+0000] {standard_task_runner.py:57} INFO - Started process 17509 to run task
[2025-11-08T23:33:14.800+0000] {standard_task_runner.py:84} INFO - Running: ['***', 'tasks', 'run', 'orquestador', 'delete_table_raw', 'scheduled__2023-01-01T00:00:00+00:00', '--job-id', '878', '--raw', '--subdir', 'DAGS_FOLDER/orquestador.py', '--cfg-path', '/tmp/tmp4db3_qy1']
[2025-11-08T23:33:14.804+0000] {standard_task_runner.py:85} INFO - Job 878: Subtask delete_table_raw
[2025-11-08T23:33:15.134+0000] {task_command.py:410} INFO - Running <TaskInstance: orquestador.delete_table_raw scheduled__2023-01-01T00:00:00+00:00 [running]> on host 068cff9bffb3
[2025-11-08T23:33:15.214+0000] {taskinstance.py:1568} INFO - Exporting env vars: AIRFLOW_CTX_DAG_OWNER='***' AIRFLOW_CTX_DAG_ID='orquestador' AIRFLOW_CTX_TASK_ID='delete_table_raw' AIRFLOW_CTX_EXECUTION_DATE='2023-01-01T00:00:00+00:00' AIRFLOW_CTX_TRY_NUMBER='1' AIRFLOW_CTX_DAG_RUN_ID='scheduled__2023-01-01T00:00:00+00:00'
[2025-11-08T23:33:15.214+0000] {sql.py:262} INFO - Executing: 
DROP TABLE IF EXISTS diabetes_raw

[2025-11-08T23:33:15.215+0000] {crypto.py:83} WARNING - empty cryptography key - values will not be stored encrypted.
[2025-11-08T23:33:15.215+0000] {base.py:73} INFO - Using connection ID 'mysql_conn' for task execution.
[2025-11-08T23:33:15.279+0000] {base.py:73} INFO - Using connection ID 'mysql_conn' for task execution.
[2025-11-08T23:33:15.293+0000] {sql.py:375} INFO - Running statement: 
DROP TABLE IF EXISTS diabetes_raw
, parameters: None
[2025-11-08T23:33:15.316+0000] {sql.py:384} INFO - Rows affected: 0
[2025-11-08T23:33:15.333+0000] {taskinstance.py:1368} INFO - Marking task as SUCCESS. dag_id=orquestador, task_id=delete_table_raw, execution_date=20230101T000000, start_date=20251108T233314, end_date=20251108T233315
[2025-11-08T23:33:15.375+0000] {local_task_job_runner.py:232} INFO - Task exited with return code 0
[2025-11-08T23:33:15.665+0000] {taskinstance.py:2674} INFO - 1 downstream tasks scheduled from follow-on schedule check
[2025-11-09T00:01:04.163+0000] {taskinstance.py:1125} INFO - Dependencies all met for dep_context=non-requeueable deps ti=<TaskInstance: orquestador.delete_table_raw scheduled__2023-01-01T00:00:00+00:00 [queued]>
[2025-11-09T00:01:04.182+0000] {taskinstance.py:1125} INFO - Dependencies all met for dep_context=requeueable deps ti=<TaskInstance: orquestador.delete_table_raw scheduled__2023-01-01T00:00:00+00:00 [queued]>
[2025-11-09T00:01:04.182+0000] {taskinstance.py:1331} INFO - Starting attempt 1 of 2
[2025-11-09T00:01:04.202+0000] {taskinstance.py:1350} INFO - Executing <Task(MySqlOperator): delete_table_raw> on 2023-01-01 00:00:00+00:00
[2025-11-09T00:01:04.217+0000] {standard_task_runner.py:57} INFO - Started process 135 to run task
[2025-11-09T00:01:04.226+0000] {standard_task_runner.py:84} INFO - Running: ['***', 'tasks', 'run', 'orquestador', 'delete_table_raw', 'scheduled__2023-01-01T00:00:00+00:00', '--job-id', '4', '--raw', '--subdir', 'DAGS_FOLDER/orquestador.py', '--cfg-path', '/tmp/tmpngbzwv9t']
[2025-11-09T00:01:04.229+0000] {standard_task_runner.py:85} INFO - Job 4: Subtask delete_table_raw
[2025-11-09T00:01:04.643+0000] {task_command.py:410} INFO - Running <TaskInstance: orquestador.delete_table_raw scheduled__2023-01-01T00:00:00+00:00 [running]> on host abefff83dc87
[2025-11-09T00:01:04.748+0000] {taskinstance.py:1568} INFO - Exporting env vars: AIRFLOW_CTX_DAG_OWNER='***' AIRFLOW_CTX_DAG_ID='orquestador' AIRFLOW_CTX_TASK_ID='delete_table_raw' AIRFLOW_CTX_EXECUTION_DATE='2023-01-01T00:00:00+00:00' AIRFLOW_CTX_TRY_NUMBER='1' AIRFLOW_CTX_DAG_RUN_ID='scheduled__2023-01-01T00:00:00+00:00'
[2025-11-09T00:01:04.748+0000] {sql.py:262} INFO - Executing: 
DROP TABLE IF EXISTS diabetes_raw

[2025-11-09T00:01:04.749+0000] {crypto.py:83} WARNING - empty cryptography key - values will not be stored encrypted.
[2025-11-09T00:01:04.750+0000] {base.py:73} INFO - Using connection ID 'mysql_conn' for task execution.
[2025-11-09T00:01:04.890+0000] {base.py:73} INFO - Using connection ID 'mysql_conn' for task execution.
[2025-11-09T00:01:05.232+0000] {sql.py:375} INFO - Running statement: 
DROP TABLE IF EXISTS diabetes_raw
, parameters: None
[2025-11-09T00:01:05.237+0000] {sql.py:384} INFO - Rows affected: 0
[2025-11-09T00:01:05.253+0000] {taskinstance.py:1368} INFO - Marking task as SUCCESS. dag_id=orquestador, task_id=delete_table_raw, execution_date=20230101T000000, start_date=20251109T000104, end_date=20251109T000105
[2025-11-09T00:01:05.293+0000] {local_task_job_runner.py:232} INFO - Task exited with return code 0
[2025-11-09T00:01:05.649+0000] {taskinstance.py:2674} INFO - 1 downstream tasks scheduled from follow-on schedule check
[2025-11-09T00:17:45.220+0000] {taskinstance.py:1125} INFO - Dependencies all met for dep_context=non-requeueable deps ti=<TaskInstance: orquestador.delete_table_raw scheduled__2023-01-01T00:00:00+00:00 [queued]>
[2025-11-09T00:17:45.237+0000] {taskinstance.py:1125} INFO - Dependencies all met for dep_context=requeueable deps ti=<TaskInstance: orquestador.delete_table_raw scheduled__2023-01-01T00:00:00+00:00 [queued]>
[2025-11-09T00:17:45.237+0000] {taskinstance.py:1331} INFO - Starting attempt 1 of 2
[2025-11-09T00:17:45.253+0000] {taskinstance.py:1350} INFO - Executing <Task(MySqlOperator): delete_table_raw> on 2023-01-01 00:00:00+00:00
[2025-11-09T00:17:45.263+0000] {standard_task_runner.py:57} INFO - Started process 587 to run task
[2025-11-09T00:17:45.269+0000] {standard_task_runner.py:84} INFO - Running: ['***', 'tasks', 'run', 'orquestador', 'delete_table_raw', 'scheduled__2023-01-01T00:00:00+00:00', '--job-id', '34', '--raw', '--subdir', 'DAGS_FOLDER/orquestador.py', '--cfg-path', '/tmp/tmp4hxt7g7b']
[2025-11-09T00:17:45.274+0000] {standard_task_runner.py:85} INFO - Job 34: Subtask delete_table_raw
[2025-11-09T00:17:45.602+0000] {task_command.py:410} INFO - Running <TaskInstance: orquestador.delete_table_raw scheduled__2023-01-01T00:00:00+00:00 [running]> on host abefff83dc87
[2025-11-09T00:17:45.703+0000] {taskinstance.py:1568} INFO - Exporting env vars: AIRFLOW_CTX_DAG_OWNER='***' AIRFLOW_CTX_DAG_ID='orquestador' AIRFLOW_CTX_TASK_ID='delete_table_raw' AIRFLOW_CTX_EXECUTION_DATE='2023-01-01T00:00:00+00:00' AIRFLOW_CTX_TRY_NUMBER='1' AIRFLOW_CTX_DAG_RUN_ID='scheduled__2023-01-01T00:00:00+00:00'
[2025-11-09T00:17:45.703+0000] {sql.py:262} INFO - Executing: 
DROP TABLE IF EXISTS diabetes_raw

[2025-11-09T00:17:45.704+0000] {crypto.py:83} WARNING - empty cryptography key - values will not be stored encrypted.
[2025-11-09T00:17:45.704+0000] {base.py:73} INFO - Using connection ID 'mysql_conn' for task execution.
[2025-11-09T00:17:45.808+0000] {base.py:73} INFO - Using connection ID 'mysql_conn' for task execution.
[2025-11-09T00:17:45.824+0000] {sql.py:375} INFO - Running statement: 
DROP TABLE IF EXISTS diabetes_raw
, parameters: None
[2025-11-09T00:17:45.849+0000] {sql.py:384} INFO - Rows affected: 0
[2025-11-09T00:17:45.862+0000] {taskinstance.py:1368} INFO - Marking task as SUCCESS. dag_id=orquestador, task_id=delete_table_raw, execution_date=20230101T000000, start_date=20251109T001745, end_date=20251109T001745
[2025-11-09T00:17:45.920+0000] {local_task_job_runner.py:232} INFO - Task exited with return code 0
[2025-11-09T00:17:46.192+0000] {taskinstance.py:2674} INFO - 1 downstream tasks scheduled from follow-on schedule check
