[2025-11-09T01:00:21.142+0000] {taskinstance.py:1125} INFO - Dependencies all met for dep_context=non-requeueable deps ti=<TaskInstance: orquestador.train_ml_model scheduled__2023-01-01T00:20:00+00:00 [queued]>
[2025-11-09T01:00:21.156+0000] {taskinstance.py:1125} INFO - Dependencies all met for dep_context=requeueable deps ti=<TaskInstance: orquestador.train_ml_model scheduled__2023-01-01T00:20:00+00:00 [queued]>
[2025-11-09T01:00:21.156+0000] {taskinstance.py:1331} INFO - Starting attempt 2 of 2
[2025-11-09T01:00:21.169+0000] {taskinstance.py:1350} INFO - Executing <Task(PythonOperator): train_ml_model> on 2023-01-01 00:20:00+00:00
[2025-11-09T01:00:21.179+0000] {standard_task_runner.py:57} INFO - Started process 1508 to run task
[2025-11-09T01:00:21.183+0000] {standard_task_runner.py:84} INFO - Running: ['***', 'tasks', 'run', 'orquestador', 'train_ml_model', 'scheduled__2023-01-01T00:20:00+00:00', '--job-id', '76', '--raw', '--subdir', 'DAGS_FOLDER/orquestador.py', '--cfg-path', '/tmp/tmp78lwvi7g']
[2025-11-09T01:00:21.186+0000] {standard_task_runner.py:85} INFO - Job 76: Subtask train_ml_model
[2025-11-09T01:00:21.479+0000] {task_command.py:410} INFO - Running <TaskInstance: orquestador.train_ml_model scheduled__2023-01-01T00:20:00+00:00 [running]> on host abefff83dc87
[2025-11-09T01:00:21.568+0000] {taskinstance.py:1568} INFO - Exporting env vars: AIRFLOW_CTX_DAG_OWNER='***' AIRFLOW_CTX_DAG_ID='orquestador' AIRFLOW_CTX_TASK_ID='train_ml_model' AIRFLOW_CTX_EXECUTION_DATE='2023-01-01T00:20:00+00:00' AIRFLOW_CTX_TRY_NUMBER='2' AIRFLOW_CTX_DAG_RUN_ID='scheduled__2023-01-01T00:20:00+00:00'
[2025-11-09T01:00:21.569+0000] {crypto.py:83} WARNING - empty cryptography key - values will not be stored encrypted.
[2025-11-09T01:00:21.569+0000] {base.py:73} INFO - Using connection ID 'mysql_conn' for task execution.
[2025-11-09T01:00:21.579+0000] {taskinstance.py:1847} ERROR - Task failed with exception
Traceback (most recent call last):
  File "/home/airflow/.local/lib/python3.9/site-packages/airflow/operators/python.py", line 181, in execute
    return_value = self.execute_callable()
  File "/home/airflow/.local/lib/python3.9/site-packages/airflow/operators/python.py", line 198, in execute_callable
    return self.python_callable(*self.op_args, **self.op_kwargs)
  File "/opt/airflow/dags/scripts/funciones.py", line 467, in train_model
    df = hook.get_pandas_df(sql=query)
  File "/home/airflow/.local/lib/python3.9/site-packages/airflow/providers/common/sql/hooks/sql.py", line 200, in get_pandas_df
    with closing(self.get_conn()) as conn:
  File "/home/airflow/.local/lib/python3.9/site-packages/airflow/providers/mysql/hooks/mysql.py", line 188, in get_conn
    return MySQLdb.connect(**conn_config)
  File "/home/airflow/.local/lib/python3.9/site-packages/MySQLdb/__init__.py", line 123, in Connect
    return Connection(*args, **kwargs)
  File "/home/airflow/.local/lib/python3.9/site-packages/MySQLdb/connections.py", line 185, in __init__
    super().__init__(*args, **kwargs2)
MySQLdb.OperationalError: (2005, "Unknown MySQL server host 'mysql' (-2)")
[2025-11-09T01:00:21.590+0000] {taskinstance.py:1368} INFO - Marking task as FAILED. dag_id=orquestador, task_id=train_ml_model, execution_date=20230101T002000, start_date=20251109T010021, end_date=20251109T010021
[2025-11-09T01:00:21.601+0000] {standard_task_runner.py:104} ERROR - Failed to execute job 76 for task train_ml_model ((2005, "Unknown MySQL server host 'mysql' (-2)"); 1508)
[2025-11-09T01:00:21.636+0000] {local_task_job_runner.py:232} INFO - Task exited with return code 1
[2025-11-09T01:00:21.864+0000] {taskinstance.py:2674} INFO - 0 downstream tasks scheduled from follow-on schedule check
