[2025-11-08T20:59:12.969+0000] {taskinstance.py:1125} INFO - Dependencies all met for dep_context=non-requeueable deps ti=<TaskInstance: orquestador.promueve_a_produccion scheduled__2023-01-01T00:05:00+00:00 [queued]>
[2025-11-08T20:59:13.021+0000] {taskinstance.py:1125} INFO - Dependencies all met for dep_context=requeueable deps ti=<TaskInstance: orquestador.promueve_a_produccion scheduled__2023-01-01T00:05:00+00:00 [queued]>
[2025-11-08T20:59:13.025+0000] {taskinstance.py:1331} INFO - Starting attempt 1 of 2
[2025-11-08T20:59:13.056+0000] {taskinstance.py:1350} INFO - Executing <Task(PythonOperator): promueve_a_produccion> on 2023-01-01 00:05:00+00:00
[2025-11-08T20:59:13.069+0000] {standard_task_runner.py:57} INFO - Started process 14765 to run task
[2025-11-08T20:59:13.076+0000] {standard_task_runner.py:84} INFO - Running: ['***', 'tasks', 'run', 'orquestador', 'promueve_a_produccion', 'scheduled__2023-01-01T00:05:00+00:00', '--job-id', '789', '--raw', '--subdir', 'DAGS_FOLDER/orquestador.py', '--cfg-path', '/tmp/tmpipz89mmb']
[2025-11-08T20:59:13.084+0000] {standard_task_runner.py:85} INFO - Job 789: Subtask promueve_a_produccion
[2025-11-08T20:59:13.387+0000] {task_command.py:410} INFO - Running <TaskInstance: orquestador.promueve_a_produccion scheduled__2023-01-01T00:05:00+00:00 [running]> on host 068cff9bffb3
[2025-11-08T20:59:13.494+0000] {taskinstance.py:1568} INFO - Exporting env vars: AIRFLOW_CTX_DAG_OWNER='***' AIRFLOW_CTX_DAG_ID='orquestador' AIRFLOW_CTX_TASK_ID='promueve_a_produccion' AIRFLOW_CTX_EXECUTION_DATE='2023-01-01T00:05:00+00:00' AIRFLOW_CTX_TRY_NUMBER='1' AIRFLOW_CTX_DAG_RUN_ID='scheduled__2023-01-01T00:05:00+00:00'
[2025-11-08T20:59:13.495+0000] {logging_mixin.py:149} INFO - 🚀 Promoviendo el mejor modelo a Production...
[2025-11-08T20:59:13.641+0000] {logging_mixin.py:149} INFO - 🏆 Mejor modelo encontrado: versión 2 con accuracy=0.7334
[2025-11-08T20:59:13.695+0000] {logging_mixin.py:149} INFO - ✅ Modelo GradientBoostingModel v2 promovido a Production con accuracy=0.7334
[2025-11-08T20:59:13.695+0000] {logging_mixin.py:149} INFO - 🎯 ¡Proceso completado exitosamente!
[2025-11-08T20:59:13.696+0000] {python.py:183} INFO - Done. Returned value was: None
[2025-11-08T20:59:13.707+0000] {taskinstance.py:1368} INFO - Marking task as SUCCESS. dag_id=orquestador, task_id=promueve_a_produccion, execution_date=20230101T000500, start_date=20251108T205912, end_date=20251108T205913
[2025-11-08T20:59:13.776+0000] {local_task_job_runner.py:232} INFO - Task exited with return code 0
[2025-11-08T20:59:13.994+0000] {taskinstance.py:2674} INFO - 1 downstream tasks scheduled from follow-on schedule check
[2025-11-08T23:11:24.160+0000] {taskinstance.py:1125} INFO - Dependencies all met for dep_context=non-requeueable deps ti=<TaskInstance: orquestador.promueve_a_produccion scheduled__2023-01-01T00:05:00+00:00 [queued]>
[2025-11-08T23:11:24.176+0000] {taskinstance.py:1125} INFO - Dependencies all met for dep_context=requeueable deps ti=<TaskInstance: orquestador.promueve_a_produccion scheduled__2023-01-01T00:05:00+00:00 [queued]>
[2025-11-08T23:11:24.176+0000] {taskinstance.py:1331} INFO - Starting attempt 1 of 2
[2025-11-08T23:11:24.192+0000] {taskinstance.py:1350} INFO - Executing <Task(PythonOperator): promueve_a_produccion> on 2023-01-01 00:05:00+00:00
[2025-11-08T23:11:24.201+0000] {standard_task_runner.py:57} INFO - Started process 16904 to run task
[2025-11-08T23:11:24.207+0000] {standard_task_runner.py:84} INFO - Running: ['***', 'tasks', 'run', 'orquestador', 'promueve_a_produccion', 'scheduled__2023-01-01T00:05:00+00:00', '--job-id', '834', '--raw', '--subdir', 'DAGS_FOLDER/orquestador.py', '--cfg-path', '/tmp/tmp_vmsmui9']
[2025-11-08T23:11:24.210+0000] {standard_task_runner.py:85} INFO - Job 834: Subtask promueve_a_produccion
[2025-11-08T23:11:24.516+0000] {task_command.py:410} INFO - Running <TaskInstance: orquestador.promueve_a_produccion scheduled__2023-01-01T00:05:00+00:00 [running]> on host 068cff9bffb3
[2025-11-08T23:11:24.608+0000] {taskinstance.py:1568} INFO - Exporting env vars: AIRFLOW_CTX_DAG_OWNER='***' AIRFLOW_CTX_DAG_ID='orquestador' AIRFLOW_CTX_TASK_ID='promueve_a_produccion' AIRFLOW_CTX_EXECUTION_DATE='2023-01-01T00:05:00+00:00' AIRFLOW_CTX_TRY_NUMBER='1' AIRFLOW_CTX_DAG_RUN_ID='scheduled__2023-01-01T00:05:00+00:00'
[2025-11-08T23:11:24.609+0000] {logging_mixin.py:149} INFO - 🚀 Promoviendo el mejor modelo a Production...
[2025-11-08T23:11:24.775+0000] {logging_mixin.py:149} INFO - 🏆 Mejor modelo encontrado: versión 4 con accuracy=0.7367
[2025-11-08T23:11:24.798+0000] {logging_mixin.py:149} INFO - ✅ Modelo GradientBoostingModel v4 promovido a Production con accuracy=0.7367
[2025-11-08T23:11:24.798+0000] {logging_mixin.py:149} INFO - 🎯 ¡Proceso completado exitosamente!
[2025-11-08T23:11:24.798+0000] {python.py:183} INFO - Done. Returned value was: None
[2025-11-08T23:11:24.812+0000] {taskinstance.py:1368} INFO - Marking task as SUCCESS. dag_id=orquestador, task_id=promueve_a_produccion, execution_date=20230101T000500, start_date=20251108T231124, end_date=20251108T231124
[2025-11-08T23:11:24.861+0000] {local_task_job_runner.py:232} INFO - Task exited with return code 0
[2025-11-08T23:11:25.082+0000] {taskinstance.py:2674} INFO - 1 downstream tasks scheduled from follow-on schedule check
[2025-11-09T00:09:51.896+0000] {taskinstance.py:1125} INFO - Dependencies all met for dep_context=non-requeueable deps ti=<TaskInstance: orquestador.promueve_a_produccion scheduled__2023-01-01T00:05:00+00:00 [queued]>
[2025-11-09T00:09:51.911+0000] {taskinstance.py:1125} INFO - Dependencies all met for dep_context=requeueable deps ti=<TaskInstance: orquestador.promueve_a_produccion scheduled__2023-01-01T00:05:00+00:00 [queued]>
[2025-11-09T00:09:51.911+0000] {taskinstance.py:1331} INFO - Starting attempt 1 of 2
[2025-11-09T00:09:51.925+0000] {taskinstance.py:1350} INFO - Executing <Task(PythonOperator): promueve_a_produccion> on 2023-01-01 00:05:00+00:00
[2025-11-09T00:09:51.936+0000] {standard_task_runner.py:57} INFO - Started process 430 to run task
[2025-11-09T00:09:51.942+0000] {standard_task_runner.py:84} INFO - Running: ['***', 'tasks', 'run', 'orquestador', 'promueve_a_produccion', 'scheduled__2023-01-01T00:05:00+00:00', '--job-id', '25', '--raw', '--subdir', 'DAGS_FOLDER/orquestador.py', '--cfg-path', '/tmp/tmpfjd9rp70']
[2025-11-09T00:09:51.945+0000] {standard_task_runner.py:85} INFO - Job 25: Subtask promueve_a_produccion
[2025-11-09T00:09:52.270+0000] {task_command.py:410} INFO - Running <TaskInstance: orquestador.promueve_a_produccion scheduled__2023-01-01T00:05:00+00:00 [running]> on host abefff83dc87
[2025-11-09T00:09:52.378+0000] {taskinstance.py:1568} INFO - Exporting env vars: AIRFLOW_CTX_DAG_OWNER='***' AIRFLOW_CTX_DAG_ID='orquestador' AIRFLOW_CTX_TASK_ID='promueve_a_produccion' AIRFLOW_CTX_EXECUTION_DATE='2023-01-01T00:05:00+00:00' AIRFLOW_CTX_TRY_NUMBER='1' AIRFLOW_CTX_DAG_RUN_ID='scheduled__2023-01-01T00:05:00+00:00'
[2025-11-09T00:09:52.379+0000] {logging_mixin.py:149} INFO - 🚀 Promoviendo el mejor modelo a Production...
[2025-11-09T00:09:52.488+0000] {logging_mixin.py:149} INFO - 🏆 Mejor modelo encontrado: versión 2 con accuracy=0.7317
[2025-11-09T00:09:52.509+0000] {logging_mixin.py:149} INFO - ✅ Modelo GradientBoostingModel v2 promovido a Production con accuracy=0.7317
[2025-11-09T00:09:52.509+0000] {logging_mixin.py:149} INFO - 🎯 ¡Proceso completado exitosamente!
[2025-11-09T00:09:52.509+0000] {python.py:183} INFO - Done. Returned value was: None
[2025-11-09T00:09:52.520+0000] {taskinstance.py:1368} INFO - Marking task as SUCCESS. dag_id=orquestador, task_id=promueve_a_produccion, execution_date=20230101T000500, start_date=20251109T000951, end_date=20251109T000952
[2025-11-09T00:09:52.560+0000] {local_task_job_runner.py:232} INFO - Task exited with return code 0
[2025-11-09T00:09:52.771+0000] {taskinstance.py:2674} INFO - 1 downstream tasks scheduled from follow-on schedule check
[2025-11-09T00:26:03.045+0000] {taskinstance.py:1125} INFO - Dependencies all met for dep_context=non-requeueable deps ti=<TaskInstance: orquestador.promueve_a_produccion scheduled__2023-01-01T00:05:00+00:00 [queued]>
[2025-11-09T00:26:03.070+0000] {taskinstance.py:1125} INFO - Dependencies all met for dep_context=requeueable deps ti=<TaskInstance: orquestador.promueve_a_produccion scheduled__2023-01-01T00:05:00+00:00 [queued]>
[2025-11-09T00:26:03.070+0000] {taskinstance.py:1331} INFO - Starting attempt 1 of 2
[2025-11-09T00:26:03.084+0000] {taskinstance.py:1350} INFO - Executing <Task(PythonOperator): promueve_a_produccion> on 2023-01-01 00:05:00+00:00
[2025-11-09T00:26:03.094+0000] {standard_task_runner.py:57} INFO - Started process 876 to run task
[2025-11-09T00:26:03.101+0000] {standard_task_runner.py:84} INFO - Running: ['***', 'tasks', 'run', 'orquestador', 'promueve_a_produccion', 'scheduled__2023-01-01T00:05:00+00:00', '--job-id', '55', '--raw', '--subdir', 'DAGS_FOLDER/orquestador.py', '--cfg-path', '/tmp/tmp7wkmw400']
[2025-11-09T00:26:03.104+0000] {standard_task_runner.py:85} INFO - Job 55: Subtask promueve_a_produccion
[2025-11-09T00:26:03.397+0000] {task_command.py:410} INFO - Running <TaskInstance: orquestador.promueve_a_produccion scheduled__2023-01-01T00:05:00+00:00 [running]> on host abefff83dc87
[2025-11-09T00:26:03.490+0000] {taskinstance.py:1568} INFO - Exporting env vars: AIRFLOW_CTX_DAG_OWNER='***' AIRFLOW_CTX_DAG_ID='orquestador' AIRFLOW_CTX_TASK_ID='promueve_a_produccion' AIRFLOW_CTX_EXECUTION_DATE='2023-01-01T00:05:00+00:00' AIRFLOW_CTX_TRY_NUMBER='1' AIRFLOW_CTX_DAG_RUN_ID='scheduled__2023-01-01T00:05:00+00:00'
[2025-11-09T00:26:03.491+0000] {logging_mixin.py:149} INFO - 🚀 Promoviendo el mejor modelo a Production...
[2025-11-09T00:26:03.617+0000] {logging_mixin.py:149} INFO - 🏆 Mejor modelo encontrado: versión 3 con accuracy=0.7717
[2025-11-09T00:26:03.634+0000] {logging_mixin.py:149} INFO - ✅ Modelo GradientBoostingModel v3 promovido a Production con accuracy=0.7717
[2025-11-09T00:26:03.635+0000] {logging_mixin.py:149} INFO - 🎯 ¡Proceso completado exitosamente!
[2025-11-09T00:26:03.635+0000] {python.py:183} INFO - Done. Returned value was: None
[2025-11-09T00:26:03.648+0000] {taskinstance.py:1368} INFO - Marking task as SUCCESS. dag_id=orquestador, task_id=promueve_a_produccion, execution_date=20230101T000500, start_date=20251109T002603, end_date=20251109T002603
[2025-11-09T00:26:03.677+0000] {local_task_job_runner.py:232} INFO - Task exited with return code 0
[2025-11-09T00:26:03.899+0000] {taskinstance.py:2674} INFO - 1 downstream tasks scheduled from follow-on schedule check
[2025-11-09T03:06:06.227+0000] {taskinstance.py:1125} INFO - Dependencies all met for dep_context=non-requeueable deps ti=<TaskInstance: orquestador.promueve_a_produccion scheduled__2023-01-01T00:05:00+00:00 [queued]>
[2025-11-09T03:06:06.240+0000] {taskinstance.py:1125} INFO - Dependencies all met for dep_context=requeueable deps ti=<TaskInstance: orquestador.promueve_a_produccion scheduled__2023-01-01T00:05:00+00:00 [queued]>
[2025-11-09T03:06:06.241+0000] {taskinstance.py:1331} INFO - Starting attempt 1 of 2
[2025-11-09T03:06:06.255+0000] {taskinstance.py:1350} INFO - Executing <Task(PythonOperator): promueve_a_produccion> on 2023-01-01 00:05:00+00:00
[2025-11-09T03:06:06.264+0000] {standard_task_runner.py:57} INFO - Started process 393 to run task
[2025-11-09T03:06:06.270+0000] {standard_task_runner.py:84} INFO - Running: ['***', 'tasks', 'run', 'orquestador', 'promueve_a_produccion', 'scheduled__2023-01-01T00:05:00+00:00', '--job-id', '101', '--raw', '--subdir', 'DAGS_FOLDER/orquestador.py', '--cfg-path', '/tmp/tmpqf5e4xud']
[2025-11-09T03:06:06.273+0000] {standard_task_runner.py:85} INFO - Job 101: Subtask promueve_a_produccion
[2025-11-09T03:06:06.587+0000] {task_command.py:410} INFO - Running <TaskInstance: orquestador.promueve_a_produccion scheduled__2023-01-01T00:05:00+00:00 [running]> on host 94c887adfb7d
[2025-11-09T03:06:06.695+0000] {taskinstance.py:1568} INFO - Exporting env vars: AIRFLOW_CTX_DAG_OWNER='***' AIRFLOW_CTX_DAG_ID='orquestador' AIRFLOW_CTX_TASK_ID='promueve_a_produccion' AIRFLOW_CTX_EXECUTION_DATE='2023-01-01T00:05:00+00:00' AIRFLOW_CTX_TRY_NUMBER='1' AIRFLOW_CTX_DAG_RUN_ID='scheduled__2023-01-01T00:05:00+00:00'
[2025-11-09T03:06:06.696+0000] {logging_mixin.py:149} INFO - 🚀 Promoviendo el mejor modelo a Production...
[2025-11-09T03:06:06.882+0000] {logging_mixin.py:149} INFO - 🏆 Mejor modelo encontrado: versión 3 con accuracy=0.7717
[2025-11-09T03:06:06.909+0000] {logging_mixin.py:149} INFO - ✅ Modelo GradientBoostingModel v3 promovido a Production con accuracy=0.7717
[2025-11-09T03:06:06.909+0000] {logging_mixin.py:149} INFO - 🎯 ¡Proceso completado exitosamente!
[2025-11-09T03:06:06.909+0000] {python.py:183} INFO - Done. Returned value was: None
[2025-11-09T03:06:06.924+0000] {taskinstance.py:1368} INFO - Marking task as SUCCESS. dag_id=orquestador, task_id=promueve_a_produccion, execution_date=20230101T000500, start_date=20251109T030606, end_date=20251109T030606
[2025-11-09T03:06:06.961+0000] {local_task_job_runner.py:232} INFO - Task exited with return code 0
[2025-11-09T03:06:07.199+0000] {taskinstance.py:2674} INFO - 1 downstream tasks scheduled from follow-on schedule check
[2025-11-10T02:20:37.101+0000] {taskinstance.py:1125} INFO - Dependencies all met for dep_context=non-requeueable deps ti=<TaskInstance: orquestador.promueve_a_produccion scheduled__2023-01-01T00:05:00+00:00 [queued]>
[2025-11-10T02:20:37.115+0000] {taskinstance.py:1125} INFO - Dependencies all met for dep_context=requeueable deps ti=<TaskInstance: orquestador.promueve_a_produccion scheduled__2023-01-01T00:05:00+00:00 [queued]>
[2025-11-10T02:20:37.116+0000] {taskinstance.py:1331} INFO - Starting attempt 1 of 2
[2025-11-10T02:20:37.129+0000] {taskinstance.py:1350} INFO - Executing <Task(PythonOperator): promueve_a_produccion> on 2023-01-01 00:05:00+00:00
[2025-11-10T02:20:37.137+0000] {standard_task_runner.py:57} INFO - Started process 6416 to run task
[2025-11-10T02:20:37.142+0000] {standard_task_runner.py:84} INFO - Running: ['***', 'tasks', 'run', 'orquestador', 'promueve_a_produccion', 'scheduled__2023-01-01T00:05:00+00:00', '--job-id', '163', '--raw', '--subdir', 'DAGS_FOLDER/orquestador.py', '--cfg-path', '/tmp/tmp50ci93s9']
[2025-11-10T02:20:37.145+0000] {standard_task_runner.py:85} INFO - Job 163: Subtask promueve_a_produccion
[2025-11-10T02:20:37.423+0000] {task_command.py:410} INFO - Running <TaskInstance: orquestador.promueve_a_produccion scheduled__2023-01-01T00:05:00+00:00 [running]> on host 94c887adfb7d
[2025-11-10T02:20:37.512+0000] {taskinstance.py:1568} INFO - Exporting env vars: AIRFLOW_CTX_DAG_OWNER='***' AIRFLOW_CTX_DAG_ID='orquestador' AIRFLOW_CTX_TASK_ID='promueve_a_produccion' AIRFLOW_CTX_EXECUTION_DATE='2023-01-01T00:05:00+00:00' AIRFLOW_CTX_TRY_NUMBER='1' AIRFLOW_CTX_DAG_RUN_ID='scheduled__2023-01-01T00:05:00+00:00'
[2025-11-10T02:20:37.512+0000] {logging_mixin.py:149} INFO - 🚀 Promoviendo el mejor modelo a Production...
[2025-11-10T02:20:37.774+0000] {logging_mixin.py:149} INFO - 🏆 Mejor modelo encontrado: versión 12 con accuracy=0.7717
[2025-11-10T02:20:37.820+0000] {logging_mixin.py:149} INFO - ✅ Modelo GradientBoostingModel v12 promovido a Production con accuracy=0.7717
[2025-11-10T02:20:37.821+0000] {logging_mixin.py:149} INFO - 🎯 ¡Proceso completado exitosamente!
[2025-11-10T02:20:37.822+0000] {python.py:183} INFO - Done. Returned value was: None
[2025-11-10T02:20:37.841+0000] {taskinstance.py:1368} INFO - Marking task as SUCCESS. dag_id=orquestador, task_id=promueve_a_produccion, execution_date=20230101T000500, start_date=20251110T022037, end_date=20251110T022037
[2025-11-10T02:20:37.878+0000] {local_task_job_runner.py:232} INFO - Task exited with return code 0
[2025-11-10T02:20:38.093+0000] {taskinstance.py:2674} INFO - 1 downstream tasks scheduled from follow-on schedule check
