[2025-11-08T21:12:14.060+0000] {taskinstance.py:1125} INFO - Dependencies all met for dep_context=non-requeueable deps ti=<TaskInstance: orquestador.check_first_run scheduled__2023-01-01T00:15:00+00:00 [queued]>
[2025-11-08T21:12:14.071+0000] {taskinstance.py:1125} INFO - Dependencies all met for dep_context=requeueable deps ti=<TaskInstance: orquestador.check_first_run scheduled__2023-01-01T00:15:00+00:00 [queued]>
[2025-11-08T21:12:14.071+0000] {taskinstance.py:1331} INFO - Starting attempt 1 of 2
[2025-11-08T21:12:14.086+0000] {taskinstance.py:1350} INFO - Executing <Task(BranchPythonOperator): check_first_run> on 2023-01-01 00:15:00+00:00
[2025-11-08T21:12:14.095+0000] {standard_task_runner.py:57} INFO - Started process 15022 to run task
[2025-11-08T21:12:14.105+0000] {standard_task_runner.py:84} INFO - Running: ['***', 'tasks', 'run', 'orquestador', 'check_first_run', 'scheduled__2023-01-01T00:15:00+00:00', '--job-id', '798', '--raw', '--subdir', 'DAGS_FOLDER/orquestador.py', '--cfg-path', '/tmp/tmp99q8p8tl']
[2025-11-08T21:12:14.109+0000] {standard_task_runner.py:85} INFO - Job 798: Subtask check_first_run
[2025-11-08T21:12:14.438+0000] {task_command.py:410} INFO - Running <TaskInstance: orquestador.check_first_run scheduled__2023-01-01T00:15:00+00:00 [running]> on host 068cff9bffb3
[2025-11-08T21:12:14.551+0000] {taskinstance.py:1568} INFO - Exporting env vars: AIRFLOW_CTX_DAG_OWNER='***' AIRFLOW_CTX_DAG_ID='orquestador' AIRFLOW_CTX_TASK_ID='check_first_run' AIRFLOW_CTX_EXECUTION_DATE='2023-01-01T00:15:00+00:00' AIRFLOW_CTX_TRY_NUMBER='1' AIRFLOW_CTX_DAG_RUN_ID='scheduled__2023-01-01T00:15:00+00:00'
[2025-11-08T21:12:14.552+0000] {warnings.py:109} WARNING - /home/***/.local/lib/python3.9/site-packages/***/utils/context.py:313: AirflowContextDeprecationWarning: Accessing 'execution_date' from the template is deprecated and will be removed in a future version. Please use 'data_interval_start' or 'logical_date' instead.
  warnings.warn(_create_deprecation_warning(k, replacements))

[2025-11-08T21:12:14.552+0000] {python.py:183} INFO - Done. Returned value was: skip_table_creation
[2025-11-08T21:12:14.552+0000] {python.py:216} INFO - Branch callable return skip_table_creation
[2025-11-08T21:12:14.552+0000] {skipmixin.py:161} INFO - Following branch skip_table_creation
[2025-11-08T21:12:14.552+0000] {skipmixin.py:221} INFO - Skipping tasks ['delete_table_val', 'delete_table_raw', 'delete_table_clean', 'delete_table_train', 'delete_table_test']
[2025-11-08T21:12:14.608+0000] {taskinstance.py:1368} INFO - Marking task as SUCCESS. dag_id=orquestador, task_id=check_first_run, execution_date=20230101T001500, start_date=20251108T211214, end_date=20251108T211214
[2025-11-08T21:12:14.637+0000] {local_task_job_runner.py:232} INFO - Task exited with return code 0
[2025-11-08T21:12:14.930+0000] {taskinstance.py:2674} INFO - 0 downstream tasks scheduled from follow-on schedule check
[2025-11-09T00:38:57.235+0000] {taskinstance.py:1125} INFO - Dependencies all met for dep_context=non-requeueable deps ti=<TaskInstance: orquestador.check_first_run scheduled__2023-01-01T00:15:00+00:00 [queued]>
[2025-11-09T00:38:57.251+0000] {taskinstance.py:1125} INFO - Dependencies all met for dep_context=requeueable deps ti=<TaskInstance: orquestador.check_first_run scheduled__2023-01-01T00:15:00+00:00 [queued]>
[2025-11-09T00:38:57.251+0000] {taskinstance.py:1331} INFO - Starting attempt 1 of 2
[2025-11-09T00:38:57.266+0000] {taskinstance.py:1350} INFO - Executing <Task(BranchPythonOperator): check_first_run> on 2023-01-01 00:15:00+00:00
[2025-11-09T00:38:57.276+0000] {standard_task_runner.py:57} INFO - Started process 1128 to run task
[2025-11-09T00:38:57.280+0000] {standard_task_runner.py:84} INFO - Running: ['***', 'tasks', 'run', 'orquestador', 'check_first_run', 'scheduled__2023-01-01T00:15:00+00:00', '--job-id', '64', '--raw', '--subdir', 'DAGS_FOLDER/orquestador.py', '--cfg-path', '/tmp/tmpwjf_4ivg']
[2025-11-09T00:38:57.284+0000] {standard_task_runner.py:85} INFO - Job 64: Subtask check_first_run
[2025-11-09T00:38:57.604+0000] {task_command.py:410} INFO - Running <TaskInstance: orquestador.check_first_run scheduled__2023-01-01T00:15:00+00:00 [running]> on host abefff83dc87
[2025-11-09T00:38:57.714+0000] {taskinstance.py:1568} INFO - Exporting env vars: AIRFLOW_CTX_DAG_OWNER='***' AIRFLOW_CTX_DAG_ID='orquestador' AIRFLOW_CTX_TASK_ID='check_first_run' AIRFLOW_CTX_EXECUTION_DATE='2023-01-01T00:15:00+00:00' AIRFLOW_CTX_TRY_NUMBER='1' AIRFLOW_CTX_DAG_RUN_ID='scheduled__2023-01-01T00:15:00+00:00'
[2025-11-09T00:38:57.715+0000] {warnings.py:109} WARNING - /home/***/.local/lib/python3.9/site-packages/***/utils/context.py:313: AirflowContextDeprecationWarning: Accessing 'execution_date' from the template is deprecated and will be removed in a future version. Please use 'data_interval_start' or 'logical_date' instead.
  warnings.warn(_create_deprecation_warning(k, replacements))

[2025-11-09T00:38:57.715+0000] {python.py:183} INFO - Done. Returned value was: skip_table_creation
[2025-11-09T00:38:57.715+0000] {python.py:216} INFO - Branch callable return skip_table_creation
[2025-11-09T00:38:57.715+0000] {skipmixin.py:161} INFO - Following branch skip_table_creation
[2025-11-09T00:38:57.716+0000] {skipmixin.py:221} INFO - Skipping tasks ['delete_table_train', 'delete_table_val', 'delete_table_test', 'delete_table_raw', 'delete_table_clean']
[2025-11-09T00:38:57.773+0000] {taskinstance.py:1368} INFO - Marking task as SUCCESS. dag_id=orquestador, task_id=check_first_run, execution_date=20230101T001500, start_date=20251109T003857, end_date=20251109T003857
[2025-11-09T00:38:57.816+0000] {local_task_job_runner.py:232} INFO - Task exited with return code 0
[2025-11-09T00:38:58.116+0000] {taskinstance.py:2674} INFO - 0 downstream tasks scheduled from follow-on schedule check
