[2025-11-08T03:08:05.547+0000] {taskinstance.py:1125} INFO - Dependencies all met for dep_context=non-requeueable deps ti=<TaskInstance: orquestador.prueba_modelo scheduled__2025-11-08T02:50:00+00:00 [queued]>
[2025-11-08T03:08:05.557+0000] {taskinstance.py:1125} INFO - Dependencies all met for dep_context=requeueable deps ti=<TaskInstance: orquestador.prueba_modelo scheduled__2025-11-08T02:50:00+00:00 [queued]>
[2025-11-08T03:08:05.558+0000] {taskinstance.py:1331} INFO - Starting attempt 2 of 2
[2025-11-08T03:08:05.572+0000] {taskinstance.py:1350} INFO - Executing <Task(PythonOperator): prueba_modelo> on 2025-11-08 02:50:00+00:00
[2025-11-08T03:08:05.580+0000] {standard_task_runner.py:57} INFO - Started process 151 to run task
[2025-11-08T03:08:05.583+0000] {standard_task_runner.py:84} INFO - Running: ['***', 'tasks', 'run', 'orquestador', 'prueba_modelo', 'scheduled__2025-11-08T02:50:00+00:00', '--job-id', '601', '--raw', '--subdir', 'DAGS_FOLDER/orquestador.py', '--cfg-path', '/tmp/tmpkgqnqd5w']
[2025-11-08T03:08:05.587+0000] {standard_task_runner.py:85} INFO - Job 601: Subtask prueba_modelo
[2025-11-08T03:08:05.646+0000] {task_command.py:410} INFO - Running <TaskInstance: orquestador.prueba_modelo scheduled__2025-11-08T02:50:00+00:00 [running]> on host dcb4b6e6cb99
[2025-11-08T03:08:05.742+0000] {taskinstance.py:1568} INFO - Exporting env vars: AIRFLOW_CTX_DAG_OWNER='***' AIRFLOW_CTX_DAG_ID='orquestador' AIRFLOW_CTX_TASK_ID='prueba_modelo' AIRFLOW_CTX_EXECUTION_DATE='2025-11-08T02:50:00+00:00' AIRFLOW_CTX_TRY_NUMBER='2' AIRFLOW_CTX_DAG_RUN_ID='scheduled__2025-11-08T02:50:00+00:00'
[2025-11-08T03:08:05.744+0000] {logging_mixin.py:149} INFO - 📘 Cargando datos de penguins...
[2025-11-08T03:08:05.765+0000] {logging_mixin.py:149} INFO - 🔗 Conectando a MLflow en http://10.43.100.98:8084
[2025-11-08T03:08:05.814+0000] {logging_mixin.py:149} INFO - ⚙️ Entrenando modelo...
[2025-11-08T03:08:06.233+0000] {logging_mixin.py:149} INFO - 🧾 Registrando modelo en MLflow...
[2025-11-08T03:08:06.301+0000] {logging_mixin.py:149} WARNING - 2025/11/08 03:08:06 WARNING mlflow.utils.git_utils: Failed to import Git (the Git executable is probably not on your PATH), so Git SHA is not available. Error: Failed to initialize: Bad git executable.
The git executable must be specified in one of the following ways:
    - be included in your $PATH
    - be set via $GIT_PYTHON_GIT_EXECUTABLE
    - explicitly set via git.refresh(<full-path-to-git-executable>)

All git commands will error until this is rectified.

This initial message can be silenced or aggravated in the future by setting the
$GIT_PYTHON_REFRESH environment variable. Use one of the following values:
    - quiet|q|silence|s|silent|none|n|0: for no message or exception
    - warn|w|warning|log|l|1: for a warning message (logging level CRITICAL, displayed by default)
    - error|e|exception|raise|r|2: for a raised exception

Example:
    export GIT_PYTHON_REFRESH=quiet
[2025-11-08T03:08:11.483+0000] {warnings.py:109} WARNING - /home/***/.local/lib/python3.9/site-packages/_distutils_hack/__init__.py:33: UserWarning: Setuptools is replacing distutils.
  warnings.warn("Setuptools is replacing distutils.")

