[2025-11-08T21:12:33.357+0000] {taskinstance.py:1125} INFO - Dependencies all met for dep_context=non-requeueable deps ti=<TaskInstance: orquestador.clean_and_transform scheduled__2023-01-01T00:15:00+00:00 [queued]>
[2025-11-08T21:12:33.385+0000] {taskinstance.py:1125} INFO - Dependencies all met for dep_context=requeueable deps ti=<TaskInstance: orquestador.clean_and_transform scheduled__2023-01-01T00:15:00+00:00 [queued]>
[2025-11-08T21:12:33.385+0000] {taskinstance.py:1331} INFO - Starting attempt 1 of 2
[2025-11-08T21:12:33.400+0000] {taskinstance.py:1350} INFO - Executing <Task(PythonOperator): clean_and_transform> on 2023-01-01 00:15:00+00:00
[2025-11-08T21:12:33.410+0000] {standard_task_runner.py:57} INFO - Started process 15034 to run task
[2025-11-08T21:12:33.420+0000] {standard_task_runner.py:84} INFO - Running: ['***', 'tasks', 'run', 'orquestador', 'clean_and_transform', 'scheduled__2023-01-01T00:15:00+00:00', '--job-id', '800', '--raw', '--subdir', 'DAGS_FOLDER/orquestador.py', '--cfg-path', '/tmp/tmp1k58bkk4']
[2025-11-08T21:12:33.424+0000] {standard_task_runner.py:85} INFO - Job 800: Subtask clean_and_transform
[2025-11-08T21:12:33.737+0000] {task_command.py:410} INFO - Running <TaskInstance: orquestador.clean_and_transform scheduled__2023-01-01T00:15:00+00:00 [running]> on host 068cff9bffb3
[2025-11-08T21:12:33.840+0000] {taskinstance.py:1568} INFO - Exporting env vars: AIRFLOW_CTX_DAG_OWNER='***' AIRFLOW_CTX_DAG_ID='orquestador' AIRFLOW_CTX_TASK_ID='clean_and_transform' AIRFLOW_CTX_EXECUTION_DATE='2023-01-01T00:15:00+00:00' AIRFLOW_CTX_TRY_NUMBER='1' AIRFLOW_CTX_DAG_RUN_ID='scheduled__2023-01-01T00:15:00+00:00'
[2025-11-08T21:12:33.841+0000] {logging_mixin.py:149} INFO - Leyendo datos desde diabetes_raw...
[2025-11-08T21:12:33.842+0000] {crypto.py:83} WARNING - empty cryptography key - values will not be stored encrypted.
[2025-11-08T21:12:33.842+0000] {base.py:73} INFO - Using connection ID 'mysql_conn' for task execution.
[2025-11-08T21:12:33.867+0000] {warnings.py:109} WARNING - /home/***/.local/lib/python3.9/site-packages/***/providers/common/sql/hooks/sql.py:201: UserWarning: pandas only supports SQLAlchemy connectable (engine/connection) or database string URI or sqlite3 DBAPI2 connection. Other DBAPI2 objects are not tested. Please consider using SQLAlchemy.
  return psql.read_sql(sql, con=conn, params=parameters, **kwargs)

[2025-11-08T21:12:34.717+0000] {logging_mixin.py:149} INFO - 60000 registros leídos
[2025-11-08T21:12:34.717+0000] {logging_mixin.py:149} INFO - Limpiando datos y creando variables dummy...
[2025-11-08T21:12:36.202+0000] {logging_mixin.py:149} INFO - base exportada exitosamente
[2025-11-08T21:12:36.203+0000] {logging_mixin.py:149} INFO - DataFrame limpio: (60000, 61)
[2025-11-08T21:12:36.203+0000] {logging_mixin.py:149} INFO - Columnas generadas: 61
[2025-11-08T21:12:52.016+0000] {base.py:73} INFO - Using connection ID 'mysql_conn' for task execution.
[2025-11-08T21:13:01.950+0000] {logging_mixin.py:149} INFO - 60000 registros insertados en diabetes_clean
[2025-11-08T21:13:01.972+0000] {logging_mixin.py:149} INFO - 
Proceso completo: Limpieza e inserción terminada
[2025-11-08T21:13:02.029+0000] {python.py:183} INFO - Done. Returned value was:        discharge_disposition_id  ...  diag_3_Respiratory
0                            25  ...                   0
1                             1  ...                   0
2                             1  ...                   0
3                             1  ...                   0
4                             1  ...                   0
...                         ...  ...                 ...
59995                         6  ...                   0
59996                         1  ...                   0
59997                         1  ...                   0
59998                         1  ...                   1
59999                        18  ...                   0

[60000 rows x 61 columns]
[2025-11-08T21:13:02.400+0000] {taskinstance.py:1368} INFO - Marking task as SUCCESS. dag_id=orquestador, task_id=clean_and_transform, execution_date=20230101T001500, start_date=20251108T211233, end_date=20251108T211302
[2025-11-08T21:13:02.471+0000] {local_task_job_runner.py:232} INFO - Task exited with return code 0
[2025-11-08T21:13:02.516+0000] {taskinstance.py:2674} INFO - 1 downstream tasks scheduled from follow-on schedule check
[2025-11-09T00:39:15.445+0000] {taskinstance.py:1125} INFO - Dependencies all met for dep_context=non-requeueable deps ti=<TaskInstance: orquestador.clean_and_transform scheduled__2023-01-01T00:15:00+00:00 [queued]>
[2025-11-09T00:39:15.471+0000] {taskinstance.py:1125} INFO - Dependencies all met for dep_context=requeueable deps ti=<TaskInstance: orquestador.clean_and_transform scheduled__2023-01-01T00:15:00+00:00 [queued]>
[2025-11-09T00:39:15.471+0000] {taskinstance.py:1331} INFO - Starting attempt 1 of 2
[2025-11-09T00:39:15.492+0000] {taskinstance.py:1350} INFO - Executing <Task(PythonOperator): clean_and_transform> on 2023-01-01 00:15:00+00:00
[2025-11-09T00:39:15.501+0000] {standard_task_runner.py:57} INFO - Started process 1147 to run task
[2025-11-09T00:39:15.507+0000] {standard_task_runner.py:84} INFO - Running: ['***', 'tasks', 'run', 'orquestador', 'clean_and_transform', 'scheduled__2023-01-01T00:15:00+00:00', '--job-id', '66', '--raw', '--subdir', 'DAGS_FOLDER/orquestador.py', '--cfg-path', '/tmp/tmpesi24uwn']
[2025-11-09T00:39:15.511+0000] {standard_task_runner.py:85} INFO - Job 66: Subtask clean_and_transform
[2025-11-09T00:39:15.817+0000] {task_command.py:410} INFO - Running <TaskInstance: orquestador.clean_and_transform scheduled__2023-01-01T00:15:00+00:00 [running]> on host abefff83dc87
[2025-11-09T00:39:15.917+0000] {taskinstance.py:1568} INFO - Exporting env vars: AIRFLOW_CTX_DAG_OWNER='***' AIRFLOW_CTX_DAG_ID='orquestador' AIRFLOW_CTX_TASK_ID='clean_and_transform' AIRFLOW_CTX_EXECUTION_DATE='2023-01-01T00:15:00+00:00' AIRFLOW_CTX_TRY_NUMBER='1' AIRFLOW_CTX_DAG_RUN_ID='scheduled__2023-01-01T00:15:00+00:00'
[2025-11-09T00:39:15.918+0000] {logging_mixin.py:149} INFO - Leyendo datos desde diabetes_raw...
[2025-11-09T00:39:15.919+0000] {crypto.py:83} WARNING - empty cryptography key - values will not be stored encrypted.
[2025-11-09T00:39:15.920+0000] {base.py:73} INFO - Using connection ID 'mysql_conn' for task execution.
[2025-11-09T00:39:15.941+0000] {warnings.py:109} WARNING - /home/***/.local/lib/python3.9/site-packages/***/providers/common/sql/hooks/sql.py:201: UserWarning: pandas only supports SQLAlchemy connectable (engine/connection) or database string URI or sqlite3 DBAPI2 connection. Other DBAPI2 objects are not tested. Please consider using SQLAlchemy.
  return psql.read_sql(sql, con=conn, params=parameters, **kwargs)

[2025-11-09T00:39:16.771+0000] {logging_mixin.py:149} INFO - 56766 registros leídos
[2025-11-09T00:39:16.771+0000] {logging_mixin.py:149} INFO - Limpiando datos y creando variables dummy...
[2025-11-09T00:39:18.186+0000] {logging_mixin.py:149} INFO - base exportada exitosamente
[2025-11-09T00:39:18.186+0000] {logging_mixin.py:149} INFO - DataFrame limpio: (56766, 61)
[2025-11-09T00:39:18.187+0000] {logging_mixin.py:149} INFO - Columnas generadas: 61
[2025-11-09T00:39:34.267+0000] {base.py:73} INFO - Using connection ID 'mysql_conn' for task execution.
[2025-11-09T00:39:43.533+0000] {logging_mixin.py:149} INFO - 56766 registros insertados en diabetes_clean
[2025-11-09T00:39:43.553+0000] {logging_mixin.py:149} INFO - 
Proceso completo: Limpieza e inserción terminada
[2025-11-09T00:39:43.616+0000] {python.py:183} INFO - Done. Returned value was:        discharge_disposition_id  ...  diag_3_Respiratory
0                            18  ...                   1
1                            18  ...                   0
2                             1  ...                   0
3                             6  ...                   0
4                             1  ...                   0
...                         ...  ...                 ...
56761                         1  ...                   0
56762                         1  ...                   0
56763                         1  ...                   0
56764                         1  ...                   0
56765                         6  ...                   0

[56766 rows x 61 columns]
[2025-11-09T00:39:43.986+0000] {taskinstance.py:1368} INFO - Marking task as SUCCESS. dag_id=orquestador, task_id=clean_and_transform, execution_date=20230101T001500, start_date=20251109T003915, end_date=20251109T003943
[2025-11-09T00:39:44.029+0000] {local_task_job_runner.py:232} INFO - Task exited with return code 0
[2025-11-09T00:39:44.085+0000] {taskinstance.py:2674} INFO - 1 downstream tasks scheduled from follow-on schedule check
