[2025-11-08T20:36:47.812+0000] {taskinstance.py:1125} INFO - Dependencies all met for dep_context=non-requeueable deps ti=<TaskInstance: orquestador.train_ml_model scheduled__2023-01-01T00:05:00+00:00 [queued]>
[2025-11-08T20:36:47.839+0000] {taskinstance.py:1125} INFO - Dependencies all met for dep_context=requeueable deps ti=<TaskInstance: orquestador.train_ml_model scheduled__2023-01-01T00:05:00+00:00 [queued]>
[2025-11-08T20:36:47.840+0000] {taskinstance.py:1331} INFO - Starting attempt 1 of 2
[2025-11-08T20:36:47.859+0000] {taskinstance.py:1350} INFO - Executing <Task(PythonOperator): train_ml_model> on 2023-01-01 00:05:00+00:00
[2025-11-08T20:36:47.869+0000] {standard_task_runner.py:57} INFO - Started process 14266 to run task
[2025-11-08T20:36:47.877+0000] {standard_task_runner.py:84} INFO - Running: ['***', 'tasks', 'run', 'orquestador', 'train_ml_model', 'scheduled__2023-01-01T00:05:00+00:00', '--job-id', '766', '--raw', '--subdir', 'DAGS_FOLDER/orquestador.py', '--cfg-path', '/tmp/tmpobpshp45']
[2025-11-08T20:36:47.882+0000] {standard_task_runner.py:85} INFO - Job 766: Subtask train_ml_model
[2025-11-08T20:36:48.203+0000] {task_command.py:410} INFO - Running <TaskInstance: orquestador.train_ml_model scheduled__2023-01-01T00:05:00+00:00 [running]> on host 068cff9bffb3
[2025-11-08T20:36:48.308+0000] {taskinstance.py:1568} INFO - Exporting env vars: AIRFLOW_CTX_DAG_OWNER='***' AIRFLOW_CTX_DAG_ID='orquestador' AIRFLOW_CTX_TASK_ID='train_ml_model' AIRFLOW_CTX_EXECUTION_DATE='2023-01-01T00:05:00+00:00' AIRFLOW_CTX_TRY_NUMBER='1' AIRFLOW_CTX_DAG_RUN_ID='scheduled__2023-01-01T00:05:00+00:00'
[2025-11-08T20:36:48.309+0000] {crypto.py:83} WARNING - empty cryptography key - values will not be stored encrypted.
[2025-11-08T20:36:48.309+0000] {base.py:73} INFO - Using connection ID 'mysql_conn' for task execution.
[2025-11-08T20:36:48.323+0000] {warnings.py:109} WARNING - /home/***/.local/lib/python3.9/site-packages/***/providers/common/sql/hooks/sql.py:201: UserWarning: pandas only supports SQLAlchemy connectable (engine/connection) or database string URI or sqlite3 DBAPI2 connection. Other DBAPI2 objects are not tested. Please consider using SQLAlchemy.
  return psql.read_sql(sql, con=conn, params=parameters, **kwargs)

[2025-11-08T20:37:01.825+0000] {base.py:73} INFO - Using connection ID 'mysql_conn' for task execution.
[2025-11-08T20:37:01.835+0000] {warnings.py:109} WARNING - /home/***/.local/lib/python3.9/site-packages/***/providers/common/sql/hooks/sql.py:201: UserWarning: pandas only supports SQLAlchemy connectable (engine/connection) or database string URI or sqlite3 DBAPI2 connection. Other DBAPI2 objects are not tested. Please consider using SQLAlchemy.
  return psql.read_sql(sql, con=conn, params=parameters, **kwargs)

[2025-11-08T20:37:02.202+0000] {logging_mixin.py:149} INFO - Accuracy: 0.7685745734727573
[2025-11-08T20:37:02.203+0000] {logging_mixin.py:149} INFO - 🔗 Conectando a MLflow en http://10.43.100.98:8084
[2025-11-08T20:37:02.887+0000] {logging_mixin.py:149} WARNING - 2025/11/08 20:37:02 WARNING mlflow.utils.git_utils: Failed to import Git (the Git executable is probably not on your PATH), so Git SHA is not available. Error: Failed to initialize: Bad git executable.
The git executable must be specified in one of the following ways:
    - be included in your $PATH
    - be set via $GIT_PYTHON_GIT_EXECUTABLE
    - explicitly set via git.refresh(<full-path-to-git-executable>)

All git commands will error until this is rectified.

This initial message can be silenced or aggravated in the future by setting the
$GIT_PYTHON_REFRESH environment variable. Use one of the following values:
    - quiet|q|silence|s|silent|none|n|0: for no message or exception
    - warn|w|warning|log|l|1: for a warning message (logging level CRITICAL, displayed by default)
    - error|e|exception|raise|r|2: for a raised exception

Example:
    export GIT_PYTHON_REFRESH=quiet
[2025-11-08T20:37:07.243+0000] {warnings.py:109} WARNING - /home/***/.local/lib/python3.9/site-packages/_distutils_hack/__init__.py:33: UserWarning: Setuptools is replacing distutils.
  warnings.warn("Setuptools is replacing distutils.")

[2025-11-08T20:37:07.353+0000] {credentials.py:1123} INFO - Found credentials in environment variables.
[2025-11-08T20:37:07.586+0000] {logging_mixin.py:149} INFO - Modelo guardado en: /opt/***/models/GradientBoosting.pkl
[2025-11-08T20:37:07.586+0000] {logging_mixin.py:149} INFO -  Run registrado en MLflow con nombre: GradientBoosting2
[2025-11-08T20:37:07.590+0000] {python.py:183} INFO - Done. Returned value was: None
[2025-11-08T20:37:07.605+0000] {taskinstance.py:1368} INFO - Marking task as SUCCESS. dag_id=orquestador, task_id=train_ml_model, execution_date=20230101T000500, start_date=20251108T203647, end_date=20251108T203707
[2025-11-08T20:37:07.670+0000] {local_task_job_runner.py:232} INFO - Task exited with return code 0
[2025-11-08T20:37:07.718+0000] {taskinstance.py:2674} INFO - 0 downstream tasks scheduled from follow-on schedule check
[2025-11-08T20:58:45.768+0000] {taskinstance.py:1125} INFO - Dependencies all met for dep_context=non-requeueable deps ti=<TaskInstance: orquestador.train_ml_model scheduled__2023-01-01T00:05:00+00:00 [queued]>
[2025-11-08T20:58:45.781+0000] {taskinstance.py:1125} INFO - Dependencies all met for dep_context=requeueable deps ti=<TaskInstance: orquestador.train_ml_model scheduled__2023-01-01T00:05:00+00:00 [queued]>
[2025-11-08T20:58:45.781+0000] {taskinstance.py:1331} INFO - Starting attempt 1 of 2
[2025-11-08T20:58:45.795+0000] {taskinstance.py:1350} INFO - Executing <Task(PythonOperator): train_ml_model> on 2023-01-01 00:05:00+00:00
[2025-11-08T20:58:45.804+0000] {standard_task_runner.py:57} INFO - Started process 14732 to run task
[2025-11-08T20:58:45.814+0000] {standard_task_runner.py:84} INFO - Running: ['***', 'tasks', 'run', 'orquestador', 'train_ml_model', 'scheduled__2023-01-01T00:05:00+00:00', '--job-id', '788', '--raw', '--subdir', 'DAGS_FOLDER/orquestador.py', '--cfg-path', '/tmp/tmpltxvbtc6']
[2025-11-08T20:58:45.819+0000] {standard_task_runner.py:85} INFO - Job 788: Subtask train_ml_model
[2025-11-08T20:58:46.129+0000] {task_command.py:410} INFO - Running <TaskInstance: orquestador.train_ml_model scheduled__2023-01-01T00:05:00+00:00 [running]> on host 068cff9bffb3
[2025-11-08T20:58:46.228+0000] {taskinstance.py:1568} INFO - Exporting env vars: AIRFLOW_CTX_DAG_OWNER='***' AIRFLOW_CTX_DAG_ID='orquestador' AIRFLOW_CTX_TASK_ID='train_ml_model' AIRFLOW_CTX_EXECUTION_DATE='2023-01-01T00:05:00+00:00' AIRFLOW_CTX_TRY_NUMBER='1' AIRFLOW_CTX_DAG_RUN_ID='scheduled__2023-01-01T00:05:00+00:00'
[2025-11-08T20:58:46.229+0000] {crypto.py:83} WARNING - empty cryptography key - values will not be stored encrypted.
[2025-11-08T20:58:46.230+0000] {base.py:73} INFO - Using connection ID 'mysql_conn' for task execution.
[2025-11-08T20:58:46.248+0000] {warnings.py:109} WARNING - /home/***/.local/lib/python3.9/site-packages/***/providers/common/sql/hooks/sql.py:201: UserWarning: pandas only supports SQLAlchemy connectable (engine/connection) or database string URI or sqlite3 DBAPI2 connection. Other DBAPI2 objects are not tested. Please consider using SQLAlchemy.
  return psql.read_sql(sql, con=conn, params=parameters, **kwargs)

[2025-11-08T20:59:04.597+0000] {base.py:73} INFO - Using connection ID 'mysql_conn' for task execution.
[2025-11-08T20:59:04.610+0000] {warnings.py:109} WARNING - /home/***/.local/lib/python3.9/site-packages/***/providers/common/sql/hooks/sql.py:201: UserWarning: pandas only supports SQLAlchemy connectable (engine/connection) or database string URI or sqlite3 DBAPI2 connection. Other DBAPI2 objects are not tested. Please consider using SQLAlchemy.
  return psql.read_sql(sql, con=conn, params=parameters, **kwargs)

[2025-11-08T20:59:05.137+0000] {logging_mixin.py:149} INFO - Accuracy: 0.7334069270042777
[2025-11-08T20:59:05.176+0000] {logging_mixin.py:149} INFO - 🔗 Conectando a MLflow en http://10.43.100.98:8084
[2025-11-08T20:59:05.277+0000] {logging_mixin.py:149} WARNING - 2025/11/08 20:59:05 WARNING mlflow.utils.git_utils: Failed to import Git (the Git executable is probably not on your PATH), so Git SHA is not available. Error: Failed to initialize: Bad git executable.
The git executable must be specified in one of the following ways:
    - be included in your $PATH
    - be set via $GIT_PYTHON_GIT_EXECUTABLE
    - explicitly set via git.refresh(<full-path-to-git-executable>)

All git commands will error until this is rectified.

This initial message can be silenced or aggravated in the future by setting the
$GIT_PYTHON_REFRESH environment variable. Use one of the following values:
    - quiet|q|silence|s|silent|none|n|0: for no message or exception
    - warn|w|warning|log|l|1: for a warning message (logging level CRITICAL, displayed by default)
    - error|e|exception|raise|r|2: for a raised exception

Example:
    export GIT_PYTHON_REFRESH=quiet
[2025-11-08T20:59:09.397+0000] {warnings.py:109} WARNING - /home/***/.local/lib/python3.9/site-packages/_distutils_hack/__init__.py:33: UserWarning: Setuptools is replacing distutils.
  warnings.warn("Setuptools is replacing distutils.")

[2025-11-08T20:59:09.495+0000] {credentials.py:1123} INFO - Found credentials in environment variables.
[2025-11-08T20:59:09.702+0000] {logging_mixin.py:149} INFO -  Run registrado en MLflow con nombre: GradientBoosting4
[2025-11-08T20:59:09.737+0000] {logging_mixin.py:149} WARNING - Registered model 'GradientBoostingModel' already exists. Creating a new version of this model...
[2025-11-08T20:59:09.767+0000] {logging_mixin.py:149} WARNING - 2025/11/08 20:59:09 INFO mlflow.tracking._model_registry.client: Waiting up to 300 seconds for model version to finish creation. Model name: GradientBoostingModel, version 2
[2025-11-08T20:59:09.767+0000] {logging_mixin.py:149} WARNING - Created version '2' of model 'GradientBoostingModel'.
[2025-11-08T20:59:09.767+0000] {logging_mixin.py:149} INFO - ✅ Modelo registrado con nombre='GradientBoostingModel' y versión=2
[2025-11-08T20:59:09.805+0000] {logging_mixin.py:149} INFO - Modelo guardado localmente en: /opt/***/models/GradientBoosting.pkl
[2025-11-08T20:59:09.809+0000] {python.py:183} INFO - Done. Returned value was: None
[2025-11-08T20:59:09.822+0000] {taskinstance.py:1368} INFO - Marking task as SUCCESS. dag_id=orquestador, task_id=train_ml_model, execution_date=20230101T000500, start_date=20251108T205845, end_date=20251108T205909
[2025-11-08T20:59:09.884+0000] {local_task_job_runner.py:232} INFO - Task exited with return code 0
[2025-11-08T20:59:09.922+0000] {taskinstance.py:2674} INFO - 1 downstream tasks scheduled from follow-on schedule check
[2025-11-08T23:10:58.719+0000] {taskinstance.py:1125} INFO - Dependencies all met for dep_context=non-requeueable deps ti=<TaskInstance: orquestador.train_ml_model scheduled__2023-01-01T00:05:00+00:00 [queued]>
[2025-11-08T23:10:58.734+0000] {taskinstance.py:1125} INFO - Dependencies all met for dep_context=requeueable deps ti=<TaskInstance: orquestador.train_ml_model scheduled__2023-01-01T00:05:00+00:00 [queued]>
[2025-11-08T23:10:58.734+0000] {taskinstance.py:1331} INFO - Starting attempt 1 of 2
[2025-11-08T23:10:58.747+0000] {taskinstance.py:1350} INFO - Executing <Task(PythonOperator): train_ml_model> on 2023-01-01 00:05:00+00:00
[2025-11-08T23:10:58.758+0000] {standard_task_runner.py:57} INFO - Started process 16871 to run task
[2025-11-08T23:10:58.765+0000] {standard_task_runner.py:84} INFO - Running: ['***', 'tasks', 'run', 'orquestador', 'train_ml_model', 'scheduled__2023-01-01T00:05:00+00:00', '--job-id', '833', '--raw', '--subdir', 'DAGS_FOLDER/orquestador.py', '--cfg-path', '/tmp/tmp6xhc8i8m']
[2025-11-08T23:10:58.769+0000] {standard_task_runner.py:85} INFO - Job 833: Subtask train_ml_model
[2025-11-08T23:10:59.082+0000] {task_command.py:410} INFO - Running <TaskInstance: orquestador.train_ml_model scheduled__2023-01-01T00:05:00+00:00 [running]> on host 068cff9bffb3
[2025-11-08T23:10:59.173+0000] {taskinstance.py:1568} INFO - Exporting env vars: AIRFLOW_CTX_DAG_OWNER='***' AIRFLOW_CTX_DAG_ID='orquestador' AIRFLOW_CTX_TASK_ID='train_ml_model' AIRFLOW_CTX_EXECUTION_DATE='2023-01-01T00:05:00+00:00' AIRFLOW_CTX_TRY_NUMBER='1' AIRFLOW_CTX_DAG_RUN_ID='scheduled__2023-01-01T00:05:00+00:00'
[2025-11-08T23:10:59.174+0000] {crypto.py:83} WARNING - empty cryptography key - values will not be stored encrypted.
[2025-11-08T23:10:59.174+0000] {base.py:73} INFO - Using connection ID 'mysql_conn' for task execution.
[2025-11-08T23:10:59.188+0000] {warnings.py:109} WARNING - /home/***/.local/lib/python3.9/site-packages/***/providers/common/sql/hooks/sql.py:201: UserWarning: pandas only supports SQLAlchemy connectable (engine/connection) or database string URI or sqlite3 DBAPI2 connection. Other DBAPI2 objects are not tested. Please consider using SQLAlchemy.
  return psql.read_sql(sql, con=conn, params=parameters, **kwargs)

[2025-11-08T23:11:16.216+0000] {base.py:73} INFO - Using connection ID 'mysql_conn' for task execution.
[2025-11-08T23:11:16.223+0000] {warnings.py:109} WARNING - /home/***/.local/lib/python3.9/site-packages/***/providers/common/sql/hooks/sql.py:201: UserWarning: pandas only supports SQLAlchemy connectable (engine/connection) or database string URI or sqlite3 DBAPI2 connection. Other DBAPI2 objects are not tested. Please consider using SQLAlchemy.
  return psql.read_sql(sql, con=conn, params=parameters, **kwargs)

[2025-11-08T23:11:16.784+0000] {logging_mixin.py:149} INFO - Columnas después del rename: ['discharge_disposition_id', 'admission_source_id', 'time_in_hospital', 'num_lab_procedures', 'num_procedures', 'num_medications', 'number_outpatient', 'number_emergency', 'number_inpatient', 'number_diagnoses', 'max_glu_serum', 'A1Cresult', 'race_AfricanAmerican', 'race_Asian', 'race_Caucasian', 'race_Hispanic', 'race_Other', 'gender_Female', 'gender_Male', 'age_[0-10)', 'age_[10-20)', 'age_[20-30)', 'age_[30-40)', 'age_[40-50)', 'age_[50-60)', 'age_[60-70)', 'age_[70-80)', 'age_[80-90)', 'age_[90-100)', 'cambio_Ch', 'cambio_No', 'diabetesMed_No', 'diabetesMed_Yes', 'diag_1_Circulatory', 'diag_1_Diabetes', 'diag_1_Digestive', 'diag_1_Genitourinary', 'diag_1_Injury', 'diag_1_Musculoskeletal', 'diag_1_Neoplasms', 'diag_1_Other', 'diag_1_Respiratory', 'diag_2_Circulatory', 'diag_2_Diabetes', 'diag_2_Digestive', 'diag_2_Genitourinary', 'diag_2_Injury', 'diag_2_Musculoskeletal', 'diag_2_Neoplasms', 'diag_2_Other', 'diag_2_Respiratory', 'diag_3_Circulatory', 'diag_3_Diabetes', 'diag_3_Digestive', 'diag_3_Genitourinary', 'diag_3_Injury', 'diag_3_Musculoskeletal', 'diag_3_Neoplasms', 'diag_3_Other', 'diag_3_Respiratory']
[2025-11-08T23:11:16.876+0000] {logging_mixin.py:149} INFO - Accuracy: 0.726524449639587
[2025-11-08T23:11:16.917+0000] {logging_mixin.py:149} INFO - 🔗 Conectando a MLflow en http://10.43.100.98:8084
[2025-11-08T23:11:17.023+0000] {logging_mixin.py:149} WARNING - 2025/11/08 23:11:17 WARNING mlflow.utils.git_utils: Failed to import Git (the Git executable is probably not on your PATH), so Git SHA is not available. Error: Failed to initialize: Bad git executable.
The git executable must be specified in one of the following ways:
    - be included in your $PATH
    - be set via $GIT_PYTHON_GIT_EXECUTABLE
    - explicitly set via git.refresh(<full-path-to-git-executable>)

All git commands will error until this is rectified.

This initial message can be silenced or aggravated in the future by setting the
$GIT_PYTHON_REFRESH environment variable. Use one of the following values:
    - quiet|q|silence|s|silent|none|n|0: for no message or exception
    - warn|w|warning|log|l|1: for a warning message (logging level CRITICAL, displayed by default)
    - error|e|exception|raise|r|2: for a raised exception

Example:
    export GIT_PYTHON_REFRESH=quiet
[2025-11-08T23:11:21.244+0000] {warnings.py:109} WARNING - /home/***/.local/lib/python3.9/site-packages/_distutils_hack/__init__.py:33: UserWarning: Setuptools is replacing distutils.
  warnings.warn("Setuptools is replacing distutils.")

[2025-11-08T23:11:21.343+0000] {credentials.py:1123} INFO - Found credentials in environment variables.
[2025-11-08T23:11:21.537+0000] {logging_mixin.py:149} INFO -  Run registrado en MLflow con nombre: GradientBoosting9
[2025-11-08T23:11:21.584+0000] {logging_mixin.py:149} WARNING - Registered model 'GradientBoostingModel' already exists. Creating a new version of this model...
[2025-11-08T23:11:21.613+0000] {logging_mixin.py:149} WARNING - 2025/11/08 23:11:21 INFO mlflow.tracking._model_registry.client: Waiting up to 300 seconds for model version to finish creation. Model name: GradientBoostingModel, version 7
[2025-11-08T23:11:21.614+0000] {logging_mixin.py:149} WARNING - Created version '7' of model 'GradientBoostingModel'.
[2025-11-08T23:11:21.614+0000] {logging_mixin.py:149} INFO - ✅ Modelo registrado con nombre='GradientBoostingModel' y versión=7
[2025-11-08T23:11:21.634+0000] {logging_mixin.py:149} INFO - Modelo guardado localmente en: /opt/***/models/GradientBoosting.pkl
[2025-11-08T23:11:21.638+0000] {python.py:183} INFO - Done. Returned value was: None
[2025-11-08T23:11:21.654+0000] {taskinstance.py:1368} INFO - Marking task as SUCCESS. dag_id=orquestador, task_id=train_ml_model, execution_date=20230101T000500, start_date=20251108T231058, end_date=20251108T231121
[2025-11-08T23:11:21.718+0000] {local_task_job_runner.py:232} INFO - Task exited with return code 0
[2025-11-08T23:11:21.767+0000] {taskinstance.py:2674} INFO - 1 downstream tasks scheduled from follow-on schedule check
[2025-11-08T23:46:46.211+0000] {taskinstance.py:1125} INFO - Dependencies all met for dep_context=non-requeueable deps ti=<TaskInstance: orquestador.train_ml_model scheduled__2023-01-01T00:05:00+00:00 [queued]>
[2025-11-08T23:46:46.229+0000] {taskinstance.py:1125} INFO - Dependencies all met for dep_context=requeueable deps ti=<TaskInstance: orquestador.train_ml_model scheduled__2023-01-01T00:05:00+00:00 [queued]>
[2025-11-08T23:46:46.230+0000] {taskinstance.py:1331} INFO - Starting attempt 1 of 2
[2025-11-08T23:46:46.247+0000] {taskinstance.py:1350} INFO - Executing <Task(PythonOperator): train_ml_model> on 2023-01-01 00:05:00+00:00
[2025-11-08T23:46:46.259+0000] {standard_task_runner.py:57} INFO - Started process 112 to run task
[2025-11-08T23:46:46.267+0000] {standard_task_runner.py:84} INFO - Running: ['***', 'tasks', 'run', 'orquestador', 'train_ml_model', 'scheduled__2023-01-01T00:05:00+00:00', '--job-id', '900', '--raw', '--subdir', 'DAGS_FOLDER/orquestador.py', '--cfg-path', '/tmp/tmp_1vvv615']
[2025-11-08T23:46:46.271+0000] {standard_task_runner.py:85} INFO - Job 900: Subtask train_ml_model
[2025-11-08T23:46:46.655+0000] {task_command.py:410} INFO - Running <TaskInstance: orquestador.train_ml_model scheduled__2023-01-01T00:05:00+00:00 [running]> on host 47714183b084
[2025-11-08T23:46:46.751+0000] {taskinstance.py:1568} INFO - Exporting env vars: AIRFLOW_CTX_DAG_OWNER='***' AIRFLOW_CTX_DAG_ID='orquestador' AIRFLOW_CTX_TASK_ID='train_ml_model' AIRFLOW_CTX_EXECUTION_DATE='2023-01-01T00:05:00+00:00' AIRFLOW_CTX_TRY_NUMBER='1' AIRFLOW_CTX_DAG_RUN_ID='scheduled__2023-01-01T00:05:00+00:00'
[2025-11-08T23:46:46.753+0000] {crypto.py:83} WARNING - empty cryptography key - values will not be stored encrypted.
[2025-11-08T23:46:46.754+0000] {base.py:73} INFO - Using connection ID 'mysql_conn' for task execution.
[2025-11-08T23:46:46.772+0000] {warnings.py:109} WARNING - /home/***/.local/lib/python3.9/site-packages/***/providers/common/sql/hooks/sql.py:201: UserWarning: pandas only supports SQLAlchemy connectable (engine/connection) or database string URI or sqlite3 DBAPI2 connection. Other DBAPI2 objects are not tested. Please consider using SQLAlchemy.
  return psql.read_sql(sql, con=conn, params=parameters, **kwargs)

[2025-11-08T23:46:47.971+0000] {logging_mixin.py:149} INFO - Columnas después del rename: ['discharge_disposition_id', 'admission_source_id', 'time_in_hospital', 'num_lab_procedures', 'num_procedures', 'num_medications', 'number_outpatient', 'number_emergency', 'number_inpatient', 'number_diagnoses', 'max_glu_serum', 'A1Cresult', 'readmitted', 'race_AfricanAmerican', 'race_Asian', 'race_Caucasian', 'race_Hispanic', 'race_Other', 'gender_Female', 'gender_Male', 'age_0_10', 'age_10_20', 'age_20_30', 'age_30_40', 'age_40_50', 'age_50_60', 'age_60_70', 'age_70_80', 'age_80_90', 'age_90_100', 'cambio_Ch', 'cambio_No', 'diabetesMed_No', 'diabetesMed_Yes', 'diag_1_Circulatory', 'diag_1_Diabetes', 'diag_1_Digestive', 'diag_1_Genitourinary', 'diag_1_Injury', 'diag_1_Musculoskeletal', 'diag_1_Neoplasms', 'diag_1_Other', 'diag_1_Respiratory', 'diag_2_Circulatory', 'diag_2_Diabetes', 'diag_2_Digestive', 'diag_2_Genitourinary', 'diag_2_Injury', 'diag_2_Musculoskeletal', 'diag_2_Neoplasms', 'diag_2_Other', 'diag_2_Respiratory', 'diag_3_Circulatory', 'diag_3_Diabetes', 'diag_3_Digestive', 'diag_3_Genitourinary', 'diag_3_Injury', 'diag_3_Musculoskeletal', 'diag_3_Neoplasms', 'diag_3_Other', 'diag_3_Respiratory']
[2025-11-08T23:47:09.612+0000] {base.py:73} INFO - Using connection ID 'mysql_conn' for task execution.
[2025-11-08T23:47:09.676+0000] {taskinstance.py:1847} ERROR - Task failed with exception
Traceback (most recent call last):
  File "/home/airflow/.local/lib/python3.9/site-packages/airflow/operators/python.py", line 181, in execute
    return_value = self.execute_callable()
  File "/home/airflow/.local/lib/python3.9/site-packages/airflow/operators/python.py", line 198, in execute_callable
    return self.python_callable(*self.op_args, **self.op_kwargs)
  File "/opt/airflow/dags/scripts/funciones.py", line 497, in train_model
    df_val = hook.get_pandas_df(sql=query)
  File "/home/airflow/.local/lib/python3.9/site-packages/airflow/providers/common/sql/hooks/sql.py", line 200, in get_pandas_df
    with closing(self.get_conn()) as conn:
  File "/home/airflow/.local/lib/python3.9/site-packages/airflow/providers/mysql/hooks/mysql.py", line 188, in get_conn
    return MySQLdb.connect(**conn_config)
  File "/home/airflow/.local/lib/python3.9/site-packages/MySQLdb/__init__.py", line 123, in Connect
    return Connection(*args, **kwargs)
  File "/home/airflow/.local/lib/python3.9/site-packages/MySQLdb/connections.py", line 185, in __init__
    super().__init__(*args, **kwargs2)
MySQLdb.OperationalError: (2005, "Unknown MySQL server host 'mysql' (-2)")
[2025-11-08T23:47:09.692+0000] {taskinstance.py:1368} INFO - Marking task as UP_FOR_RETRY. dag_id=orquestador, task_id=train_ml_model, execution_date=20230101T000500, start_date=20251108T234646, end_date=20251108T234709
[2025-11-08T23:47:09.712+0000] {standard_task_runner.py:104} ERROR - Failed to execute job 900 for task train_ml_model ((2005, "Unknown MySQL server host 'mysql' (-2)"); 112)
[2025-11-08T23:47:09.741+0000] {local_task_job_runner.py:232} INFO - Task exited with return code 1
[2025-11-08T23:47:09.780+0000] {taskinstance.py:2674} INFO - 0 downstream tasks scheduled from follow-on schedule check
[2025-11-09T00:09:25.314+0000] {taskinstance.py:1125} INFO - Dependencies all met for dep_context=non-requeueable deps ti=<TaskInstance: orquestador.train_ml_model scheduled__2023-01-01T00:05:00+00:00 [queued]>
[2025-11-09T00:09:25.333+0000] {taskinstance.py:1125} INFO - Dependencies all met for dep_context=requeueable deps ti=<TaskInstance: orquestador.train_ml_model scheduled__2023-01-01T00:05:00+00:00 [queued]>
[2025-11-09T00:09:25.334+0000] {taskinstance.py:1331} INFO - Starting attempt 1 of 2
[2025-11-09T00:09:25.353+0000] {taskinstance.py:1350} INFO - Executing <Task(PythonOperator): train_ml_model> on 2023-01-01 00:05:00+00:00
[2025-11-09T00:09:25.365+0000] {standard_task_runner.py:57} INFO - Started process 397 to run task
[2025-11-09T00:09:25.374+0000] {standard_task_runner.py:84} INFO - Running: ['***', 'tasks', 'run', 'orquestador', 'train_ml_model', 'scheduled__2023-01-01T00:05:00+00:00', '--job-id', '24', '--raw', '--subdir', 'DAGS_FOLDER/orquestador.py', '--cfg-path', '/tmp/tmpcuzsjycr']
[2025-11-09T00:09:25.378+0000] {standard_task_runner.py:85} INFO - Job 24: Subtask train_ml_model
[2025-11-09T00:09:25.689+0000] {task_command.py:410} INFO - Running <TaskInstance: orquestador.train_ml_model scheduled__2023-01-01T00:05:00+00:00 [running]> on host abefff83dc87
[2025-11-09T00:09:25.803+0000] {taskinstance.py:1568} INFO - Exporting env vars: AIRFLOW_CTX_DAG_OWNER='***' AIRFLOW_CTX_DAG_ID='orquestador' AIRFLOW_CTX_TASK_ID='train_ml_model' AIRFLOW_CTX_EXECUTION_DATE='2023-01-01T00:05:00+00:00' AIRFLOW_CTX_TRY_NUMBER='1' AIRFLOW_CTX_DAG_RUN_ID='scheduled__2023-01-01T00:05:00+00:00'
[2025-11-09T00:09:25.805+0000] {crypto.py:83} WARNING - empty cryptography key - values will not be stored encrypted.
[2025-11-09T00:09:25.805+0000] {base.py:73} INFO - Using connection ID 'mysql_conn' for task execution.
[2025-11-09T00:09:25.820+0000] {warnings.py:109} WARNING - /home/***/.local/lib/python3.9/site-packages/***/providers/common/sql/hooks/sql.py:201: UserWarning: pandas only supports SQLAlchemy connectable (engine/connection) or database string URI or sqlite3 DBAPI2 connection. Other DBAPI2 objects are not tested. Please consider using SQLAlchemy.
  return psql.read_sql(sql, con=conn, params=parameters, **kwargs)

[2025-11-09T00:09:26.983+0000] {logging_mixin.py:149} INFO - Columnas después del rename: ['discharge_disposition_id', 'admission_source_id', 'time_in_hospital', 'num_lab_procedures', 'num_procedures', 'num_medications', 'number_outpatient', 'number_emergency', 'number_inpatient', 'number_diagnoses', 'max_glu_serum', 'A1Cresult', 'readmitted', 'race_AfricanAmerican', 'race_Asian', 'race_Caucasian', 'race_Hispanic', 'race_Other', 'gender_Female', 'gender_Male', 'age_0_10', 'age_10_20', 'age_20_30', 'age_30_40', 'age_40_50', 'age_50_60', 'age_60_70', 'age_70_80', 'age_80_90', 'age_90_100', 'cambio_Ch', 'cambio_No', 'diabetesMed_No', 'diabetesMed_Yes', 'diag_1_Circulatory', 'diag_1_Diabetes', 'diag_1_Digestive', 'diag_1_Genitourinary', 'diag_1_Injury', 'diag_1_Musculoskeletal', 'diag_1_Neoplasms', 'diag_1_Other', 'diag_1_Respiratory', 'diag_2_Circulatory', 'diag_2_Diabetes', 'diag_2_Digestive', 'diag_2_Genitourinary', 'diag_2_Injury', 'diag_2_Musculoskeletal', 'diag_2_Neoplasms', 'diag_2_Other', 'diag_2_Respiratory', 'diag_3_Circulatory', 'diag_3_Diabetes', 'diag_3_Digestive', 'diag_3_Genitourinary', 'diag_3_Injury', 'diag_3_Musculoskeletal', 'diag_3_Neoplasms', 'diag_3_Other', 'diag_3_Respiratory']
[2025-11-09T00:09:44.021+0000] {base.py:73} INFO - Using connection ID 'mysql_conn' for task execution.
[2025-11-09T00:09:44.031+0000] {warnings.py:109} WARNING - /home/***/.local/lib/python3.9/site-packages/***/providers/common/sql/hooks/sql.py:201: UserWarning: pandas only supports SQLAlchemy connectable (engine/connection) or database string URI or sqlite3 DBAPI2 connection. Other DBAPI2 objects are not tested. Please consider using SQLAlchemy.
  return psql.read_sql(sql, con=conn, params=parameters, **kwargs)

[2025-11-09T00:09:44.597+0000] {logging_mixin.py:149} INFO - Columnas después del rename: ['discharge_disposition_id', 'admission_source_id', 'time_in_hospital', 'num_lab_procedures', 'num_procedures', 'num_medications', 'number_outpatient', 'number_emergency', 'number_inpatient', 'number_diagnoses', 'max_glu_serum', 'A1Cresult', 'readmitted', 'race_AfricanAmerican', 'race_Asian', 'race_Caucasian', 'race_Hispanic', 'race_Other', 'gender_Female', 'gender_Male', 'age_0_10', 'age_10_20', 'age_20_30', 'age_30_40', 'age_40_50', 'age_50_60', 'age_60_70', 'age_70_80', 'age_80_90', 'age_90_100', 'cambio_Ch', 'cambio_No', 'diabetesMed_No', 'diabetesMed_Yes', 'diag_1_Circulatory', 'diag_1_Diabetes', 'diag_1_Digestive', 'diag_1_Genitourinary', 'diag_1_Injury', 'diag_1_Musculoskeletal', 'diag_1_Neoplasms', 'diag_1_Other', 'diag_1_Respiratory', 'diag_2_Circulatory', 'diag_2_Diabetes', 'diag_2_Digestive', 'diag_2_Genitourinary', 'diag_2_Injury', 'diag_2_Musculoskeletal', 'diag_2_Neoplasms', 'diag_2_Other', 'diag_2_Respiratory', 'diag_3_Circulatory', 'diag_3_Diabetes', 'diag_3_Digestive', 'diag_3_Genitourinary', 'diag_3_Injury', 'diag_3_Musculoskeletal', 'diag_3_Neoplasms', 'diag_3_Other', 'diag_3_Respiratory']
[2025-11-09T00:09:44.600+0000] {logging_mixin.py:149} INFO - Columnas después del rename: ['discharge_disposition_id', 'admission_source_id', 'time_in_hospital', 'num_lab_procedures', 'num_procedures', 'num_medications', 'number_outpatient', 'number_emergency', 'number_inpatient', 'number_diagnoses', 'max_glu_serum', 'A1Cresult', 'race_AfricanAmerican', 'race_Asian', 'race_Caucasian', 'race_Hispanic', 'race_Other', 'gender_Female', 'gender_Male', 'age_0_10', 'age_10_20', 'age_20_30', 'age_30_40', 'age_40_50', 'age_50_60', 'age_60_70', 'age_70_80', 'age_80_90', 'age_90_100', 'cambio_Ch', 'cambio_No', 'diabetesMed_No', 'diabetesMed_Yes', 'diag_1_Circulatory', 'diag_1_Diabetes', 'diag_1_Digestive', 'diag_1_Genitourinary', 'diag_1_Injury', 'diag_1_Musculoskeletal', 'diag_1_Neoplasms', 'diag_1_Other', 'diag_1_Respiratory', 'diag_2_Circulatory', 'diag_2_Diabetes', 'diag_2_Digestive', 'diag_2_Genitourinary', 'diag_2_Injury', 'diag_2_Musculoskeletal', 'diag_2_Neoplasms', 'diag_2_Other', 'diag_2_Respiratory', 'diag_3_Circulatory', 'diag_3_Diabetes', 'diag_3_Digestive', 'diag_3_Genitourinary', 'diag_3_Injury', 'diag_3_Musculoskeletal', 'diag_3_Neoplasms', 'diag_3_Other', 'diag_3_Respiratory']
[2025-11-09T00:09:44.708+0000] {logging_mixin.py:149} INFO - Accuracy: 0.7316590773193505
[2025-11-09T00:09:44.747+0000] {logging_mixin.py:149} INFO - 🔗 Conectando a MLflow en http://10.43.100.98:8084
[2025-11-09T00:09:44.866+0000] {logging_mixin.py:149} WARNING - 2025/11/09 00:09:44 WARNING mlflow.utils.git_utils: Failed to import Git (the Git executable is probably not on your PATH), so Git SHA is not available. Error: Failed to initialize: Bad git executable.
The git executable must be specified in one of the following ways:
    - be included in your $PATH
    - be set via $GIT_PYTHON_GIT_EXECUTABLE
    - explicitly set via git.refresh(<full-path-to-git-executable>)

All git commands will error until this is rectified.

This initial message can be silenced or aggravated in the future by setting the
$GIT_PYTHON_REFRESH environment variable. Use one of the following values:
    - quiet|q|silence|s|silent|none|n|0: for no message or exception
    - warn|w|warning|log|l|1: for a warning message (logging level CRITICAL, displayed by default)
    - error|e|exception|raise|r|2: for a raised exception

Example:
    export GIT_PYTHON_REFRESH=quiet
[2025-11-09T00:09:49.396+0000] {warnings.py:109} WARNING - /home/***/.local/lib/python3.9/site-packages/_distutils_hack/__init__.py:33: UserWarning: Setuptools is replacing distutils.
  warnings.warn("Setuptools is replacing distutils.")

[2025-11-09T00:09:49.501+0000] {credentials.py:1123} INFO - Found credentials in environment variables.
[2025-11-09T00:09:49.675+0000] {logging_mixin.py:149} INFO -  Run registrado en MLflow con nombre: GradientBoosting2
[2025-11-09T00:09:49.714+0000] {logging_mixin.py:149} WARNING - Registered model 'GradientBoostingModel' already exists. Creating a new version of this model...
[2025-11-09T00:09:49.743+0000] {logging_mixin.py:149} WARNING - 2025/11/09 00:09:49 INFO mlflow.tracking._model_registry.client: Waiting up to 300 seconds for model version to finish creation. Model name: GradientBoostingModel, version 2
[2025-11-09T00:09:49.743+0000] {logging_mixin.py:149} WARNING - Created version '2' of model 'GradientBoostingModel'.
[2025-11-09T00:09:49.743+0000] {logging_mixin.py:149} INFO - ✅ Modelo registrado con nombre='GradientBoostingModel' y versión=2
[2025-11-09T00:09:49.768+0000] {logging_mixin.py:149} INFO - Modelo guardado localmente en: /opt/***/models/GradientBoosting.pkl
[2025-11-09T00:09:49.775+0000] {python.py:183} INFO - Done. Returned value was: None
[2025-11-09T00:09:49.793+0000] {taskinstance.py:1368} INFO - Marking task as SUCCESS. dag_id=orquestador, task_id=train_ml_model, execution_date=20230101T000500, start_date=20251109T000925, end_date=20251109T000949
[2025-11-09T00:09:49.842+0000] {local_task_job_runner.py:232} INFO - Task exited with return code 0
[2025-11-09T00:09:49.886+0000] {taskinstance.py:2674} INFO - 1 downstream tasks scheduled from follow-on schedule check
[2025-11-09T00:25:35.019+0000] {taskinstance.py:1125} INFO - Dependencies all met for dep_context=non-requeueable deps ti=<TaskInstance: orquestador.train_ml_model scheduled__2023-01-01T00:05:00+00:00 [queued]>
[2025-11-09T00:25:35.041+0000] {taskinstance.py:1125} INFO - Dependencies all met for dep_context=requeueable deps ti=<TaskInstance: orquestador.train_ml_model scheduled__2023-01-01T00:05:00+00:00 [queued]>
[2025-11-09T00:25:35.042+0000] {taskinstance.py:1331} INFO - Starting attempt 1 of 2
[2025-11-09T00:25:35.064+0000] {taskinstance.py:1350} INFO - Executing <Task(PythonOperator): train_ml_model> on 2023-01-01 00:05:00+00:00
[2025-11-09T00:25:35.078+0000] {standard_task_runner.py:57} INFO - Started process 842 to run task
[2025-11-09T00:25:35.084+0000] {standard_task_runner.py:84} INFO - Running: ['***', 'tasks', 'run', 'orquestador', 'train_ml_model', 'scheduled__2023-01-01T00:05:00+00:00', '--job-id', '54', '--raw', '--subdir', 'DAGS_FOLDER/orquestador.py', '--cfg-path', '/tmp/tmpx03n9582']
[2025-11-09T00:25:35.088+0000] {standard_task_runner.py:85} INFO - Job 54: Subtask train_ml_model
[2025-11-09T00:25:35.483+0000] {task_command.py:410} INFO - Running <TaskInstance: orquestador.train_ml_model scheduled__2023-01-01T00:05:00+00:00 [running]> on host abefff83dc87
[2025-11-09T00:25:35.601+0000] {taskinstance.py:1568} INFO - Exporting env vars: AIRFLOW_CTX_DAG_OWNER='***' AIRFLOW_CTX_DAG_ID='orquestador' AIRFLOW_CTX_TASK_ID='train_ml_model' AIRFLOW_CTX_EXECUTION_DATE='2023-01-01T00:05:00+00:00' AIRFLOW_CTX_TRY_NUMBER='1' AIRFLOW_CTX_DAG_RUN_ID='scheduled__2023-01-01T00:05:00+00:00'
[2025-11-09T00:25:35.604+0000] {crypto.py:83} WARNING - empty cryptography key - values will not be stored encrypted.
[2025-11-09T00:25:35.605+0000] {base.py:73} INFO - Using connection ID 'mysql_conn' for task execution.
[2025-11-09T00:25:35.626+0000] {warnings.py:109} WARNING - /home/***/.local/lib/python3.9/site-packages/***/providers/common/sql/hooks/sql.py:201: UserWarning: pandas only supports SQLAlchemy connectable (engine/connection) or database string URI or sqlite3 DBAPI2 connection. Other DBAPI2 objects are not tested. Please consider using SQLAlchemy.
  return psql.read_sql(sql, con=conn, params=parameters, **kwargs)

[2025-11-09T00:25:37.153+0000] {logging_mixin.py:149} INFO - Columnas después del rename: ['discharge_disposition_id', 'admission_source_id', 'time_in_hospital', 'num_lab_procedures', 'num_procedures', 'num_medications', 'number_outpatient', 'number_emergency', 'number_inpatient', 'number_diagnoses', 'max_glu_serum', 'A1Cresult', 'readmitted', 'race_AfricanAmerican', 'race_Asian', 'race_Caucasian', 'race_Hispanic', 'race_Other', 'gender_Female', 'gender_Male', 'age_0_10', 'age_10_20', 'age_20_30', 'age_30_40', 'age_40_50', 'age_50_60', 'age_60_70', 'age_70_80', 'age_80_90', 'age_90_100', 'cambio_Ch', 'cambio_No', 'diabetesMed_No', 'diabetesMed_Yes', 'diag_1_Circulatory', 'diag_1_Diabetes', 'diag_1_Digestive', 'diag_1_Genitourinary', 'diag_1_Injury', 'diag_1_Musculoskeletal', 'diag_1_Neoplasms', 'diag_1_Other', 'diag_1_Respiratory', 'diag_2_Circulatory', 'diag_2_Diabetes', 'diag_2_Digestive', 'diag_2_Genitourinary', 'diag_2_Injury', 'diag_2_Musculoskeletal', 'diag_2_Neoplasms', 'diag_2_Other', 'diag_2_Respiratory', 'diag_3_Circulatory', 'diag_3_Diabetes', 'diag_3_Digestive', 'diag_3_Genitourinary', 'diag_3_Injury', 'diag_3_Musculoskeletal', 'diag_3_Neoplasms', 'diag_3_Other', 'diag_3_Respiratory']
[2025-11-09T00:25:37.168+0000] {logging_mixin.py:149} INFO - ====================================================================================================
[2025-11-09T00:25:37.169+0000] {logging_mixin.py:149} INFO - 
🧩 Tipos de variables en X_train:
[2025-11-09T00:25:37.170+0000] {logging_mixin.py:149} INFO -   discharge_disposition_id: int64
[2025-11-09T00:25:37.170+0000] {logging_mixin.py:149} INFO -   admission_source_id: int64
[2025-11-09T00:25:37.170+0000] {logging_mixin.py:149} INFO -   time_in_hospital: int64
[2025-11-09T00:25:37.171+0000] {logging_mixin.py:149} INFO -   num_lab_procedures: int64
[2025-11-09T00:25:37.171+0000] {logging_mixin.py:149} INFO -   num_procedures: int64
[2025-11-09T00:25:37.171+0000] {logging_mixin.py:149} INFO -   num_medications: int64
[2025-11-09T00:25:37.171+0000] {logging_mixin.py:149} INFO -   number_outpatient: int64
[2025-11-09T00:25:37.171+0000] {logging_mixin.py:149} INFO -   number_emergency: int64
[2025-11-09T00:25:37.172+0000] {logging_mixin.py:149} INFO -   number_inpatient: int64
[2025-11-09T00:25:37.172+0000] {logging_mixin.py:149} INFO -   number_diagnoses: int64
[2025-11-09T00:25:37.172+0000] {logging_mixin.py:149} INFO -   max_glu_serum: int64
[2025-11-09T00:25:37.172+0000] {logging_mixin.py:149} INFO -   A1Cresult: int64
[2025-11-09T00:25:37.172+0000] {logging_mixin.py:149} INFO -   race_AfricanAmerican: int64
[2025-11-09T00:25:37.173+0000] {logging_mixin.py:149} INFO -   race_Asian: int64
[2025-11-09T00:25:37.173+0000] {logging_mixin.py:149} INFO -   race_Caucasian: int64
[2025-11-09T00:25:37.173+0000] {logging_mixin.py:149} INFO -   race_Hispanic: int64
[2025-11-09T00:25:37.173+0000] {logging_mixin.py:149} INFO -   race_Other: int64
[2025-11-09T00:25:37.174+0000] {logging_mixin.py:149} INFO -   gender_Female: int64
[2025-11-09T00:25:37.174+0000] {logging_mixin.py:149} INFO -   gender_Male: int64
[2025-11-09T00:25:37.174+0000] {logging_mixin.py:149} INFO -   age_0_10: int64
[2025-11-09T00:25:37.174+0000] {logging_mixin.py:149} INFO -   age_10_20: int64
[2025-11-09T00:25:37.174+0000] {logging_mixin.py:149} INFO -   age_20_30: int64
[2025-11-09T00:25:37.175+0000] {logging_mixin.py:149} INFO -   age_30_40: int64
[2025-11-09T00:25:37.175+0000] {logging_mixin.py:149} INFO -   age_40_50: int64
[2025-11-09T00:25:37.175+0000] {logging_mixin.py:149} INFO -   age_50_60: int64
[2025-11-09T00:25:37.175+0000] {logging_mixin.py:149} INFO -   age_60_70: int64
[2025-11-09T00:25:37.175+0000] {logging_mixin.py:149} INFO -   age_70_80: int64
[2025-11-09T00:25:37.176+0000] {logging_mixin.py:149} INFO -   age_80_90: int64
[2025-11-09T00:25:37.176+0000] {logging_mixin.py:149} INFO -   age_90_100: int64
[2025-11-09T00:25:37.176+0000] {logging_mixin.py:149} INFO -   cambio_Ch: int64
[2025-11-09T00:25:37.176+0000] {logging_mixin.py:149} INFO -   cambio_No: int64
[2025-11-09T00:25:37.176+0000] {logging_mixin.py:149} INFO -   diabetesMed_No: int64
[2025-11-09T00:25:37.177+0000] {logging_mixin.py:149} INFO -   diabetesMed_Yes: int64
[2025-11-09T00:25:37.177+0000] {logging_mixin.py:149} INFO -   diag_1_Circulatory: int64
[2025-11-09T00:25:37.178+0000] {logging_mixin.py:149} INFO -   diag_1_Diabetes: int64
[2025-11-09T00:25:37.178+0000] {logging_mixin.py:149} INFO -   diag_1_Digestive: int64
[2025-11-09T00:25:37.178+0000] {logging_mixin.py:149} INFO -   diag_1_Genitourinary: int64
[2025-11-09T00:25:37.178+0000] {logging_mixin.py:149} INFO -   diag_1_Injury: int64
[2025-11-09T00:25:37.179+0000] {logging_mixin.py:149} INFO -   diag_1_Musculoskeletal: int64
[2025-11-09T00:25:37.179+0000] {logging_mixin.py:149} INFO -   diag_1_Neoplasms: int64
[2025-11-09T00:25:37.179+0000] {logging_mixin.py:149} INFO -   diag_1_Other: int64
[2025-11-09T00:25:37.179+0000] {logging_mixin.py:149} INFO -   diag_1_Respiratory: int64
[2025-11-09T00:25:37.180+0000] {logging_mixin.py:149} INFO -   diag_2_Circulatory: int64
[2025-11-09T00:25:37.180+0000] {logging_mixin.py:149} INFO -   diag_2_Diabetes: int64
[2025-11-09T00:25:37.180+0000] {logging_mixin.py:149} INFO -   diag_2_Digestive: int64
[2025-11-09T00:25:37.180+0000] {logging_mixin.py:149} INFO -   diag_2_Genitourinary: int64
[2025-11-09T00:25:37.180+0000] {logging_mixin.py:149} INFO -   diag_2_Injury: int64
[2025-11-09T00:25:37.181+0000] {logging_mixin.py:149} INFO -   diag_2_Musculoskeletal: int64
[2025-11-09T00:25:37.181+0000] {logging_mixin.py:149} INFO -   diag_2_Neoplasms: int64
[2025-11-09T00:25:37.182+0000] {logging_mixin.py:149} INFO -   diag_2_Other: int64
[2025-11-09T00:25:37.182+0000] {logging_mixin.py:149} INFO -   diag_2_Respiratory: int64
[2025-11-09T00:25:37.182+0000] {logging_mixin.py:149} INFO -   diag_3_Circulatory: int64
[2025-11-09T00:25:37.182+0000] {logging_mixin.py:149} INFO -   diag_3_Diabetes: int64
[2025-11-09T00:25:37.183+0000] {logging_mixin.py:149} INFO -   diag_3_Digestive: int64
[2025-11-09T00:25:37.183+0000] {logging_mixin.py:149} INFO -   diag_3_Genitourinary: int64
[2025-11-09T00:25:37.183+0000] {logging_mixin.py:149} INFO -   diag_3_Injury: int64
[2025-11-09T00:25:37.183+0000] {logging_mixin.py:149} INFO -   diag_3_Musculoskeletal: int64
[2025-11-09T00:25:37.184+0000] {logging_mixin.py:149} INFO -   diag_3_Neoplasms: int64
[2025-11-09T00:25:37.184+0000] {logging_mixin.py:149} INFO -   diag_3_Other: int64
[2025-11-09T00:25:37.184+0000] {logging_mixin.py:149} INFO -   diag_3_Respiratory: int64
[2025-11-09T00:25:37.184+0000] {logging_mixin.py:149} INFO - 
🎯 Tipo de variable objetivo (y_train): object
[2025-11-09T00:25:55.761+0000] {base.py:73} INFO - Using connection ID 'mysql_conn' for task execution.
[2025-11-09T00:25:55.767+0000] {warnings.py:109} WARNING - /home/***/.local/lib/python3.9/site-packages/***/providers/common/sql/hooks/sql.py:201: UserWarning: pandas only supports SQLAlchemy connectable (engine/connection) or database string URI or sqlite3 DBAPI2 connection. Other DBAPI2 objects are not tested. Please consider using SQLAlchemy.
  return psql.read_sql(sql, con=conn, params=parameters, **kwargs)

[2025-11-09T00:25:56.198+0000] {logging_mixin.py:149} INFO - Columnas después del rename: ['discharge_disposition_id', 'admission_source_id', 'time_in_hospital', 'num_lab_procedures', 'num_procedures', 'num_medications', 'number_outpatient', 'number_emergency', 'number_inpatient', 'number_diagnoses', 'max_glu_serum', 'A1Cresult', 'readmitted', 'race_AfricanAmerican', 'race_Asian', 'race_Caucasian', 'race_Hispanic', 'race_Other', 'gender_Female', 'gender_Male', 'age_0_10', 'age_10_20', 'age_20_30', 'age_30_40', 'age_40_50', 'age_50_60', 'age_60_70', 'age_70_80', 'age_80_90', 'age_90_100', 'cambio_Ch', 'cambio_No', 'diabetesMed_No', 'diabetesMed_Yes', 'diag_1_Circulatory', 'diag_1_Diabetes', 'diag_1_Digestive', 'diag_1_Genitourinary', 'diag_1_Injury', 'diag_1_Musculoskeletal', 'diag_1_Neoplasms', 'diag_1_Other', 'diag_1_Respiratory', 'diag_2_Circulatory', 'diag_2_Diabetes', 'diag_2_Digestive', 'diag_2_Genitourinary', 'diag_2_Injury', 'diag_2_Musculoskeletal', 'diag_2_Neoplasms', 'diag_2_Other', 'diag_2_Respiratory', 'diag_3_Circulatory', 'diag_3_Diabetes', 'diag_3_Digestive', 'diag_3_Genitourinary', 'diag_3_Injury', 'diag_3_Musculoskeletal', 'diag_3_Neoplasms', 'diag_3_Other', 'diag_3_Respiratory']
[2025-11-09T00:25:56.201+0000] {logging_mixin.py:149} INFO - Columnas después del rename: ['discharge_disposition_id', 'admission_source_id', 'time_in_hospital', 'num_lab_procedures', 'num_procedures', 'num_medications', 'number_outpatient', 'number_emergency', 'number_inpatient', 'number_diagnoses', 'max_glu_serum', 'A1Cresult', 'race_AfricanAmerican', 'race_Asian', 'race_Caucasian', 'race_Hispanic', 'race_Other', 'gender_Female', 'gender_Male', 'age_0_10', 'age_10_20', 'age_20_30', 'age_30_40', 'age_40_50', 'age_50_60', 'age_60_70', 'age_70_80', 'age_80_90', 'age_90_100', 'cambio_Ch', 'cambio_No', 'diabetesMed_No', 'diabetesMed_Yes', 'diag_1_Circulatory', 'diag_1_Diabetes', 'diag_1_Digestive', 'diag_1_Genitourinary', 'diag_1_Injury', 'diag_1_Musculoskeletal', 'diag_1_Neoplasms', 'diag_1_Other', 'diag_1_Respiratory', 'diag_2_Circulatory', 'diag_2_Diabetes', 'diag_2_Digestive', 'diag_2_Genitourinary', 'diag_2_Injury', 'diag_2_Musculoskeletal', 'diag_2_Neoplasms', 'diag_2_Other', 'diag_2_Respiratory', 'diag_3_Circulatory', 'diag_3_Diabetes', 'diag_3_Digestive', 'diag_3_Genitourinary', 'diag_3_Injury', 'diag_3_Musculoskeletal', 'diag_3_Neoplasms', 'diag_3_Other', 'diag_3_Respiratory']
[2025-11-09T00:25:56.305+0000] {logging_mixin.py:149} INFO - Accuracy: 0.7601986846341351
[2025-11-09T00:25:56.346+0000] {logging_mixin.py:149} INFO - 🔗 Conectando a MLflow en http://10.43.100.98:8084
[2025-11-09T00:25:56.446+0000] {logging_mixin.py:149} WARNING - 2025/11/09 00:25:56 WARNING mlflow.utils.git_utils: Failed to import Git (the Git executable is probably not on your PATH), so Git SHA is not available. Error: Failed to initialize: Bad git executable.
The git executable must be specified in one of the following ways:
    - be included in your $PATH
    - be set via $GIT_PYTHON_GIT_EXECUTABLE
    - explicitly set via git.refresh(<full-path-to-git-executable>)

All git commands will error until this is rectified.

This initial message can be silenced or aggravated in the future by setting the
$GIT_PYTHON_REFRESH environment variable. Use one of the following values:
    - quiet|q|silence|s|silent|none|n|0: for no message or exception
    - warn|w|warning|log|l|1: for a warning message (logging level CRITICAL, displayed by default)
    - error|e|exception|raise|r|2: for a raised exception

Example:
    export GIT_PYTHON_REFRESH=quiet
[2025-11-09T00:26:00.590+0000] {warnings.py:109} WARNING - /home/***/.local/lib/python3.9/site-packages/_distutils_hack/__init__.py:33: UserWarning: Setuptools is replacing distutils.
  warnings.warn("Setuptools is replacing distutils.")

[2025-11-09T00:26:00.689+0000] {credentials.py:1123} INFO - Found credentials in environment variables.
[2025-11-09T00:26:00.877+0000] {logging_mixin.py:149} INFO -  Run registrado en MLflow con nombre: GradientBoosting4
[2025-11-09T00:26:00.915+0000] {logging_mixin.py:149} WARNING - Registered model 'GradientBoostingModel' already exists. Creating a new version of this model...
[2025-11-09T00:26:00.944+0000] {logging_mixin.py:149} WARNING - 2025/11/09 00:26:00 INFO mlflow.tracking._model_registry.client: Waiting up to 300 seconds for model version to finish creation. Model name: GradientBoostingModel, version 4
[2025-11-09T00:26:00.944+0000] {logging_mixin.py:149} WARNING - Created version '4' of model 'GradientBoostingModel'.
[2025-11-09T00:26:00.945+0000] {logging_mixin.py:149} INFO - ✅ Modelo registrado con nombre='GradientBoostingModel' y versión=4
[2025-11-09T00:26:00.971+0000] {logging_mixin.py:149} INFO - Modelo guardado localmente en: /opt/***/models/GradientBoosting.pkl
[2025-11-09T00:26:00.974+0000] {python.py:183} INFO - Done. Returned value was: None
[2025-11-09T00:26:00.988+0000] {taskinstance.py:1368} INFO - Marking task as SUCCESS. dag_id=orquestador, task_id=train_ml_model, execution_date=20230101T000500, start_date=20251109T002535, end_date=20251109T002600
[2025-11-09T00:26:01.035+0000] {local_task_job_runner.py:232} INFO - Task exited with return code 0
[2025-11-09T00:26:01.082+0000] {taskinstance.py:2674} INFO - 1 downstream tasks scheduled from follow-on schedule check
[2025-11-09T03:05:37.965+0000] {taskinstance.py:1125} INFO - Dependencies all met for dep_context=non-requeueable deps ti=<TaskInstance: orquestador.train_ml_model scheduled__2023-01-01T00:05:00+00:00 [queued]>
[2025-11-09T03:05:37.983+0000] {taskinstance.py:1125} INFO - Dependencies all met for dep_context=requeueable deps ti=<TaskInstance: orquestador.train_ml_model scheduled__2023-01-01T00:05:00+00:00 [queued]>
[2025-11-09T03:05:37.983+0000] {taskinstance.py:1331} INFO - Starting attempt 1 of 2
[2025-11-09T03:05:37.999+0000] {taskinstance.py:1350} INFO - Executing <Task(PythonOperator): train_ml_model> on 2023-01-01 00:05:00+00:00
[2025-11-09T03:05:38.009+0000] {standard_task_runner.py:57} INFO - Started process 360 to run task
[2025-11-09T03:05:38.013+0000] {standard_task_runner.py:84} INFO - Running: ['***', 'tasks', 'run', 'orquestador', 'train_ml_model', 'scheduled__2023-01-01T00:05:00+00:00', '--job-id', '100', '--raw', '--subdir', 'DAGS_FOLDER/orquestador.py', '--cfg-path', '/tmp/tmp85j3nfwi']
[2025-11-09T03:05:38.016+0000] {standard_task_runner.py:85} INFO - Job 100: Subtask train_ml_model
[2025-11-09T03:05:38.334+0000] {task_command.py:410} INFO - Running <TaskInstance: orquestador.train_ml_model scheduled__2023-01-01T00:05:00+00:00 [running]> on host 94c887adfb7d
[2025-11-09T03:05:38.433+0000] {taskinstance.py:1568} INFO - Exporting env vars: AIRFLOW_CTX_DAG_OWNER='***' AIRFLOW_CTX_DAG_ID='orquestador' AIRFLOW_CTX_TASK_ID='train_ml_model' AIRFLOW_CTX_EXECUTION_DATE='2023-01-01T00:05:00+00:00' AIRFLOW_CTX_TRY_NUMBER='1' AIRFLOW_CTX_DAG_RUN_ID='scheduled__2023-01-01T00:05:00+00:00'
[2025-11-09T03:05:38.436+0000] {crypto.py:83} WARNING - empty cryptography key - values will not be stored encrypted.
[2025-11-09T03:05:38.437+0000] {base.py:73} INFO - Using connection ID 'mysql_conn' for task execution.
[2025-11-09T03:05:38.473+0000] {warnings.py:109} WARNING - /home/***/.local/lib/python3.9/site-packages/***/providers/common/sql/hooks/sql.py:201: UserWarning: pandas only supports SQLAlchemy connectable (engine/connection) or database string URI or sqlite3 DBAPI2 connection. Other DBAPI2 objects are not tested. Please consider using SQLAlchemy.
  return psql.read_sql(sql, con=conn, params=parameters, **kwargs)

[2025-11-09T03:05:39.597+0000] {logging_mixin.py:149} INFO - Columnas después del rename: ['discharge_disposition_id', 'admission_source_id', 'time_in_hospital', 'num_lab_procedures', 'num_procedures', 'num_medications', 'number_outpatient', 'number_emergency', 'number_inpatient', 'number_diagnoses', 'max_glu_serum', 'A1Cresult', 'readmitted', 'race_AfricanAmerican', 'race_Asian', 'race_Caucasian', 'race_Hispanic', 'race_Other', 'gender_Female', 'gender_Male', 'age_0_10', 'age_10_20', 'age_20_30', 'age_30_40', 'age_40_50', 'age_50_60', 'age_60_70', 'age_70_80', 'age_80_90', 'age_90_100', 'cambio_Ch', 'cambio_No', 'diabetesMed_No', 'diabetesMed_Yes', 'diag_1_Circulatory', 'diag_1_Diabetes', 'diag_1_Digestive', 'diag_1_Genitourinary', 'diag_1_Injury', 'diag_1_Musculoskeletal', 'diag_1_Neoplasms', 'diag_1_Other', 'diag_1_Respiratory', 'diag_2_Circulatory', 'diag_2_Diabetes', 'diag_2_Digestive', 'diag_2_Genitourinary', 'diag_2_Injury', 'diag_2_Musculoskeletal', 'diag_2_Neoplasms', 'diag_2_Other', 'diag_2_Respiratory', 'diag_3_Circulatory', 'diag_3_Diabetes', 'diag_3_Digestive', 'diag_3_Genitourinary', 'diag_3_Injury', 'diag_3_Musculoskeletal', 'diag_3_Neoplasms', 'diag_3_Other', 'diag_3_Respiratory']
[2025-11-09T03:05:39.606+0000] {logging_mixin.py:149} INFO - ====================================================================================================
[2025-11-09T03:05:39.606+0000] {logging_mixin.py:149} INFO - 
🧩 Tipos de variables en X_train:
[2025-11-09T03:05:39.606+0000] {logging_mixin.py:149} INFO -   discharge_disposition_id: int64
[2025-11-09T03:05:39.607+0000] {logging_mixin.py:149} INFO -   admission_source_id: int64
[2025-11-09T03:05:39.607+0000] {logging_mixin.py:149} INFO -   time_in_hospital: int64
[2025-11-09T03:05:39.607+0000] {logging_mixin.py:149} INFO -   num_lab_procedures: int64
[2025-11-09T03:05:39.607+0000] {logging_mixin.py:149} INFO -   num_procedures: int64
[2025-11-09T03:05:39.607+0000] {logging_mixin.py:149} INFO -   num_medications: int64
[2025-11-09T03:05:39.607+0000] {logging_mixin.py:149} INFO -   number_outpatient: int64
[2025-11-09T03:05:39.607+0000] {logging_mixin.py:149} INFO -   number_emergency: int64
[2025-11-09T03:05:39.607+0000] {logging_mixin.py:149} INFO -   number_inpatient: int64
[2025-11-09T03:05:39.607+0000] {logging_mixin.py:149} INFO -   number_diagnoses: int64
[2025-11-09T03:05:39.607+0000] {logging_mixin.py:149} INFO -   max_glu_serum: int64
[2025-11-09T03:05:39.608+0000] {logging_mixin.py:149} INFO -   A1Cresult: int64
[2025-11-09T03:05:39.608+0000] {logging_mixin.py:149} INFO -   race_AfricanAmerican: int64
[2025-11-09T03:05:39.608+0000] {logging_mixin.py:149} INFO -   race_Asian: int64
[2025-11-09T03:05:39.608+0000] {logging_mixin.py:149} INFO -   race_Caucasian: int64
[2025-11-09T03:05:39.608+0000] {logging_mixin.py:149} INFO -   race_Hispanic: int64
[2025-11-09T03:05:39.608+0000] {logging_mixin.py:149} INFO -   race_Other: int64
[2025-11-09T03:05:39.608+0000] {logging_mixin.py:149} INFO -   gender_Female: int64
[2025-11-09T03:05:39.608+0000] {logging_mixin.py:149} INFO -   gender_Male: int64
[2025-11-09T03:05:39.608+0000] {logging_mixin.py:149} INFO -   age_0_10: int64
[2025-11-09T03:05:39.608+0000] {logging_mixin.py:149} INFO -   age_10_20: int64
[2025-11-09T03:05:39.608+0000] {logging_mixin.py:149} INFO -   age_20_30: int64
[2025-11-09T03:05:39.608+0000] {logging_mixin.py:149} INFO -   age_30_40: int64
[2025-11-09T03:05:39.609+0000] {logging_mixin.py:149} INFO -   age_40_50: int64
[2025-11-09T03:05:39.609+0000] {logging_mixin.py:149} INFO -   age_50_60: int64
[2025-11-09T03:05:39.609+0000] {logging_mixin.py:149} INFO -   age_60_70: int64
[2025-11-09T03:05:39.609+0000] {logging_mixin.py:149} INFO -   age_70_80: int64
[2025-11-09T03:05:39.609+0000] {logging_mixin.py:149} INFO -   age_80_90: int64
[2025-11-09T03:05:39.609+0000] {logging_mixin.py:149} INFO -   age_90_100: int64
[2025-11-09T03:05:39.609+0000] {logging_mixin.py:149} INFO -   cambio_Ch: int64
[2025-11-09T03:05:39.609+0000] {logging_mixin.py:149} INFO -   cambio_No: int64
[2025-11-09T03:05:39.609+0000] {logging_mixin.py:149} INFO -   diabetesMed_No: int64
[2025-11-09T03:05:39.609+0000] {logging_mixin.py:149} INFO -   diabetesMed_Yes: int64
[2025-11-09T03:05:39.609+0000] {logging_mixin.py:149} INFO -   diag_1_Circulatory: int64
[2025-11-09T03:05:39.610+0000] {logging_mixin.py:149} INFO -   diag_1_Diabetes: int64
[2025-11-09T03:05:39.610+0000] {logging_mixin.py:149} INFO -   diag_1_Digestive: int64
[2025-11-09T03:05:39.610+0000] {logging_mixin.py:149} INFO -   diag_1_Genitourinary: int64
[2025-11-09T03:05:39.610+0000] {logging_mixin.py:149} INFO -   diag_1_Injury: int64
[2025-11-09T03:05:39.610+0000] {logging_mixin.py:149} INFO -   diag_1_Musculoskeletal: int64
[2025-11-09T03:05:39.610+0000] {logging_mixin.py:149} INFO -   diag_1_Neoplasms: int64
[2025-11-09T03:05:39.610+0000] {logging_mixin.py:149} INFO -   diag_1_Other: int64
[2025-11-09T03:05:39.610+0000] {logging_mixin.py:149} INFO -   diag_1_Respiratory: int64
[2025-11-09T03:05:39.610+0000] {logging_mixin.py:149} INFO -   diag_2_Circulatory: int64
[2025-11-09T03:05:39.610+0000] {logging_mixin.py:149} INFO -   diag_2_Diabetes: int64
[2025-11-09T03:05:39.610+0000] {logging_mixin.py:149} INFO -   diag_2_Digestive: int64
[2025-11-09T03:05:39.611+0000] {logging_mixin.py:149} INFO -   diag_2_Genitourinary: int64
[2025-11-09T03:05:39.611+0000] {logging_mixin.py:149} INFO -   diag_2_Injury: int64
[2025-11-09T03:05:39.611+0000] {logging_mixin.py:149} INFO -   diag_2_Musculoskeletal: int64
[2025-11-09T03:05:39.611+0000] {logging_mixin.py:149} INFO -   diag_2_Neoplasms: int64
[2025-11-09T03:05:39.611+0000] {logging_mixin.py:149} INFO -   diag_2_Other: int64
[2025-11-09T03:05:39.611+0000] {logging_mixin.py:149} INFO -   diag_2_Respiratory: int64
[2025-11-09T03:05:39.611+0000] {logging_mixin.py:149} INFO -   diag_3_Circulatory: int64
[2025-11-09T03:05:39.611+0000] {logging_mixin.py:149} INFO -   diag_3_Diabetes: int64
[2025-11-09T03:05:39.611+0000] {logging_mixin.py:149} INFO -   diag_3_Digestive: int64
[2025-11-09T03:05:39.611+0000] {logging_mixin.py:149} INFO -   diag_3_Genitourinary: int64
[2025-11-09T03:05:39.611+0000] {logging_mixin.py:149} INFO -   diag_3_Injury: int64
[2025-11-09T03:05:39.612+0000] {logging_mixin.py:149} INFO -   diag_3_Musculoskeletal: int64
[2025-11-09T03:05:39.612+0000] {logging_mixin.py:149} INFO -   diag_3_Neoplasms: int64
[2025-11-09T03:05:39.612+0000] {logging_mixin.py:149} INFO -   diag_3_Other: int64
[2025-11-09T03:05:39.612+0000] {logging_mixin.py:149} INFO -   diag_3_Respiratory: int64
[2025-11-09T03:05:39.612+0000] {logging_mixin.py:149} INFO - 
🎯 Tipo de variable objetivo (y_train): object
[2025-11-09T03:05:56.584+0000] {base.py:73} INFO - Using connection ID 'mysql_conn' for task execution.
[2025-11-09T03:05:56.605+0000] {warnings.py:109} WARNING - /home/***/.local/lib/python3.9/site-packages/***/providers/common/sql/hooks/sql.py:201: UserWarning: pandas only supports SQLAlchemy connectable (engine/connection) or database string URI or sqlite3 DBAPI2 connection. Other DBAPI2 objects are not tested. Please consider using SQLAlchemy.
  return psql.read_sql(sql, con=conn, params=parameters, **kwargs)

[2025-11-09T03:05:57.089+0000] {logging_mixin.py:149} INFO - Columnas después del rename: ['discharge_disposition_id', 'admission_source_id', 'time_in_hospital', 'num_lab_procedures', 'num_procedures', 'num_medications', 'number_outpatient', 'number_emergency', 'number_inpatient', 'number_diagnoses', 'max_glu_serum', 'A1Cresult', 'readmitted', 'race_AfricanAmerican', 'race_Asian', 'race_Caucasian', 'race_Hispanic', 'race_Other', 'gender_Female', 'gender_Male', 'age_0_10', 'age_10_20', 'age_20_30', 'age_30_40', 'age_40_50', 'age_50_60', 'age_60_70', 'age_70_80', 'age_80_90', 'age_90_100', 'cambio_Ch', 'cambio_No', 'diabetesMed_No', 'diabetesMed_Yes', 'diag_1_Circulatory', 'diag_1_Diabetes', 'diag_1_Digestive', 'diag_1_Genitourinary', 'diag_1_Injury', 'diag_1_Musculoskeletal', 'diag_1_Neoplasms', 'diag_1_Other', 'diag_1_Respiratory', 'diag_2_Circulatory', 'diag_2_Diabetes', 'diag_2_Digestive', 'diag_2_Genitourinary', 'diag_2_Injury', 'diag_2_Musculoskeletal', 'diag_2_Neoplasms', 'diag_2_Other', 'diag_2_Respiratory', 'diag_3_Circulatory', 'diag_3_Diabetes', 'diag_3_Digestive', 'diag_3_Genitourinary', 'diag_3_Injury', 'diag_3_Musculoskeletal', 'diag_3_Neoplasms', 'diag_3_Other', 'diag_3_Respiratory']
[2025-11-09T03:05:57.094+0000] {logging_mixin.py:149} INFO - Columnas después del rename: ['discharge_disposition_id', 'admission_source_id', 'time_in_hospital', 'num_lab_procedures', 'num_procedures', 'num_medications', 'number_outpatient', 'number_emergency', 'number_inpatient', 'number_diagnoses', 'max_glu_serum', 'A1Cresult', 'race_AfricanAmerican', 'race_Asian', 'race_Caucasian', 'race_Hispanic', 'race_Other', 'gender_Female', 'gender_Male', 'age_0_10', 'age_10_20', 'age_20_30', 'age_30_40', 'age_40_50', 'age_50_60', 'age_60_70', 'age_70_80', 'age_80_90', 'age_90_100', 'cambio_Ch', 'cambio_No', 'diabetesMed_No', 'diabetesMed_Yes', 'diag_1_Circulatory', 'diag_1_Diabetes', 'diag_1_Digestive', 'diag_1_Genitourinary', 'diag_1_Injury', 'diag_1_Musculoskeletal', 'diag_1_Neoplasms', 'diag_1_Other', 'diag_1_Respiratory', 'diag_2_Circulatory', 'diag_2_Diabetes', 'diag_2_Digestive', 'diag_2_Genitourinary', 'diag_2_Injury', 'diag_2_Musculoskeletal', 'diag_2_Neoplasms', 'diag_2_Other', 'diag_2_Respiratory', 'diag_3_Circulatory', 'diag_3_Diabetes', 'diag_3_Digestive', 'diag_3_Genitourinary', 'diag_3_Injury', 'diag_3_Musculoskeletal', 'diag_3_Neoplasms', 'diag_3_Other', 'diag_3_Respiratory']
[2025-11-09T03:05:57.222+0000] {logging_mixin.py:149} INFO - Accuracy: 0.726524449639587
[2025-11-09T03:05:57.294+0000] {logging_mixin.py:149} INFO - 🔗 Conectando a MLflow en http://10.43.100.98:8084
[2025-11-09T03:05:57.555+0000] {logging_mixin.py:149} WARNING - 2025/11/09 03:05:57 WARNING mlflow.utils.git_utils: Failed to import Git (the Git executable is probably not on your PATH), so Git SHA is not available. Error: Failed to initialize: Bad git executable.
The git executable must be specified in one of the following ways:
    - be included in your $PATH
    - be set via $GIT_PYTHON_GIT_EXECUTABLE
    - explicitly set via git.refresh(<full-path-to-git-executable>)

All git commands will error until this is rectified.

This initial message can be silenced or aggravated in the future by setting the
$GIT_PYTHON_REFRESH environment variable. Use one of the following values:
    - quiet|q|silence|s|silent|none|n|0: for no message or exception
    - warn|w|warning|log|l|1: for a warning message (logging level CRITICAL, displayed by default)
    - error|e|exception|raise|r|2: for a raised exception

Example:
    export GIT_PYTHON_REFRESH=quiet
[2025-11-09T03:06:03.495+0000] {warnings.py:109} WARNING - /home/***/.local/lib/python3.9/site-packages/_distutils_hack/__init__.py:33: UserWarning: Setuptools is replacing distutils.
  warnings.warn("Setuptools is replacing distutils.")

[2025-11-09T03:06:03.598+0000] {credentials.py:1123} INFO - Found credentials in environment variables.
[2025-11-09T03:06:03.864+0000] {logging_mixin.py:149} INFO -  Run registrado en MLflow con nombre: GradientBoosting8
[2025-11-09T03:06:03.910+0000] {logging_mixin.py:149} WARNING - Registered model 'GradientBoostingModel' already exists. Creating a new version of this model...
[2025-11-09T03:06:03.944+0000] {logging_mixin.py:149} WARNING - 2025/11/09 03:06:03 INFO mlflow.tracking._model_registry.client: Waiting up to 300 seconds for model version to finish creation. Model name: GradientBoostingModel, version 8
[2025-11-09T03:06:03.944+0000] {logging_mixin.py:149} WARNING - Created version '8' of model 'GradientBoostingModel'.
[2025-11-09T03:06:03.944+0000] {logging_mixin.py:149} INFO - ✅ Modelo registrado con nombre='GradientBoostingModel' y versión=8
[2025-11-09T03:06:03.971+0000] {logging_mixin.py:149} INFO - Modelo guardado localmente en: /opt/***/models/GradientBoosting.pkl
[2025-11-09T03:06:03.974+0000] {python.py:183} INFO - Done. Returned value was: None
[2025-11-09T03:06:03.995+0000] {taskinstance.py:1368} INFO - Marking task as SUCCESS. dag_id=orquestador, task_id=train_ml_model, execution_date=20230101T000500, start_date=20251109T030537, end_date=20251109T030603
[2025-11-09T03:06:04.053+0000] {local_task_job_runner.py:232} INFO - Task exited with return code 0
[2025-11-09T03:06:04.097+0000] {taskinstance.py:2674} INFO - 1 downstream tasks scheduled from follow-on schedule check
