[2025-11-08T20:52:15.914+0000] {taskinstance.py:1125} INFO - Dependencies all met for dep_context=non-requeueable deps ti=<TaskInstance: orquestador.wait_between_runs scheduled__2023-01-01T00:00:00+00:00 [queued]>
[2025-11-08T20:52:15.925+0000] {taskinstance.py:1125} INFO - Dependencies all met for dep_context=requeueable deps ti=<TaskInstance: orquestador.wait_between_runs scheduled__2023-01-01T00:00:00+00:00 [queued]>
[2025-11-08T20:52:15.925+0000] {taskinstance.py:1331} INFO - Starting attempt 1 of 2
[2025-11-08T20:52:15.939+0000] {taskinstance.py:1350} INFO - Executing <Task(PythonOperator): wait_between_runs> on 2023-01-01 00:00:00+00:00
[2025-11-08T20:52:15.948+0000] {standard_task_runner.py:57} INFO - Started process 14614 to run task
[2025-11-08T20:52:15.960+0000] {standard_task_runner.py:84} INFO - Running: ['***', 'tasks', 'run', 'orquestador', 'wait_between_runs', 'scheduled__2023-01-01T00:00:00+00:00', '--job-id', '783', '--raw', '--subdir', 'DAGS_FOLDER/orquestador.py', '--cfg-path', '/tmp/tmpnu_yezfl']
[2025-11-08T20:52:15.964+0000] {standard_task_runner.py:85} INFO - Job 783: Subtask wait_between_runs
[2025-11-08T20:52:16.289+0000] {task_command.py:410} INFO - Running <TaskInstance: orquestador.wait_between_runs scheduled__2023-01-01T00:00:00+00:00 [running]> on host 068cff9bffb3
[2025-11-08T20:52:16.378+0000] {taskinstance.py:1568} INFO - Exporting env vars: AIRFLOW_CTX_DAG_OWNER='***' AIRFLOW_CTX_DAG_ID='orquestador' AIRFLOW_CTX_TASK_ID='wait_between_runs' AIRFLOW_CTX_EXECUTION_DATE='2023-01-01T00:00:00+00:00' AIRFLOW_CTX_TRY_NUMBER='1' AIRFLOW_CTX_DAG_RUN_ID='scheduled__2023-01-01T00:00:00+00:00'
[2025-11-08T20:57:16.477+0000] {python.py:183} INFO - Done. Returned value was: None
[2025-11-08T20:57:16.499+0000] {taskinstance.py:1368} INFO - Marking task as SUCCESS. dag_id=orquestador, task_id=wait_between_runs, execution_date=20230101T000000, start_date=20251108T205215, end_date=20251108T205716
[2025-11-08T20:57:16.530+0000] {local_task_job_runner.py:232} INFO - Task exited with return code 0
[2025-11-08T20:57:16.736+0000] {taskinstance.py:2674} INFO - 0 downstream tasks scheduled from follow-on schedule check
[2025-11-08T23:04:46.422+0000] {taskinstance.py:1125} INFO - Dependencies all met for dep_context=non-requeueable deps ti=<TaskInstance: orquestador.wait_between_runs scheduled__2023-01-01T00:00:00+00:00 [queued]>
[2025-11-08T23:04:46.437+0000] {taskinstance.py:1125} INFO - Dependencies all met for dep_context=requeueable deps ti=<TaskInstance: orquestador.wait_between_runs scheduled__2023-01-01T00:00:00+00:00 [queued]>
[2025-11-08T23:04:46.438+0000] {taskinstance.py:1331} INFO - Starting attempt 1 of 2
[2025-11-08T23:04:46.453+0000] {taskinstance.py:1350} INFO - Executing <Task(PythonOperator): wait_between_runs> on 2023-01-01 00:00:00+00:00
[2025-11-08T23:04:46.466+0000] {standard_task_runner.py:57} INFO - Started process 16759 to run task
[2025-11-08T23:04:46.474+0000] {standard_task_runner.py:84} INFO - Running: ['***', 'tasks', 'run', 'orquestador', 'wait_between_runs', 'scheduled__2023-01-01T00:00:00+00:00', '--job-id', '828', '--raw', '--subdir', 'DAGS_FOLDER/orquestador.py', '--cfg-path', '/tmp/tmpl1s_veid']
[2025-11-08T23:04:46.477+0000] {standard_task_runner.py:85} INFO - Job 828: Subtask wait_between_runs
[2025-11-08T23:04:46.877+0000] {task_command.py:410} INFO - Running <TaskInstance: orquestador.wait_between_runs scheduled__2023-01-01T00:00:00+00:00 [running]> on host 068cff9bffb3
[2025-11-08T23:04:46.981+0000] {taskinstance.py:1568} INFO - Exporting env vars: AIRFLOW_CTX_DAG_OWNER='***' AIRFLOW_CTX_DAG_ID='orquestador' AIRFLOW_CTX_TASK_ID='wait_between_runs' AIRFLOW_CTX_EXECUTION_DATE='2023-01-01T00:00:00+00:00' AIRFLOW_CTX_TRY_NUMBER='1' AIRFLOW_CTX_DAG_RUN_ID='scheduled__2023-01-01T00:00:00+00:00'
[2025-11-08T23:09:47.082+0000] {python.py:183} INFO - Done. Returned value was: None
[2025-11-08T23:09:47.102+0000] {taskinstance.py:1368} INFO - Marking task as SUCCESS. dag_id=orquestador, task_id=wait_between_runs, execution_date=20230101T000000, start_date=20251108T230446, end_date=20251108T230947
[2025-11-08T23:09:47.176+0000] {local_task_job_runner.py:232} INFO - Task exited with return code 0
[2025-11-08T23:09:47.414+0000] {taskinstance.py:2674} INFO - 0 downstream tasks scheduled from follow-on schedule check
[2025-11-08T23:20:21.713+0000] {taskinstance.py:1125} INFO - Dependencies all met for dep_context=non-requeueable deps ti=<TaskInstance: orquestador.wait_between_runs scheduled__2023-01-01T00:00:00+00:00 [queued]>
[2025-11-08T23:20:21.728+0000] {taskinstance.py:1125} INFO - Dependencies all met for dep_context=requeueable deps ti=<TaskInstance: orquestador.wait_between_runs scheduled__2023-01-01T00:00:00+00:00 [queued]>
[2025-11-08T23:20:21.728+0000] {taskinstance.py:1331} INFO - Starting attempt 1 of 2
[2025-11-08T23:20:21.747+0000] {taskinstance.py:1350} INFO - Executing <Task(PythonOperator): wait_between_runs> on 2023-01-01 00:00:00+00:00
[2025-11-08T23:20:21.758+0000] {standard_task_runner.py:57} INFO - Started process 17177 to run task
[2025-11-08T23:20:21.770+0000] {standard_task_runner.py:84} INFO - Running: ['***', 'tasks', 'run', 'orquestador', 'wait_between_runs', 'scheduled__2023-01-01T00:00:00+00:00', '--job-id', '855', '--raw', '--subdir', 'DAGS_FOLDER/orquestador.py', '--cfg-path', '/tmp/tmph09ygo3g']
[2025-11-08T23:20:21.774+0000] {standard_task_runner.py:85} INFO - Job 855: Subtask wait_between_runs
[2025-11-08T23:20:22.104+0000] {task_command.py:410} INFO - Running <TaskInstance: orquestador.wait_between_runs scheduled__2023-01-01T00:00:00+00:00 [running]> on host 068cff9bffb3
[2025-11-08T23:20:22.187+0000] {taskinstance.py:1568} INFO - Exporting env vars: AIRFLOW_CTX_DAG_OWNER='***' AIRFLOW_CTX_DAG_ID='orquestador' AIRFLOW_CTX_TASK_ID='wait_between_runs' AIRFLOW_CTX_EXECUTION_DATE='2023-01-01T00:00:00+00:00' AIRFLOW_CTX_TRY_NUMBER='1' AIRFLOW_CTX_DAG_RUN_ID='scheduled__2023-01-01T00:00:00+00:00'
[2025-11-08T23:25:22.288+0000] {python.py:183} INFO - Done. Returned value was: None
[2025-11-08T23:25:22.309+0000] {taskinstance.py:1368} INFO - Marking task as SUCCESS. dag_id=orquestador, task_id=wait_between_runs, execution_date=20230101T000000, start_date=20251108T232021, end_date=20251108T232522
[2025-11-08T23:25:22.362+0000] {local_task_job_runner.py:232} INFO - Task exited with return code 0
[2025-11-08T23:25:22.612+0000] {taskinstance.py:2674} INFO - 0 downstream tasks scheduled from follow-on schedule check
[2025-11-08T23:28:37.099+0000] {taskinstance.py:1125} INFO - Dependencies all met for dep_context=non-requeueable deps ti=<TaskInstance: orquestador.wait_between_runs scheduled__2023-01-01T00:00:00+00:00 [queued]>
[2025-11-08T23:28:37.120+0000] {taskinstance.py:1125} INFO - Dependencies all met for dep_context=requeueable deps ti=<TaskInstance: orquestador.wait_between_runs scheduled__2023-01-01T00:00:00+00:00 [queued]>
[2025-11-08T23:28:37.121+0000] {taskinstance.py:1331} INFO - Starting attempt 1 of 2
[2025-11-08T23:28:37.136+0000] {taskinstance.py:1350} INFO - Executing <Task(PythonOperator): wait_between_runs> on 2023-01-01 00:00:00+00:00
[2025-11-08T23:28:37.144+0000] {standard_task_runner.py:57} INFO - Started process 17433 to run task
[2025-11-08T23:28:37.152+0000] {standard_task_runner.py:84} INFO - Running: ['***', 'tasks', 'run', 'orquestador', 'wait_between_runs', 'scheduled__2023-01-01T00:00:00+00:00', '--job-id', '876', '--raw', '--subdir', 'DAGS_FOLDER/orquestador.py', '--cfg-path', '/tmp/tmpewxu3fog']
[2025-11-08T23:28:37.156+0000] {standard_task_runner.py:85} INFO - Job 876: Subtask wait_between_runs
[2025-11-08T23:28:37.504+0000] {task_command.py:410} INFO - Running <TaskInstance: orquestador.wait_between_runs scheduled__2023-01-01T00:00:00+00:00 [running]> on host 068cff9bffb3
[2025-11-08T23:28:37.635+0000] {taskinstance.py:1568} INFO - Exporting env vars: AIRFLOW_CTX_DAG_OWNER='***' AIRFLOW_CTX_DAG_ID='orquestador' AIRFLOW_CTX_TASK_ID='wait_between_runs' AIRFLOW_CTX_EXECUTION_DATE='2023-01-01T00:00:00+00:00' AIRFLOW_CTX_TRY_NUMBER='1' AIRFLOW_CTX_DAG_RUN_ID='scheduled__2023-01-01T00:00:00+00:00'
[2025-11-08T23:32:29.973+0000] {process_utils.py:131} INFO - Sending Signals.SIGTERM to group 17433. PIDs of all processes in the group: [17433]
[2025-11-08T23:32:29.973+0000] {process_utils.py:86} INFO - Sending the signal Signals.SIGTERM to group 17433
[2025-11-08T23:32:29.974+0000] {taskinstance.py:1540} ERROR - Received SIGTERM. Terminating subprocesses.
[2025-11-08T23:32:29.995+0000] {taskinstance.py:1847} ERROR - Task failed with exception
Traceback (most recent call last):
  File "/home/airflow/.local/lib/python3.9/site-packages/airflow/operators/python.py", line 181, in execute
    return_value = self.execute_callable()
  File "/home/airflow/.local/lib/python3.9/site-packages/airflow/operators/python.py", line 198, in execute_callable
    return self.python_callable(*self.op_args, **self.op_kwargs)
  File "/opt/airflow/dags/orquestador.py", line 46, in wait_five_minutes
    time.sleep(300)  # 5 minutos
  File "/home/airflow/.local/lib/python3.9/site-packages/airflow/models/taskinstance.py", line 1542, in signal_handler
    raise AirflowException("Task received SIGTERM signal")
airflow.exceptions.AirflowException: Task received SIGTERM signal
[2025-11-08T23:32:30.034+0000] {taskinstance.py:1368} INFO - Marking task as FAILED. dag_id=orquestador, task_id=wait_between_runs, execution_date=20230101T000000, start_date=20251108T232837, end_date=20251108T233230
[2025-11-08T23:32:30.054+0000] {standard_task_runner.py:104} ERROR - Failed to execute job 876 for task wait_between_runs ((psycopg2.errors.ForeignKeyViolation) insert or update on table "task_fail" violates foreign key constraint "task_fail_ti_fkey"
DETAIL:  Key (dag_id, task_id, run_id, map_index)=(orquestador, wait_between_runs, scheduled__2023-01-01T00:00:00+00:00, -1) is not present in table "task_instance".

[SQL: INSERT INTO task_fail (task_id, dag_id, run_id, map_index, start_date, end_date, duration) VALUES (%(task_id)s, %(dag_id)s, %(run_id)s, %(map_index)s, %(start_date)s, %(end_date)s, %(duration)s) RETURNING task_fail.id]
[parameters: {'task_id': 'wait_between_runs', 'dag_id': 'orquestador', 'run_id': 'scheduled__2023-01-01T00:00:00+00:00', 'map_index': -1, 'start_date': datetime.datetime(2025, 11, 8, 23, 28, 37, 106842, tzinfo=Timezone('UTC')), 'end_date': datetime.datetime(2025, 11, 8, 23, 32, 30, 34268, tzinfo=Timezone('UTC')), 'duration': 232}]
(Background on this error at: https://sqlalche.me/e/14/gkpj); 17433)
[2025-11-08T23:32:30.106+0000] {process_utils.py:79} INFO - Process psutil.Process(pid=17433, status='terminated', exitcode=1, started='23:28:36') (17433) terminated with exit code 1
[2025-11-08T23:34:37.664+0000] {taskinstance.py:1125} INFO - Dependencies all met for dep_context=non-requeueable deps ti=<TaskInstance: orquestador.wait_between_runs scheduled__2023-01-01T00:00:00+00:00 [queued]>
[2025-11-08T23:34:37.688+0000] {taskinstance.py:1125} INFO - Dependencies all met for dep_context=requeueable deps ti=<TaskInstance: orquestador.wait_between_runs scheduled__2023-01-01T00:00:00+00:00 [queued]>
[2025-11-08T23:34:37.689+0000] {taskinstance.py:1331} INFO - Starting attempt 1 of 2
[2025-11-08T23:34:37.710+0000] {taskinstance.py:1350} INFO - Executing <Task(PythonOperator): wait_between_runs> on 2023-01-01 00:00:00+00:00
[2025-11-08T23:34:37.725+0000] {standard_task_runner.py:57} INFO - Started process 17637 to run task
[2025-11-08T23:34:37.731+0000] {standard_task_runner.py:84} INFO - Running: ['***', 'tasks', 'run', 'orquestador', 'wait_between_runs', 'scheduled__2023-01-01T00:00:00+00:00', '--job-id', '893', '--raw', '--subdir', 'DAGS_FOLDER/orquestador.py', '--cfg-path', '/tmp/tmpumgw1rsk']
[2025-11-08T23:34:37.740+0000] {standard_task_runner.py:85} INFO - Job 893: Subtask wait_between_runs
[2025-11-08T23:34:38.214+0000] {task_command.py:410} INFO - Running <TaskInstance: orquestador.wait_between_runs scheduled__2023-01-01T00:00:00+00:00 [running]> on host 068cff9bffb3
[2025-11-08T23:34:38.327+0000] {taskinstance.py:1568} INFO - Exporting env vars: AIRFLOW_CTX_DAG_OWNER='***' AIRFLOW_CTX_DAG_ID='orquestador' AIRFLOW_CTX_TASK_ID='wait_between_runs' AIRFLOW_CTX_EXECUTION_DATE='2023-01-01T00:00:00+00:00' AIRFLOW_CTX_TRY_NUMBER='1' AIRFLOW_CTX_DAG_RUN_ID='scheduled__2023-01-01T00:00:00+00:00'
[2025-11-08T23:39:38.428+0000] {python.py:183} INFO - Done. Returned value was: None
[2025-11-08T23:39:38.438+0000] {taskinstance.py:1368} INFO - Marking task as SUCCESS. dag_id=orquestador, task_id=wait_between_runs, execution_date=20230101T000000, start_date=20251108T233437, end_date=20251108T233938
[2025-11-08T23:39:38.467+0000] {local_task_job_runner.py:232} INFO - Task exited with return code 0
[2025-11-08T23:39:38.481+0000] {taskinstance.py:2674} INFO - 0 downstream tasks scheduled from follow-on schedule check
[2025-11-09T00:02:35.843+0000] {taskinstance.py:1125} INFO - Dependencies all met for dep_context=non-requeueable deps ti=<TaskInstance: orquestador.wait_between_runs scheduled__2023-01-01T00:00:00+00:00 [queued]>
[2025-11-09T00:02:35.859+0000] {taskinstance.py:1125} INFO - Dependencies all met for dep_context=requeueable deps ti=<TaskInstance: orquestador.wait_between_runs scheduled__2023-01-01T00:00:00+00:00 [queued]>
[2025-11-09T00:02:35.859+0000] {taskinstance.py:1331} INFO - Starting attempt 1 of 2
[2025-11-09T00:02:35.875+0000] {taskinstance.py:1350} INFO - Executing <Task(PythonOperator): wait_between_runs> on 2023-01-01 00:00:00+00:00
[2025-11-09T00:02:35.891+0000] {standard_task_runner.py:57} INFO - Started process 268 to run task
[2025-11-09T00:02:35.903+0000] {standard_task_runner.py:84} INFO - Running: ['***', 'tasks', 'run', 'orquestador', 'wait_between_runs', 'scheduled__2023-01-01T00:00:00+00:00', '--job-id', '19', '--raw', '--subdir', 'DAGS_FOLDER/orquestador.py', '--cfg-path', '/tmp/tmp0cr49_mx']
[2025-11-09T00:02:35.910+0000] {standard_task_runner.py:85} INFO - Job 19: Subtask wait_between_runs
[2025-11-09T00:02:36.364+0000] {task_command.py:410} INFO - Running <TaskInstance: orquestador.wait_between_runs scheduled__2023-01-01T00:00:00+00:00 [running]> on host abefff83dc87
[2025-11-09T00:02:36.480+0000] {taskinstance.py:1568} INFO - Exporting env vars: AIRFLOW_CTX_DAG_OWNER='***' AIRFLOW_CTX_DAG_ID='orquestador' AIRFLOW_CTX_TASK_ID='wait_between_runs' AIRFLOW_CTX_EXECUTION_DATE='2023-01-01T00:00:00+00:00' AIRFLOW_CTX_TRY_NUMBER='1' AIRFLOW_CTX_DAG_RUN_ID='scheduled__2023-01-01T00:00:00+00:00'
[2025-11-09T00:07:36.583+0000] {python.py:183} INFO - Done. Returned value was: None
[2025-11-09T00:07:36.602+0000] {taskinstance.py:1368} INFO - Marking task as SUCCESS. dag_id=orquestador, task_id=wait_between_runs, execution_date=20230101T000000, start_date=20251109T000235, end_date=20251109T000736
[2025-11-09T00:07:36.664+0000] {local_task_job_runner.py:232} INFO - Task exited with return code 0
[2025-11-09T00:07:37.003+0000] {taskinstance.py:2674} INFO - 0 downstream tasks scheduled from follow-on schedule check
[2025-11-09T00:19:09.787+0000] {taskinstance.py:1125} INFO - Dependencies all met for dep_context=non-requeueable deps ti=<TaskInstance: orquestador.wait_between_runs scheduled__2023-01-01T00:00:00+00:00 [queued]>
[2025-11-09T00:19:09.808+0000] {taskinstance.py:1125} INFO - Dependencies all met for dep_context=requeueable deps ti=<TaskInstance: orquestador.wait_between_runs scheduled__2023-01-01T00:00:00+00:00 [queued]>
[2025-11-09T00:19:09.809+0000] {taskinstance.py:1331} INFO - Starting attempt 1 of 2
[2025-11-09T00:19:09.830+0000] {taskinstance.py:1350} INFO - Executing <Task(PythonOperator): wait_between_runs> on 2023-01-01 00:00:00+00:00
[2025-11-09T00:19:09.840+0000] {standard_task_runner.py:57} INFO - Started process 721 to run task
[2025-11-09T00:19:09.843+0000] {standard_task_runner.py:84} INFO - Running: ['***', 'tasks', 'run', 'orquestador', 'wait_between_runs', 'scheduled__2023-01-01T00:00:00+00:00', '--job-id', '49', '--raw', '--subdir', 'DAGS_FOLDER/orquestador.py', '--cfg-path', '/tmp/tmp1wmmfsgz']
[2025-11-09T00:19:09.846+0000] {standard_task_runner.py:85} INFO - Job 49: Subtask wait_between_runs
[2025-11-09T00:19:10.155+0000] {task_command.py:410} INFO - Running <TaskInstance: orquestador.wait_between_runs scheduled__2023-01-01T00:00:00+00:00 [running]> on host abefff83dc87
[2025-11-09T00:19:10.248+0000] {taskinstance.py:1568} INFO - Exporting env vars: AIRFLOW_CTX_DAG_OWNER='***' AIRFLOW_CTX_DAG_ID='orquestador' AIRFLOW_CTX_TASK_ID='wait_between_runs' AIRFLOW_CTX_EXECUTION_DATE='2023-01-01T00:00:00+00:00' AIRFLOW_CTX_TRY_NUMBER='1' AIRFLOW_CTX_DAG_RUN_ID='scheduled__2023-01-01T00:00:00+00:00'
[2025-11-09T00:24:10.348+0000] {python.py:183} INFO - Done. Returned value was: None
[2025-11-09T00:24:10.364+0000] {taskinstance.py:1368} INFO - Marking task as SUCCESS. dag_id=orquestador, task_id=wait_between_runs, execution_date=20230101T000000, start_date=20251109T001909, end_date=20251109T002410
[2025-11-09T00:24:10.433+0000] {local_task_job_runner.py:232} INFO - Task exited with return code 0
[2025-11-09T00:24:10.757+0000] {taskinstance.py:2674} INFO - 0 downstream tasks scheduled from follow-on schedule check
[2025-11-09T02:58:36.857+0000] {taskinstance.py:1125} INFO - Dependencies all met for dep_context=non-requeueable deps ti=<TaskInstance: orquestador.wait_between_runs scheduled__2023-01-01T00:00:00+00:00 [queued]>
[2025-11-09T02:58:36.870+0000] {taskinstance.py:1125} INFO - Dependencies all met for dep_context=requeueable deps ti=<TaskInstance: orquestador.wait_between_runs scheduled__2023-01-01T00:00:00+00:00 [queued]>
[2025-11-09T02:58:36.870+0000] {taskinstance.py:1331} INFO - Starting attempt 1 of 2
[2025-11-09T02:58:36.882+0000] {taskinstance.py:1350} INFO - Executing <Task(PythonOperator): wait_between_runs> on 2023-01-01 00:00:00+00:00
[2025-11-09T02:58:36.893+0000] {standard_task_runner.py:57} INFO - Started process 236 to run task
[2025-11-09T02:58:36.899+0000] {standard_task_runner.py:84} INFO - Running: ['***', 'tasks', 'run', 'orquestador', 'wait_between_runs', 'scheduled__2023-01-01T00:00:00+00:00', '--job-id', '95', '--raw', '--subdir', 'DAGS_FOLDER/orquestador.py', '--cfg-path', '/tmp/tmp5ssc_jat']
[2025-11-09T02:58:36.906+0000] {standard_task_runner.py:85} INFO - Job 95: Subtask wait_between_runs
[2025-11-09T02:58:37.357+0000] {task_command.py:410} INFO - Running <TaskInstance: orquestador.wait_between_runs scheduled__2023-01-01T00:00:00+00:00 [running]> on host 94c887adfb7d
[2025-11-09T02:58:37.474+0000] {taskinstance.py:1568} INFO - Exporting env vars: AIRFLOW_CTX_DAG_OWNER='***' AIRFLOW_CTX_DAG_ID='orquestador' AIRFLOW_CTX_TASK_ID='wait_between_runs' AIRFLOW_CTX_EXECUTION_DATE='2023-01-01T00:00:00+00:00' AIRFLOW_CTX_TRY_NUMBER='1' AIRFLOW_CTX_DAG_RUN_ID='scheduled__2023-01-01T00:00:00+00:00'
[2025-11-09T03:03:37.574+0000] {python.py:183} INFO - Done. Returned value was: None
[2025-11-09T03:03:37.593+0000] {taskinstance.py:1368} INFO - Marking task as SUCCESS. dag_id=orquestador, task_id=wait_between_runs, execution_date=20230101T000000, start_date=20251109T025836, end_date=20251109T030337
[2025-11-09T03:03:37.658+0000] {local_task_job_runner.py:232} INFO - Task exited with return code 0
[2025-11-09T03:03:37.875+0000] {taskinstance.py:2674} INFO - 0 downstream tasks scheduled from follow-on schedule check
[2025-11-10T02:13:01.068+0000] {taskinstance.py:1125} INFO - Dependencies all met for dep_context=non-requeueable deps ti=<TaskInstance: orquestador.wait_between_runs scheduled__2023-01-01T00:00:00+00:00 [queued]>
[2025-11-10T02:13:01.080+0000] {taskinstance.py:1125} INFO - Dependencies all met for dep_context=requeueable deps ti=<TaskInstance: orquestador.wait_between_runs scheduled__2023-01-01T00:00:00+00:00 [queued]>
[2025-11-10T02:13:01.080+0000] {taskinstance.py:1331} INFO - Starting attempt 1 of 2
[2025-11-10T02:13:01.093+0000] {taskinstance.py:1350} INFO - Executing <Task(PythonOperator): wait_between_runs> on 2023-01-01 00:00:00+00:00
[2025-11-10T02:13:01.105+0000] {standard_task_runner.py:57} INFO - Started process 6257 to run task
[2025-11-10T02:13:01.109+0000] {standard_task_runner.py:84} INFO - Running: ['***', 'tasks', 'run', 'orquestador', 'wait_between_runs', 'scheduled__2023-01-01T00:00:00+00:00', '--job-id', '157', '--raw', '--subdir', 'DAGS_FOLDER/orquestador.py', '--cfg-path', '/tmp/tmp6_ft3xhu']
[2025-11-10T02:13:01.112+0000] {standard_task_runner.py:85} INFO - Job 157: Subtask wait_between_runs
[2025-11-10T02:13:01.414+0000] {task_command.py:410} INFO - Running <TaskInstance: orquestador.wait_between_runs scheduled__2023-01-01T00:00:00+00:00 [running]> on host 94c887adfb7d
[2025-11-10T02:13:01.509+0000] {taskinstance.py:1568} INFO - Exporting env vars: AIRFLOW_CTX_DAG_OWNER='***' AIRFLOW_CTX_DAG_ID='orquestador' AIRFLOW_CTX_TASK_ID='wait_between_runs' AIRFLOW_CTX_EXECUTION_DATE='2023-01-01T00:00:00+00:00' AIRFLOW_CTX_TRY_NUMBER='1' AIRFLOW_CTX_DAG_RUN_ID='scheduled__2023-01-01T00:00:00+00:00'
[2025-11-10T02:18:01.611+0000] {python.py:183} INFO - Done. Returned value was: None
[2025-11-10T02:18:01.635+0000] {taskinstance.py:1368} INFO - Marking task as SUCCESS. dag_id=orquestador, task_id=wait_between_runs, execution_date=20230101T000000, start_date=20251110T021301, end_date=20251110T021801
[2025-11-10T02:18:01.694+0000] {local_task_job_runner.py:232} INFO - Task exited with return code 0
[2025-11-10T02:18:02.022+0000] {taskinstance.py:2674} INFO - 0 downstream tasks scheduled from follow-on schedule check
