[2025-11-09T00:00:00.147+0000] {processor.py:156} INFO - Started process (PID=213) to work on /opt/airflow/dags/scripts/funciones.py
[2025-11-09T00:00:00.148+0000] {processor.py:799} INFO - Processing file /opt/airflow/dags/scripts/funciones.py for tasks to queue
[2025-11-09T00:00:00.149+0000] {logging_mixin.py:149} INFO - [2025-11-09T00:00:00.149+0000] {dagbag.py:541} INFO - Filling up the DagBag from /opt/airflow/dags/scripts/funciones.py
[2025-11-09T00:00:02.479+0000] {processor.py:811} WARNING - No viable dags retrieved from /opt/airflow/dags/scripts/funciones.py
[2025-11-09T00:00:02.500+0000] {processor.py:178} INFO - Processing /opt/airflow/dags/scripts/funciones.py took 2.358 seconds
[2025-11-09T00:00:32.743+0000] {processor.py:156} INFO - Started process (PID=236) to work on /opt/airflow/dags/scripts/funciones.py
[2025-11-09T00:00:32.745+0000] {processor.py:799} INFO - Processing file /opt/airflow/dags/scripts/funciones.py for tasks to queue
[2025-11-09T00:00:32.747+0000] {logging_mixin.py:149} INFO - [2025-11-09T00:00:32.747+0000] {dagbag.py:541} INFO - Filling up the DagBag from /opt/airflow/dags/scripts/funciones.py
[2025-11-09T00:00:34.488+0000] {processor.py:811} WARNING - No viable dags retrieved from /opt/airflow/dags/scripts/funciones.py
[2025-11-09T00:00:34.499+0000] {processor.py:178} INFO - Processing /opt/airflow/dags/scripts/funciones.py took 1.761 seconds
[2025-11-09T00:01:05.133+0000] {processor.py:156} INFO - Started process (PID=259) to work on /opt/airflow/dags/scripts/funciones.py
[2025-11-09T00:01:05.135+0000] {processor.py:799} INFO - Processing file /opt/airflow/dags/scripts/funciones.py for tasks to queue
[2025-11-09T00:01:05.135+0000] {logging_mixin.py:149} INFO - [2025-11-09T00:01:05.135+0000] {dagbag.py:541} INFO - Filling up the DagBag from /opt/airflow/dags/scripts/funciones.py
[2025-11-09T00:01:08.298+0000] {processor.py:811} WARNING - No viable dags retrieved from /opt/airflow/dags/scripts/funciones.py
[2025-11-09T00:01:08.322+0000] {processor.py:178} INFO - Processing /opt/airflow/dags/scripts/funciones.py took 3.194 seconds
[2025-11-09T00:01:38.565+0000] {processor.py:156} INFO - Started process (PID=283) to work on /opt/airflow/dags/scripts/funciones.py
[2025-11-09T00:01:38.566+0000] {processor.py:799} INFO - Processing file /opt/airflow/dags/scripts/funciones.py for tasks to queue
[2025-11-09T00:01:38.567+0000] {logging_mixin.py:149} INFO - [2025-11-09T00:01:38.567+0000] {dagbag.py:541} INFO - Filling up the DagBag from /opt/airflow/dags/scripts/funciones.py
[2025-11-09T00:01:40.735+0000] {processor.py:811} WARNING - No viable dags retrieved from /opt/airflow/dags/scripts/funciones.py
[2025-11-09T00:01:40.756+0000] {processor.py:178} INFO - Processing /opt/airflow/dags/scripts/funciones.py took 2.194 seconds
[2025-11-09T00:02:10.931+0000] {processor.py:156} INFO - Started process (PID=306) to work on /opt/airflow/dags/scripts/funciones.py
[2025-11-09T00:02:10.933+0000] {processor.py:799} INFO - Processing file /opt/airflow/dags/scripts/funciones.py for tasks to queue
[2025-11-09T00:02:10.933+0000] {logging_mixin.py:149} INFO - [2025-11-09T00:02:10.933+0000] {dagbag.py:541} INFO - Filling up the DagBag from /opt/airflow/dags/scripts/funciones.py
[2025-11-09T00:02:13.137+0000] {processor.py:811} WARNING - No viable dags retrieved from /opt/airflow/dags/scripts/funciones.py
[2025-11-09T00:02:13.155+0000] {processor.py:178} INFO - Processing /opt/airflow/dags/scripts/funciones.py took 2.228 seconds
[2025-11-09T00:02:43.364+0000] {processor.py:156} INFO - Started process (PID=336) to work on /opt/airflow/dags/scripts/funciones.py
[2025-11-09T00:02:43.365+0000] {processor.py:799} INFO - Processing file /opt/airflow/dags/scripts/funciones.py for tasks to queue
[2025-11-09T00:02:43.366+0000] {logging_mixin.py:149} INFO - [2025-11-09T00:02:43.366+0000] {dagbag.py:541} INFO - Filling up the DagBag from /opt/airflow/dags/scripts/funciones.py
[2025-11-09T00:02:45.182+0000] {processor.py:811} WARNING - No viable dags retrieved from /opt/airflow/dags/scripts/funciones.py
[2025-11-09T00:02:45.195+0000] {processor.py:178} INFO - Processing /opt/airflow/dags/scripts/funciones.py took 1.837 seconds
[2025-11-09T00:03:15.390+0000] {processor.py:156} INFO - Started process (PID=359) to work on /opt/airflow/dags/scripts/funciones.py
[2025-11-09T00:03:15.392+0000] {processor.py:799} INFO - Processing file /opt/airflow/dags/scripts/funciones.py for tasks to queue
[2025-11-09T00:03:15.393+0000] {logging_mixin.py:149} INFO - [2025-11-09T00:03:15.393+0000] {dagbag.py:541} INFO - Filling up the DagBag from /opt/airflow/dags/scripts/funciones.py
[2025-11-09T00:03:17.278+0000] {processor.py:811} WARNING - No viable dags retrieved from /opt/airflow/dags/scripts/funciones.py
[2025-11-09T00:03:17.297+0000] {processor.py:178} INFO - Processing /opt/airflow/dags/scripts/funciones.py took 1.913 seconds
[2025-11-09T00:03:47.446+0000] {processor.py:156} INFO - Started process (PID=382) to work on /opt/airflow/dags/scripts/funciones.py
[2025-11-09T00:03:47.447+0000] {processor.py:799} INFO - Processing file /opt/airflow/dags/scripts/funciones.py for tasks to queue
[2025-11-09T00:03:47.448+0000] {logging_mixin.py:149} INFO - [2025-11-09T00:03:47.448+0000] {dagbag.py:541} INFO - Filling up the DagBag from /opt/airflow/dags/scripts/funciones.py
[2025-11-09T00:03:49.387+0000] {processor.py:811} WARNING - No viable dags retrieved from /opt/airflow/dags/scripts/funciones.py
[2025-11-09T00:03:49.403+0000] {processor.py:178} INFO - Processing /opt/airflow/dags/scripts/funciones.py took 1.961 seconds
[2025-11-09T00:04:19.606+0000] {processor.py:156} INFO - Started process (PID=405) to work on /opt/airflow/dags/scripts/funciones.py
[2025-11-09T00:04:19.608+0000] {processor.py:799} INFO - Processing file /opt/airflow/dags/scripts/funciones.py for tasks to queue
[2025-11-09T00:04:19.612+0000] {logging_mixin.py:149} INFO - [2025-11-09T00:04:19.611+0000] {dagbag.py:541} INFO - Filling up the DagBag from /opt/airflow/dags/scripts/funciones.py
[2025-11-09T00:04:22.028+0000] {processor.py:811} WARNING - No viable dags retrieved from /opt/airflow/dags/scripts/funciones.py
[2025-11-09T00:04:22.052+0000] {processor.py:178} INFO - Processing /opt/airflow/dags/scripts/funciones.py took 2.451 seconds
[2025-11-09T00:04:52.249+0000] {processor.py:156} INFO - Started process (PID=429) to work on /opt/airflow/dags/scripts/funciones.py
[2025-11-09T00:04:52.251+0000] {processor.py:799} INFO - Processing file /opt/airflow/dags/scripts/funciones.py for tasks to queue
[2025-11-09T00:04:52.251+0000] {logging_mixin.py:149} INFO - [2025-11-09T00:04:52.251+0000] {dagbag.py:541} INFO - Filling up the DagBag from /opt/airflow/dags/scripts/funciones.py
[2025-11-09T00:04:54.192+0000] {processor.py:811} WARNING - No viable dags retrieved from /opt/airflow/dags/scripts/funciones.py
[2025-11-09T00:04:54.205+0000] {processor.py:178} INFO - Processing /opt/airflow/dags/scripts/funciones.py took 1.960 seconds
[2025-11-09T00:05:24.664+0000] {processor.py:156} INFO - Started process (PID=451) to work on /opt/airflow/dags/scripts/funciones.py
[2025-11-09T00:05:24.666+0000] {processor.py:799} INFO - Processing file /opt/airflow/dags/scripts/funciones.py for tasks to queue
[2025-11-09T00:05:24.667+0000] {logging_mixin.py:149} INFO - [2025-11-09T00:05:24.666+0000] {dagbag.py:541} INFO - Filling up the DagBag from /opt/airflow/dags/scripts/funciones.py
[2025-11-09T00:05:26.735+0000] {processor.py:811} WARNING - No viable dags retrieved from /opt/airflow/dags/scripts/funciones.py
[2025-11-09T00:05:26.746+0000] {processor.py:178} INFO - Processing /opt/airflow/dags/scripts/funciones.py took 2.087 seconds
[2025-11-09T00:05:56.955+0000] {processor.py:156} INFO - Started process (PID=474) to work on /opt/airflow/dags/scripts/funciones.py
[2025-11-09T00:05:56.956+0000] {processor.py:799} INFO - Processing file /opt/airflow/dags/scripts/funciones.py for tasks to queue
[2025-11-09T00:05:56.957+0000] {logging_mixin.py:149} INFO - [2025-11-09T00:05:56.957+0000] {dagbag.py:541} INFO - Filling up the DagBag from /opt/airflow/dags/scripts/funciones.py
[2025-11-09T00:05:58.842+0000] {processor.py:811} WARNING - No viable dags retrieved from /opt/airflow/dags/scripts/funciones.py
[2025-11-09T00:05:58.861+0000] {processor.py:178} INFO - Processing /opt/airflow/dags/scripts/funciones.py took 1.909 seconds
[2025-11-09T00:06:29.466+0000] {processor.py:156} INFO - Started process (PID=497) to work on /opt/airflow/dags/scripts/funciones.py
[2025-11-09T00:06:29.468+0000] {processor.py:799} INFO - Processing file /opt/airflow/dags/scripts/funciones.py for tasks to queue
[2025-11-09T00:06:29.469+0000] {logging_mixin.py:149} INFO - [2025-11-09T00:06:29.468+0000] {dagbag.py:541} INFO - Filling up the DagBag from /opt/airflow/dags/scripts/funciones.py
[2025-11-09T00:06:32.586+0000] {processor.py:811} WARNING - No viable dags retrieved from /opt/airflow/dags/scripts/funciones.py
[2025-11-09T00:06:32.636+0000] {processor.py:178} INFO - Processing /opt/airflow/dags/scripts/funciones.py took 3.175 seconds
[2025-11-09T00:07:02.888+0000] {processor.py:156} INFO - Started process (PID=520) to work on /opt/airflow/dags/scripts/funciones.py
[2025-11-09T00:07:02.890+0000] {processor.py:799} INFO - Processing file /opt/airflow/dags/scripts/funciones.py for tasks to queue
[2025-11-09T00:07:02.891+0000] {logging_mixin.py:149} INFO - [2025-11-09T00:07:02.891+0000] {dagbag.py:541} INFO - Filling up the DagBag from /opt/airflow/dags/scripts/funciones.py
[2025-11-09T00:07:04.963+0000] {processor.py:811} WARNING - No viable dags retrieved from /opt/airflow/dags/scripts/funciones.py
[2025-11-09T00:07:04.980+0000] {processor.py:178} INFO - Processing /opt/airflow/dags/scripts/funciones.py took 2.098 seconds
[2025-11-09T00:07:35.195+0000] {processor.py:156} INFO - Started process (PID=543) to work on /opt/airflow/dags/scripts/funciones.py
[2025-11-09T00:07:35.196+0000] {processor.py:799} INFO - Processing file /opt/airflow/dags/scripts/funciones.py for tasks to queue
[2025-11-09T00:07:35.197+0000] {logging_mixin.py:149} INFO - [2025-11-09T00:07:35.197+0000] {dagbag.py:541} INFO - Filling up the DagBag from /opt/airflow/dags/scripts/funciones.py
[2025-11-09T00:07:37.595+0000] {processor.py:811} WARNING - No viable dags retrieved from /opt/airflow/dags/scripts/funciones.py
[2025-11-09T00:07:37.618+0000] {processor.py:178} INFO - Processing /opt/airflow/dags/scripts/funciones.py took 2.427 seconds
[2025-11-09T00:08:07.850+0000] {processor.py:156} INFO - Started process (PID=567) to work on /opt/airflow/dags/scripts/funciones.py
[2025-11-09T00:08:07.853+0000] {processor.py:799} INFO - Processing file /opt/airflow/dags/scripts/funciones.py for tasks to queue
[2025-11-09T00:08:07.854+0000] {logging_mixin.py:149} INFO - [2025-11-09T00:08:07.854+0000] {dagbag.py:541} INFO - Filling up the DagBag from /opt/airflow/dags/scripts/funciones.py
[2025-11-09T00:08:10.232+0000] {processor.py:811} WARNING - No viable dags retrieved from /opt/airflow/dags/scripts/funciones.py
[2025-11-09T00:08:10.248+0000] {processor.py:178} INFO - Processing /opt/airflow/dags/scripts/funciones.py took 2.412 seconds
[2025-11-09T00:08:40.442+0000] {processor.py:156} INFO - Started process (PID=589) to work on /opt/airflow/dags/scripts/funciones.py
[2025-11-09T00:08:40.454+0000] {processor.py:799} INFO - Processing file /opt/airflow/dags/scripts/funciones.py for tasks to queue
[2025-11-09T00:08:40.455+0000] {logging_mixin.py:149} INFO - [2025-11-09T00:08:40.455+0000] {dagbag.py:541} INFO - Filling up the DagBag from /opt/airflow/dags/scripts/funciones.py
[2025-11-09T00:08:43.206+0000] {processor.py:811} WARNING - No viable dags retrieved from /opt/airflow/dags/scripts/funciones.py
[2025-11-09T00:08:43.225+0000] {processor.py:178} INFO - Processing /opt/airflow/dags/scripts/funciones.py took 2.787 seconds
[2025-11-09T00:09:13.637+0000] {processor.py:156} INFO - Started process (PID=612) to work on /opt/airflow/dags/scripts/funciones.py
[2025-11-09T00:09:13.639+0000] {processor.py:799} INFO - Processing file /opt/airflow/dags/scripts/funciones.py for tasks to queue
[2025-11-09T00:09:13.639+0000] {logging_mixin.py:149} INFO - [2025-11-09T00:09:13.639+0000] {dagbag.py:541} INFO - Filling up the DagBag from /opt/airflow/dags/scripts/funciones.py
[2025-11-09T00:09:15.756+0000] {processor.py:811} WARNING - No viable dags retrieved from /opt/airflow/dags/scripts/funciones.py
[2025-11-09T00:09:15.774+0000] {processor.py:178} INFO - Processing /opt/airflow/dags/scripts/funciones.py took 2.141 seconds
[2025-11-09T00:09:45.948+0000] {processor.py:156} INFO - Started process (PID=641) to work on /opt/airflow/dags/scripts/funciones.py
[2025-11-09T00:09:45.950+0000] {processor.py:799} INFO - Processing file /opt/airflow/dags/scripts/funciones.py for tasks to queue
[2025-11-09T00:09:45.951+0000] {logging_mixin.py:149} INFO - [2025-11-09T00:09:45.951+0000] {dagbag.py:541} INFO - Filling up the DagBag from /opt/airflow/dags/scripts/funciones.py
[2025-11-09T00:09:48.219+0000] {processor.py:811} WARNING - No viable dags retrieved from /opt/airflow/dags/scripts/funciones.py
[2025-11-09T00:09:48.239+0000] {processor.py:178} INFO - Processing /opt/airflow/dags/scripts/funciones.py took 2.294 seconds
[2025-11-09T00:10:19.163+0000] {processor.py:156} INFO - Started process (PID=665) to work on /opt/airflow/dags/scripts/funciones.py
[2025-11-09T00:10:19.165+0000] {processor.py:799} INFO - Processing file /opt/airflow/dags/scripts/funciones.py for tasks to queue
[2025-11-09T00:10:19.166+0000] {logging_mixin.py:149} INFO - [2025-11-09T00:10:19.166+0000] {dagbag.py:541} INFO - Filling up the DagBag from /opt/airflow/dags/scripts/funciones.py
[2025-11-09T00:10:21.055+0000] {processor.py:811} WARNING - No viable dags retrieved from /opt/airflow/dags/scripts/funciones.py
[2025-11-09T00:10:21.066+0000] {processor.py:178} INFO - Processing /opt/airflow/dags/scripts/funciones.py took 1.912 seconds
[2025-11-09T00:10:51.255+0000] {processor.py:156} INFO - Started process (PID=687) to work on /opt/airflow/dags/scripts/funciones.py
[2025-11-09T00:10:51.257+0000] {processor.py:799} INFO - Processing file /opt/airflow/dags/scripts/funciones.py for tasks to queue
[2025-11-09T00:10:51.258+0000] {logging_mixin.py:149} INFO - [2025-11-09T00:10:51.258+0000] {dagbag.py:541} INFO - Filling up the DagBag from /opt/airflow/dags/scripts/funciones.py
[2025-11-09T00:10:53.126+0000] {processor.py:811} WARNING - No viable dags retrieved from /opt/airflow/dags/scripts/funciones.py
[2025-11-09T00:10:53.140+0000] {processor.py:178} INFO - Processing /opt/airflow/dags/scripts/funciones.py took 1.891 seconds
[2025-11-09T00:11:23.406+0000] {processor.py:156} INFO - Started process (PID=710) to work on /opt/airflow/dags/scripts/funciones.py
[2025-11-09T00:11:23.410+0000] {processor.py:799} INFO - Processing file /opt/airflow/dags/scripts/funciones.py for tasks to queue
[2025-11-09T00:11:23.412+0000] {logging_mixin.py:149} INFO - [2025-11-09T00:11:23.412+0000] {dagbag.py:541} INFO - Filling up the DagBag from /opt/airflow/dags/scripts/funciones.py
[2025-11-09T00:11:25.105+0000] {processor.py:811} WARNING - No viable dags retrieved from /opt/airflow/dags/scripts/funciones.py
[2025-11-09T00:11:25.117+0000] {processor.py:178} INFO - Processing /opt/airflow/dags/scripts/funciones.py took 1.724 seconds
[2025-11-09T00:11:55.626+0000] {processor.py:156} INFO - Started process (PID=733) to work on /opt/airflow/dags/scripts/funciones.py
[2025-11-09T00:11:55.628+0000] {processor.py:799} INFO - Processing file /opt/airflow/dags/scripts/funciones.py for tasks to queue
[2025-11-09T00:11:55.629+0000] {logging_mixin.py:149} INFO - [2025-11-09T00:11:55.629+0000] {dagbag.py:541} INFO - Filling up the DagBag from /opt/airflow/dags/scripts/funciones.py
[2025-11-09T00:11:57.981+0000] {processor.py:811} WARNING - No viable dags retrieved from /opt/airflow/dags/scripts/funciones.py
[2025-11-09T00:11:57.997+0000] {processor.py:178} INFO - Processing /opt/airflow/dags/scripts/funciones.py took 2.376 seconds
[2025-11-09T00:12:28.202+0000] {processor.py:156} INFO - Started process (PID=756) to work on /opt/airflow/dags/scripts/funciones.py
[2025-11-09T00:12:28.203+0000] {processor.py:799} INFO - Processing file /opt/airflow/dags/scripts/funciones.py for tasks to queue
[2025-11-09T00:12:28.204+0000] {logging_mixin.py:149} INFO - [2025-11-09T00:12:28.204+0000] {dagbag.py:541} INFO - Filling up the DagBag from /opt/airflow/dags/scripts/funciones.py
[2025-11-09T00:12:30.004+0000] {processor.py:811} WARNING - No viable dags retrieved from /opt/airflow/dags/scripts/funciones.py
[2025-11-09T00:12:30.016+0000] {processor.py:178} INFO - Processing /opt/airflow/dags/scripts/funciones.py took 1.818 seconds
[2025-11-09T00:13:00.222+0000] {processor.py:156} INFO - Started process (PID=779) to work on /opt/airflow/dags/scripts/funciones.py
[2025-11-09T00:13:00.224+0000] {processor.py:799} INFO - Processing file /opt/airflow/dags/scripts/funciones.py for tasks to queue
[2025-11-09T00:13:00.225+0000] {logging_mixin.py:149} INFO - [2025-11-09T00:13:00.225+0000] {dagbag.py:541} INFO - Filling up the DagBag from /opt/airflow/dags/scripts/funciones.py
[2025-11-09T00:13:02.560+0000] {processor.py:811} WARNING - No viable dags retrieved from /opt/airflow/dags/scripts/funciones.py
[2025-11-09T00:13:02.581+0000] {processor.py:178} INFO - Processing /opt/airflow/dags/scripts/funciones.py took 2.365 seconds
[2025-11-09T00:13:32.798+0000] {processor.py:156} INFO - Started process (PID=802) to work on /opt/airflow/dags/scripts/funciones.py
[2025-11-09T00:13:32.805+0000] {processor.py:799} INFO - Processing file /opt/airflow/dags/scripts/funciones.py for tasks to queue
[2025-11-09T00:13:32.805+0000] {logging_mixin.py:149} INFO - [2025-11-09T00:13:32.805+0000] {dagbag.py:541} INFO - Filling up the DagBag from /opt/airflow/dags/scripts/funciones.py
[2025-11-09T00:13:34.590+0000] {processor.py:811} WARNING - No viable dags retrieved from /opt/airflow/dags/scripts/funciones.py
[2025-11-09T00:13:34.601+0000] {processor.py:178} INFO - Processing /opt/airflow/dags/scripts/funciones.py took 1.809 seconds
[2025-11-09T00:14:04.802+0000] {processor.py:156} INFO - Started process (PID=825) to work on /opt/airflow/dags/scripts/funciones.py
[2025-11-09T00:14:04.804+0000] {processor.py:799} INFO - Processing file /opt/airflow/dags/scripts/funciones.py for tasks to queue
[2025-11-09T00:14:04.805+0000] {logging_mixin.py:149} INFO - [2025-11-09T00:14:04.804+0000] {dagbag.py:541} INFO - Filling up the DagBag from /opt/airflow/dags/scripts/funciones.py
[2025-11-09T00:14:06.675+0000] {processor.py:811} WARNING - No viable dags retrieved from /opt/airflow/dags/scripts/funciones.py
[2025-11-09T00:14:06.692+0000] {processor.py:178} INFO - Processing /opt/airflow/dags/scripts/funciones.py took 1.894 seconds
[2025-11-09T00:14:36.898+0000] {processor.py:156} INFO - Started process (PID=848) to work on /opt/airflow/dags/scripts/funciones.py
[2025-11-09T00:14:36.900+0000] {processor.py:799} INFO - Processing file /opt/airflow/dags/scripts/funciones.py for tasks to queue
[2025-11-09T00:14:36.900+0000] {logging_mixin.py:149} INFO - [2025-11-09T00:14:36.900+0000] {dagbag.py:541} INFO - Filling up the DagBag from /opt/airflow/dags/scripts/funciones.py
[2025-11-09T00:14:38.727+0000] {processor.py:811} WARNING - No viable dags retrieved from /opt/airflow/dags/scripts/funciones.py
[2025-11-09T00:14:38.740+0000] {processor.py:178} INFO - Processing /opt/airflow/dags/scripts/funciones.py took 1.848 seconds
[2025-11-09T00:15:08.949+0000] {processor.py:156} INFO - Started process (PID=871) to work on /opt/airflow/dags/scripts/funciones.py
[2025-11-09T00:15:08.951+0000] {processor.py:799} INFO - Processing file /opt/airflow/dags/scripts/funciones.py for tasks to queue
[2025-11-09T00:15:08.951+0000] {logging_mixin.py:149} INFO - [2025-11-09T00:15:08.951+0000] {dagbag.py:541} INFO - Filling up the DagBag from /opt/airflow/dags/scripts/funciones.py
[2025-11-09T00:15:11.361+0000] {processor.py:811} WARNING - No viable dags retrieved from /opt/airflow/dags/scripts/funciones.py
[2025-11-09T00:15:11.382+0000] {processor.py:178} INFO - Processing /opt/airflow/dags/scripts/funciones.py took 2.440 seconds
[2025-11-09T00:15:41.583+0000] {processor.py:156} INFO - Started process (PID=894) to work on /opt/airflow/dags/scripts/funciones.py
[2025-11-09T00:15:41.585+0000] {processor.py:799} INFO - Processing file /opt/airflow/dags/scripts/funciones.py for tasks to queue
[2025-11-09T00:15:41.585+0000] {logging_mixin.py:149} INFO - [2025-11-09T00:15:41.585+0000] {dagbag.py:541} INFO - Filling up the DagBag from /opt/airflow/dags/scripts/funciones.py
[2025-11-09T00:15:43.532+0000] {processor.py:811} WARNING - No viable dags retrieved from /opt/airflow/dags/scripts/funciones.py
[2025-11-09T00:15:43.544+0000] {processor.py:178} INFO - Processing /opt/airflow/dags/scripts/funciones.py took 1.964 seconds
[2025-11-09T00:16:14.272+0000] {processor.py:156} INFO - Started process (PID=916) to work on /opt/airflow/dags/scripts/funciones.py
[2025-11-09T00:16:14.274+0000] {processor.py:799} INFO - Processing file /opt/airflow/dags/scripts/funciones.py for tasks to queue
[2025-11-09T00:16:14.274+0000] {logging_mixin.py:149} INFO - [2025-11-09T00:16:14.274+0000] {dagbag.py:541} INFO - Filling up the DagBag from /opt/airflow/dags/scripts/funciones.py
[2025-11-09T00:16:16.393+0000] {processor.py:811} WARNING - No viable dags retrieved from /opt/airflow/dags/scripts/funciones.py
[2025-11-09T00:16:16.421+0000] {processor.py:178} INFO - Processing /opt/airflow/dags/scripts/funciones.py took 2.153 seconds
[2025-11-09T00:16:46.613+0000] {processor.py:156} INFO - Started process (PID=948) to work on /opt/airflow/dags/scripts/funciones.py
[2025-11-09T00:16:46.614+0000] {processor.py:799} INFO - Processing file /opt/airflow/dags/scripts/funciones.py for tasks to queue
[2025-11-09T00:16:46.615+0000] {logging_mixin.py:149} INFO - [2025-11-09T00:16:46.615+0000] {dagbag.py:541} INFO - Filling up the DagBag from /opt/airflow/dags/scripts/funciones.py
[2025-11-09T00:16:48.585+0000] {processor.py:811} WARNING - No viable dags retrieved from /opt/airflow/dags/scripts/funciones.py
[2025-11-09T00:16:48.596+0000] {processor.py:178} INFO - Processing /opt/airflow/dags/scripts/funciones.py took 1.986 seconds
[2025-11-09T00:16:51.926+0000] {processor.py:156} INFO - Started process (PID=964) to work on /opt/airflow/dags/scripts/funciones.py
[2025-11-09T00:16:51.928+0000] {processor.py:799} INFO - Processing file /opt/airflow/dags/scripts/funciones.py for tasks to queue
[2025-11-09T00:16:51.928+0000] {logging_mixin.py:149} INFO - [2025-11-09T00:16:51.928+0000] {dagbag.py:541} INFO - Filling up the DagBag from /opt/airflow/dags/scripts/funciones.py
[2025-11-09T00:16:53.742+0000] {processor.py:811} WARNING - No viable dags retrieved from /opt/airflow/dags/scripts/funciones.py
[2025-11-09T00:16:53.753+0000] {processor.py:178} INFO - Processing /opt/airflow/dags/scripts/funciones.py took 1.831 seconds
[2025-11-09T00:17:23.943+0000] {processor.py:156} INFO - Started process (PID=988) to work on /opt/airflow/dags/scripts/funciones.py
[2025-11-09T00:17:23.944+0000] {processor.py:799} INFO - Processing file /opt/airflow/dags/scripts/funciones.py for tasks to queue
[2025-11-09T00:17:23.945+0000] {logging_mixin.py:149} INFO - [2025-11-09T00:17:23.945+0000] {dagbag.py:541} INFO - Filling up the DagBag from /opt/airflow/dags/scripts/funciones.py
[2025-11-09T00:17:25.609+0000] {processor.py:811} WARNING - No viable dags retrieved from /opt/airflow/dags/scripts/funciones.py
[2025-11-09T00:17:25.625+0000] {processor.py:178} INFO - Processing /opt/airflow/dags/scripts/funciones.py took 1.687 seconds
[2025-11-09T00:17:55.794+0000] {processor.py:156} INFO - Started process (PID=1012) to work on /opt/airflow/dags/scripts/funciones.py
[2025-11-09T00:17:55.798+0000] {processor.py:799} INFO - Processing file /opt/airflow/dags/scripts/funciones.py for tasks to queue
[2025-11-09T00:17:55.800+0000] {logging_mixin.py:149} INFO - [2025-11-09T00:17:55.800+0000] {dagbag.py:541} INFO - Filling up the DagBag from /opt/airflow/dags/scripts/funciones.py
[2025-11-09T00:17:57.635+0000] {processor.py:811} WARNING - No viable dags retrieved from /opt/airflow/dags/scripts/funciones.py
[2025-11-09T00:17:57.650+0000] {processor.py:178} INFO - Processing /opt/airflow/dags/scripts/funciones.py took 1.860 seconds
[2025-11-09T00:18:28.293+0000] {processor.py:156} INFO - Started process (PID=1035) to work on /opt/airflow/dags/scripts/funciones.py
[2025-11-09T00:18:28.295+0000] {processor.py:799} INFO - Processing file /opt/airflow/dags/scripts/funciones.py for tasks to queue
[2025-11-09T00:18:28.296+0000] {logging_mixin.py:149} INFO - [2025-11-09T00:18:28.296+0000] {dagbag.py:541} INFO - Filling up the DagBag from /opt/airflow/dags/scripts/funciones.py
[2025-11-09T00:18:30.153+0000] {processor.py:811} WARNING - No viable dags retrieved from /opt/airflow/dags/scripts/funciones.py
[2025-11-09T00:18:30.166+0000] {processor.py:178} INFO - Processing /opt/airflow/dags/scripts/funciones.py took 1.878 seconds
[2025-11-09T00:19:00.365+0000] {processor.py:156} INFO - Started process (PID=1058) to work on /opt/airflow/dags/scripts/funciones.py
[2025-11-09T00:19:00.366+0000] {processor.py:799} INFO - Processing file /opt/airflow/dags/scripts/funciones.py for tasks to queue
[2025-11-09T00:19:00.367+0000] {logging_mixin.py:149} INFO - [2025-11-09T00:19:00.367+0000] {dagbag.py:541} INFO - Filling up the DagBag from /opt/airflow/dags/scripts/funciones.py
[2025-11-09T00:19:02.172+0000] {processor.py:811} WARNING - No viable dags retrieved from /opt/airflow/dags/scripts/funciones.py
[2025-11-09T00:19:02.186+0000] {processor.py:178} INFO - Processing /opt/airflow/dags/scripts/funciones.py took 1.825 seconds
[2025-11-09T00:19:32.649+0000] {processor.py:156} INFO - Started process (PID=1081) to work on /opt/airflow/dags/scripts/funciones.py
[2025-11-09T00:19:32.650+0000] {processor.py:799} INFO - Processing file /opt/airflow/dags/scripts/funciones.py for tasks to queue
[2025-11-09T00:19:32.651+0000] {logging_mixin.py:149} INFO - [2025-11-09T00:19:32.651+0000] {dagbag.py:541} INFO - Filling up the DagBag from /opt/airflow/dags/scripts/funciones.py
[2025-11-09T00:19:34.354+0000] {processor.py:811} WARNING - No viable dags retrieved from /opt/airflow/dags/scripts/funciones.py
[2025-11-09T00:19:34.368+0000] {processor.py:178} INFO - Processing /opt/airflow/dags/scripts/funciones.py took 1.724 seconds
[2025-11-09T00:20:04.572+0000] {processor.py:156} INFO - Started process (PID=1105) to work on /opt/airflow/dags/scripts/funciones.py
[2025-11-09T00:20:04.573+0000] {processor.py:799} INFO - Processing file /opt/airflow/dags/scripts/funciones.py for tasks to queue
[2025-11-09T00:20:04.574+0000] {logging_mixin.py:149} INFO - [2025-11-09T00:20:04.574+0000] {dagbag.py:541} INFO - Filling up the DagBag from /opt/airflow/dags/scripts/funciones.py
[2025-11-09T00:20:06.011+0000] {processor.py:811} WARNING - No viable dags retrieved from /opt/airflow/dags/scripts/funciones.py
[2025-11-09T00:20:06.030+0000] {processor.py:178} INFO - Processing /opt/airflow/dags/scripts/funciones.py took 1.463 seconds
[2025-11-09T00:20:36.748+0000] {processor.py:156} INFO - Started process (PID=1128) to work on /opt/airflow/dags/scripts/funciones.py
[2025-11-09T00:20:36.751+0000] {processor.py:799} INFO - Processing file /opt/airflow/dags/scripts/funciones.py for tasks to queue
[2025-11-09T00:20:36.752+0000] {logging_mixin.py:149} INFO - [2025-11-09T00:20:36.752+0000] {dagbag.py:541} INFO - Filling up the DagBag from /opt/airflow/dags/scripts/funciones.py
[2025-11-09T00:20:38.451+0000] {processor.py:811} WARNING - No viable dags retrieved from /opt/airflow/dags/scripts/funciones.py
[2025-11-09T00:20:38.469+0000] {processor.py:178} INFO - Processing /opt/airflow/dags/scripts/funciones.py took 1.726 seconds
[2025-11-09T00:21:08.660+0000] {processor.py:156} INFO - Started process (PID=1151) to work on /opt/airflow/dags/scripts/funciones.py
[2025-11-09T00:21:08.661+0000] {processor.py:799} INFO - Processing file /opt/airflow/dags/scripts/funciones.py for tasks to queue
[2025-11-09T00:21:08.662+0000] {logging_mixin.py:149} INFO - [2025-11-09T00:21:08.662+0000] {dagbag.py:541} INFO - Filling up the DagBag from /opt/airflow/dags/scripts/funciones.py
[2025-11-09T00:21:10.364+0000] {processor.py:811} WARNING - No viable dags retrieved from /opt/airflow/dags/scripts/funciones.py
[2025-11-09T00:21:10.378+0000] {processor.py:178} INFO - Processing /opt/airflow/dags/scripts/funciones.py took 1.722 seconds
[2025-11-09T00:21:41.239+0000] {processor.py:156} INFO - Started process (PID=1174) to work on /opt/airflow/dags/scripts/funciones.py
[2025-11-09T00:21:41.241+0000] {processor.py:799} INFO - Processing file /opt/airflow/dags/scripts/funciones.py for tasks to queue
[2025-11-09T00:21:41.242+0000] {logging_mixin.py:149} INFO - [2025-11-09T00:21:41.242+0000] {dagbag.py:541} INFO - Filling up the DagBag from /opt/airflow/dags/scripts/funciones.py
[2025-11-09T00:21:43.239+0000] {processor.py:811} WARNING - No viable dags retrieved from /opt/airflow/dags/scripts/funciones.py
[2025-11-09T00:21:43.251+0000] {processor.py:178} INFO - Processing /opt/airflow/dags/scripts/funciones.py took 2.017 seconds
[2025-11-09T00:22:13.466+0000] {processor.py:156} INFO - Started process (PID=1197) to work on /opt/airflow/dags/scripts/funciones.py
[2025-11-09T00:22:13.468+0000] {processor.py:799} INFO - Processing file /opt/airflow/dags/scripts/funciones.py for tasks to queue
[2025-11-09T00:22:13.469+0000] {logging_mixin.py:149} INFO - [2025-11-09T00:22:13.469+0000] {dagbag.py:541} INFO - Filling up the DagBag from /opt/airflow/dags/scripts/funciones.py
[2025-11-09T00:22:15.105+0000] {processor.py:811} WARNING - No viable dags retrieved from /opt/airflow/dags/scripts/funciones.py
[2025-11-09T00:22:15.122+0000] {processor.py:178} INFO - Processing /opt/airflow/dags/scripts/funciones.py took 1.663 seconds
[2025-11-09T00:22:45.210+0000] {processor.py:156} INFO - Started process (PID=1220) to work on /opt/airflow/dags/scripts/funciones.py
[2025-11-09T00:22:45.212+0000] {processor.py:799} INFO - Processing file /opt/airflow/dags/scripts/funciones.py for tasks to queue
[2025-11-09T00:22:45.213+0000] {logging_mixin.py:149} INFO - [2025-11-09T00:22:45.212+0000] {dagbag.py:541} INFO - Filling up the DagBag from /opt/airflow/dags/scripts/funciones.py
[2025-11-09T00:22:46.907+0000] {processor.py:811} WARNING - No viable dags retrieved from /opt/airflow/dags/scripts/funciones.py
[2025-11-09T00:22:46.923+0000] {processor.py:178} INFO - Processing /opt/airflow/dags/scripts/funciones.py took 1.718 seconds
[2025-11-09T00:23:17.134+0000] {processor.py:156} INFO - Started process (PID=1250) to work on /opt/airflow/dags/scripts/funciones.py
[2025-11-09T00:23:17.136+0000] {processor.py:799} INFO - Processing file /opt/airflow/dags/scripts/funciones.py for tasks to queue
[2025-11-09T00:23:17.137+0000] {logging_mixin.py:149} INFO - [2025-11-09T00:23:17.137+0000] {dagbag.py:541} INFO - Filling up the DagBag from /opt/airflow/dags/scripts/funciones.py
[2025-11-09T00:23:19.032+0000] {processor.py:811} WARNING - No viable dags retrieved from /opt/airflow/dags/scripts/funciones.py
[2025-11-09T00:23:19.048+0000] {processor.py:178} INFO - Processing /opt/airflow/dags/scripts/funciones.py took 1.921 seconds
[2025-11-09T00:23:49.268+0000] {processor.py:156} INFO - Started process (PID=1273) to work on /opt/airflow/dags/scripts/funciones.py
[2025-11-09T00:23:49.270+0000] {processor.py:799} INFO - Processing file /opt/airflow/dags/scripts/funciones.py for tasks to queue
[2025-11-09T00:23:49.271+0000] {logging_mixin.py:149} INFO - [2025-11-09T00:23:49.270+0000] {dagbag.py:541} INFO - Filling up the DagBag from /opt/airflow/dags/scripts/funciones.py
[2025-11-09T00:23:50.968+0000] {processor.py:811} WARNING - No viable dags retrieved from /opt/airflow/dags/scripts/funciones.py
[2025-11-09T00:23:50.986+0000] {processor.py:178} INFO - Processing /opt/airflow/dags/scripts/funciones.py took 1.722 seconds
[2025-11-09T00:24:21.194+0000] {processor.py:156} INFO - Started process (PID=1297) to work on /opt/airflow/dags/scripts/funciones.py
[2025-11-09T00:24:21.196+0000] {processor.py:799} INFO - Processing file /opt/airflow/dags/scripts/funciones.py for tasks to queue
[2025-11-09T00:24:21.197+0000] {logging_mixin.py:149} INFO - [2025-11-09T00:24:21.196+0000] {dagbag.py:541} INFO - Filling up the DagBag from /opt/airflow/dags/scripts/funciones.py
[2025-11-09T00:24:23.044+0000] {processor.py:811} WARNING - No viable dags retrieved from /opt/airflow/dags/scripts/funciones.py
[2025-11-09T00:24:23.070+0000] {processor.py:178} INFO - Processing /opt/airflow/dags/scripts/funciones.py took 1.880 seconds
[2025-11-09T00:24:53.262+0000] {processor.py:156} INFO - Started process (PID=1320) to work on /opt/airflow/dags/scripts/funciones.py
[2025-11-09T00:24:53.266+0000] {processor.py:799} INFO - Processing file /opt/airflow/dags/scripts/funciones.py for tasks to queue
[2025-11-09T00:24:53.267+0000] {logging_mixin.py:149} INFO - [2025-11-09T00:24:53.267+0000] {dagbag.py:541} INFO - Filling up the DagBag from /opt/airflow/dags/scripts/funciones.py
[2025-11-09T00:24:55.096+0000] {processor.py:811} WARNING - No viable dags retrieved from /opt/airflow/dags/scripts/funciones.py
[2025-11-09T00:24:55.127+0000] {processor.py:178} INFO - Processing /opt/airflow/dags/scripts/funciones.py took 1.868 seconds
[2025-11-09T00:25:25.314+0000] {processor.py:156} INFO - Started process (PID=1343) to work on /opt/airflow/dags/scripts/funciones.py
[2025-11-09T00:25:25.317+0000] {processor.py:799} INFO - Processing file /opt/airflow/dags/scripts/funciones.py for tasks to queue
[2025-11-09T00:25:25.318+0000] {logging_mixin.py:149} INFO - [2025-11-09T00:25:25.318+0000] {dagbag.py:541} INFO - Filling up the DagBag from /opt/airflow/dags/scripts/funciones.py
[2025-11-09T00:25:27.141+0000] {processor.py:811} WARNING - No viable dags retrieved from /opt/airflow/dags/scripts/funciones.py
[2025-11-09T00:25:27.152+0000] {processor.py:178} INFO - Processing /opt/airflow/dags/scripts/funciones.py took 1.843 seconds
[2025-11-09T00:25:57.346+0000] {processor.py:156} INFO - Started process (PID=1366) to work on /opt/airflow/dags/scripts/funciones.py
[2025-11-09T00:25:57.348+0000] {processor.py:799} INFO - Processing file /opt/airflow/dags/scripts/funciones.py for tasks to queue
[2025-11-09T00:25:57.348+0000] {logging_mixin.py:149} INFO - [2025-11-09T00:25:57.348+0000] {dagbag.py:541} INFO - Filling up the DagBag from /opt/airflow/dags/scripts/funciones.py
[2025-11-09T00:25:59.080+0000] {processor.py:811} WARNING - No viable dags retrieved from /opt/airflow/dags/scripts/funciones.py
[2025-11-09T00:25:59.092+0000] {processor.py:178} INFO - Processing /opt/airflow/dags/scripts/funciones.py took 1.751 seconds
[2025-11-09T00:26:29.330+0000] {processor.py:156} INFO - Started process (PID=1390) to work on /opt/airflow/dags/scripts/funciones.py
[2025-11-09T00:26:29.332+0000] {processor.py:799} INFO - Processing file /opt/airflow/dags/scripts/funciones.py for tasks to queue
[2025-11-09T00:26:29.333+0000] {logging_mixin.py:149} INFO - [2025-11-09T00:26:29.333+0000] {dagbag.py:541} INFO - Filling up the DagBag from /opt/airflow/dags/scripts/funciones.py
[2025-11-09T00:26:31.086+0000] {processor.py:811} WARNING - No viable dags retrieved from /opt/airflow/dags/scripts/funciones.py
[2025-11-09T00:26:31.102+0000] {processor.py:178} INFO - Processing /opt/airflow/dags/scripts/funciones.py took 1.779 seconds
[2025-11-09T00:27:01.318+0000] {processor.py:156} INFO - Started process (PID=1414) to work on /opt/airflow/dags/scripts/funciones.py
[2025-11-09T00:27:01.319+0000] {processor.py:799} INFO - Processing file /opt/airflow/dags/scripts/funciones.py for tasks to queue
[2025-11-09T00:27:01.320+0000] {logging_mixin.py:149} INFO - [2025-11-09T00:27:01.320+0000] {dagbag.py:541} INFO - Filling up the DagBag from /opt/airflow/dags/scripts/funciones.py
[2025-11-09T00:27:03.031+0000] {processor.py:811} WARNING - No viable dags retrieved from /opt/airflow/dags/scripts/funciones.py
[2025-11-09T00:27:03.042+0000] {processor.py:178} INFO - Processing /opt/airflow/dags/scripts/funciones.py took 1.729 seconds
[2025-11-09T00:27:33.740+0000] {processor.py:156} INFO - Started process (PID=1437) to work on /opt/airflow/dags/scripts/funciones.py
[2025-11-09T00:27:33.742+0000] {processor.py:799} INFO - Processing file /opt/airflow/dags/scripts/funciones.py for tasks to queue
[2025-11-09T00:27:33.743+0000] {logging_mixin.py:149} INFO - [2025-11-09T00:27:33.743+0000] {dagbag.py:541} INFO - Filling up the DagBag from /opt/airflow/dags/scripts/funciones.py
[2025-11-09T00:27:35.732+0000] {processor.py:811} WARNING - No viable dags retrieved from /opt/airflow/dags/scripts/funciones.py
[2025-11-09T00:27:35.758+0000] {processor.py:178} INFO - Processing /opt/airflow/dags/scripts/funciones.py took 2.024 seconds
[2025-11-09T00:28:05.830+0000] {processor.py:156} INFO - Started process (PID=1460) to work on /opt/airflow/dags/scripts/funciones.py
[2025-11-09T00:28:05.831+0000] {processor.py:799} INFO - Processing file /opt/airflow/dags/scripts/funciones.py for tasks to queue
[2025-11-09T00:28:05.832+0000] {logging_mixin.py:149} INFO - [2025-11-09T00:28:05.832+0000] {dagbag.py:541} INFO - Filling up the DagBag from /opt/airflow/dags/scripts/funciones.py
[2025-11-09T00:28:07.448+0000] {processor.py:811} WARNING - No viable dags retrieved from /opt/airflow/dags/scripts/funciones.py
[2025-11-09T00:28:07.461+0000] {processor.py:178} INFO - Processing /opt/airflow/dags/scripts/funciones.py took 1.636 seconds
[2025-11-09T00:28:37.666+0000] {processor.py:156} INFO - Started process (PID=1483) to work on /opt/airflow/dags/scripts/funciones.py
[2025-11-09T00:28:37.668+0000] {processor.py:799} INFO - Processing file /opt/airflow/dags/scripts/funciones.py for tasks to queue
[2025-11-09T00:28:37.669+0000] {logging_mixin.py:149} INFO - [2025-11-09T00:28:37.668+0000] {dagbag.py:541} INFO - Filling up the DagBag from /opt/airflow/dags/scripts/funciones.py
[2025-11-09T00:28:39.259+0000] {processor.py:811} WARNING - No viable dags retrieved from /opt/airflow/dags/scripts/funciones.py
[2025-11-09T00:28:39.270+0000] {processor.py:178} INFO - Processing /opt/airflow/dags/scripts/funciones.py took 1.609 seconds
[2025-11-09T00:29:09.455+0000] {processor.py:156} INFO - Started process (PID=1506) to work on /opt/airflow/dags/scripts/funciones.py
[2025-11-09T00:29:09.457+0000] {processor.py:799} INFO - Processing file /opt/airflow/dags/scripts/funciones.py for tasks to queue
[2025-11-09T00:29:09.458+0000] {logging_mixin.py:149} INFO - [2025-11-09T00:29:09.458+0000] {dagbag.py:541} INFO - Filling up the DagBag from /opt/airflow/dags/scripts/funciones.py
[2025-11-09T00:29:11.136+0000] {processor.py:811} WARNING - No viable dags retrieved from /opt/airflow/dags/scripts/funciones.py
[2025-11-09T00:29:11.154+0000] {processor.py:178} INFO - Processing /opt/airflow/dags/scripts/funciones.py took 1.702 seconds
[2025-11-09T00:29:41.352+0000] {processor.py:156} INFO - Started process (PID=1530) to work on /opt/airflow/dags/scripts/funciones.py
[2025-11-09T00:29:41.355+0000] {processor.py:799} INFO - Processing file /opt/airflow/dags/scripts/funciones.py for tasks to queue
[2025-11-09T00:29:41.356+0000] {logging_mixin.py:149} INFO - [2025-11-09T00:29:41.356+0000] {dagbag.py:541} INFO - Filling up the DagBag from /opt/airflow/dags/scripts/funciones.py
[2025-11-09T00:29:43.096+0000] {processor.py:811} WARNING - No viable dags retrieved from /opt/airflow/dags/scripts/funciones.py
[2025-11-09T00:29:43.111+0000] {processor.py:178} INFO - Processing /opt/airflow/dags/scripts/funciones.py took 1.764 seconds
[2025-11-09T00:30:13.300+0000] {processor.py:156} INFO - Started process (PID=1553) to work on /opt/airflow/dags/scripts/funciones.py
[2025-11-09T00:30:13.302+0000] {processor.py:799} INFO - Processing file /opt/airflow/dags/scripts/funciones.py for tasks to queue
[2025-11-09T00:30:13.302+0000] {logging_mixin.py:149} INFO - [2025-11-09T00:30:13.302+0000] {dagbag.py:541} INFO - Filling up the DagBag from /opt/airflow/dags/scripts/funciones.py
[2025-11-09T00:30:15.005+0000] {processor.py:811} WARNING - No viable dags retrieved from /opt/airflow/dags/scripts/funciones.py
[2025-11-09T00:30:15.016+0000] {processor.py:178} INFO - Processing /opt/airflow/dags/scripts/funciones.py took 1.720 seconds
[2025-11-09T00:30:45.101+0000] {processor.py:156} INFO - Started process (PID=1577) to work on /opt/airflow/dags/scripts/funciones.py
[2025-11-09T00:30:45.103+0000] {processor.py:799} INFO - Processing file /opt/airflow/dags/scripts/funciones.py for tasks to queue
[2025-11-09T00:30:45.104+0000] {logging_mixin.py:149} INFO - [2025-11-09T00:30:45.104+0000] {dagbag.py:541} INFO - Filling up the DagBag from /opt/airflow/dags/scripts/funciones.py
[2025-11-09T00:30:46.836+0000] {processor.py:811} WARNING - No viable dags retrieved from /opt/airflow/dags/scripts/funciones.py
[2025-11-09T00:30:46.856+0000] {processor.py:178} INFO - Processing /opt/airflow/dags/scripts/funciones.py took 1.759 seconds
[2025-11-09T00:31:17.095+0000] {processor.py:156} INFO - Started process (PID=1598) to work on /opt/airflow/dags/scripts/funciones.py
[2025-11-09T00:31:17.104+0000] {processor.py:799} INFO - Processing file /opt/airflow/dags/scripts/funciones.py for tasks to queue
[2025-11-09T00:31:17.105+0000] {logging_mixin.py:149} INFO - [2025-11-09T00:31:17.105+0000] {dagbag.py:541} INFO - Filling up the DagBag from /opt/airflow/dags/scripts/funciones.py
[2025-11-09T00:31:19.515+0000] {processor.py:811} WARNING - No viable dags retrieved from /opt/airflow/dags/scripts/funciones.py
[2025-11-09T00:31:19.526+0000] {processor.py:178} INFO - Processing /opt/airflow/dags/scripts/funciones.py took 2.446 seconds
[2025-11-09T00:31:49.715+0000] {processor.py:156} INFO - Started process (PID=1628) to work on /opt/airflow/dags/scripts/funciones.py
[2025-11-09T00:31:49.718+0000] {processor.py:799} INFO - Processing file /opt/airflow/dags/scripts/funciones.py for tasks to queue
[2025-11-09T00:31:49.722+0000] {logging_mixin.py:149} INFO - [2025-11-09T00:31:49.720+0000] {dagbag.py:541} INFO - Filling up the DagBag from /opt/airflow/dags/scripts/funciones.py
[2025-11-09T00:31:52.201+0000] {processor.py:811} WARNING - No viable dags retrieved from /opt/airflow/dags/scripts/funciones.py
[2025-11-09T00:31:52.227+0000] {processor.py:178} INFO - Processing /opt/airflow/dags/scripts/funciones.py took 2.516 seconds
[2025-11-09T00:32:22.497+0000] {processor.py:156} INFO - Started process (PID=1651) to work on /opt/airflow/dags/scripts/funciones.py
[2025-11-09T00:32:22.500+0000] {processor.py:799} INFO - Processing file /opt/airflow/dags/scripts/funciones.py for tasks to queue
[2025-11-09T00:32:22.501+0000] {logging_mixin.py:149} INFO - [2025-11-09T00:32:22.501+0000] {dagbag.py:541} INFO - Filling up the DagBag from /opt/airflow/dags/scripts/funciones.py
[2025-11-09T00:32:26.037+0000] {processor.py:811} WARNING - No viable dags retrieved from /opt/airflow/dags/scripts/funciones.py
[2025-11-09T00:32:26.054+0000] {processor.py:178} INFO - Processing /opt/airflow/dags/scripts/funciones.py took 3.583 seconds
[2025-11-09T00:32:56.305+0000] {processor.py:156} INFO - Started process (PID=1675) to work on /opt/airflow/dags/scripts/funciones.py
[2025-11-09T00:32:56.307+0000] {processor.py:799} INFO - Processing file /opt/airflow/dags/scripts/funciones.py for tasks to queue
[2025-11-09T00:32:56.308+0000] {logging_mixin.py:149} INFO - [2025-11-09T00:32:56.308+0000] {dagbag.py:541} INFO - Filling up the DagBag from /opt/airflow/dags/scripts/funciones.py
[2025-11-09T00:32:59.072+0000] {processor.py:811} WARNING - No viable dags retrieved from /opt/airflow/dags/scripts/funciones.py
[2025-11-09T00:32:59.083+0000] {processor.py:178} INFO - Processing /opt/airflow/dags/scripts/funciones.py took 2.796 seconds
[2025-11-09T00:33:29.312+0000] {processor.py:156} INFO - Started process (PID=1698) to work on /opt/airflow/dags/scripts/funciones.py
[2025-11-09T00:33:29.314+0000] {processor.py:799} INFO - Processing file /opt/airflow/dags/scripts/funciones.py for tasks to queue
[2025-11-09T00:33:29.315+0000] {logging_mixin.py:149} INFO - [2025-11-09T00:33:29.315+0000] {dagbag.py:541} INFO - Filling up the DagBag from /opt/airflow/dags/scripts/funciones.py
[2025-11-09T00:33:31.844+0000] {processor.py:811} WARNING - No viable dags retrieved from /opt/airflow/dags/scripts/funciones.py
[2025-11-09T00:33:31.855+0000] {processor.py:178} INFO - Processing /opt/airflow/dags/scripts/funciones.py took 2.547 seconds
[2025-11-09T00:34:02.048+0000] {processor.py:156} INFO - Started process (PID=1718) to work on /opt/airflow/dags/scripts/funciones.py
[2025-11-09T00:34:02.054+0000] {processor.py:799} INFO - Processing file /opt/airflow/dags/scripts/funciones.py for tasks to queue
[2025-11-09T00:34:02.055+0000] {logging_mixin.py:149} INFO - [2025-11-09T00:34:02.055+0000] {dagbag.py:541} INFO - Filling up the DagBag from /opt/airflow/dags/scripts/funciones.py
[2025-11-09T00:34:04.351+0000] {processor.py:811} WARNING - No viable dags retrieved from /opt/airflow/dags/scripts/funciones.py
[2025-11-09T00:34:04.363+0000] {processor.py:178} INFO - Processing /opt/airflow/dags/scripts/funciones.py took 2.325 seconds
[2025-11-09T00:34:34.566+0000] {processor.py:156} INFO - Started process (PID=1742) to work on /opt/airflow/dags/scripts/funciones.py
[2025-11-09T00:34:34.568+0000] {processor.py:799} INFO - Processing file /opt/airflow/dags/scripts/funciones.py for tasks to queue
[2025-11-09T00:34:34.568+0000] {logging_mixin.py:149} INFO - [2025-11-09T00:34:34.568+0000] {dagbag.py:541} INFO - Filling up the DagBag from /opt/airflow/dags/scripts/funciones.py
[2025-11-09T00:34:36.809+0000] {processor.py:811} WARNING - No viable dags retrieved from /opt/airflow/dags/scripts/funciones.py
[2025-11-09T00:34:36.821+0000] {processor.py:178} INFO - Processing /opt/airflow/dags/scripts/funciones.py took 2.258 seconds
[2025-11-09T00:35:07.016+0000] {processor.py:156} INFO - Started process (PID=1765) to work on /opt/airflow/dags/scripts/funciones.py
[2025-11-09T00:35:07.018+0000] {processor.py:799} INFO - Processing file /opt/airflow/dags/scripts/funciones.py for tasks to queue
[2025-11-09T00:35:07.018+0000] {logging_mixin.py:149} INFO - [2025-11-09T00:35:07.018+0000] {dagbag.py:541} INFO - Filling up the DagBag from /opt/airflow/dags/scripts/funciones.py
[2025-11-09T00:35:09.046+0000] {processor.py:811} WARNING - No viable dags retrieved from /opt/airflow/dags/scripts/funciones.py
[2025-11-09T00:35:09.060+0000] {processor.py:178} INFO - Processing /opt/airflow/dags/scripts/funciones.py took 2.047 seconds
[2025-11-09T00:35:39.264+0000] {processor.py:156} INFO - Started process (PID=1787) to work on /opt/airflow/dags/scripts/funciones.py
[2025-11-09T00:35:39.265+0000] {processor.py:799} INFO - Processing file /opt/airflow/dags/scripts/funciones.py for tasks to queue
[2025-11-09T00:35:39.266+0000] {logging_mixin.py:149} INFO - [2025-11-09T00:35:39.266+0000] {dagbag.py:541} INFO - Filling up the DagBag from /opt/airflow/dags/scripts/funciones.py
[2025-11-09T00:35:41.271+0000] {processor.py:811} WARNING - No viable dags retrieved from /opt/airflow/dags/scripts/funciones.py
[2025-11-09T00:35:41.283+0000] {processor.py:178} INFO - Processing /opt/airflow/dags/scripts/funciones.py took 2.028 seconds
[2025-11-09T00:36:11.507+0000] {processor.py:156} INFO - Started process (PID=1810) to work on /opt/airflow/dags/scripts/funciones.py
[2025-11-09T00:36:11.509+0000] {processor.py:799} INFO - Processing file /opt/airflow/dags/scripts/funciones.py for tasks to queue
[2025-11-09T00:36:11.510+0000] {logging_mixin.py:149} INFO - [2025-11-09T00:36:11.509+0000] {dagbag.py:541} INFO - Filling up the DagBag from /opt/airflow/dags/scripts/funciones.py
[2025-11-09T00:36:13.284+0000] {processor.py:811} WARNING - No viable dags retrieved from /opt/airflow/dags/scripts/funciones.py
[2025-11-09T00:36:13.302+0000] {processor.py:178} INFO - Processing /opt/airflow/dags/scripts/funciones.py took 1.801 seconds
[2025-11-09T00:36:43.395+0000] {processor.py:156} INFO - Started process (PID=1832) to work on /opt/airflow/dags/scripts/funciones.py
[2025-11-09T00:36:43.397+0000] {processor.py:799} INFO - Processing file /opt/airflow/dags/scripts/funciones.py for tasks to queue
[2025-11-09T00:36:43.398+0000] {logging_mixin.py:149} INFO - [2025-11-09T00:36:43.398+0000] {dagbag.py:541} INFO - Filling up the DagBag from /opt/airflow/dags/scripts/funciones.py
[2025-11-09T00:36:45.365+0000] {processor.py:811} WARNING - No viable dags retrieved from /opt/airflow/dags/scripts/funciones.py
[2025-11-09T00:36:45.399+0000] {processor.py:178} INFO - Processing /opt/airflow/dags/scripts/funciones.py took 2.010 seconds
[2025-11-09T00:37:15.607+0000] {processor.py:156} INFO - Started process (PID=1856) to work on /opt/airflow/dags/scripts/funciones.py
[2025-11-09T00:37:15.609+0000] {processor.py:799} INFO - Processing file /opt/airflow/dags/scripts/funciones.py for tasks to queue
[2025-11-09T00:37:15.610+0000] {logging_mixin.py:149} INFO - [2025-11-09T00:37:15.610+0000] {dagbag.py:541} INFO - Filling up the DagBag from /opt/airflow/dags/scripts/funciones.py
[2025-11-09T00:37:17.531+0000] {processor.py:811} WARNING - No viable dags retrieved from /opt/airflow/dags/scripts/funciones.py
[2025-11-09T00:37:17.544+0000] {processor.py:178} INFO - Processing /opt/airflow/dags/scripts/funciones.py took 1.940 seconds
[2025-11-09T00:37:47.997+0000] {processor.py:156} INFO - Started process (PID=1880) to work on /opt/airflow/dags/scripts/funciones.py
[2025-11-09T00:37:47.999+0000] {processor.py:799} INFO - Processing file /opt/airflow/dags/scripts/funciones.py for tasks to queue
[2025-11-09T00:37:47.999+0000] {logging_mixin.py:149} INFO - [2025-11-09T00:37:47.999+0000] {dagbag.py:541} INFO - Filling up the DagBag from /opt/airflow/dags/scripts/funciones.py
[2025-11-09T00:37:49.619+0000] {processor.py:811} WARNING - No viable dags retrieved from /opt/airflow/dags/scripts/funciones.py
[2025-11-09T00:37:49.630+0000] {processor.py:178} INFO - Processing /opt/airflow/dags/scripts/funciones.py took 1.638 seconds
[2025-11-09T00:38:19.835+0000] {processor.py:156} INFO - Started process (PID=1910) to work on /opt/airflow/dags/scripts/funciones.py
[2025-11-09T00:38:19.836+0000] {processor.py:799} INFO - Processing file /opt/airflow/dags/scripts/funciones.py for tasks to queue
[2025-11-09T00:38:19.837+0000] {logging_mixin.py:149} INFO - [2025-11-09T00:38:19.837+0000] {dagbag.py:541} INFO - Filling up the DagBag from /opt/airflow/dags/scripts/funciones.py
[2025-11-09T00:38:21.615+0000] {processor.py:811} WARNING - No viable dags retrieved from /opt/airflow/dags/scripts/funciones.py
[2025-11-09T00:38:21.631+0000] {processor.py:178} INFO - Processing /opt/airflow/dags/scripts/funciones.py took 1.801 seconds
[2025-11-09T00:38:51.829+0000] {processor.py:156} INFO - Started process (PID=1934) to work on /opt/airflow/dags/scripts/funciones.py
[2025-11-09T00:38:51.830+0000] {processor.py:799} INFO - Processing file /opt/airflow/dags/scripts/funciones.py for tasks to queue
[2025-11-09T00:38:51.831+0000] {logging_mixin.py:149} INFO - [2025-11-09T00:38:51.831+0000] {dagbag.py:541} INFO - Filling up the DagBag from /opt/airflow/dags/scripts/funciones.py
[2025-11-09T00:38:53.822+0000] {processor.py:811} WARNING - No viable dags retrieved from /opt/airflow/dags/scripts/funciones.py
[2025-11-09T00:38:53.837+0000] {processor.py:178} INFO - Processing /opt/airflow/dags/scripts/funciones.py took 2.012 seconds
[2025-11-09T00:39:24.028+0000] {processor.py:156} INFO - Started process (PID=1958) to work on /opt/airflow/dags/scripts/funciones.py
[2025-11-09T00:39:24.029+0000] {processor.py:799} INFO - Processing file /opt/airflow/dags/scripts/funciones.py for tasks to queue
[2025-11-09T00:39:24.030+0000] {logging_mixin.py:149} INFO - [2025-11-09T00:39:24.030+0000] {dagbag.py:541} INFO - Filling up the DagBag from /opt/airflow/dags/scripts/funciones.py
[2025-11-09T00:39:26.151+0000] {processor.py:811} WARNING - No viable dags retrieved from /opt/airflow/dags/scripts/funciones.py
[2025-11-09T00:39:26.181+0000] {processor.py:178} INFO - Processing /opt/airflow/dags/scripts/funciones.py took 2.157 seconds
[2025-11-09T00:39:56.373+0000] {processor.py:156} INFO - Started process (PID=1982) to work on /opt/airflow/dags/scripts/funciones.py
[2025-11-09T00:39:56.376+0000] {processor.py:799} INFO - Processing file /opt/airflow/dags/scripts/funciones.py for tasks to queue
[2025-11-09T00:39:56.377+0000] {logging_mixin.py:149} INFO - [2025-11-09T00:39:56.377+0000] {dagbag.py:541} INFO - Filling up the DagBag from /opt/airflow/dags/scripts/funciones.py
[2025-11-09T00:39:58.282+0000] {processor.py:811} WARNING - No viable dags retrieved from /opt/airflow/dags/scripts/funciones.py
[2025-11-09T00:39:58.296+0000] {processor.py:178} INFO - Processing /opt/airflow/dags/scripts/funciones.py took 1.928 seconds
[2025-11-09T00:40:28.477+0000] {processor.py:156} INFO - Started process (PID=2006) to work on /opt/airflow/dags/scripts/funciones.py
[2025-11-09T00:40:28.483+0000] {processor.py:799} INFO - Processing file /opt/airflow/dags/scripts/funciones.py for tasks to queue
[2025-11-09T00:40:28.484+0000] {logging_mixin.py:149} INFO - [2025-11-09T00:40:28.484+0000] {dagbag.py:541} INFO - Filling up the DagBag from /opt/airflow/dags/scripts/funciones.py
[2025-11-09T00:40:30.510+0000] {processor.py:811} WARNING - No viable dags retrieved from /opt/airflow/dags/scripts/funciones.py
[2025-11-09T00:40:30.526+0000] {processor.py:178} INFO - Processing /opt/airflow/dags/scripts/funciones.py took 2.052 seconds
[2025-11-09T00:41:00.783+0000] {processor.py:156} INFO - Started process (PID=2029) to work on /opt/airflow/dags/scripts/funciones.py
[2025-11-09T00:41:00.786+0000] {processor.py:799} INFO - Processing file /opt/airflow/dags/scripts/funciones.py for tasks to queue
[2025-11-09T00:41:00.787+0000] {logging_mixin.py:149} INFO - [2025-11-09T00:41:00.787+0000] {dagbag.py:541} INFO - Filling up the DagBag from /opt/airflow/dags/scripts/funciones.py
[2025-11-09T00:41:02.712+0000] {processor.py:811} WARNING - No viable dags retrieved from /opt/airflow/dags/scripts/funciones.py
[2025-11-09T00:41:02.723+0000] {processor.py:178} INFO - Processing /opt/airflow/dags/scripts/funciones.py took 1.951 seconds
[2025-11-09T00:41:33.359+0000] {processor.py:156} INFO - Started process (PID=2052) to work on /opt/airflow/dags/scripts/funciones.py
[2025-11-09T00:41:33.361+0000] {processor.py:799} INFO - Processing file /opt/airflow/dags/scripts/funciones.py for tasks to queue
[2025-11-09T00:41:33.362+0000] {logging_mixin.py:149} INFO - [2025-11-09T00:41:33.361+0000] {dagbag.py:541} INFO - Filling up the DagBag from /opt/airflow/dags/scripts/funciones.py
[2025-11-09T00:41:35.775+0000] {processor.py:811} WARNING - No viable dags retrieved from /opt/airflow/dags/scripts/funciones.py
[2025-11-09T00:41:35.787+0000] {processor.py:178} INFO - Processing /opt/airflow/dags/scripts/funciones.py took 2.432 seconds
[2025-11-09T00:42:06.540+0000] {processor.py:156} INFO - Started process (PID=2075) to work on /opt/airflow/dags/scripts/funciones.py
[2025-11-09T00:42:06.542+0000] {processor.py:799} INFO - Processing file /opt/airflow/dags/scripts/funciones.py for tasks to queue
[2025-11-09T00:42:06.543+0000] {logging_mixin.py:149} INFO - [2025-11-09T00:42:06.543+0000] {dagbag.py:541} INFO - Filling up the DagBag from /opt/airflow/dags/scripts/funciones.py
[2025-11-09T00:42:08.689+0000] {processor.py:811} WARNING - No viable dags retrieved from /opt/airflow/dags/scripts/funciones.py
[2025-11-09T00:42:08.701+0000] {processor.py:178} INFO - Processing /opt/airflow/dags/scripts/funciones.py took 2.165 seconds
[2025-11-09T00:42:38.916+0000] {processor.py:156} INFO - Started process (PID=2098) to work on /opt/airflow/dags/scripts/funciones.py
[2025-11-09T00:42:38.918+0000] {processor.py:799} INFO - Processing file /opt/airflow/dags/scripts/funciones.py for tasks to queue
[2025-11-09T00:42:38.919+0000] {logging_mixin.py:149} INFO - [2025-11-09T00:42:38.919+0000] {dagbag.py:541} INFO - Filling up the DagBag from /opt/airflow/dags/scripts/funciones.py
[2025-11-09T00:42:41.340+0000] {processor.py:811} WARNING - No viable dags retrieved from /opt/airflow/dags/scripts/funciones.py
[2025-11-09T00:42:41.354+0000] {processor.py:178} INFO - Processing /opt/airflow/dags/scripts/funciones.py took 2.444 seconds
[2025-11-09T00:43:11.601+0000] {processor.py:156} INFO - Started process (PID=2121) to work on /opt/airflow/dags/scripts/funciones.py
[2025-11-09T00:43:11.602+0000] {processor.py:799} INFO - Processing file /opt/airflow/dags/scripts/funciones.py for tasks to queue
[2025-11-09T00:43:11.603+0000] {logging_mixin.py:149} INFO - [2025-11-09T00:43:11.603+0000] {dagbag.py:541} INFO - Filling up the DagBag from /opt/airflow/dags/scripts/funciones.py
[2025-11-09T00:43:13.681+0000] {processor.py:811} WARNING - No viable dags retrieved from /opt/airflow/dags/scripts/funciones.py
[2025-11-09T00:43:13.703+0000] {processor.py:178} INFO - Processing /opt/airflow/dags/scripts/funciones.py took 2.105 seconds
[2025-11-09T00:43:43.911+0000] {processor.py:156} INFO - Started process (PID=2144) to work on /opt/airflow/dags/scripts/funciones.py
[2025-11-09T00:43:43.913+0000] {processor.py:799} INFO - Processing file /opt/airflow/dags/scripts/funciones.py for tasks to queue
[2025-11-09T00:43:43.913+0000] {logging_mixin.py:149} INFO - [2025-11-09T00:43:43.913+0000] {dagbag.py:541} INFO - Filling up the DagBag from /opt/airflow/dags/scripts/funciones.py
[2025-11-09T00:43:45.791+0000] {processor.py:811} WARNING - No viable dags retrieved from /opt/airflow/dags/scripts/funciones.py
[2025-11-09T00:43:45.804+0000] {processor.py:178} INFO - Processing /opt/airflow/dags/scripts/funciones.py took 1.898 seconds
[2025-11-09T00:44:16.368+0000] {processor.py:156} INFO - Started process (PID=2167) to work on /opt/airflow/dags/scripts/funciones.py
[2025-11-09T00:44:16.369+0000] {processor.py:799} INFO - Processing file /opt/airflow/dags/scripts/funciones.py for tasks to queue
[2025-11-09T00:44:16.370+0000] {logging_mixin.py:149} INFO - [2025-11-09T00:44:16.370+0000] {dagbag.py:541} INFO - Filling up the DagBag from /opt/airflow/dags/scripts/funciones.py
[2025-11-09T00:44:18.160+0000] {processor.py:811} WARNING - No viable dags retrieved from /opt/airflow/dags/scripts/funciones.py
[2025-11-09T00:44:18.180+0000] {processor.py:178} INFO - Processing /opt/airflow/dags/scripts/funciones.py took 1.818 seconds
[2025-11-09T00:44:48.574+0000] {processor.py:156} INFO - Started process (PID=2190) to work on /opt/airflow/dags/scripts/funciones.py
[2025-11-09T00:44:48.576+0000] {processor.py:799} INFO - Processing file /opt/airflow/dags/scripts/funciones.py for tasks to queue
[2025-11-09T00:44:48.577+0000] {logging_mixin.py:149} INFO - [2025-11-09T00:44:48.576+0000] {dagbag.py:541} INFO - Filling up the DagBag from /opt/airflow/dags/scripts/funciones.py
[2025-11-09T00:44:50.492+0000] {processor.py:811} WARNING - No viable dags retrieved from /opt/airflow/dags/scripts/funciones.py
[2025-11-09T00:44:50.513+0000] {processor.py:178} INFO - Processing /opt/airflow/dags/scripts/funciones.py took 1.942 seconds
[2025-11-09T00:45:20.780+0000] {processor.py:156} INFO - Started process (PID=2221) to work on /opt/airflow/dags/scripts/funciones.py
[2025-11-09T00:45:20.781+0000] {processor.py:799} INFO - Processing file /opt/airflow/dags/scripts/funciones.py for tasks to queue
[2025-11-09T00:45:20.782+0000] {logging_mixin.py:149} INFO - [2025-11-09T00:45:20.782+0000] {dagbag.py:541} INFO - Filling up the DagBag from /opt/airflow/dags/scripts/funciones.py
[2025-11-09T00:45:22.560+0000] {processor.py:811} WARNING - No viable dags retrieved from /opt/airflow/dags/scripts/funciones.py
[2025-11-09T00:45:22.572+0000] {processor.py:178} INFO - Processing /opt/airflow/dags/scripts/funciones.py took 1.797 seconds
[2025-11-09T00:45:52.989+0000] {processor.py:156} INFO - Started process (PID=2245) to work on /opt/airflow/dags/scripts/funciones.py
[2025-11-09T00:45:52.991+0000] {processor.py:799} INFO - Processing file /opt/airflow/dags/scripts/funciones.py for tasks to queue
[2025-11-09T00:45:52.992+0000] {logging_mixin.py:149} INFO - [2025-11-09T00:45:52.992+0000] {dagbag.py:541} INFO - Filling up the DagBag from /opt/airflow/dags/scripts/funciones.py
[2025-11-09T00:45:54.867+0000] {processor.py:811} WARNING - No viable dags retrieved from /opt/airflow/dags/scripts/funciones.py
[2025-11-09T00:45:54.883+0000] {processor.py:178} INFO - Processing /opt/airflow/dags/scripts/funciones.py took 1.903 seconds
[2025-11-09T00:46:25.094+0000] {processor.py:156} INFO - Started process (PID=2269) to work on /opt/airflow/dags/scripts/funciones.py
[2025-11-09T00:46:25.096+0000] {processor.py:799} INFO - Processing file /opt/airflow/dags/scripts/funciones.py for tasks to queue
[2025-11-09T00:46:25.097+0000] {logging_mixin.py:149} INFO - [2025-11-09T00:46:25.097+0000] {dagbag.py:541} INFO - Filling up the DagBag from /opt/airflow/dags/scripts/funciones.py
[2025-11-09T00:46:27.419+0000] {processor.py:811} WARNING - No viable dags retrieved from /opt/airflow/dags/scripts/funciones.py
[2025-11-09T00:46:27.465+0000] {processor.py:178} INFO - Processing /opt/airflow/dags/scripts/funciones.py took 2.377 seconds
[2025-11-09T00:46:57.695+0000] {processor.py:156} INFO - Started process (PID=2293) to work on /opt/airflow/dags/scripts/funciones.py
[2025-11-09T00:46:57.697+0000] {processor.py:799} INFO - Processing file /opt/airflow/dags/scripts/funciones.py for tasks to queue
[2025-11-09T00:46:57.698+0000] {logging_mixin.py:149} INFO - [2025-11-09T00:46:57.698+0000] {dagbag.py:541} INFO - Filling up the DagBag from /opt/airflow/dags/scripts/funciones.py
[2025-11-09T00:47:00.441+0000] {processor.py:811} WARNING - No viable dags retrieved from /opt/airflow/dags/scripts/funciones.py
[2025-11-09T00:47:00.460+0000] {processor.py:178} INFO - Processing /opt/airflow/dags/scripts/funciones.py took 2.772 seconds
[2025-11-09T00:47:30.620+0000] {processor.py:156} INFO - Started process (PID=2316) to work on /opt/airflow/dags/scripts/funciones.py
[2025-11-09T00:47:30.622+0000] {processor.py:799} INFO - Processing file /opt/airflow/dags/scripts/funciones.py for tasks to queue
[2025-11-09T00:47:30.624+0000] {logging_mixin.py:149} INFO - [2025-11-09T00:47:30.624+0000] {dagbag.py:541} INFO - Filling up the DagBag from /opt/airflow/dags/scripts/funciones.py
[2025-11-09T00:47:32.663+0000] {processor.py:811} WARNING - No viable dags retrieved from /opt/airflow/dags/scripts/funciones.py
[2025-11-09T00:47:32.677+0000] {processor.py:178} INFO - Processing /opt/airflow/dags/scripts/funciones.py took 2.063 seconds
[2025-11-09T00:48:02.873+0000] {processor.py:156} INFO - Started process (PID=2339) to work on /opt/airflow/dags/scripts/funciones.py
[2025-11-09T00:48:02.875+0000] {processor.py:799} INFO - Processing file /opt/airflow/dags/scripts/funciones.py for tasks to queue
[2025-11-09T00:48:02.876+0000] {logging_mixin.py:149} INFO - [2025-11-09T00:48:02.875+0000] {dagbag.py:541} INFO - Filling up the DagBag from /opt/airflow/dags/scripts/funciones.py
[2025-11-09T00:48:04.700+0000] {processor.py:811} WARNING - No viable dags retrieved from /opt/airflow/dags/scripts/funciones.py
[2025-11-09T00:48:04.712+0000] {processor.py:178} INFO - Processing /opt/airflow/dags/scripts/funciones.py took 1.844 seconds
[2025-11-09T00:48:34.925+0000] {processor.py:156} INFO - Started process (PID=2362) to work on /opt/airflow/dags/scripts/funciones.py
[2025-11-09T00:48:34.927+0000] {processor.py:799} INFO - Processing file /opt/airflow/dags/scripts/funciones.py for tasks to queue
[2025-11-09T00:48:34.932+0000] {logging_mixin.py:149} INFO - [2025-11-09T00:48:34.931+0000] {dagbag.py:541} INFO - Filling up the DagBag from /opt/airflow/dags/scripts/funciones.py
[2025-11-09T00:48:37.306+0000] {processor.py:811} WARNING - No viable dags retrieved from /opt/airflow/dags/scripts/funciones.py
[2025-11-09T00:48:37.317+0000] {processor.py:178} INFO - Processing /opt/airflow/dags/scripts/funciones.py took 2.398 seconds
[2025-11-09T00:49:07.498+0000] {processor.py:156} INFO - Started process (PID=2385) to work on /opt/airflow/dags/scripts/funciones.py
[2025-11-09T00:49:07.500+0000] {processor.py:799} INFO - Processing file /opt/airflow/dags/scripts/funciones.py for tasks to queue
[2025-11-09T00:49:07.500+0000] {logging_mixin.py:149} INFO - [2025-11-09T00:49:07.500+0000] {dagbag.py:541} INFO - Filling up the DagBag from /opt/airflow/dags/scripts/funciones.py
[2025-11-09T00:49:09.699+0000] {processor.py:811} WARNING - No viable dags retrieved from /opt/airflow/dags/scripts/funciones.py
[2025-11-09T00:49:09.711+0000] {processor.py:178} INFO - Processing /opt/airflow/dags/scripts/funciones.py took 2.223 seconds
[2025-11-09T00:49:39.895+0000] {processor.py:156} INFO - Started process (PID=2408) to work on /opt/airflow/dags/scripts/funciones.py
[2025-11-09T00:49:39.900+0000] {processor.py:799} INFO - Processing file /opt/airflow/dags/scripts/funciones.py for tasks to queue
[2025-11-09T00:49:39.901+0000] {logging_mixin.py:149} INFO - [2025-11-09T00:49:39.901+0000] {dagbag.py:541} INFO - Filling up the DagBag from /opt/airflow/dags/scripts/funciones.py
[2025-11-09T00:49:42.012+0000] {processor.py:811} WARNING - No viable dags retrieved from /opt/airflow/dags/scripts/funciones.py
[2025-11-09T00:49:42.034+0000] {processor.py:178} INFO - Processing /opt/airflow/dags/scripts/funciones.py took 2.151 seconds
[2025-11-09T00:50:12.249+0000] {processor.py:156} INFO - Started process (PID=2431) to work on /opt/airflow/dags/scripts/funciones.py
[2025-11-09T00:50:12.253+0000] {processor.py:799} INFO - Processing file /opt/airflow/dags/scripts/funciones.py for tasks to queue
[2025-11-09T00:50:12.257+0000] {logging_mixin.py:149} INFO - [2025-11-09T00:50:12.257+0000] {dagbag.py:541} INFO - Filling up the DagBag from /opt/airflow/dags/scripts/funciones.py
[2025-11-09T00:50:16.532+0000] {processor.py:811} WARNING - No viable dags retrieved from /opt/airflow/dags/scripts/funciones.py
[2025-11-09T00:50:16.545+0000] {processor.py:178} INFO - Processing /opt/airflow/dags/scripts/funciones.py took 4.311 seconds
[2025-11-09T00:50:46.712+0000] {processor.py:156} INFO - Started process (PID=2455) to work on /opt/airflow/dags/scripts/funciones.py
[2025-11-09T00:50:46.716+0000] {processor.py:799} INFO - Processing file /opt/airflow/dags/scripts/funciones.py for tasks to queue
[2025-11-09T00:50:46.717+0000] {logging_mixin.py:149} INFO - [2025-11-09T00:50:46.717+0000] {dagbag.py:541} INFO - Filling up the DagBag from /opt/airflow/dags/scripts/funciones.py
[2025-11-09T00:50:49.112+0000] {processor.py:811} WARNING - No viable dags retrieved from /opt/airflow/dags/scripts/funciones.py
[2025-11-09T00:50:49.124+0000] {processor.py:178} INFO - Processing /opt/airflow/dags/scripts/funciones.py took 2.416 seconds
[2025-11-09T00:51:19.293+0000] {processor.py:156} INFO - Started process (PID=2478) to work on /opt/airflow/dags/scripts/funciones.py
[2025-11-09T00:51:19.298+0000] {processor.py:799} INFO - Processing file /opt/airflow/dags/scripts/funciones.py for tasks to queue
[2025-11-09T00:51:19.298+0000] {logging_mixin.py:149} INFO - [2025-11-09T00:51:19.298+0000] {dagbag.py:541} INFO - Filling up the DagBag from /opt/airflow/dags/scripts/funciones.py
[2025-11-09T00:51:21.514+0000] {processor.py:811} WARNING - No viable dags retrieved from /opt/airflow/dags/scripts/funciones.py
[2025-11-09T00:51:21.532+0000] {processor.py:178} INFO - Processing /opt/airflow/dags/scripts/funciones.py took 2.244 seconds
[2025-11-09T00:51:51.711+0000] {processor.py:156} INFO - Started process (PID=2501) to work on /opt/airflow/dags/scripts/funciones.py
[2025-11-09T00:51:51.713+0000] {processor.py:799} INFO - Processing file /opt/airflow/dags/scripts/funciones.py for tasks to queue
[2025-11-09T00:51:51.714+0000] {logging_mixin.py:149} INFO - [2025-11-09T00:51:51.714+0000] {dagbag.py:541} INFO - Filling up the DagBag from /opt/airflow/dags/scripts/funciones.py
[2025-11-09T00:51:54.362+0000] {processor.py:811} WARNING - No viable dags retrieved from /opt/airflow/dags/scripts/funciones.py
[2025-11-09T00:51:54.420+0000] {processor.py:178} INFO - Processing /opt/airflow/dags/scripts/funciones.py took 2.714 seconds
[2025-11-09T00:52:24.638+0000] {processor.py:156} INFO - Started process (PID=2531) to work on /opt/airflow/dags/scripts/funciones.py
[2025-11-09T00:52:24.639+0000] {processor.py:799} INFO - Processing file /opt/airflow/dags/scripts/funciones.py for tasks to queue
[2025-11-09T00:52:24.640+0000] {logging_mixin.py:149} INFO - [2025-11-09T00:52:24.640+0000] {dagbag.py:541} INFO - Filling up the DagBag from /opt/airflow/dags/scripts/funciones.py
[2025-11-09T00:52:26.907+0000] {processor.py:811} WARNING - No viable dags retrieved from /opt/airflow/dags/scripts/funciones.py
[2025-11-09T00:52:26.929+0000] {processor.py:178} INFO - Processing /opt/airflow/dags/scripts/funciones.py took 2.296 seconds
[2025-11-09T00:52:57.127+0000] {processor.py:156} INFO - Started process (PID=2554) to work on /opt/airflow/dags/scripts/funciones.py
[2025-11-09T00:52:57.129+0000] {processor.py:799} INFO - Processing file /opt/airflow/dags/scripts/funciones.py for tasks to queue
[2025-11-09T00:52:57.129+0000] {logging_mixin.py:149} INFO - [2025-11-09T00:52:57.129+0000] {dagbag.py:541} INFO - Filling up the DagBag from /opt/airflow/dags/scripts/funciones.py
[2025-11-09T00:52:59.118+0000] {processor.py:811} WARNING - No viable dags retrieved from /opt/airflow/dags/scripts/funciones.py
[2025-11-09T00:52:59.133+0000] {processor.py:178} INFO - Processing /opt/airflow/dags/scripts/funciones.py took 2.012 seconds
[2025-11-09T00:53:29.345+0000] {processor.py:156} INFO - Started process (PID=2577) to work on /opt/airflow/dags/scripts/funciones.py
[2025-11-09T00:53:29.347+0000] {processor.py:799} INFO - Processing file /opt/airflow/dags/scripts/funciones.py for tasks to queue
[2025-11-09T00:53:29.348+0000] {logging_mixin.py:149} INFO - [2025-11-09T00:53:29.347+0000] {dagbag.py:541} INFO - Filling up the DagBag from /opt/airflow/dags/scripts/funciones.py
[2025-11-09T00:53:31.263+0000] {processor.py:811} WARNING - No viable dags retrieved from /opt/airflow/dags/scripts/funciones.py
[2025-11-09T00:53:31.282+0000] {processor.py:178} INFO - Processing /opt/airflow/dags/scripts/funciones.py took 1.947 seconds
[2025-11-09T00:54:01.942+0000] {processor.py:156} INFO - Started process (PID=2600) to work on /opt/airflow/dags/scripts/funciones.py
[2025-11-09T00:54:01.943+0000] {processor.py:799} INFO - Processing file /opt/airflow/dags/scripts/funciones.py for tasks to queue
[2025-11-09T00:54:01.945+0000] {logging_mixin.py:149} INFO - [2025-11-09T00:54:01.945+0000] {dagbag.py:541} INFO - Filling up the DagBag from /opt/airflow/dags/scripts/funciones.py
[2025-11-09T00:54:04.694+0000] {processor.py:811} WARNING - No viable dags retrieved from /opt/airflow/dags/scripts/funciones.py
[2025-11-09T00:54:04.734+0000] {processor.py:178} INFO - Processing /opt/airflow/dags/scripts/funciones.py took 2.796 seconds
[2025-11-09T00:54:35.224+0000] {processor.py:156} INFO - Started process (PID=2623) to work on /opt/airflow/dags/scripts/funciones.py
[2025-11-09T00:54:35.226+0000] {processor.py:799} INFO - Processing file /opt/airflow/dags/scripts/funciones.py for tasks to queue
[2025-11-09T00:54:35.226+0000] {logging_mixin.py:149} INFO - [2025-11-09T00:54:35.226+0000] {dagbag.py:541} INFO - Filling up the DagBag from /opt/airflow/dags/scripts/funciones.py
[2025-11-09T00:54:38.849+0000] {processor.py:811} WARNING - No viable dags retrieved from /opt/airflow/dags/scripts/funciones.py
[2025-11-09T00:54:38.860+0000] {processor.py:178} INFO - Processing /opt/airflow/dags/scripts/funciones.py took 3.644 seconds
[2025-11-09T00:55:09.006+0000] {processor.py:156} INFO - Started process (PID=2646) to work on /opt/airflow/dags/scripts/funciones.py
[2025-11-09T00:55:09.008+0000] {processor.py:799} INFO - Processing file /opt/airflow/dags/scripts/funciones.py for tasks to queue
[2025-11-09T00:55:09.009+0000] {logging_mixin.py:149} INFO - [2025-11-09T00:55:09.009+0000] {dagbag.py:541} INFO - Filling up the DagBag from /opt/airflow/dags/scripts/funciones.py
[2025-11-09T00:55:11.657+0000] {processor.py:811} WARNING - No viable dags retrieved from /opt/airflow/dags/scripts/funciones.py
[2025-11-09T00:55:11.682+0000] {processor.py:178} INFO - Processing /opt/airflow/dags/scripts/funciones.py took 2.680 seconds
[2025-11-09T00:55:41.947+0000] {processor.py:156} INFO - Started process (PID=2669) to work on /opt/airflow/dags/scripts/funciones.py
[2025-11-09T00:55:41.950+0000] {processor.py:799} INFO - Processing file /opt/airflow/dags/scripts/funciones.py for tasks to queue
[2025-11-09T00:55:41.950+0000] {logging_mixin.py:149} INFO - [2025-11-09T00:55:41.950+0000] {dagbag.py:541} INFO - Filling up the DagBag from /opt/airflow/dags/scripts/funciones.py
[2025-11-09T00:55:44.405+0000] {processor.py:811} WARNING - No viable dags retrieved from /opt/airflow/dags/scripts/funciones.py
[2025-11-09T00:55:44.444+0000] {processor.py:178} INFO - Processing /opt/airflow/dags/scripts/funciones.py took 2.501 seconds
[2025-11-09T00:56:14.695+0000] {processor.py:156} INFO - Started process (PID=2692) to work on /opt/airflow/dags/scripts/funciones.py
[2025-11-09T00:56:14.697+0000] {processor.py:799} INFO - Processing file /opt/airflow/dags/scripts/funciones.py for tasks to queue
[2025-11-09T00:56:14.697+0000] {logging_mixin.py:149} INFO - [2025-11-09T00:56:14.697+0000] {dagbag.py:541} INFO - Filling up the DagBag from /opt/airflow/dags/scripts/funciones.py
[2025-11-09T00:56:16.974+0000] {processor.py:811} WARNING - No viable dags retrieved from /opt/airflow/dags/scripts/funciones.py
[2025-11-09T00:56:16.994+0000] {processor.py:178} INFO - Processing /opt/airflow/dags/scripts/funciones.py took 2.304 seconds
[2025-11-09T00:56:47.424+0000] {processor.py:156} INFO - Started process (PID=2715) to work on /opt/airflow/dags/scripts/funciones.py
[2025-11-09T00:56:47.425+0000] {processor.py:799} INFO - Processing file /opt/airflow/dags/scripts/funciones.py for tasks to queue
[2025-11-09T00:56:47.426+0000] {logging_mixin.py:149} INFO - [2025-11-09T00:56:47.426+0000] {dagbag.py:541} INFO - Filling up the DagBag from /opt/airflow/dags/scripts/funciones.py
[2025-11-09T00:56:49.427+0000] {processor.py:811} WARNING - No viable dags retrieved from /opt/airflow/dags/scripts/funciones.py
[2025-11-09T00:56:49.445+0000] {processor.py:178} INFO - Processing /opt/airflow/dags/scripts/funciones.py took 2.029 seconds
[2025-11-09T00:57:19.676+0000] {processor.py:156} INFO - Started process (PID=2738) to work on /opt/airflow/dags/scripts/funciones.py
[2025-11-09T00:57:19.678+0000] {processor.py:799} INFO - Processing file /opt/airflow/dags/scripts/funciones.py for tasks to queue
[2025-11-09T00:57:19.679+0000] {logging_mixin.py:149} INFO - [2025-11-09T00:57:19.679+0000] {dagbag.py:541} INFO - Filling up the DagBag from /opt/airflow/dags/scripts/funciones.py
[2025-11-09T00:57:21.986+0000] {processor.py:811} WARNING - No viable dags retrieved from /opt/airflow/dags/scripts/funciones.py
[2025-11-09T00:57:22.005+0000] {processor.py:178} INFO - Processing /opt/airflow/dags/scripts/funciones.py took 2.333 seconds
[2025-11-09T00:57:52.228+0000] {processor.py:156} INFO - Started process (PID=2761) to work on /opt/airflow/dags/scripts/funciones.py
[2025-11-09T00:57:52.230+0000] {processor.py:799} INFO - Processing file /opt/airflow/dags/scripts/funciones.py for tasks to queue
[2025-11-09T00:57:52.231+0000] {logging_mixin.py:149} INFO - [2025-11-09T00:57:52.231+0000] {dagbag.py:541} INFO - Filling up the DagBag from /opt/airflow/dags/scripts/funciones.py
[2025-11-09T00:57:54.078+0000] {processor.py:811} WARNING - No viable dags retrieved from /opt/airflow/dags/scripts/funciones.py
[2025-11-09T00:57:54.089+0000] {processor.py:178} INFO - Processing /opt/airflow/dags/scripts/funciones.py took 1.866 seconds
[2025-11-09T00:58:24.951+0000] {processor.py:156} INFO - Started process (PID=2791) to work on /opt/airflow/dags/scripts/funciones.py
[2025-11-09T00:58:24.953+0000] {processor.py:799} INFO - Processing file /opt/airflow/dags/scripts/funciones.py for tasks to queue
[2025-11-09T00:58:24.954+0000] {logging_mixin.py:149} INFO - [2025-11-09T00:58:24.953+0000] {dagbag.py:541} INFO - Filling up the DagBag from /opt/airflow/dags/scripts/funciones.py
[2025-11-09T00:58:26.806+0000] {processor.py:811} WARNING - No viable dags retrieved from /opt/airflow/dags/scripts/funciones.py
[2025-11-09T00:58:26.818+0000] {processor.py:178} INFO - Processing /opt/airflow/dags/scripts/funciones.py took 1.874 seconds
[2025-11-09T00:58:57.182+0000] {processor.py:156} INFO - Started process (PID=2814) to work on /opt/airflow/dags/scripts/funciones.py
[2025-11-09T00:58:57.183+0000] {processor.py:799} INFO - Processing file /opt/airflow/dags/scripts/funciones.py for tasks to queue
[2025-11-09T00:58:57.184+0000] {logging_mixin.py:149} INFO - [2025-11-09T00:58:57.184+0000] {dagbag.py:541} INFO - Filling up the DagBag from /opt/airflow/dags/scripts/funciones.py
[2025-11-09T00:58:59.217+0000] {processor.py:811} WARNING - No viable dags retrieved from /opt/airflow/dags/scripts/funciones.py
[2025-11-09T00:58:59.235+0000] {processor.py:178} INFO - Processing /opt/airflow/dags/scripts/funciones.py took 2.060 seconds
[2025-11-09T00:59:29.416+0000] {processor.py:156} INFO - Started process (PID=2837) to work on /opt/airflow/dags/scripts/funciones.py
[2025-11-09T00:59:29.418+0000] {processor.py:799} INFO - Processing file /opt/airflow/dags/scripts/funciones.py for tasks to queue
[2025-11-09T00:59:29.419+0000] {logging_mixin.py:149} INFO - [2025-11-09T00:59:29.419+0000] {dagbag.py:541} INFO - Filling up the DagBag from /opt/airflow/dags/scripts/funciones.py
[2025-11-09T00:59:31.228+0000] {processor.py:811} WARNING - No viable dags retrieved from /opt/airflow/dags/scripts/funciones.py
[2025-11-09T00:59:31.260+0000] {processor.py:178} INFO - Processing /opt/airflow/dags/scripts/funciones.py took 1.849 seconds
[2025-11-09T01:00:01.635+0000] {processor.py:156} INFO - Started process (PID=2860) to work on /opt/airflow/dags/scripts/funciones.py
[2025-11-09T01:00:01.637+0000] {processor.py:799} INFO - Processing file /opt/airflow/dags/scripts/funciones.py for tasks to queue
[2025-11-09T01:00:01.639+0000] {logging_mixin.py:149} INFO - [2025-11-09T01:00:01.639+0000] {dagbag.py:541} INFO - Filling up the DagBag from /opt/airflow/dags/scripts/funciones.py
[2025-11-09T01:00:03.745+0000] {processor.py:811} WARNING - No viable dags retrieved from /opt/airflow/dags/scripts/funciones.py
[2025-11-09T01:00:03.761+0000] {processor.py:178} INFO - Processing /opt/airflow/dags/scripts/funciones.py took 2.132 seconds
[2025-11-09T01:00:33.969+0000] {processor.py:156} INFO - Started process (PID=2882) to work on /opt/airflow/dags/scripts/funciones.py
[2025-11-09T01:00:33.971+0000] {processor.py:799} INFO - Processing file /opt/airflow/dags/scripts/funciones.py for tasks to queue
[2025-11-09T01:00:33.972+0000] {logging_mixin.py:149} INFO - [2025-11-09T01:00:33.971+0000] {dagbag.py:541} INFO - Filling up the DagBag from /opt/airflow/dags/scripts/funciones.py
[2025-11-09T01:00:35.941+0000] {processor.py:811} WARNING - No viable dags retrieved from /opt/airflow/dags/scripts/funciones.py
[2025-11-09T01:00:35.954+0000] {processor.py:178} INFO - Processing /opt/airflow/dags/scripts/funciones.py took 1.990 seconds
[2025-11-09T01:01:06.165+0000] {processor.py:156} INFO - Started process (PID=2905) to work on /opt/airflow/dags/scripts/funciones.py
[2025-11-09T01:01:06.166+0000] {processor.py:799} INFO - Processing file /opt/airflow/dags/scripts/funciones.py for tasks to queue
[2025-11-09T01:01:06.167+0000] {logging_mixin.py:149} INFO - [2025-11-09T01:01:06.167+0000] {dagbag.py:541} INFO - Filling up the DagBag from /opt/airflow/dags/scripts/funciones.py
[2025-11-09T01:01:08.041+0000] {processor.py:811} WARNING - No viable dags retrieved from /opt/airflow/dags/scripts/funciones.py
[2025-11-09T01:01:08.055+0000] {processor.py:178} INFO - Processing /opt/airflow/dags/scripts/funciones.py took 1.895 seconds
[2025-11-09T01:01:38.309+0000] {processor.py:156} INFO - Started process (PID=2928) to work on /opt/airflow/dags/scripts/funciones.py
[2025-11-09T01:01:38.311+0000] {processor.py:799} INFO - Processing file /opt/airflow/dags/scripts/funciones.py for tasks to queue
[2025-11-09T01:01:38.312+0000] {logging_mixin.py:149} INFO - [2025-11-09T01:01:38.312+0000] {dagbag.py:541} INFO - Filling up the DagBag from /opt/airflow/dags/scripts/funciones.py
[2025-11-09T01:01:40.204+0000] {processor.py:811} WARNING - No viable dags retrieved from /opt/airflow/dags/scripts/funciones.py
[2025-11-09T01:01:40.225+0000] {processor.py:178} INFO - Processing /opt/airflow/dags/scripts/funciones.py took 1.920 seconds
[2025-11-09T01:02:10.570+0000] {processor.py:156} INFO - Started process (PID=2951) to work on /opt/airflow/dags/scripts/funciones.py
[2025-11-09T01:02:10.572+0000] {processor.py:799} INFO - Processing file /opt/airflow/dags/scripts/funciones.py for tasks to queue
[2025-11-09T01:02:10.574+0000] {logging_mixin.py:149} INFO - [2025-11-09T01:02:10.573+0000] {dagbag.py:541} INFO - Filling up the DagBag from /opt/airflow/dags/scripts/funciones.py
[2025-11-09T01:02:12.528+0000] {processor.py:811} WARNING - No viable dags retrieved from /opt/airflow/dags/scripts/funciones.py
[2025-11-09T01:02:12.540+0000] {processor.py:178} INFO - Processing /opt/airflow/dags/scripts/funciones.py took 1.976 seconds
[2025-11-09T01:02:42.786+0000] {processor.py:156} INFO - Started process (PID=2975) to work on /opt/airflow/dags/scripts/funciones.py
[2025-11-09T01:02:42.788+0000] {processor.py:799} INFO - Processing file /opt/airflow/dags/scripts/funciones.py for tasks to queue
[2025-11-09T01:02:42.789+0000] {logging_mixin.py:149} INFO - [2025-11-09T01:02:42.788+0000] {dagbag.py:541} INFO - Filling up the DagBag from /opt/airflow/dags/scripts/funciones.py
[2025-11-09T01:02:44.721+0000] {processor.py:811} WARNING - No viable dags retrieved from /opt/airflow/dags/scripts/funciones.py
[2025-11-09T01:02:44.735+0000] {processor.py:178} INFO - Processing /opt/airflow/dags/scripts/funciones.py took 1.954 seconds
[2025-11-09T01:03:14.941+0000] {processor.py:156} INFO - Started process (PID=2998) to work on /opt/airflow/dags/scripts/funciones.py
[2025-11-09T01:03:14.942+0000] {processor.py:799} INFO - Processing file /opt/airflow/dags/scripts/funciones.py for tasks to queue
[2025-11-09T01:03:14.943+0000] {logging_mixin.py:149} INFO - [2025-11-09T01:03:14.943+0000] {dagbag.py:541} INFO - Filling up the DagBag from /opt/airflow/dags/scripts/funciones.py
[2025-11-09T01:03:16.810+0000] {processor.py:811} WARNING - No viable dags retrieved from /opt/airflow/dags/scripts/funciones.py
[2025-11-09T01:03:16.827+0000] {processor.py:178} INFO - Processing /opt/airflow/dags/scripts/funciones.py took 1.892 seconds
[2025-11-09T01:03:47.130+0000] {processor.py:156} INFO - Started process (PID=3021) to work on /opt/airflow/dags/scripts/funciones.py
[2025-11-09T01:03:47.132+0000] {processor.py:799} INFO - Processing file /opt/airflow/dags/scripts/funciones.py for tasks to queue
[2025-11-09T01:03:47.141+0000] {logging_mixin.py:149} INFO - [2025-11-09T01:03:47.141+0000] {dagbag.py:541} INFO - Filling up the DagBag from /opt/airflow/dags/scripts/funciones.py
[2025-11-09T01:03:49.037+0000] {processor.py:811} WARNING - No viable dags retrieved from /opt/airflow/dags/scripts/funciones.py
[2025-11-09T01:03:49.055+0000] {processor.py:178} INFO - Processing /opt/airflow/dags/scripts/funciones.py took 1.928 seconds
[2025-11-09T01:04:19.284+0000] {processor.py:156} INFO - Started process (PID=3044) to work on /opt/airflow/dags/scripts/funciones.py
[2025-11-09T01:04:19.287+0000] {processor.py:799} INFO - Processing file /opt/airflow/dags/scripts/funciones.py for tasks to queue
[2025-11-09T01:04:19.288+0000] {logging_mixin.py:149} INFO - [2025-11-09T01:04:19.288+0000] {dagbag.py:541} INFO - Filling up the DagBag from /opt/airflow/dags/scripts/funciones.py
[2025-11-09T01:04:21.164+0000] {processor.py:811} WARNING - No viable dags retrieved from /opt/airflow/dags/scripts/funciones.py
[2025-11-09T01:04:21.187+0000] {processor.py:178} INFO - Processing /opt/airflow/dags/scripts/funciones.py took 1.909 seconds
[2025-11-09T01:04:51.420+0000] {processor.py:156} INFO - Started process (PID=3067) to work on /opt/airflow/dags/scripts/funciones.py
[2025-11-09T01:04:51.421+0000] {processor.py:799} INFO - Processing file /opt/airflow/dags/scripts/funciones.py for tasks to queue
[2025-11-09T01:04:51.422+0000] {logging_mixin.py:149} INFO - [2025-11-09T01:04:51.422+0000] {dagbag.py:541} INFO - Filling up the DagBag from /opt/airflow/dags/scripts/funciones.py
[2025-11-09T01:04:53.260+0000] {processor.py:811} WARNING - No viable dags retrieved from /opt/airflow/dags/scripts/funciones.py
[2025-11-09T01:04:53.274+0000] {processor.py:178} INFO - Processing /opt/airflow/dags/scripts/funciones.py took 1.859 seconds
[2025-11-09T01:05:23.480+0000] {processor.py:156} INFO - Started process (PID=3090) to work on /opt/airflow/dags/scripts/funciones.py
[2025-11-09T01:05:23.481+0000] {processor.py:799} INFO - Processing file /opt/airflow/dags/scripts/funciones.py for tasks to queue
[2025-11-09T01:05:23.482+0000] {logging_mixin.py:149} INFO - [2025-11-09T01:05:23.482+0000] {dagbag.py:541} INFO - Filling up the DagBag from /opt/airflow/dags/scripts/funciones.py
[2025-11-09T01:05:25.355+0000] {processor.py:811} WARNING - No viable dags retrieved from /opt/airflow/dags/scripts/funciones.py
[2025-11-09T01:05:25.367+0000] {processor.py:178} INFO - Processing /opt/airflow/dags/scripts/funciones.py took 1.892 seconds
[2025-11-09T01:05:55.725+0000] {processor.py:156} INFO - Started process (PID=3120) to work on /opt/airflow/dags/scripts/funciones.py
[2025-11-09T01:05:55.727+0000] {processor.py:799} INFO - Processing file /opt/airflow/dags/scripts/funciones.py for tasks to queue
[2025-11-09T01:05:55.728+0000] {logging_mixin.py:149} INFO - [2025-11-09T01:05:55.727+0000] {dagbag.py:541} INFO - Filling up the DagBag from /opt/airflow/dags/scripts/funciones.py
[2025-11-09T01:05:58.021+0000] {processor.py:811} WARNING - No viable dags retrieved from /opt/airflow/dags/scripts/funciones.py
[2025-11-09T01:05:58.037+0000] {processor.py:178} INFO - Processing /opt/airflow/dags/scripts/funciones.py took 2.317 seconds
[2025-11-09T01:06:28.293+0000] {processor.py:156} INFO - Started process (PID=3144) to work on /opt/airflow/dags/scripts/funciones.py
[2025-11-09T01:06:28.296+0000] {processor.py:799} INFO - Processing file /opt/airflow/dags/scripts/funciones.py for tasks to queue
[2025-11-09T01:06:28.297+0000] {logging_mixin.py:149} INFO - [2025-11-09T01:06:28.297+0000] {dagbag.py:541} INFO - Filling up the DagBag from /opt/airflow/dags/scripts/funciones.py
[2025-11-09T01:06:30.889+0000] {processor.py:811} WARNING - No viable dags retrieved from /opt/airflow/dags/scripts/funciones.py
[2025-11-09T01:06:30.926+0000] {processor.py:178} INFO - Processing /opt/airflow/dags/scripts/funciones.py took 2.640 seconds
[2025-11-09T01:07:01.159+0000] {processor.py:156} INFO - Started process (PID=3167) to work on /opt/airflow/dags/scripts/funciones.py
[2025-11-09T01:07:01.161+0000] {processor.py:799} INFO - Processing file /opt/airflow/dags/scripts/funciones.py for tasks to queue
[2025-11-09T01:07:01.162+0000] {logging_mixin.py:149} INFO - [2025-11-09T01:07:01.162+0000] {dagbag.py:541} INFO - Filling up the DagBag from /opt/airflow/dags/scripts/funciones.py
[2025-11-09T01:07:03.933+0000] {processor.py:811} WARNING - No viable dags retrieved from /opt/airflow/dags/scripts/funciones.py
[2025-11-09T01:07:03.954+0000] {processor.py:178} INFO - Processing /opt/airflow/dags/scripts/funciones.py took 2.799 seconds
[2025-11-09T01:07:34.183+0000] {processor.py:156} INFO - Started process (PID=3191) to work on /opt/airflow/dags/scripts/funciones.py
[2025-11-09T01:07:34.185+0000] {processor.py:799} INFO - Processing file /opt/airflow/dags/scripts/funciones.py for tasks to queue
[2025-11-09T01:07:34.186+0000] {logging_mixin.py:149} INFO - [2025-11-09T01:07:34.186+0000] {dagbag.py:541} INFO - Filling up the DagBag from /opt/airflow/dags/scripts/funciones.py
[2025-11-09T01:07:36.515+0000] {processor.py:811} WARNING - No viable dags retrieved from /opt/airflow/dags/scripts/funciones.py
[2025-11-09T01:07:36.529+0000] {processor.py:178} INFO - Processing /opt/airflow/dags/scripts/funciones.py took 2.350 seconds
[2025-11-09T01:08:06.722+0000] {processor.py:156} INFO - Started process (PID=3214) to work on /opt/airflow/dags/scripts/funciones.py
[2025-11-09T01:08:06.723+0000] {processor.py:799} INFO - Processing file /opt/airflow/dags/scripts/funciones.py for tasks to queue
[2025-11-09T01:08:06.724+0000] {logging_mixin.py:149} INFO - [2025-11-09T01:08:06.724+0000] {dagbag.py:541} INFO - Filling up the DagBag from /opt/airflow/dags/scripts/funciones.py
[2025-11-09T01:08:08.930+0000] {processor.py:811} WARNING - No viable dags retrieved from /opt/airflow/dags/scripts/funciones.py
[2025-11-09T01:08:08.943+0000] {processor.py:178} INFO - Processing /opt/airflow/dags/scripts/funciones.py took 2.225 seconds
[2025-11-09T01:08:39.013+0000] {processor.py:156} INFO - Started process (PID=3235) to work on /opt/airflow/dags/scripts/funciones.py
[2025-11-09T01:08:39.014+0000] {processor.py:799} INFO - Processing file /opt/airflow/dags/scripts/funciones.py for tasks to queue
[2025-11-09T01:08:39.015+0000] {logging_mixin.py:149} INFO - [2025-11-09T01:08:39.015+0000] {dagbag.py:541} INFO - Filling up the DagBag from /opt/airflow/dags/scripts/funciones.py
[2025-11-09T01:08:41.715+0000] {processor.py:811} WARNING - No viable dags retrieved from /opt/airflow/dags/scripts/funciones.py
[2025-11-09T01:08:41.731+0000] {processor.py:178} INFO - Processing /opt/airflow/dags/scripts/funciones.py took 2.723 seconds
[2025-11-09T01:09:11.914+0000] {processor.py:156} INFO - Started process (PID=3260) to work on /opt/airflow/dags/scripts/funciones.py
[2025-11-09T01:09:11.917+0000] {processor.py:799} INFO - Processing file /opt/airflow/dags/scripts/funciones.py for tasks to queue
[2025-11-09T01:09:11.918+0000] {logging_mixin.py:149} INFO - [2025-11-09T01:09:11.918+0000] {dagbag.py:541} INFO - Filling up the DagBag from /opt/airflow/dags/scripts/funciones.py
[2025-11-09T01:09:14.015+0000] {processor.py:811} WARNING - No viable dags retrieved from /opt/airflow/dags/scripts/funciones.py
[2025-11-09T01:09:14.027+0000] {processor.py:178} INFO - Processing /opt/airflow/dags/scripts/funciones.py took 2.118 seconds
[2025-11-09T01:09:44.195+0000] {processor.py:156} INFO - Started process (PID=3282) to work on /opt/airflow/dags/scripts/funciones.py
[2025-11-09T01:09:44.197+0000] {processor.py:799} INFO - Processing file /opt/airflow/dags/scripts/funciones.py for tasks to queue
[2025-11-09T01:09:44.197+0000] {logging_mixin.py:149} INFO - [2025-11-09T01:09:44.197+0000] {dagbag.py:541} INFO - Filling up the DagBag from /opt/airflow/dags/scripts/funciones.py
[2025-11-09T01:09:46.298+0000] {processor.py:811} WARNING - No viable dags retrieved from /opt/airflow/dags/scripts/funciones.py
[2025-11-09T01:09:46.310+0000] {processor.py:178} INFO - Processing /opt/airflow/dags/scripts/funciones.py took 2.120 seconds
[2025-11-09T01:10:16.529+0000] {processor.py:156} INFO - Started process (PID=3305) to work on /opt/airflow/dags/scripts/funciones.py
[2025-11-09T01:10:16.531+0000] {processor.py:799} INFO - Processing file /opt/airflow/dags/scripts/funciones.py for tasks to queue
[2025-11-09T01:10:16.531+0000] {logging_mixin.py:149} INFO - [2025-11-09T01:10:16.531+0000] {dagbag.py:541} INFO - Filling up the DagBag from /opt/airflow/dags/scripts/funciones.py
[2025-11-09T01:10:18.540+0000] {processor.py:811} WARNING - No viable dags retrieved from /opt/airflow/dags/scripts/funciones.py
[2025-11-09T01:10:18.571+0000] {processor.py:178} INFO - Processing /opt/airflow/dags/scripts/funciones.py took 2.048 seconds
[2025-11-09T01:10:48.780+0000] {processor.py:156} INFO - Started process (PID=3329) to work on /opt/airflow/dags/scripts/funciones.py
[2025-11-09T01:10:48.781+0000] {processor.py:799} INFO - Processing file /opt/airflow/dags/scripts/funciones.py for tasks to queue
[2025-11-09T01:10:48.782+0000] {logging_mixin.py:149} INFO - [2025-11-09T01:10:48.782+0000] {dagbag.py:541} INFO - Filling up the DagBag from /opt/airflow/dags/scripts/funciones.py
[2025-11-09T01:10:50.606+0000] {processor.py:811} WARNING - No viable dags retrieved from /opt/airflow/dags/scripts/funciones.py
[2025-11-09T01:10:50.617+0000] {processor.py:178} INFO - Processing /opt/airflow/dags/scripts/funciones.py took 1.842 seconds
[2025-11-09T01:11:20.818+0000] {processor.py:156} INFO - Started process (PID=3352) to work on /opt/airflow/dags/scripts/funciones.py
[2025-11-09T01:11:20.820+0000] {processor.py:799} INFO - Processing file /opt/airflow/dags/scripts/funciones.py for tasks to queue
[2025-11-09T01:11:20.820+0000] {logging_mixin.py:149} INFO - [2025-11-09T01:11:20.820+0000] {dagbag.py:541} INFO - Filling up the DagBag from /opt/airflow/dags/scripts/funciones.py
[2025-11-09T01:11:22.729+0000] {processor.py:811} WARNING - No viable dags retrieved from /opt/airflow/dags/scripts/funciones.py
[2025-11-09T01:11:22.742+0000] {processor.py:178} INFO - Processing /opt/airflow/dags/scripts/funciones.py took 1.929 seconds
[2025-11-09T01:11:53.215+0000] {processor.py:156} INFO - Started process (PID=3374) to work on /opt/airflow/dags/scripts/funciones.py
[2025-11-09T01:11:53.218+0000] {processor.py:799} INFO - Processing file /opt/airflow/dags/scripts/funciones.py for tasks to queue
[2025-11-09T01:11:53.219+0000] {logging_mixin.py:149} INFO - [2025-11-09T01:11:53.219+0000] {dagbag.py:541} INFO - Filling up the DagBag from /opt/airflow/dags/scripts/funciones.py
[2025-11-09T01:11:55.941+0000] {processor.py:811} WARNING - No viable dags retrieved from /opt/airflow/dags/scripts/funciones.py
[2025-11-09T01:11:55.975+0000] {processor.py:178} INFO - Processing /opt/airflow/dags/scripts/funciones.py took 2.770 seconds
[2025-11-09T01:12:26.223+0000] {processor.py:156} INFO - Started process (PID=3403) to work on /opt/airflow/dags/scripts/funciones.py
[2025-11-09T01:12:26.226+0000] {processor.py:799} INFO - Processing file /opt/airflow/dags/scripts/funciones.py for tasks to queue
[2025-11-09T01:12:26.227+0000] {logging_mixin.py:149} INFO - [2025-11-09T01:12:26.226+0000] {dagbag.py:541} INFO - Filling up the DagBag from /opt/airflow/dags/scripts/funciones.py
[2025-11-09T01:12:28.629+0000] {processor.py:811} WARNING - No viable dags retrieved from /opt/airflow/dags/scripts/funciones.py
[2025-11-09T01:12:28.647+0000] {processor.py:178} INFO - Processing /opt/airflow/dags/scripts/funciones.py took 2.430 seconds
[2025-11-09T01:12:58.848+0000] {processor.py:156} INFO - Started process (PID=3426) to work on /opt/airflow/dags/scripts/funciones.py
[2025-11-09T01:12:58.849+0000] {processor.py:799} INFO - Processing file /opt/airflow/dags/scripts/funciones.py for tasks to queue
[2025-11-09T01:12:58.850+0000] {logging_mixin.py:149} INFO - [2025-11-09T01:12:58.850+0000] {dagbag.py:541} INFO - Filling up the DagBag from /opt/airflow/dags/scripts/funciones.py
[2025-11-09T01:13:00.761+0000] {processor.py:811} WARNING - No viable dags retrieved from /opt/airflow/dags/scripts/funciones.py
[2025-11-09T01:13:00.784+0000] {processor.py:178} INFO - Processing /opt/airflow/dags/scripts/funciones.py took 1.940 seconds
[2025-11-09T01:13:31.089+0000] {processor.py:156} INFO - Started process (PID=3449) to work on /opt/airflow/dags/scripts/funciones.py
[2025-11-09T01:13:31.091+0000] {processor.py:799} INFO - Processing file /opt/airflow/dags/scripts/funciones.py for tasks to queue
[2025-11-09T01:13:31.092+0000] {logging_mixin.py:149} INFO - [2025-11-09T01:13:31.092+0000] {dagbag.py:541} INFO - Filling up the DagBag from /opt/airflow/dags/scripts/funciones.py
[2025-11-09T01:13:32.873+0000] {processor.py:811} WARNING - No viable dags retrieved from /opt/airflow/dags/scripts/funciones.py
[2025-11-09T01:13:32.901+0000] {processor.py:178} INFO - Processing /opt/airflow/dags/scripts/funciones.py took 1.819 seconds
