[2025-11-08T21:07:09.574+0000] {taskinstance.py:1125} INFO - Dependencies all met for dep_context=non-requeueable deps ti=<TaskInstance: orquestador.wait_between_runs scheduled__2023-01-01T00:10:00+00:00 [queued]>
[2025-11-08T21:07:09.598+0000] {taskinstance.py:1125} INFO - Dependencies all met for dep_context=requeueable deps ti=<TaskInstance: orquestador.wait_between_runs scheduled__2023-01-01T00:10:00+00:00 [queued]>
[2025-11-08T21:07:09.598+0000] {taskinstance.py:1331} INFO - Starting attempt 1 of 2
[2025-11-08T21:07:09.614+0000] {taskinstance.py:1350} INFO - Executing <Task(PythonOperator): wait_between_runs> on 2023-01-01 00:10:00+00:00
[2025-11-08T21:07:09.623+0000] {standard_task_runner.py:57} INFO - Started process 14945 to run task
[2025-11-08T21:07:09.627+0000] {standard_task_runner.py:84} INFO - Running: ['***', 'tasks', 'run', 'orquestador', 'wait_between_runs', 'scheduled__2023-01-01T00:10:00+00:00', '--job-id', '797', '--raw', '--subdir', 'DAGS_FOLDER/orquestador.py', '--cfg-path', '/tmp/tmpicc3ptcb']
[2025-11-08T21:07:09.631+0000] {standard_task_runner.py:85} INFO - Job 797: Subtask wait_between_runs
[2025-11-08T21:07:09.939+0000] {task_command.py:410} INFO - Running <TaskInstance: orquestador.wait_between_runs scheduled__2023-01-01T00:10:00+00:00 [running]> on host 068cff9bffb3
[2025-11-08T21:07:10.032+0000] {taskinstance.py:1568} INFO - Exporting env vars: AIRFLOW_CTX_DAG_OWNER='***' AIRFLOW_CTX_DAG_ID='orquestador' AIRFLOW_CTX_TASK_ID='wait_between_runs' AIRFLOW_CTX_EXECUTION_DATE='2023-01-01T00:10:00+00:00' AIRFLOW_CTX_TRY_NUMBER='1' AIRFLOW_CTX_DAG_RUN_ID='scheduled__2023-01-01T00:10:00+00:00'
[2025-11-08T21:12:10.132+0000] {python.py:183} INFO - Done. Returned value was: None
[2025-11-08T21:12:10.154+0000] {taskinstance.py:1368} INFO - Marking task as SUCCESS. dag_id=orquestador, task_id=wait_between_runs, execution_date=20230101T001000, start_date=20251108T210709, end_date=20251108T211210
[2025-11-08T21:12:10.224+0000] {local_task_job_runner.py:232} INFO - Task exited with return code 0
[2025-11-08T21:12:10.258+0000] {taskinstance.py:2674} INFO - 0 downstream tasks scheduled from follow-on schedule check
[2025-11-09T00:33:53.321+0000] {taskinstance.py:1125} INFO - Dependencies all met for dep_context=non-requeueable deps ti=<TaskInstance: orquestador.wait_between_runs scheduled__2023-01-01T00:10:00+00:00 [queued]>
[2025-11-09T00:33:53.340+0000] {taskinstance.py:1125} INFO - Dependencies all met for dep_context=requeueable deps ti=<TaskInstance: orquestador.wait_between_runs scheduled__2023-01-01T00:10:00+00:00 [queued]>
[2025-11-09T00:33:53.340+0000] {taskinstance.py:1331} INFO - Starting attempt 1 of 2
[2025-11-09T00:33:53.354+0000] {taskinstance.py:1350} INFO - Executing <Task(PythonOperator): wait_between_runs> on 2023-01-01 00:10:00+00:00
[2025-11-09T00:33:53.364+0000] {standard_task_runner.py:57} INFO - Started process 1057 to run task
[2025-11-09T00:33:53.369+0000] {standard_task_runner.py:84} INFO - Running: ['***', 'tasks', 'run', 'orquestador', 'wait_between_runs', 'scheduled__2023-01-01T00:10:00+00:00', '--job-id', '63', '--raw', '--subdir', 'DAGS_FOLDER/orquestador.py', '--cfg-path', '/tmp/tmplbb2rx_l']
[2025-11-09T00:33:53.372+0000] {standard_task_runner.py:85} INFO - Job 63: Subtask wait_between_runs
[2025-11-09T00:33:53.698+0000] {task_command.py:410} INFO - Running <TaskInstance: orquestador.wait_between_runs scheduled__2023-01-01T00:10:00+00:00 [running]> on host abefff83dc87
[2025-11-09T00:33:53.795+0000] {taskinstance.py:1568} INFO - Exporting env vars: AIRFLOW_CTX_DAG_OWNER='***' AIRFLOW_CTX_DAG_ID='orquestador' AIRFLOW_CTX_TASK_ID='wait_between_runs' AIRFLOW_CTX_EXECUTION_DATE='2023-01-01T00:10:00+00:00' AIRFLOW_CTX_TRY_NUMBER='1' AIRFLOW_CTX_DAG_RUN_ID='scheduled__2023-01-01T00:10:00+00:00'
[2025-11-09T00:38:53.895+0000] {python.py:183} INFO - Done. Returned value was: None
[2025-11-09T00:38:53.908+0000] {taskinstance.py:1368} INFO - Marking task as SUCCESS. dag_id=orquestador, task_id=wait_between_runs, execution_date=20230101T001000, start_date=20251109T003353, end_date=20251109T003853
[2025-11-09T00:38:53.953+0000] {local_task_job_runner.py:232} INFO - Task exited with return code 0
[2025-11-09T00:38:53.967+0000] {taskinstance.py:2674} INFO - 0 downstream tasks scheduled from follow-on schedule check
