[2025-11-08T21:13:05.127+0000] {taskinstance.py:1125} INFO - Dependencies all met for dep_context=non-requeueable deps ti=<TaskInstance: orquestador.inserta_en_todas_las_tablas scheduled__2023-01-01T00:15:00+00:00 [queued]>
[2025-11-08T21:13:05.140+0000] {taskinstance.py:1125} INFO - Dependencies all met for dep_context=requeueable deps ti=<TaskInstance: orquestador.inserta_en_todas_las_tablas scheduled__2023-01-01T00:15:00+00:00 [queued]>
[2025-11-08T21:13:05.140+0000] {taskinstance.py:1331} INFO - Starting attempt 1 of 2
[2025-11-08T21:13:05.157+0000] {taskinstance.py:1350} INFO - Executing <Task(PythonOperator): inserta_en_todas_las_tablas> on 2023-01-01 00:15:00+00:00
[2025-11-08T21:13:05.169+0000] {standard_task_runner.py:57} INFO - Started process 15051 to run task
[2025-11-08T21:13:05.179+0000] {standard_task_runner.py:84} INFO - Running: ['***', 'tasks', 'run', 'orquestador', 'inserta_en_todas_las_tablas', 'scheduled__2023-01-01T00:15:00+00:00', '--job-id', '801', '--raw', '--subdir', 'DAGS_FOLDER/orquestador.py', '--cfg-path', '/tmp/tmpfparqpg3']
[2025-11-08T21:13:05.184+0000] {standard_task_runner.py:85} INFO - Job 801: Subtask inserta_en_todas_las_tablas
[2025-11-08T21:13:05.499+0000] {task_command.py:410} INFO - Running <TaskInstance: orquestador.inserta_en_todas_las_tablas scheduled__2023-01-01T00:15:00+00:00 [running]> on host 068cff9bffb3
[2025-11-08T21:13:05.601+0000] {taskinstance.py:1568} INFO - Exporting env vars: AIRFLOW_CTX_DAG_OWNER='***' AIRFLOW_CTX_DAG_ID='orquestador' AIRFLOW_CTX_TASK_ID='inserta_en_todas_las_tablas' AIRFLOW_CTX_EXECUTION_DATE='2023-01-01T00:15:00+00:00' AIRFLOW_CTX_TRY_NUMBER='1' AIRFLOW_CTX_DAG_RUN_ID='scheduled__2023-01-01T00:15:00+00:00'
[2025-11-08T21:13:05.602+0000] {crypto.py:83} WARNING - empty cryptography key - values will not be stored encrypted.
[2025-11-08T21:13:05.603+0000] {base.py:73} INFO - Using connection ID 'mysql_conn' for task execution.
[2025-11-08T21:13:05.617+0000] {warnings.py:109} WARNING - /home/***/.local/lib/python3.9/site-packages/***/providers/common/sql/hooks/sql.py:201: UserWarning: pandas only supports SQLAlchemy connectable (engine/connection) or database string URI or sqlite3 DBAPI2 connection. Other DBAPI2 objects are not tested. Please consider using SQLAlchemy.
  return psql.read_sql(sql, con=conn, params=parameters, **kwargs)

[2025-11-08T21:13:47.731+0000] {base.py:73} INFO - Using connection ID 'mysql_conn' for task execution.
[2025-11-08T21:14:09.538+0000] {logging_mixin.py:149} INFO - 136396 registros insertados en diabetes_clean_train
[2025-11-08T21:14:24.570+0000] {base.py:73} INFO - Using connection ID 'mysql_conn' for task execution.
[2025-11-08T21:14:33.441+0000] {logging_mixin.py:149} INFO - 54181 registros insertados en diabetes_clean_val
[2025-11-08T21:14:41.321+0000] {base.py:73} INFO - Using connection ID 'mysql_conn' for task execution.
[2025-11-08T21:14:45.534+0000] {logging_mixin.py:149} INFO - 28252 registros insertados en diabetes_clean_test
[2025-11-08T21:14:45.540+0000] {logging_mixin.py:149} INFO - Datos de entrenamiento y prueba insertados correctamente.
[2025-11-08T21:14:45.565+0000] {python.py:183} INFO - Done. Returned value was: None
[2025-11-08T21:14:45.580+0000] {taskinstance.py:1368} INFO - Marking task as SUCCESS. dag_id=orquestador, task_id=inserta_en_todas_las_tablas, execution_date=20230101T001500, start_date=20251108T211305, end_date=20251108T211445
[2025-11-08T21:14:45.657+0000] {local_task_job_runner.py:232} INFO - Task exited with return code 0
[2025-11-08T21:14:45.711+0000] {taskinstance.py:2674} INFO - 1 downstream tasks scheduled from follow-on schedule check
[2025-11-09T00:39:46.047+0000] {taskinstance.py:1125} INFO - Dependencies all met for dep_context=non-requeueable deps ti=<TaskInstance: orquestador.inserta_en_todas_las_tablas scheduled__2023-01-01T00:15:00+00:00 [queued]>
[2025-11-09T00:39:46.064+0000] {taskinstance.py:1125} INFO - Dependencies all met for dep_context=requeueable deps ti=<TaskInstance: orquestador.inserta_en_todas_las_tablas scheduled__2023-01-01T00:15:00+00:00 [queued]>
[2025-11-09T00:39:46.064+0000] {taskinstance.py:1331} INFO - Starting attempt 1 of 2
[2025-11-09T00:39:46.079+0000] {taskinstance.py:1350} INFO - Executing <Task(PythonOperator): inserta_en_todas_las_tablas> on 2023-01-01 00:15:00+00:00
[2025-11-09T00:39:46.098+0000] {standard_task_runner.py:57} INFO - Started process 1163 to run task
[2025-11-09T00:39:46.108+0000] {standard_task_runner.py:84} INFO - Running: ['***', 'tasks', 'run', 'orquestador', 'inserta_en_todas_las_tablas', 'scheduled__2023-01-01T00:15:00+00:00', '--job-id', '67', '--raw', '--subdir', 'DAGS_FOLDER/orquestador.py', '--cfg-path', '/tmp/tmp6brsotf5']
[2025-11-09T00:39:46.112+0000] {standard_task_runner.py:85} INFO - Job 67: Subtask inserta_en_todas_las_tablas
[2025-11-09T00:39:46.422+0000] {task_command.py:410} INFO - Running <TaskInstance: orquestador.inserta_en_todas_las_tablas scheduled__2023-01-01T00:15:00+00:00 [running]> on host abefff83dc87
[2025-11-09T00:39:46.516+0000] {taskinstance.py:1568} INFO - Exporting env vars: AIRFLOW_CTX_DAG_OWNER='***' AIRFLOW_CTX_DAG_ID='orquestador' AIRFLOW_CTX_TASK_ID='inserta_en_todas_las_tablas' AIRFLOW_CTX_EXECUTION_DATE='2023-01-01T00:15:00+00:00' AIRFLOW_CTX_TRY_NUMBER='1' AIRFLOW_CTX_DAG_RUN_ID='scheduled__2023-01-01T00:15:00+00:00'
[2025-11-09T00:39:46.517+0000] {crypto.py:83} WARNING - empty cryptography key - values will not be stored encrypted.
[2025-11-09T00:39:46.518+0000] {base.py:73} INFO - Using connection ID 'mysql_conn' for task execution.
[2025-11-09T00:39:46.532+0000] {warnings.py:109} WARNING - /home/***/.local/lib/python3.9/site-packages/***/providers/common/sql/hooks/sql.py:201: UserWarning: pandas only supports SQLAlchemy connectable (engine/connection) or database string URI or sqlite3 DBAPI2 connection. Other DBAPI2 objects are not tested. Please consider using SQLAlchemy.
  return psql.read_sql(sql, con=conn, params=parameters, **kwargs)

[2025-11-09T00:40:25.527+0000] {base.py:73} INFO - Using connection ID 'mysql_conn' for task execution.
[2025-11-09T00:40:47.132+0000] {logging_mixin.py:149} INFO - 130598 registros insertados en diabetes_clean_train
[2025-11-09T00:41:00.794+0000] {base.py:73} INFO - Using connection ID 'mysql_conn' for task execution.
[2025-11-09T00:41:09.115+0000] {logging_mixin.py:149} INFO - 51778 registros insertados en diabetes_clean_val
[2025-11-09T00:41:16.580+0000] {base.py:73} INFO - Using connection ID 'mysql_conn' for task execution.
[2025-11-09T00:41:20.600+0000] {logging_mixin.py:149} INFO - 27009 registros insertados en diabetes_clean_test
[2025-11-09T00:41:20.610+0000] {logging_mixin.py:149} INFO - Datos de entrenamiento y prueba insertados correctamente.
[2025-11-09T00:41:20.647+0000] {python.py:183} INFO - Done. Returned value was: None
[2025-11-09T00:41:20.663+0000] {taskinstance.py:1368} INFO - Marking task as SUCCESS. dag_id=orquestador, task_id=inserta_en_todas_las_tablas, execution_date=20230101T001500, start_date=20251109T003946, end_date=20251109T004120
[2025-11-09T00:41:20.760+0000] {local_task_job_runner.py:232} INFO - Task exited with return code 0
[2025-11-09T00:41:20.790+0000] {taskinstance.py:2674} INFO - 0 downstream tasks scheduled from follow-on schedule check
