[2025-11-08T03:51:19.426+0000] {taskinstance.py:1125} INFO - Dependencies all met for dep_context=non-requeueable deps ti=<TaskInstance: orquestador.check_first_run scheduled__2023-01-01T00:00:00+00:00 [queued]>
[2025-11-08T03:51:19.438+0000] {taskinstance.py:1125} INFO - Dependencies all met for dep_context=requeueable deps ti=<TaskInstance: orquestador.check_first_run scheduled__2023-01-01T00:00:00+00:00 [queued]>
[2025-11-08T03:51:19.438+0000] {taskinstance.py:1331} INFO - Starting attempt 1 of 2
[2025-11-08T03:51:19.451+0000] {taskinstance.py:1350} INFO - Executing <Task(BranchPythonOperator): check_first_run> on 2023-01-01 00:00:00+00:00
[2025-11-08T03:51:19.461+0000] {standard_task_runner.py:57} INFO - Started process 524 to run task
[2025-11-08T03:51:19.466+0000] {standard_task_runner.py:84} INFO - Running: ['***', 'tasks', 'run', 'orquestador', 'check_first_run', 'scheduled__2023-01-01T00:00:00+00:00', '--job-id', '614', '--raw', '--subdir', 'DAGS_FOLDER/orquestador.py', '--cfg-path', '/tmp/tmp7g1zto9_']
[2025-11-08T03:51:19.469+0000] {standard_task_runner.py:85} INFO - Job 614: Subtask check_first_run
[2025-11-08T03:51:19.870+0000] {task_command.py:410} INFO - Running <TaskInstance: orquestador.check_first_run scheduled__2023-01-01T00:00:00+00:00 [running]> on host 07d7237ee251
[2025-11-08T03:51:19.976+0000] {taskinstance.py:1568} INFO - Exporting env vars: AIRFLOW_CTX_DAG_OWNER='***' AIRFLOW_CTX_DAG_ID='orquestador' AIRFLOW_CTX_TASK_ID='check_first_run' AIRFLOW_CTX_EXECUTION_DATE='2023-01-01T00:00:00+00:00' AIRFLOW_CTX_TRY_NUMBER='1' AIRFLOW_CTX_DAG_RUN_ID='scheduled__2023-01-01T00:00:00+00:00'
[2025-11-08T03:51:19.977+0000] {warnings.py:109} WARNING - /home/***/.local/lib/python3.9/site-packages/***/utils/context.py:313: AirflowContextDeprecationWarning: Accessing 'execution_date' from the template is deprecated and will be removed in a future version. Please use 'data_interval_start' or 'logical_date' instead.
  warnings.warn(_create_deprecation_warning(k, replacements))

[2025-11-08T03:51:19.978+0000] {python.py:183} INFO - Done. Returned value was: delete_table_raw
[2025-11-08T03:51:19.978+0000] {python.py:216} INFO - Branch callable return delete_table_raw
[2025-11-08T03:51:19.978+0000] {skipmixin.py:161} INFO - Following branch delete_table_raw
[2025-11-08T03:51:19.979+0000] {skipmixin.py:221} INFO - Skipping tasks ['skip_table_creation']
[2025-11-08T03:51:20.041+0000] {taskinstance.py:1368} INFO - Marking task as SUCCESS. dag_id=orquestador, task_id=check_first_run, execution_date=20230101T000000, start_date=20251108T035119, end_date=20251108T035120
[2025-11-08T03:51:20.080+0000] {local_task_job_runner.py:232} INFO - Task exited with return code 0
[2025-11-08T03:51:20.450+0000] {taskinstance.py:2674} INFO - 1 downstream tasks scheduled from follow-on schedule check
[2025-11-08T04:12:12.168+0000] {taskinstance.py:1125} INFO - Dependencies all met for dep_context=non-requeueable deps ti=<TaskInstance: orquestador.check_first_run scheduled__2023-01-01T00:00:00+00:00 [queued]>
[2025-11-08T04:12:12.180+0000] {taskinstance.py:1125} INFO - Dependencies all met for dep_context=requeueable deps ti=<TaskInstance: orquestador.check_first_run scheduled__2023-01-01T00:00:00+00:00 [queued]>
[2025-11-08T04:12:12.180+0000] {taskinstance.py:1331} INFO - Starting attempt 1 of 2
[2025-11-08T04:12:12.192+0000] {taskinstance.py:1350} INFO - Executing <Task(BranchPythonOperator): check_first_run> on 2023-01-01 00:00:00+00:00
[2025-11-08T04:12:12.201+0000] {standard_task_runner.py:57} INFO - Started process 350 to run task
[2025-11-08T04:12:12.212+0000] {standard_task_runner.py:84} INFO - Running: ['***', 'tasks', 'run', 'orquestador', 'check_first_run', 'scheduled__2023-01-01T00:00:00+00:00', '--job-id', '631', '--raw', '--subdir', 'DAGS_FOLDER/orquestador.py', '--cfg-path', '/tmp/tmpzfqa9oaf']
[2025-11-08T04:12:12.216+0000] {standard_task_runner.py:85} INFO - Job 631: Subtask check_first_run
[2025-11-08T04:12:12.523+0000] {task_command.py:410} INFO - Running <TaskInstance: orquestador.check_first_run scheduled__2023-01-01T00:00:00+00:00 [running]> on host 068cff9bffb3
[2025-11-08T04:12:12.636+0000] {taskinstance.py:1568} INFO - Exporting env vars: AIRFLOW_CTX_DAG_OWNER='***' AIRFLOW_CTX_DAG_ID='orquestador' AIRFLOW_CTX_TASK_ID='check_first_run' AIRFLOW_CTX_EXECUTION_DATE='2023-01-01T00:00:00+00:00' AIRFLOW_CTX_TRY_NUMBER='1' AIRFLOW_CTX_DAG_RUN_ID='scheduled__2023-01-01T00:00:00+00:00'
[2025-11-08T04:12:12.638+0000] {warnings.py:109} WARNING - /home/***/.local/lib/python3.9/site-packages/***/utils/context.py:313: AirflowContextDeprecationWarning: Accessing 'execution_date' from the template is deprecated and will be removed in a future version. Please use 'data_interval_start' or 'logical_date' instead.
  warnings.warn(_create_deprecation_warning(k, replacements))

[2025-11-08T04:12:12.638+0000] {python.py:183} INFO - Done. Returned value was: delete_table_raw
[2025-11-08T04:12:12.639+0000] {python.py:216} INFO - Branch callable return delete_table_raw
[2025-11-08T04:12:12.639+0000] {skipmixin.py:161} INFO - Following branch delete_table_raw
[2025-11-08T04:12:12.640+0000] {skipmixin.py:221} INFO - Skipping tasks ['skip_table_creation']
[2025-11-08T04:12:12.691+0000] {taskinstance.py:1368} INFO - Marking task as SUCCESS. dag_id=orquestador, task_id=check_first_run, execution_date=20230101T000000, start_date=20251108T041212, end_date=20251108T041212
[2025-11-08T04:12:12.738+0000] {local_task_job_runner.py:232} INFO - Task exited with return code 0
[2025-11-08T04:12:13.017+0000] {taskinstance.py:2674} INFO - 0 downstream tasks scheduled from follow-on schedule check
[2025-11-08T04:27:17.928+0000] {taskinstance.py:1125} INFO - Dependencies all met for dep_context=non-requeueable deps ti=<TaskInstance: orquestador.check_first_run scheduled__2023-01-01T00:00:00+00:00 [queued]>
[2025-11-08T04:27:17.947+0000] {taskinstance.py:1125} INFO - Dependencies all met for dep_context=requeueable deps ti=<TaskInstance: orquestador.check_first_run scheduled__2023-01-01T00:00:00+00:00 [queued]>
[2025-11-08T04:27:17.947+0000] {taskinstance.py:1331} INFO - Starting attempt 1 of 2
[2025-11-08T04:27:17.961+0000] {taskinstance.py:1350} INFO - Executing <Task(BranchPythonOperator): check_first_run> on 2023-01-01 00:00:00+00:00
[2025-11-08T04:27:17.971+0000] {standard_task_runner.py:57} INFO - Started process 631 to run task
[2025-11-08T04:27:17.981+0000] {standard_task_runner.py:84} INFO - Running: ['***', 'tasks', 'run', 'orquestador', 'check_first_run', 'scheduled__2023-01-01T00:00:00+00:00', '--job-id', '645', '--raw', '--subdir', 'DAGS_FOLDER/orquestador.py', '--cfg-path', '/tmp/tmpb9hpubec']
[2025-11-08T04:27:17.985+0000] {standard_task_runner.py:85} INFO - Job 645: Subtask check_first_run
[2025-11-08T04:27:18.299+0000] {task_command.py:410} INFO - Running <TaskInstance: orquestador.check_first_run scheduled__2023-01-01T00:00:00+00:00 [running]> on host 068cff9bffb3
[2025-11-08T04:27:18.400+0000] {taskinstance.py:1568} INFO - Exporting env vars: AIRFLOW_CTX_DAG_OWNER='***' AIRFLOW_CTX_DAG_ID='orquestador' AIRFLOW_CTX_TASK_ID='check_first_run' AIRFLOW_CTX_EXECUTION_DATE='2023-01-01T00:00:00+00:00' AIRFLOW_CTX_TRY_NUMBER='1' AIRFLOW_CTX_DAG_RUN_ID='scheduled__2023-01-01T00:00:00+00:00'
[2025-11-08T04:27:18.403+0000] {warnings.py:109} WARNING - /home/***/.local/lib/python3.9/site-packages/***/utils/context.py:313: AirflowContextDeprecationWarning: Accessing 'execution_date' from the template is deprecated and will be removed in a future version. Please use 'data_interval_start' or 'logical_date' instead.
  warnings.warn(_create_deprecation_warning(k, replacements))

[2025-11-08T04:27:18.403+0000] {python.py:183} INFO - Done. Returned value was: delete_table_raw
[2025-11-08T04:27:18.403+0000] {python.py:216} INFO - Branch callable return delete_table_raw
[2025-11-08T04:27:18.404+0000] {skipmixin.py:161} INFO - Following branch delete_table_raw
[2025-11-08T04:27:18.404+0000] {skipmixin.py:221} INFO - Skipping tasks ['skip_table_creation']
[2025-11-08T04:27:18.467+0000] {taskinstance.py:1368} INFO - Marking task as SUCCESS. dag_id=orquestador, task_id=check_first_run, execution_date=20230101T000000, start_date=20251108T042717, end_date=20251108T042718
[2025-11-08T04:27:18.509+0000] {local_task_job_runner.py:232} INFO - Task exited with return code 0
[2025-11-08T04:27:18.778+0000] {taskinstance.py:2674} INFO - 1 downstream tasks scheduled from follow-on schedule check
[2025-11-08T04:35:34.363+0000] {taskinstance.py:1125} INFO - Dependencies all met for dep_context=non-requeueable deps ti=<TaskInstance: orquestador.check_first_run scheduled__2023-01-01T00:00:00+00:00 [queued]>
[2025-11-08T04:35:34.387+0000] {taskinstance.py:1125} INFO - Dependencies all met for dep_context=requeueable deps ti=<TaskInstance: orquestador.check_first_run scheduled__2023-01-01T00:00:00+00:00 [queued]>
[2025-11-08T04:35:34.388+0000] {taskinstance.py:1331} INFO - Starting attempt 1 of 2
[2025-11-08T04:35:34.409+0000] {taskinstance.py:1350} INFO - Executing <Task(BranchPythonOperator): check_first_run> on 2023-01-01 00:00:00+00:00
[2025-11-08T04:35:34.416+0000] {standard_task_runner.py:57} INFO - Started process 830 to run task
[2025-11-08T04:35:34.422+0000] {standard_task_runner.py:84} INFO - Running: ['***', 'tasks', 'run', 'orquestador', 'check_first_run', 'scheduled__2023-01-01T00:00:00+00:00', '--job-id', '659', '--raw', '--subdir', 'DAGS_FOLDER/orquestador.py', '--cfg-path', '/tmp/tmp8521wx59']
[2025-11-08T04:35:34.425+0000] {standard_task_runner.py:85} INFO - Job 659: Subtask check_first_run
[2025-11-08T04:35:34.718+0000] {task_command.py:410} INFO - Running <TaskInstance: orquestador.check_first_run scheduled__2023-01-01T00:00:00+00:00 [running]> on host 068cff9bffb3
[2025-11-08T04:35:34.815+0000] {taskinstance.py:1568} INFO - Exporting env vars: AIRFLOW_CTX_DAG_OWNER='***' AIRFLOW_CTX_DAG_ID='orquestador' AIRFLOW_CTX_TASK_ID='check_first_run' AIRFLOW_CTX_EXECUTION_DATE='2023-01-01T00:00:00+00:00' AIRFLOW_CTX_TRY_NUMBER='1' AIRFLOW_CTX_DAG_RUN_ID='scheduled__2023-01-01T00:00:00+00:00'
[2025-11-08T04:35:34.816+0000] {warnings.py:109} WARNING - /home/***/.local/lib/python3.9/site-packages/***/utils/context.py:313: AirflowContextDeprecationWarning: Accessing 'execution_date' from the template is deprecated and will be removed in a future version. Please use 'data_interval_start' or 'logical_date' instead.
  warnings.warn(_create_deprecation_warning(k, replacements))

[2025-11-08T04:35:34.816+0000] {python.py:183} INFO - Done. Returned value was: delete_table_raw
[2025-11-08T04:35:34.816+0000] {python.py:216} INFO - Branch callable return delete_table_raw
[2025-11-08T04:35:34.816+0000] {skipmixin.py:161} INFO - Following branch delete_table_raw
[2025-11-08T04:35:34.817+0000] {skipmixin.py:221} INFO - Skipping tasks ['skip_table_creation']
[2025-11-08T04:35:34.862+0000] {taskinstance.py:1368} INFO - Marking task as SUCCESS. dag_id=orquestador, task_id=check_first_run, execution_date=20230101T000000, start_date=20251108T043534, end_date=20251108T043534
[2025-11-08T04:35:34.915+0000] {local_task_job_runner.py:232} INFO - Task exited with return code 0
[2025-11-08T04:35:35.164+0000] {taskinstance.py:2674} INFO - 1 downstream tasks scheduled from follow-on schedule check
[2025-11-08T04:39:17.997+0000] {taskinstance.py:1125} INFO - Dependencies all met for dep_context=non-requeueable deps ti=<TaskInstance: orquestador.check_first_run scheduled__2023-01-01T00:00:00+00:00 [queued]>
[2025-11-08T04:39:18.010+0000] {taskinstance.py:1125} INFO - Dependencies all met for dep_context=requeueable deps ti=<TaskInstance: orquestador.check_first_run scheduled__2023-01-01T00:00:00+00:00 [queued]>
[2025-11-08T04:39:18.010+0000] {taskinstance.py:1331} INFO - Starting attempt 1 of 2
[2025-11-08T04:39:18.024+0000] {taskinstance.py:1350} INFO - Executing <Task(BranchPythonOperator): check_first_run> on 2023-01-01 00:00:00+00:00
[2025-11-08T04:39:18.034+0000] {standard_task_runner.py:57} INFO - Started process 952 to run task
[2025-11-08T04:39:18.039+0000] {standard_task_runner.py:84} INFO - Running: ['***', 'tasks', 'run', 'orquestador', 'check_first_run', 'scheduled__2023-01-01T00:00:00+00:00', '--job-id', '671', '--raw', '--subdir', 'DAGS_FOLDER/orquestador.py', '--cfg-path', '/tmp/tmpbc8wbzfu']
[2025-11-08T04:39:18.042+0000] {standard_task_runner.py:85} INFO - Job 671: Subtask check_first_run
[2025-11-08T04:39:18.367+0000] {task_command.py:410} INFO - Running <TaskInstance: orquestador.check_first_run scheduled__2023-01-01T00:00:00+00:00 [running]> on host 068cff9bffb3
[2025-11-08T04:39:18.457+0000] {taskinstance.py:1568} INFO - Exporting env vars: AIRFLOW_CTX_DAG_OWNER='***' AIRFLOW_CTX_DAG_ID='orquestador' AIRFLOW_CTX_TASK_ID='check_first_run' AIRFLOW_CTX_EXECUTION_DATE='2023-01-01T00:00:00+00:00' AIRFLOW_CTX_TRY_NUMBER='1' AIRFLOW_CTX_DAG_RUN_ID='scheduled__2023-01-01T00:00:00+00:00'
[2025-11-08T04:39:18.459+0000] {warnings.py:109} WARNING - /home/***/.local/lib/python3.9/site-packages/***/utils/context.py:313: AirflowContextDeprecationWarning: Accessing 'execution_date' from the template is deprecated and will be removed in a future version. Please use 'data_interval_start' or 'logical_date' instead.
  warnings.warn(_create_deprecation_warning(k, replacements))

[2025-11-08T04:39:18.459+0000] {python.py:183} INFO - Done. Returned value was: delete_table_raw
[2025-11-08T04:39:18.460+0000] {python.py:216} INFO - Branch callable return delete_table_raw
[2025-11-08T04:39:18.460+0000] {skipmixin.py:161} INFO - Following branch delete_table_raw
[2025-11-08T04:39:18.460+0000] {skipmixin.py:221} INFO - Skipping tasks ['skip_table_creation']
[2025-11-08T04:39:18.532+0000] {taskinstance.py:1368} INFO - Marking task as SUCCESS. dag_id=orquestador, task_id=check_first_run, execution_date=20230101T000000, start_date=20251108T043917, end_date=20251108T043918
[2025-11-08T04:39:18.571+0000] {local_task_job_runner.py:232} INFO - Task exited with return code 0
[2025-11-08T04:39:18.851+0000] {taskinstance.py:2674} INFO - 1 downstream tasks scheduled from follow-on schedule check
[2025-11-08T17:10:30.818+0000] {taskinstance.py:1125} INFO - Dependencies all met for dep_context=non-requeueable deps ti=<TaskInstance: orquestador.check_first_run scheduled__2023-01-01T00:00:00+00:00 [queued]>
[2025-11-08T17:10:30.832+0000] {taskinstance.py:1125} INFO - Dependencies all met for dep_context=requeueable deps ti=<TaskInstance: orquestador.check_first_run scheduled__2023-01-01T00:00:00+00:00 [queued]>
[2025-11-08T17:10:30.833+0000] {taskinstance.py:1331} INFO - Starting attempt 1 of 2
[2025-11-08T17:10:30.849+0000] {taskinstance.py:1350} INFO - Executing <Task(BranchPythonOperator): check_first_run> on 2023-01-01 00:00:00+00:00
[2025-11-08T17:10:30.862+0000] {standard_task_runner.py:57} INFO - Started process 10991 to run task
[2025-11-08T17:10:30.874+0000] {standard_task_runner.py:84} INFO - Running: ['***', 'tasks', 'run', 'orquestador', 'check_first_run', 'scheduled__2023-01-01T00:00:00+00:00', '--job-id', '685', '--raw', '--subdir', 'DAGS_FOLDER/orquestador.py', '--cfg-path', '/tmp/tmpirvvuf19']
[2025-11-08T17:10:30.880+0000] {standard_task_runner.py:85} INFO - Job 685: Subtask check_first_run
[2025-11-08T17:10:31.328+0000] {task_command.py:410} INFO - Running <TaskInstance: orquestador.check_first_run scheduled__2023-01-01T00:00:00+00:00 [running]> on host 068cff9bffb3
[2025-11-08T17:10:31.448+0000] {taskinstance.py:1568} INFO - Exporting env vars: AIRFLOW_CTX_DAG_OWNER='***' AIRFLOW_CTX_DAG_ID='orquestador' AIRFLOW_CTX_TASK_ID='check_first_run' AIRFLOW_CTX_EXECUTION_DATE='2023-01-01T00:00:00+00:00' AIRFLOW_CTX_TRY_NUMBER='1' AIRFLOW_CTX_DAG_RUN_ID='scheduled__2023-01-01T00:00:00+00:00'
[2025-11-08T17:10:31.450+0000] {warnings.py:109} WARNING - /home/***/.local/lib/python3.9/site-packages/***/utils/context.py:313: AirflowContextDeprecationWarning: Accessing 'execution_date' from the template is deprecated and will be removed in a future version. Please use 'data_interval_start' or 'logical_date' instead.
  warnings.warn(_create_deprecation_warning(k, replacements))

[2025-11-08T17:10:31.451+0000] {python.py:183} INFO - Done. Returned value was: delete_table_raw
[2025-11-08T17:10:31.451+0000] {python.py:216} INFO - Branch callable return delete_table_raw
[2025-11-08T17:10:31.452+0000] {skipmixin.py:161} INFO - Following branch delete_table_raw
[2025-11-08T17:10:31.453+0000] {skipmixin.py:221} INFO - Skipping tasks ['skip_table_creation']
[2025-11-08T17:10:31.522+0000] {taskinstance.py:1368} INFO - Marking task as SUCCESS. dag_id=orquestador, task_id=check_first_run, execution_date=20230101T000000, start_date=20251108T171030, end_date=20251108T171031
[2025-11-08T17:10:31.563+0000] {local_task_job_runner.py:232} INFO - Task exited with return code 0
[2025-11-08T17:10:31.922+0000] {taskinstance.py:2674} INFO - 1 downstream tasks scheduled from follow-on schedule check
[2025-11-08T17:27:51.982+0000] {taskinstance.py:1125} INFO - Dependencies all met for dep_context=non-requeueable deps ti=<TaskInstance: orquestador.check_first_run scheduled__2023-01-01T00:00:00+00:00 [queued]>
[2025-11-08T17:27:51.994+0000] {taskinstance.py:1125} INFO - Dependencies all met for dep_context=requeueable deps ti=<TaskInstance: orquestador.check_first_run scheduled__2023-01-01T00:00:00+00:00 [queued]>
[2025-11-08T17:27:51.994+0000] {taskinstance.py:1331} INFO - Starting attempt 1 of 2
[2025-11-08T17:27:52.008+0000] {taskinstance.py:1350} INFO - Executing <Task(BranchPythonOperator): check_first_run> on 2023-01-01 00:00:00+00:00
[2025-11-08T17:27:52.018+0000] {standard_task_runner.py:57} INFO - Started process 11343 to run task
[2025-11-08T17:27:52.029+0000] {standard_task_runner.py:84} INFO - Running: ['***', 'tasks', 'run', 'orquestador', 'check_first_run', 'scheduled__2023-01-01T00:00:00+00:00', '--job-id', '700', '--raw', '--subdir', 'DAGS_FOLDER/orquestador.py', '--cfg-path', '/tmp/tmpnl9lbg71']
[2025-11-08T17:27:52.033+0000] {standard_task_runner.py:85} INFO - Job 700: Subtask check_first_run
[2025-11-08T17:27:52.350+0000] {task_command.py:410} INFO - Running <TaskInstance: orquestador.check_first_run scheduled__2023-01-01T00:00:00+00:00 [running]> on host 068cff9bffb3
[2025-11-08T17:27:52.459+0000] {taskinstance.py:1568} INFO - Exporting env vars: AIRFLOW_CTX_DAG_OWNER='***' AIRFLOW_CTX_DAG_ID='orquestador' AIRFLOW_CTX_TASK_ID='check_first_run' AIRFLOW_CTX_EXECUTION_DATE='2023-01-01T00:00:00+00:00' AIRFLOW_CTX_TRY_NUMBER='1' AIRFLOW_CTX_DAG_RUN_ID='scheduled__2023-01-01T00:00:00+00:00'
[2025-11-08T17:27:52.460+0000] {warnings.py:109} WARNING - /home/***/.local/lib/python3.9/site-packages/***/utils/context.py:313: AirflowContextDeprecationWarning: Accessing 'execution_date' from the template is deprecated and will be removed in a future version. Please use 'data_interval_start' or 'logical_date' instead.
  warnings.warn(_create_deprecation_warning(k, replacements))

[2025-11-08T17:27:52.460+0000] {python.py:183} INFO - Done. Returned value was: delete_table_raw
[2025-11-08T17:27:52.460+0000] {python.py:216} INFO - Branch callable return delete_table_raw
[2025-11-08T17:27:52.461+0000] {skipmixin.py:161} INFO - Following branch delete_table_raw
[2025-11-08T17:27:52.462+0000] {skipmixin.py:221} INFO - Skipping tasks ['skip_table_creation']
[2025-11-08T17:27:52.522+0000] {taskinstance.py:1368} INFO - Marking task as SUCCESS. dag_id=orquestador, task_id=check_first_run, execution_date=20230101T000000, start_date=20251108T172751, end_date=20251108T172752
[2025-11-08T17:27:52.556+0000] {local_task_job_runner.py:232} INFO - Task exited with return code 0
[2025-11-08T17:27:52.830+0000] {taskinstance.py:2674} INFO - 0 downstream tasks scheduled from follow-on schedule check
[2025-11-08T17:33:55.139+0000] {taskinstance.py:1125} INFO - Dependencies all met for dep_context=non-requeueable deps ti=<TaskInstance: orquestador.check_first_run scheduled__2023-01-01T00:00:00+00:00 [queued]>
[2025-11-08T17:33:55.149+0000] {taskinstance.py:1125} INFO - Dependencies all met for dep_context=requeueable deps ti=<TaskInstance: orquestador.check_first_run scheduled__2023-01-01T00:00:00+00:00 [queued]>
[2025-11-08T17:33:55.149+0000] {taskinstance.py:1331} INFO - Starting attempt 1 of 2
[2025-11-08T17:33:55.162+0000] {taskinstance.py:1350} INFO - Executing <Task(BranchPythonOperator): check_first_run> on 2023-01-01 00:00:00+00:00
[2025-11-08T17:33:55.171+0000] {standard_task_runner.py:57} INFO - Started process 11450 to run task
[2025-11-08T17:33:55.177+0000] {standard_task_runner.py:84} INFO - Running: ['***', 'tasks', 'run', 'orquestador', 'check_first_run', 'scheduled__2023-01-01T00:00:00+00:00', '--job-id', '705', '--raw', '--subdir', 'DAGS_FOLDER/orquestador.py', '--cfg-path', '/tmp/tmpoe7cdwpy']
[2025-11-08T17:33:55.180+0000] {standard_task_runner.py:85} INFO - Job 705: Subtask check_first_run
[2025-11-08T17:33:55.515+0000] {task_command.py:410} INFO - Running <TaskInstance: orquestador.check_first_run scheduled__2023-01-01T00:00:00+00:00 [running]> on host 068cff9bffb3
[2025-11-08T17:33:55.611+0000] {taskinstance.py:1568} INFO - Exporting env vars: AIRFLOW_CTX_DAG_OWNER='***' AIRFLOW_CTX_DAG_ID='orquestador' AIRFLOW_CTX_TASK_ID='check_first_run' AIRFLOW_CTX_EXECUTION_DATE='2023-01-01T00:00:00+00:00' AIRFLOW_CTX_TRY_NUMBER='1' AIRFLOW_CTX_DAG_RUN_ID='scheduled__2023-01-01T00:00:00+00:00'
[2025-11-08T17:33:55.612+0000] {warnings.py:109} WARNING - /home/***/.local/lib/python3.9/site-packages/***/utils/context.py:313: AirflowContextDeprecationWarning: Accessing 'execution_date' from the template is deprecated and will be removed in a future version. Please use 'data_interval_start' or 'logical_date' instead.
  warnings.warn(_create_deprecation_warning(k, replacements))

[2025-11-08T17:33:55.613+0000] {python.py:183} INFO - Done. Returned value was: delete_table_raw
[2025-11-08T17:33:55.613+0000] {python.py:216} INFO - Branch callable return delete_table_raw
[2025-11-08T17:33:55.613+0000] {skipmixin.py:161} INFO - Following branch delete_table_raw
[2025-11-08T17:33:55.613+0000] {skipmixin.py:221} INFO - Skipping tasks ['skip_table_creation']
[2025-11-08T17:33:55.681+0000] {taskinstance.py:1368} INFO - Marking task as SUCCESS. dag_id=orquestador, task_id=check_first_run, execution_date=20230101T000000, start_date=20251108T173355, end_date=20251108T173355
[2025-11-08T17:33:55.717+0000] {local_task_job_runner.py:232} INFO - Task exited with return code 0
[2025-11-08T17:33:56.026+0000] {taskinstance.py:2674} INFO - 0 downstream tasks scheduled from follow-on schedule check
[2025-11-08T17:35:51.322+0000] {taskinstance.py:1125} INFO - Dependencies all met for dep_context=non-requeueable deps ti=<TaskInstance: orquestador.check_first_run scheduled__2023-01-01T00:00:00+00:00 [queued]>
[2025-11-08T17:35:51.338+0000] {taskinstance.py:1125} INFO - Dependencies all met for dep_context=requeueable deps ti=<TaskInstance: orquestador.check_first_run scheduled__2023-01-01T00:00:00+00:00 [queued]>
[2025-11-08T17:35:51.339+0000] {taskinstance.py:1331} INFO - Starting attempt 1 of 2
[2025-11-08T17:35:51.359+0000] {taskinstance.py:1350} INFO - Executing <Task(BranchPythonOperator): check_first_run> on 2023-01-01 00:00:00+00:00
[2025-11-08T17:35:51.376+0000] {standard_task_runner.py:57} INFO - Started process 11487 to run task
[2025-11-08T17:35:51.381+0000] {standard_task_runner.py:84} INFO - Running: ['***', 'tasks', 'run', 'orquestador', 'check_first_run', 'scheduled__2023-01-01T00:00:00+00:00', '--job-id', '707', '--raw', '--subdir', 'DAGS_FOLDER/orquestador.py', '--cfg-path', '/tmp/tmpzb6edysa']
[2025-11-08T17:35:51.385+0000] {standard_task_runner.py:85} INFO - Job 707: Subtask check_first_run
[2025-11-08T17:35:51.848+0000] {task_command.py:410} INFO - Running <TaskInstance: orquestador.check_first_run scheduled__2023-01-01T00:00:00+00:00 [running]> on host 068cff9bffb3
[2025-11-08T17:35:51.971+0000] {taskinstance.py:1568} INFO - Exporting env vars: AIRFLOW_CTX_DAG_OWNER='***' AIRFLOW_CTX_DAG_ID='orquestador' AIRFLOW_CTX_TASK_ID='check_first_run' AIRFLOW_CTX_EXECUTION_DATE='2023-01-01T00:00:00+00:00' AIRFLOW_CTX_TRY_NUMBER='1' AIRFLOW_CTX_DAG_RUN_ID='scheduled__2023-01-01T00:00:00+00:00'
[2025-11-08T17:35:51.973+0000] {warnings.py:109} WARNING - /home/***/.local/lib/python3.9/site-packages/***/utils/context.py:313: AirflowContextDeprecationWarning: Accessing 'execution_date' from the template is deprecated and will be removed in a future version. Please use 'data_interval_start' or 'logical_date' instead.
  warnings.warn(_create_deprecation_warning(k, replacements))

[2025-11-08T17:35:51.973+0000] {python.py:183} INFO - Done. Returned value was: delete_table_raw
[2025-11-08T17:35:51.973+0000] {python.py:216} INFO - Branch callable return delete_table_raw
[2025-11-08T17:35:51.973+0000] {skipmixin.py:161} INFO - Following branch delete_table_raw
[2025-11-08T17:35:51.974+0000] {skipmixin.py:221} INFO - Skipping tasks ['skip_table_creation']
[2025-11-08T17:35:52.052+0000] {taskinstance.py:1368} INFO - Marking task as SUCCESS. dag_id=orquestador, task_id=check_first_run, execution_date=20230101T000000, start_date=20251108T173551, end_date=20251108T173552
[2025-11-08T17:35:52.081+0000] {local_task_job_runner.py:232} INFO - Task exited with return code 0
[2025-11-08T17:35:52.463+0000] {taskinstance.py:2674} INFO - 1 downstream tasks scheduled from follow-on schedule check
[2025-11-08T17:40:01.787+0000] {taskinstance.py:1125} INFO - Dependencies all met for dep_context=non-requeueable deps ti=<TaskInstance: orquestador.check_first_run scheduled__2023-01-01T00:00:00+00:00 [queued]>
[2025-11-08T17:40:01.799+0000] {taskinstance.py:1125} INFO - Dependencies all met for dep_context=requeueable deps ti=<TaskInstance: orquestador.check_first_run scheduled__2023-01-01T00:00:00+00:00 [queued]>
[2025-11-08T17:40:01.800+0000] {taskinstance.py:1331} INFO - Starting attempt 1 of 2
[2025-11-08T17:40:01.815+0000] {taskinstance.py:1350} INFO - Executing <Task(BranchPythonOperator): check_first_run> on 2023-01-01 00:00:00+00:00
[2025-11-08T17:40:01.826+0000] {standard_task_runner.py:57} INFO - Started process 11611 to run task
[2025-11-08T17:40:01.834+0000] {standard_task_runner.py:84} INFO - Running: ['***', 'tasks', 'run', 'orquestador', 'check_first_run', 'scheduled__2023-01-01T00:00:00+00:00', '--job-id', '719', '--raw', '--subdir', 'DAGS_FOLDER/orquestador.py', '--cfg-path', '/tmp/tmppbe0ucmy']
[2025-11-08T17:40:01.837+0000] {standard_task_runner.py:85} INFO - Job 719: Subtask check_first_run
[2025-11-08T17:40:02.137+0000] {task_command.py:410} INFO - Running <TaskInstance: orquestador.check_first_run scheduled__2023-01-01T00:00:00+00:00 [running]> on host 068cff9bffb3
[2025-11-08T17:40:02.214+0000] {taskinstance.py:1568} INFO - Exporting env vars: AIRFLOW_CTX_DAG_OWNER='***' AIRFLOW_CTX_DAG_ID='orquestador' AIRFLOW_CTX_TASK_ID='check_first_run' AIRFLOW_CTX_EXECUTION_DATE='2023-01-01T00:00:00+00:00' AIRFLOW_CTX_TRY_NUMBER='1' AIRFLOW_CTX_DAG_RUN_ID='scheduled__2023-01-01T00:00:00+00:00'
[2025-11-08T17:40:02.215+0000] {warnings.py:109} WARNING - /home/***/.local/lib/python3.9/site-packages/***/utils/context.py:313: AirflowContextDeprecationWarning: Accessing 'execution_date' from the template is deprecated and will be removed in a future version. Please use 'data_interval_start' or 'logical_date' instead.
  warnings.warn(_create_deprecation_warning(k, replacements))

[2025-11-08T17:40:02.215+0000] {python.py:183} INFO - Done. Returned value was: delete_table_raw
[2025-11-08T17:40:02.215+0000] {python.py:216} INFO - Branch callable return delete_table_raw
[2025-11-08T17:40:02.215+0000] {skipmixin.py:161} INFO - Following branch delete_table_raw
[2025-11-08T17:40:02.216+0000] {skipmixin.py:221} INFO - Skipping tasks ['skip_table_creation']
[2025-11-08T17:40:02.280+0000] {taskinstance.py:1368} INFO - Marking task as SUCCESS. dag_id=orquestador, task_id=check_first_run, execution_date=20230101T000000, start_date=20251108T174001, end_date=20251108T174002
[2025-11-08T17:40:02.327+0000] {local_task_job_runner.py:232} INFO - Task exited with return code 0
[2025-11-08T17:40:02.626+0000] {taskinstance.py:2674} INFO - 0 downstream tasks scheduled from follow-on schedule check
[2025-11-08T20:19:01.814+0000] {taskinstance.py:1125} INFO - Dependencies all met for dep_context=non-requeueable deps ti=<TaskInstance: orquestador.check_first_run scheduled__2023-01-01T00:00:00+00:00 [queued]>
[2025-11-08T20:19:01.825+0000] {taskinstance.py:1125} INFO - Dependencies all met for dep_context=requeueable deps ti=<TaskInstance: orquestador.check_first_run scheduled__2023-01-01T00:00:00+00:00 [queued]>
[2025-11-08T20:19:01.825+0000] {taskinstance.py:1331} INFO - Starting attempt 1 of 2
[2025-11-08T20:19:01.838+0000] {taskinstance.py:1350} INFO - Executing <Task(BranchPythonOperator): check_first_run> on 2023-01-01 00:00:00+00:00
[2025-11-08T20:19:01.846+0000] {standard_task_runner.py:57} INFO - Started process 13794 to run task
[2025-11-08T20:19:01.852+0000] {standard_task_runner.py:84} INFO - Running: ['***', 'tasks', 'run', 'orquestador', 'check_first_run', 'scheduled__2023-01-01T00:00:00+00:00', '--job-id', '733', '--raw', '--subdir', 'DAGS_FOLDER/orquestador.py', '--cfg-path', '/tmp/tmp5msvgvg8']
[2025-11-08T20:19:01.855+0000] {standard_task_runner.py:85} INFO - Job 733: Subtask check_first_run
[2025-11-08T20:19:02.153+0000] {task_command.py:410} INFO - Running <TaskInstance: orquestador.check_first_run scheduled__2023-01-01T00:00:00+00:00 [running]> on host 068cff9bffb3
[2025-11-08T20:19:02.234+0000] {taskinstance.py:1568} INFO - Exporting env vars: AIRFLOW_CTX_DAG_OWNER='***' AIRFLOW_CTX_DAG_ID='orquestador' AIRFLOW_CTX_TASK_ID='check_first_run' AIRFLOW_CTX_EXECUTION_DATE='2023-01-01T00:00:00+00:00' AIRFLOW_CTX_TRY_NUMBER='1' AIRFLOW_CTX_DAG_RUN_ID='scheduled__2023-01-01T00:00:00+00:00'
[2025-11-08T20:19:02.235+0000] {warnings.py:109} WARNING - /home/***/.local/lib/python3.9/site-packages/***/utils/context.py:313: AirflowContextDeprecationWarning: Accessing 'execution_date' from the template is deprecated and will be removed in a future version. Please use 'data_interval_start' or 'logical_date' instead.
  warnings.warn(_create_deprecation_warning(k, replacements))

[2025-11-08T20:19:02.235+0000] {python.py:183} INFO - Done. Returned value was: delete_table_raw
[2025-11-08T20:19:02.235+0000] {python.py:216} INFO - Branch callable return delete_table_raw
[2025-11-08T20:19:02.235+0000] {skipmixin.py:161} INFO - Following branch delete_table_raw
[2025-11-08T20:19:02.236+0000] {skipmixin.py:221} INFO - Skipping tasks ['skip_table_creation']
[2025-11-08T20:19:02.288+0000] {taskinstance.py:1368} INFO - Marking task as SUCCESS. dag_id=orquestador, task_id=check_first_run, execution_date=20230101T000000, start_date=20251108T201901, end_date=20251108T201902
[2025-11-08T20:19:02.345+0000] {local_task_job_runner.py:232} INFO - Task exited with return code 0
[2025-11-08T20:19:02.604+0000] {taskinstance.py:2674} INFO - 1 downstream tasks scheduled from follow-on schedule check
[2025-11-08T20:22:39.171+0000] {taskinstance.py:1125} INFO - Dependencies all met for dep_context=non-requeueable deps ti=<TaskInstance: orquestador.check_first_run scheduled__2023-01-01T00:00:00+00:00 [queued]>
[2025-11-08T20:22:39.184+0000] {taskinstance.py:1125} INFO - Dependencies all met for dep_context=requeueable deps ti=<TaskInstance: orquestador.check_first_run scheduled__2023-01-01T00:00:00+00:00 [queued]>
[2025-11-08T20:22:39.184+0000] {taskinstance.py:1331} INFO - Starting attempt 1 of 2
[2025-11-08T20:22:39.198+0000] {taskinstance.py:1350} INFO - Executing <Task(BranchPythonOperator): check_first_run> on 2023-01-01 00:00:00+00:00
[2025-11-08T20:22:39.210+0000] {standard_task_runner.py:57} INFO - Started process 13919 to run task
[2025-11-08T20:22:39.215+0000] {standard_task_runner.py:84} INFO - Running: ['***', 'tasks', 'run', 'orquestador', 'check_first_run', 'scheduled__2023-01-01T00:00:00+00:00', '--job-id', '745', '--raw', '--subdir', 'DAGS_FOLDER/orquestador.py', '--cfg-path', '/tmp/tmpxpaxl804']
[2025-11-08T20:22:39.219+0000] {standard_task_runner.py:85} INFO - Job 745: Subtask check_first_run
[2025-11-08T20:22:39.529+0000] {task_command.py:410} INFO - Running <TaskInstance: orquestador.check_first_run scheduled__2023-01-01T00:00:00+00:00 [running]> on host 068cff9bffb3
[2025-11-08T20:22:39.606+0000] {taskinstance.py:1568} INFO - Exporting env vars: AIRFLOW_CTX_DAG_OWNER='***' AIRFLOW_CTX_DAG_ID='orquestador' AIRFLOW_CTX_TASK_ID='check_first_run' AIRFLOW_CTX_EXECUTION_DATE='2023-01-01T00:00:00+00:00' AIRFLOW_CTX_TRY_NUMBER='1' AIRFLOW_CTX_DAG_RUN_ID='scheduled__2023-01-01T00:00:00+00:00'
[2025-11-08T20:22:39.608+0000] {warnings.py:109} WARNING - /home/***/.local/lib/python3.9/site-packages/***/utils/context.py:313: AirflowContextDeprecationWarning: Accessing 'execution_date' from the template is deprecated and will be removed in a future version. Please use 'data_interval_start' or 'logical_date' instead.
  warnings.warn(_create_deprecation_warning(k, replacements))

[2025-11-08T20:22:39.609+0000] {python.py:183} INFO - Done. Returned value was: delete_table_raw
[2025-11-08T20:22:39.609+0000] {python.py:216} INFO - Branch callable return delete_table_raw
[2025-11-08T20:22:39.609+0000] {skipmixin.py:161} INFO - Following branch delete_table_raw
[2025-11-08T20:22:39.609+0000] {skipmixin.py:221} INFO - Skipping tasks ['skip_table_creation']
[2025-11-08T20:22:39.670+0000] {taskinstance.py:1368} INFO - Marking task as SUCCESS. dag_id=orquestador, task_id=check_first_run, execution_date=20230101T000000, start_date=20251108T202239, end_date=20251108T202239
[2025-11-08T20:22:39.706+0000] {local_task_job_runner.py:232} INFO - Task exited with return code 0
[2025-11-08T20:22:39.965+0000] {taskinstance.py:2674} INFO - 1 downstream tasks scheduled from follow-on schedule check
[2025-11-08T20:50:47.455+0000] {taskinstance.py:1125} INFO - Dependencies all met for dep_context=non-requeueable deps ti=<TaskInstance: orquestador.check_first_run scheduled__2023-01-01T00:00:00+00:00 [queued]>
[2025-11-08T20:50:47.467+0000] {taskinstance.py:1125} INFO - Dependencies all met for dep_context=requeueable deps ti=<TaskInstance: orquestador.check_first_run scheduled__2023-01-01T00:00:00+00:00 [queued]>
[2025-11-08T20:50:47.467+0000] {taskinstance.py:1331} INFO - Starting attempt 1 of 2
[2025-11-08T20:50:47.484+0000] {taskinstance.py:1350} INFO - Executing <Task(BranchPythonOperator): check_first_run> on 2023-01-01 00:00:00+00:00
[2025-11-08T20:50:47.493+0000] {standard_task_runner.py:57} INFO - Started process 14481 to run task
[2025-11-08T20:50:47.500+0000] {standard_task_runner.py:84} INFO - Running: ['***', 'tasks', 'run', 'orquestador', 'check_first_run', 'scheduled__2023-01-01T00:00:00+00:00', '--job-id', '767', '--raw', '--subdir', 'DAGS_FOLDER/orquestador.py', '--cfg-path', '/tmp/tmpzvlj_s65']
[2025-11-08T20:50:47.504+0000] {standard_task_runner.py:85} INFO - Job 767: Subtask check_first_run
[2025-11-08T20:50:47.832+0000] {task_command.py:410} INFO - Running <TaskInstance: orquestador.check_first_run scheduled__2023-01-01T00:00:00+00:00 [running]> on host 068cff9bffb3
[2025-11-08T20:50:47.934+0000] {taskinstance.py:1568} INFO - Exporting env vars: AIRFLOW_CTX_DAG_OWNER='***' AIRFLOW_CTX_DAG_ID='orquestador' AIRFLOW_CTX_TASK_ID='check_first_run' AIRFLOW_CTX_EXECUTION_DATE='2023-01-01T00:00:00+00:00' AIRFLOW_CTX_TRY_NUMBER='1' AIRFLOW_CTX_DAG_RUN_ID='scheduled__2023-01-01T00:00:00+00:00'
[2025-11-08T20:50:47.936+0000] {warnings.py:109} WARNING - /home/***/.local/lib/python3.9/site-packages/***/utils/context.py:313: AirflowContextDeprecationWarning: Accessing 'execution_date' from the template is deprecated and will be removed in a future version. Please use 'data_interval_start' or 'logical_date' instead.
  warnings.warn(_create_deprecation_warning(k, replacements))

[2025-11-08T20:50:47.936+0000] {python.py:183} INFO - Done. Returned value was: delete_table_raw
[2025-11-08T20:50:47.936+0000] {python.py:216} INFO - Branch callable return delete_table_raw
[2025-11-08T20:50:47.936+0000] {skipmixin.py:161} INFO - Following branch delete_table_raw
[2025-11-08T20:50:47.937+0000] {skipmixin.py:221} INFO - Skipping tasks ['skip_table_creation']
[2025-11-08T20:50:47.988+0000] {taskinstance.py:1368} INFO - Marking task as SUCCESS. dag_id=orquestador, task_id=check_first_run, execution_date=20230101T000000, start_date=20251108T205047, end_date=20251108T205047
[2025-11-08T20:50:48.030+0000] {local_task_job_runner.py:232} INFO - Task exited with return code 0
[2025-11-08T20:50:48.287+0000] {taskinstance.py:2674} INFO - 1 downstream tasks scheduled from follow-on schedule check
[2025-11-08T23:03:21.154+0000] {taskinstance.py:1125} INFO - Dependencies all met for dep_context=non-requeueable deps ti=<TaskInstance: orquestador.check_first_run scheduled__2023-01-01T00:00:00+00:00 [queued]>
[2025-11-08T23:03:21.165+0000] {taskinstance.py:1125} INFO - Dependencies all met for dep_context=requeueable deps ti=<TaskInstance: orquestador.check_first_run scheduled__2023-01-01T00:00:00+00:00 [queued]>
[2025-11-08T23:03:21.166+0000] {taskinstance.py:1331} INFO - Starting attempt 1 of 2
[2025-11-08T23:03:21.190+0000] {taskinstance.py:1350} INFO - Executing <Task(BranchPythonOperator): check_first_run> on 2023-01-01 00:00:00+00:00
[2025-11-08T23:03:21.204+0000] {standard_task_runner.py:57} INFO - Started process 16618 to run task
[2025-11-08T23:03:21.210+0000] {standard_task_runner.py:84} INFO - Running: ['***', 'tasks', 'run', 'orquestador', 'check_first_run', 'scheduled__2023-01-01T00:00:00+00:00', '--job-id', '812', '--raw', '--subdir', 'DAGS_FOLDER/orquestador.py', '--cfg-path', '/tmp/tmpfp2snxhe']
[2025-11-08T23:03:21.213+0000] {standard_task_runner.py:85} INFO - Job 812: Subtask check_first_run
[2025-11-08T23:03:21.508+0000] {task_command.py:410} INFO - Running <TaskInstance: orquestador.check_first_run scheduled__2023-01-01T00:00:00+00:00 [running]> on host 068cff9bffb3
[2025-11-08T23:03:21.603+0000] {taskinstance.py:1568} INFO - Exporting env vars: AIRFLOW_CTX_DAG_OWNER='***' AIRFLOW_CTX_DAG_ID='orquestador' AIRFLOW_CTX_TASK_ID='check_first_run' AIRFLOW_CTX_EXECUTION_DATE='2023-01-01T00:00:00+00:00' AIRFLOW_CTX_TRY_NUMBER='1' AIRFLOW_CTX_DAG_RUN_ID='scheduled__2023-01-01T00:00:00+00:00'
[2025-11-08T23:03:21.604+0000] {warnings.py:109} WARNING - /home/***/.local/lib/python3.9/site-packages/***/utils/context.py:313: AirflowContextDeprecationWarning: Accessing 'execution_date' from the template is deprecated and will be removed in a future version. Please use 'data_interval_start' or 'logical_date' instead.
  warnings.warn(_create_deprecation_warning(k, replacements))

[2025-11-08T23:03:21.604+0000] {python.py:183} INFO - Done. Returned value was: delete_table_raw
[2025-11-08T23:03:21.604+0000] {python.py:216} INFO - Branch callable return delete_table_raw
[2025-11-08T23:03:21.604+0000] {skipmixin.py:161} INFO - Following branch delete_table_raw
[2025-11-08T23:03:21.604+0000] {skipmixin.py:221} INFO - Skipping tasks ['skip_table_creation']
[2025-11-08T23:03:21.662+0000] {taskinstance.py:1368} INFO - Marking task as SUCCESS. dag_id=orquestador, task_id=check_first_run, execution_date=20230101T000000, start_date=20251108T230321, end_date=20251108T230321
[2025-11-08T23:03:21.708+0000] {local_task_job_runner.py:232} INFO - Task exited with return code 0
[2025-11-08T23:03:21.970+0000] {taskinstance.py:2674} INFO - 1 downstream tasks scheduled from follow-on schedule check
[2025-11-08T23:18:53.345+0000] {taskinstance.py:1125} INFO - Dependencies all met for dep_context=non-requeueable deps ti=<TaskInstance: orquestador.check_first_run scheduled__2023-01-01T00:00:00+00:00 [queued]>
[2025-11-08T23:18:53.370+0000] {taskinstance.py:1125} INFO - Dependencies all met for dep_context=requeueable deps ti=<TaskInstance: orquestador.check_first_run scheduled__2023-01-01T00:00:00+00:00 [queued]>
[2025-11-08T23:18:53.372+0000] {taskinstance.py:1331} INFO - Starting attempt 1 of 2
[2025-11-08T23:18:53.394+0000] {taskinstance.py:1350} INFO - Executing <Task(BranchPythonOperator): check_first_run> on 2023-01-01 00:00:00+00:00
[2025-11-08T23:18:53.412+0000] {standard_task_runner.py:57} INFO - Started process 17036 to run task
[2025-11-08T23:18:53.418+0000] {standard_task_runner.py:84} INFO - Running: ['***', 'tasks', 'run', 'orquestador', 'check_first_run', 'scheduled__2023-01-01T00:00:00+00:00', '--job-id', '839', '--raw', '--subdir', 'DAGS_FOLDER/orquestador.py', '--cfg-path', '/tmp/tmp64ael5io']
[2025-11-08T23:18:53.422+0000] {standard_task_runner.py:85} INFO - Job 839: Subtask check_first_run
[2025-11-08T23:18:53.826+0000] {task_command.py:410} INFO - Running <TaskInstance: orquestador.check_first_run scheduled__2023-01-01T00:00:00+00:00 [running]> on host 068cff9bffb3
[2025-11-08T23:18:53.911+0000] {taskinstance.py:1568} INFO - Exporting env vars: AIRFLOW_CTX_DAG_OWNER='***' AIRFLOW_CTX_DAG_ID='orquestador' AIRFLOW_CTX_TASK_ID='check_first_run' AIRFLOW_CTX_EXECUTION_DATE='2023-01-01T00:00:00+00:00' AIRFLOW_CTX_TRY_NUMBER='1' AIRFLOW_CTX_DAG_RUN_ID='scheduled__2023-01-01T00:00:00+00:00'
[2025-11-08T23:18:53.912+0000] {warnings.py:109} WARNING - /home/***/.local/lib/python3.9/site-packages/***/utils/context.py:313: AirflowContextDeprecationWarning: Accessing 'execution_date' from the template is deprecated and will be removed in a future version. Please use 'data_interval_start' or 'logical_date' instead.
  warnings.warn(_create_deprecation_warning(k, replacements))

[2025-11-08T23:18:53.912+0000] {python.py:183} INFO - Done. Returned value was: delete_table_raw
[2025-11-08T23:18:53.912+0000] {python.py:216} INFO - Branch callable return delete_table_raw
[2025-11-08T23:18:53.912+0000] {skipmixin.py:161} INFO - Following branch delete_table_raw
[2025-11-08T23:18:53.912+0000] {skipmixin.py:221} INFO - Skipping tasks ['skip_table_creation']
[2025-11-08T23:18:53.964+0000] {taskinstance.py:1368} INFO - Marking task as SUCCESS. dag_id=orquestador, task_id=check_first_run, execution_date=20230101T000000, start_date=20251108T231853, end_date=20251108T231853
[2025-11-08T23:18:53.997+0000] {local_task_job_runner.py:232} INFO - Task exited with return code 0
[2025-11-08T23:18:54.255+0000] {taskinstance.py:2674} INFO - 1 downstream tasks scheduled from follow-on schedule check
[2025-11-08T23:27:10.053+0000] {taskinstance.py:1125} INFO - Dependencies all met for dep_context=non-requeueable deps ti=<TaskInstance: orquestador.check_first_run scheduled__2023-01-01T00:00:00+00:00 [queued]>
[2025-11-08T23:27:10.077+0000] {taskinstance.py:1125} INFO - Dependencies all met for dep_context=requeueable deps ti=<TaskInstance: orquestador.check_first_run scheduled__2023-01-01T00:00:00+00:00 [queued]>
[2025-11-08T23:27:10.078+0000] {taskinstance.py:1331} INFO - Starting attempt 1 of 2
[2025-11-08T23:27:10.104+0000] {taskinstance.py:1350} INFO - Executing <Task(BranchPythonOperator): check_first_run> on 2023-01-01 00:00:00+00:00
[2025-11-08T23:27:10.123+0000] {standard_task_runner.py:57} INFO - Started process 17293 to run task
[2025-11-08T23:27:10.131+0000] {standard_task_runner.py:84} INFO - Running: ['***', 'tasks', 'run', 'orquestador', 'check_first_run', 'scheduled__2023-01-01T00:00:00+00:00', '--job-id', '860', '--raw', '--subdir', 'DAGS_FOLDER/orquestador.py', '--cfg-path', '/tmp/tmpdm45xylb']
[2025-11-08T23:27:10.137+0000] {standard_task_runner.py:85} INFO - Job 860: Subtask check_first_run
[2025-11-08T23:27:10.598+0000] {task_command.py:410} INFO - Running <TaskInstance: orquestador.check_first_run scheduled__2023-01-01T00:00:00+00:00 [running]> on host 068cff9bffb3
[2025-11-08T23:27:10.718+0000] {taskinstance.py:1568} INFO - Exporting env vars: AIRFLOW_CTX_DAG_OWNER='***' AIRFLOW_CTX_DAG_ID='orquestador' AIRFLOW_CTX_TASK_ID='check_first_run' AIRFLOW_CTX_EXECUTION_DATE='2023-01-01T00:00:00+00:00' AIRFLOW_CTX_TRY_NUMBER='1' AIRFLOW_CTX_DAG_RUN_ID='scheduled__2023-01-01T00:00:00+00:00'
[2025-11-08T23:27:10.721+0000] {warnings.py:109} WARNING - /home/***/.local/lib/python3.9/site-packages/***/utils/context.py:313: AirflowContextDeprecationWarning: Accessing 'execution_date' from the template is deprecated and will be removed in a future version. Please use 'data_interval_start' or 'logical_date' instead.
  warnings.warn(_create_deprecation_warning(k, replacements))

[2025-11-08T23:27:10.721+0000] {python.py:183} INFO - Done. Returned value was: delete_table_raw
[2025-11-08T23:27:10.722+0000] {python.py:216} INFO - Branch callable return delete_table_raw
[2025-11-08T23:27:10.722+0000] {skipmixin.py:161} INFO - Following branch delete_table_raw
[2025-11-08T23:27:10.723+0000] {skipmixin.py:221} INFO - Skipping tasks ['skip_table_creation']
[2025-11-08T23:27:10.822+0000] {taskinstance.py:1368} INFO - Marking task as SUCCESS. dag_id=orquestador, task_id=check_first_run, execution_date=20230101T000000, start_date=20251108T232710, end_date=20251108T232710
[2025-11-08T23:27:10.911+0000] {local_task_job_runner.py:232} INFO - Task exited with return code 0
[2025-11-08T23:27:11.335+0000] {taskinstance.py:2674} INFO - 1 downstream tasks scheduled from follow-on schedule check
[2025-11-08T23:33:12.280+0000] {taskinstance.py:1125} INFO - Dependencies all met for dep_context=non-requeueable deps ti=<TaskInstance: orquestador.check_first_run scheduled__2023-01-01T00:00:00+00:00 [queued]>
[2025-11-08T23:33:12.303+0000] {taskinstance.py:1125} INFO - Dependencies all met for dep_context=requeueable deps ti=<TaskInstance: orquestador.check_first_run scheduled__2023-01-01T00:00:00+00:00 [queued]>
[2025-11-08T23:33:12.303+0000] {taskinstance.py:1331} INFO - Starting attempt 1 of 2
[2025-11-08T23:33:12.319+0000] {taskinstance.py:1350} INFO - Executing <Task(BranchPythonOperator): check_first_run> on 2023-01-01 00:00:00+00:00
[2025-11-08T23:33:12.329+0000] {standard_task_runner.py:57} INFO - Started process 17503 to run task
[2025-11-08T23:33:12.336+0000] {standard_task_runner.py:84} INFO - Running: ['***', 'tasks', 'run', 'orquestador', 'check_first_run', 'scheduled__2023-01-01T00:00:00+00:00', '--job-id', '877', '--raw', '--subdir', 'DAGS_FOLDER/orquestador.py', '--cfg-path', '/tmp/tmpfgcudqs3']
[2025-11-08T23:33:12.339+0000] {standard_task_runner.py:85} INFO - Job 877: Subtask check_first_run
[2025-11-08T23:33:12.653+0000] {task_command.py:410} INFO - Running <TaskInstance: orquestador.check_first_run scheduled__2023-01-01T00:00:00+00:00 [running]> on host 068cff9bffb3
[2025-11-08T23:33:12.734+0000] {taskinstance.py:1568} INFO - Exporting env vars: AIRFLOW_CTX_DAG_OWNER='***' AIRFLOW_CTX_DAG_ID='orquestador' AIRFLOW_CTX_TASK_ID='check_first_run' AIRFLOW_CTX_EXECUTION_DATE='2023-01-01T00:00:00+00:00' AIRFLOW_CTX_TRY_NUMBER='1' AIRFLOW_CTX_DAG_RUN_ID='scheduled__2023-01-01T00:00:00+00:00'
[2025-11-08T23:33:12.735+0000] {warnings.py:109} WARNING - /home/***/.local/lib/python3.9/site-packages/***/utils/context.py:313: AirflowContextDeprecationWarning: Accessing 'execution_date' from the template is deprecated and will be removed in a future version. Please use 'data_interval_start' or 'logical_date' instead.
  warnings.warn(_create_deprecation_warning(k, replacements))

[2025-11-08T23:33:12.736+0000] {python.py:183} INFO - Done. Returned value was: delete_table_raw
[2025-11-08T23:33:12.736+0000] {python.py:216} INFO - Branch callable return delete_table_raw
[2025-11-08T23:33:12.736+0000] {skipmixin.py:161} INFO - Following branch delete_table_raw
[2025-11-08T23:33:12.737+0000] {skipmixin.py:221} INFO - Skipping tasks ['skip_table_creation']
[2025-11-08T23:33:12.779+0000] {taskinstance.py:1368} INFO - Marking task as SUCCESS. dag_id=orquestador, task_id=check_first_run, execution_date=20230101T000000, start_date=20251108T233312, end_date=20251108T233312
[2025-11-08T23:33:12.825+0000] {local_task_job_runner.py:232} INFO - Task exited with return code 0
[2025-11-08T23:33:13.100+0000] {taskinstance.py:2674} INFO - 0 downstream tasks scheduled from follow-on schedule check
[2025-11-09T00:01:00.743+0000] {taskinstance.py:1125} INFO - Dependencies all met for dep_context=non-requeueable deps ti=<TaskInstance: orquestador.check_first_run scheduled__2023-01-01T00:00:00+00:00 [queued]>
[2025-11-09T00:01:00.758+0000] {taskinstance.py:1125} INFO - Dependencies all met for dep_context=requeueable deps ti=<TaskInstance: orquestador.check_first_run scheduled__2023-01-01T00:00:00+00:00 [queued]>
[2025-11-09T00:01:00.759+0000] {taskinstance.py:1331} INFO - Starting attempt 1 of 2
[2025-11-09T00:01:00.773+0000] {taskinstance.py:1350} INFO - Executing <Task(BranchPythonOperator): check_first_run> on 2023-01-01 00:00:00+00:00
[2025-11-09T00:01:00.787+0000] {standard_task_runner.py:57} INFO - Started process 129 to run task
[2025-11-09T00:01:00.796+0000] {standard_task_runner.py:84} INFO - Running: ['***', 'tasks', 'run', 'orquestador', 'check_first_run', 'scheduled__2023-01-01T00:00:00+00:00', '--job-id', '3', '--raw', '--subdir', 'DAGS_FOLDER/orquestador.py', '--cfg-path', '/tmp/tmpcbl7rudq']
[2025-11-09T00:01:00.800+0000] {standard_task_runner.py:85} INFO - Job 3: Subtask check_first_run
[2025-11-09T00:01:00.891+0000] {task_command.py:410} INFO - Running <TaskInstance: orquestador.check_first_run scheduled__2023-01-01T00:00:00+00:00 [running]> on host abefff83dc87
[2025-11-09T00:01:01.024+0000] {taskinstance.py:1568} INFO - Exporting env vars: AIRFLOW_CTX_DAG_OWNER='***' AIRFLOW_CTX_DAG_ID='orquestador' AIRFLOW_CTX_TASK_ID='check_first_run' AIRFLOW_CTX_EXECUTION_DATE='2023-01-01T00:00:00+00:00' AIRFLOW_CTX_TRY_NUMBER='1' AIRFLOW_CTX_DAG_RUN_ID='scheduled__2023-01-01T00:00:00+00:00'
[2025-11-09T00:01:01.026+0000] {warnings.py:109} WARNING - /home/***/.local/lib/python3.9/site-packages/***/utils/context.py:313: AirflowContextDeprecationWarning: Accessing 'execution_date' from the template is deprecated and will be removed in a future version. Please use 'data_interval_start' or 'logical_date' instead.
  warnings.warn(_create_deprecation_warning(k, replacements))

[2025-11-09T00:01:01.027+0000] {python.py:183} INFO - Done. Returned value was: delete_table_raw
[2025-11-09T00:01:01.027+0000] {python.py:216} INFO - Branch callable return delete_table_raw
[2025-11-09T00:01:01.027+0000] {skipmixin.py:161} INFO - Following branch delete_table_raw
[2025-11-09T00:01:01.027+0000] {skipmixin.py:221} INFO - Skipping tasks ['skip_table_creation']
[2025-11-09T00:01:01.096+0000] {taskinstance.py:1368} INFO - Marking task as SUCCESS. dag_id=orquestador, task_id=check_first_run, execution_date=20230101T000000, start_date=20251109T000100, end_date=20251109T000101
[2025-11-09T00:01:01.126+0000] {local_task_job_runner.py:232} INFO - Task exited with return code 0
[2025-11-09T00:01:01.241+0000] {taskinstance.py:2674} INFO - 1 downstream tasks scheduled from follow-on schedule check
[2025-11-09T00:17:42.264+0000] {taskinstance.py:1125} INFO - Dependencies all met for dep_context=non-requeueable deps ti=<TaskInstance: orquestador.check_first_run scheduled__2023-01-01T00:00:00+00:00 [queued]>
[2025-11-09T00:17:42.286+0000] {taskinstance.py:1125} INFO - Dependencies all met for dep_context=requeueable deps ti=<TaskInstance: orquestador.check_first_run scheduled__2023-01-01T00:00:00+00:00 [queued]>
[2025-11-09T00:17:42.286+0000] {taskinstance.py:1331} INFO - Starting attempt 1 of 2
[2025-11-09T00:17:42.303+0000] {taskinstance.py:1350} INFO - Executing <Task(BranchPythonOperator): check_first_run> on 2023-01-01 00:00:00+00:00
[2025-11-09T00:17:42.312+0000] {standard_task_runner.py:57} INFO - Started process 581 to run task
[2025-11-09T00:17:42.317+0000] {standard_task_runner.py:84} INFO - Running: ['***', 'tasks', 'run', 'orquestador', 'check_first_run', 'scheduled__2023-01-01T00:00:00+00:00', '--job-id', '33', '--raw', '--subdir', 'DAGS_FOLDER/orquestador.py', '--cfg-path', '/tmp/tmpekqqw_8i']
[2025-11-09T00:17:42.321+0000] {standard_task_runner.py:85} INFO - Job 33: Subtask check_first_run
[2025-11-09T00:17:42.630+0000] {task_command.py:410} INFO - Running <TaskInstance: orquestador.check_first_run scheduled__2023-01-01T00:00:00+00:00 [running]> on host abefff83dc87
[2025-11-09T00:17:42.721+0000] {taskinstance.py:1568} INFO - Exporting env vars: AIRFLOW_CTX_DAG_OWNER='***' AIRFLOW_CTX_DAG_ID='orquestador' AIRFLOW_CTX_TASK_ID='check_first_run' AIRFLOW_CTX_EXECUTION_DATE='2023-01-01T00:00:00+00:00' AIRFLOW_CTX_TRY_NUMBER='1' AIRFLOW_CTX_DAG_RUN_ID='scheduled__2023-01-01T00:00:00+00:00'
[2025-11-09T00:17:42.721+0000] {warnings.py:109} WARNING - /home/***/.local/lib/python3.9/site-packages/***/utils/context.py:313: AirflowContextDeprecationWarning: Accessing 'execution_date' from the template is deprecated and will be removed in a future version. Please use 'data_interval_start' or 'logical_date' instead.
  warnings.warn(_create_deprecation_warning(k, replacements))

[2025-11-09T00:17:42.722+0000] {python.py:183} INFO - Done. Returned value was: delete_table_raw
[2025-11-09T00:17:42.722+0000] {python.py:216} INFO - Branch callable return delete_table_raw
[2025-11-09T00:17:42.722+0000] {skipmixin.py:161} INFO - Following branch delete_table_raw
[2025-11-09T00:17:42.722+0000] {skipmixin.py:221} INFO - Skipping tasks ['skip_table_creation']
[2025-11-09T00:17:42.775+0000] {taskinstance.py:1368} INFO - Marking task as SUCCESS. dag_id=orquestador, task_id=check_first_run, execution_date=20230101T000000, start_date=20251109T001742, end_date=20251109T001742
[2025-11-09T00:17:42.812+0000] {local_task_job_runner.py:232} INFO - Task exited with return code 0
[2025-11-09T00:17:43.075+0000] {taskinstance.py:2674} INFO - 1 downstream tasks scheduled from follow-on schedule check
