[2025-11-08T21:21:58.434+0000] {taskinstance.py:1125} INFO - Dependencies all met for dep_context=non-requeueable deps ti=<TaskInstance: orquestador.insert_raw_data scheduled__2023-01-01T00:20:00+00:00 [queued]>
[2025-11-08T21:21:58.448+0000] {taskinstance.py:1125} INFO - Dependencies all met for dep_context=requeueable deps ti=<TaskInstance: orquestador.insert_raw_data scheduled__2023-01-01T00:20:00+00:00 [queued]>
[2025-11-08T21:21:58.448+0000] {taskinstance.py:1331} INFO - Starting attempt 1 of 2
[2025-11-08T21:21:58.464+0000] {taskinstance.py:1350} INFO - Executing <Task(PythonOperator): insert_raw_data> on 2023-01-01 00:20:00+00:00
[2025-11-08T21:21:58.473+0000] {standard_task_runner.py:57} INFO - Started process 15221 to run task
[2025-11-08T21:21:58.479+0000] {standard_task_runner.py:84} INFO - Running: ['***', 'tasks', 'run', 'orquestador', 'insert_raw_data', 'scheduled__2023-01-01T00:20:00+00:00', '--job-id', '806', '--raw', '--subdir', 'DAGS_FOLDER/orquestador.py', '--cfg-path', '/tmp/tmp5dqv14_p']
[2025-11-08T21:21:58.482+0000] {standard_task_runner.py:85} INFO - Job 806: Subtask insert_raw_data
[2025-11-08T21:21:58.790+0000] {task_command.py:410} INFO - Running <TaskInstance: orquestador.insert_raw_data scheduled__2023-01-01T00:20:00+00:00 [running]> on host 068cff9bffb3
[2025-11-08T21:21:58.889+0000] {taskinstance.py:1568} INFO - Exporting env vars: AIRFLOW_CTX_DAG_OWNER='***' AIRFLOW_CTX_DAG_ID='orquestador' AIRFLOW_CTX_TASK_ID='insert_raw_data' AIRFLOW_CTX_EXECUTION_DATE='2023-01-01T00:20:00+00:00' AIRFLOW_CTX_TRY_NUMBER='1' AIRFLOW_CTX_DAG_RUN_ID='scheduled__2023-01-01T00:20:00+00:00'
[2025-11-08T21:22:01.543+0000] {logging_mixin.py:149} INFO - Cargado chunk con 15000 filas.
[2025-11-08T21:22:01.553+0000] {logging_mixin.py:149} INFO - (15000, 50)
[2025-11-08T21:22:01.583+0000] {logging_mixin.py:149} INFO - DataFrame cargado con 15000 filas para insertar.
[2025-11-08T21:22:01.651+0000] {logging_mixin.py:149} INFO - Insertando datos en la tabla diabetes_raw...
[2025-11-08T21:22:01.696+0000] {logging_mixin.py:149} INFO -   A1Cresult acarbose acetohexamide  ...  tolbutamide  troglitazone weight
0         0       No            No  ...           No            No      ?
1         0       No            No  ...           No            No      ?
2         0       No            No  ...           No            No      ?
3         0       No            No  ...           No            No      ?
4        >8       No            No  ...           No            No      ?

[5 rows x 50 columns]
[2025-11-08T21:22:01.697+0000] {logging_mixin.py:149} INFO - columnas
[2025-11-08T21:22:01.697+0000] {logging_mixin.py:149} INFO - Index(['A1Cresult', 'acarbose', 'acetohexamide', 'admission_source_id',
       'admission_type_id', 'age', 'cambio', 'chlorpropamide', 'citoglipton',
       'diabetesMed', 'diag_1', 'diag_2', 'diag_3', 'discharge_disposition_id',
       'encounter_id', 'examide', 'gender', 'glimepiride',
       'glimepiride_pioglitazone', 'glipizide', 'glipizide_metformin',
       'glyburide', 'glyburide_metformin', 'insulin', 'max_glu_serum',
       'medical_specialty', 'metformin', 'metformin_pioglitazone',
       'metformin_rosiglitazone', 'miglitol', 'nateglinide',
       'num_lab_procedures', 'num_medications', 'num_procedures',
       'number_diagnoses', 'number_emergency', 'number_inpatient',
       'number_outpatient', 'patient_nbr', 'payer_code', 'pioglitazone',
       'race', 'readmitted', 'repaglinide', 'rosiglitazone',
       'time_in_hospital', 'tolazamide', 'tolbutamide', 'troglitazone',
       'weight'],
      dtype='object')
[2025-11-08T21:22:04.746+0000] {crypto.py:83} WARNING - empty cryptography key - values will not be stored encrypted.
[2025-11-08T21:22:04.746+0000] {base.py:73} INFO - Using connection ID 'mysql_conn' for task execution.
[2025-11-08T21:22:07.021+0000] {logging_mixin.py:149} INFO - 15000 registros insertados en diabetes_raw
[2025-11-08T21:22:07.043+0000] {python.py:183} INFO - Done. Returned value was: None
[2025-11-08T21:22:07.062+0000] {taskinstance.py:1368} INFO - Marking task as SUCCESS. dag_id=orquestador, task_id=insert_raw_data, execution_date=20230101T002000, start_date=20251108T212158, end_date=20251108T212207
[2025-11-08T21:22:07.110+0000] {local_task_job_runner.py:232} INFO - Task exited with return code 0
[2025-11-08T21:22:07.167+0000] {taskinstance.py:2674} INFO - 1 downstream tasks scheduled from follow-on schedule check
[2025-11-09T00:48:35.975+0000] {taskinstance.py:1125} INFO - Dependencies all met for dep_context=non-requeueable deps ti=<TaskInstance: orquestador.insert_raw_data scheduled__2023-01-01T00:20:00+00:00 [queued]>
[2025-11-09T00:48:35.992+0000] {taskinstance.py:1125} INFO - Dependencies all met for dep_context=requeueable deps ti=<TaskInstance: orquestador.insert_raw_data scheduled__2023-01-01T00:20:00+00:00 [queued]>
[2025-11-09T00:48:35.992+0000] {taskinstance.py:1331} INFO - Starting attempt 1 of 2
[2025-11-09T00:48:36.008+0000] {taskinstance.py:1350} INFO - Executing <Task(PythonOperator): insert_raw_data> on 2023-01-01 00:20:00+00:00
[2025-11-09T00:48:36.023+0000] {standard_task_runner.py:57} INFO - Started process 1324 to run task
[2025-11-09T00:48:36.030+0000] {standard_task_runner.py:84} INFO - Running: ['***', 'tasks', 'run', 'orquestador', 'insert_raw_data', 'scheduled__2023-01-01T00:20:00+00:00', '--job-id', '72', '--raw', '--subdir', 'DAGS_FOLDER/orquestador.py', '--cfg-path', '/tmp/tmp7491j2go']
[2025-11-09T00:48:36.036+0000] {standard_task_runner.py:85} INFO - Job 72: Subtask insert_raw_data
[2025-11-09T00:48:36.357+0000] {task_command.py:410} INFO - Running <TaskInstance: orquestador.insert_raw_data scheduled__2023-01-01T00:20:00+00:00 [running]> on host abefff83dc87
[2025-11-09T00:48:36.439+0000] {taskinstance.py:1568} INFO - Exporting env vars: AIRFLOW_CTX_DAG_OWNER='***' AIRFLOW_CTX_DAG_ID='orquestador' AIRFLOW_CTX_TASK_ID='insert_raw_data' AIRFLOW_CTX_EXECUTION_DATE='2023-01-01T00:20:00+00:00' AIRFLOW_CTX_TRY_NUMBER='1' AIRFLOW_CTX_DAG_RUN_ID='scheduled__2023-01-01T00:20:00+00:00'
[2025-11-09T00:48:39.235+0000] {logging_mixin.py:149} INFO - Cargado chunk con 15000 filas.
[2025-11-09T00:48:39.244+0000] {logging_mixin.py:149} INFO - (15000, 50)
[2025-11-09T00:48:39.277+0000] {logging_mixin.py:149} INFO - DataFrame cargado con 15000 filas para insertar.
[2025-11-09T00:48:39.352+0000] {logging_mixin.py:149} INFO - Insertando datos en la tabla diabetes_raw...
[2025-11-09T00:48:39.392+0000] {logging_mixin.py:149} INFO -   A1Cresult acarbose acetohexamide  ...  tolbutamide  troglitazone weight
0         0       No            No  ...           No            No      ?
1         0       No            No  ...           No            No      ?
2         0       No            No  ...           No            No      ?
3         0       No            No  ...           No            No      ?
4         0       No            No  ...           No            No      ?

[5 rows x 50 columns]
[2025-11-09T00:48:39.393+0000] {logging_mixin.py:149} INFO - columnas
[2025-11-09T00:48:39.393+0000] {logging_mixin.py:149} INFO - Index(['A1Cresult', 'acarbose', 'acetohexamide', 'admission_source_id',
       'admission_type_id', 'age', 'cambio', 'chlorpropamide', 'citoglipton',
       'diabetesMed', 'diag_1', 'diag_2', 'diag_3', 'discharge_disposition_id',
       'encounter_id', 'examide', 'gender', 'glimepiride',
       'glimepiride_pioglitazone', 'glipizide', 'glipizide_metformin',
       'glyburide', 'glyburide_metformin', 'insulin', 'max_glu_serum',
       'medical_specialty', 'metformin', 'metformin_pioglitazone',
       'metformin_rosiglitazone', 'miglitol', 'nateglinide',
       'num_lab_procedures', 'num_medications', 'num_procedures',
       'number_diagnoses', 'number_emergency', 'number_inpatient',
       'number_outpatient', 'patient_nbr', 'payer_code', 'pioglitazone',
       'race', 'readmitted', 'repaglinide', 'rosiglitazone',
       'time_in_hospital', 'tolazamide', 'tolbutamide', 'troglitazone',
       'weight'],
      dtype='object')
[2025-11-09T00:48:42.397+0000] {crypto.py:83} WARNING - empty cryptography key - values will not be stored encrypted.
[2025-11-09T00:48:42.398+0000] {base.py:73} INFO - Using connection ID 'mysql_conn' for task execution.
[2025-11-09T00:48:44.487+0000] {logging_mixin.py:149} INFO - 15000 registros insertados en diabetes_raw
[2025-11-09T00:48:44.509+0000] {python.py:183} INFO - Done. Returned value was: None
[2025-11-09T00:48:44.519+0000] {taskinstance.py:1368} INFO - Marking task as SUCCESS. dag_id=orquestador, task_id=insert_raw_data, execution_date=20230101T002000, start_date=20251109T004835, end_date=20251109T004844
[2025-11-09T00:48:44.582+0000] {local_task_job_runner.py:232} INFO - Task exited with return code 0
[2025-11-09T00:48:44.660+0000] {taskinstance.py:2674} INFO - 1 downstream tasks scheduled from follow-on schedule check
