[2025-11-08T21:28:53.548+0000] {taskinstance.py:1125} INFO - Dependencies all met for dep_context=non-requeueable deps ti=<TaskInstance: orquestador.promueve_a_produccion scheduled__2023-01-01T00:20:00+00:00 [queued]>
[2025-11-08T21:28:53.561+0000] {taskinstance.py:1125} INFO - Dependencies all met for dep_context=requeueable deps ti=<TaskInstance: orquestador.promueve_a_produccion scheduled__2023-01-01T00:20:00+00:00 [queued]>
[2025-11-08T21:28:53.561+0000] {taskinstance.py:1331} INFO - Starting attempt 1 of 2
[2025-11-08T21:28:53.575+0000] {taskinstance.py:1350} INFO - Executing <Task(PythonOperator): promueve_a_produccion> on 2023-01-01 00:20:00+00:00
[2025-11-08T21:28:53.584+0000] {standard_task_runner.py:57} INFO - Started process 15360 to run task
[2025-11-08T21:28:53.588+0000] {standard_task_runner.py:84} INFO - Running: ['***', 'tasks', 'run', 'orquestador', 'promueve_a_produccion', 'scheduled__2023-01-01T00:20:00+00:00', '--job-id', '810', '--raw', '--subdir', 'DAGS_FOLDER/orquestador.py', '--cfg-path', '/tmp/tmphao4pdnv']
[2025-11-08T21:28:53.593+0000] {standard_task_runner.py:85} INFO - Job 810: Subtask promueve_a_produccion
[2025-11-08T21:28:53.908+0000] {task_command.py:410} INFO - Running <TaskInstance: orquestador.promueve_a_produccion scheduled__2023-01-01T00:20:00+00:00 [running]> on host 068cff9bffb3
[2025-11-08T21:28:54.001+0000] {taskinstance.py:1568} INFO - Exporting env vars: AIRFLOW_CTX_DAG_OWNER='***' AIRFLOW_CTX_DAG_ID='orquestador' AIRFLOW_CTX_TASK_ID='promueve_a_produccion' AIRFLOW_CTX_EXECUTION_DATE='2023-01-01T00:20:00+00:00' AIRFLOW_CTX_TRY_NUMBER='1' AIRFLOW_CTX_DAG_RUN_ID='scheduled__2023-01-01T00:20:00+00:00'
[2025-11-08T21:28:54.003+0000] {logging_mixin.py:149} INFO - 🚀 Promoviendo el mejor modelo a Production...
[2025-11-08T21:28:54.150+0000] {logging_mixin.py:149} INFO - 🏆 Mejor modelo encontrado: versión 4 con accuracy=0.7367
[2025-11-08T21:28:54.165+0000] {logging_mixin.py:149} INFO - ✅ Modelo GradientBoostingModel v4 promovido a Production con accuracy=0.7367
[2025-11-08T21:28:54.166+0000] {logging_mixin.py:149} INFO - 🎯 ¡Proceso completado exitosamente!
[2025-11-08T21:28:54.166+0000] {python.py:183} INFO - Done. Returned value was: None
[2025-11-08T21:28:54.176+0000] {taskinstance.py:1368} INFO - Marking task as SUCCESS. dag_id=orquestador, task_id=promueve_a_produccion, execution_date=20230101T002000, start_date=20251108T212853, end_date=20251108T212854
[2025-11-08T21:28:54.247+0000] {local_task_job_runner.py:232} INFO - Task exited with return code 0
[2025-11-08T21:28:54.489+0000] {taskinstance.py:2674} INFO - 1 downstream tasks scheduled from follow-on schedule check
[2025-11-09T03:38:05.058+0000] {taskinstance.py:1125} INFO - Dependencies all met for dep_context=non-requeueable deps ti=<TaskInstance: orquestador.promueve_a_produccion scheduled__2023-01-01T00:20:00+00:00 [queued]>
[2025-11-09T03:38:05.073+0000] {taskinstance.py:1125} INFO - Dependencies all met for dep_context=requeueable deps ti=<TaskInstance: orquestador.promueve_a_produccion scheduled__2023-01-01T00:20:00+00:00 [queued]>
[2025-11-09T03:38:05.073+0000] {taskinstance.py:1331} INFO - Starting attempt 1 of 2
[2025-11-09T03:38:05.085+0000] {taskinstance.py:1350} INFO - Executing <Task(PythonOperator): promueve_a_produccion> on 2023-01-01 00:20:00+00:00
[2025-11-09T03:38:05.096+0000] {standard_task_runner.py:57} INFO - Started process 1019 to run task
[2025-11-09T03:38:05.105+0000] {standard_task_runner.py:84} INFO - Running: ['***', 'tasks', 'run', 'orquestador', 'promueve_a_produccion', 'scheduled__2023-01-01T00:20:00+00:00', '--job-id', '122', '--raw', '--subdir', 'DAGS_FOLDER/orquestador.py', '--cfg-path', '/tmp/tmpyet9_b05']
[2025-11-09T03:38:05.109+0000] {standard_task_runner.py:85} INFO - Job 122: Subtask promueve_a_produccion
[2025-11-09T03:38:05.428+0000] {task_command.py:410} INFO - Running <TaskInstance: orquestador.promueve_a_produccion scheduled__2023-01-01T00:20:00+00:00 [running]> on host 94c887adfb7d
[2025-11-09T03:38:05.525+0000] {taskinstance.py:1568} INFO - Exporting env vars: AIRFLOW_CTX_DAG_OWNER='***' AIRFLOW_CTX_DAG_ID='orquestador' AIRFLOW_CTX_TASK_ID='promueve_a_produccion' AIRFLOW_CTX_EXECUTION_DATE='2023-01-01T00:20:00+00:00' AIRFLOW_CTX_TRY_NUMBER='1' AIRFLOW_CTX_DAG_RUN_ID='scheduled__2023-01-01T00:20:00+00:00'
[2025-11-09T03:38:05.525+0000] {logging_mixin.py:149} INFO - 🚀 Promoviendo el mejor modelo a Production...
[2025-11-09T03:38:05.841+0000] {logging_mixin.py:149} INFO - 🏆 Mejor modelo encontrado: versión 3 con accuracy=0.7717
[2025-11-09T03:38:05.867+0000] {logging_mixin.py:149} INFO - ✅ Modelo GradientBoostingModel v3 promovido a Production con accuracy=0.7717
[2025-11-09T03:38:05.867+0000] {logging_mixin.py:149} INFO - 🎯 ¡Proceso completado exitosamente!
[2025-11-09T03:38:05.867+0000] {python.py:183} INFO - Done. Returned value was: None
[2025-11-09T03:38:05.880+0000] {taskinstance.py:1368} INFO - Marking task as SUCCESS. dag_id=orquestador, task_id=promueve_a_produccion, execution_date=20230101T002000, start_date=20251109T033805, end_date=20251109T033805
[2025-11-09T03:38:05.914+0000] {local_task_job_runner.py:232} INFO - Task exited with return code 0
[2025-11-09T03:38:06.138+0000] {taskinstance.py:2674} INFO - 1 downstream tasks scheduled from follow-on schedule check
