[2025-11-08T21:21:49.234+0000] {taskinstance.py:1125} INFO - Dependencies all met for dep_context=non-requeueable deps ti=<TaskInstance: orquestador.check_first_run scheduled__2023-01-01T00:20:00+00:00 [queued]>
[2025-11-08T21:21:49.250+0000] {taskinstance.py:1125} INFO - Dependencies all met for dep_context=requeueable deps ti=<TaskInstance: orquestador.check_first_run scheduled__2023-01-01T00:20:00+00:00 [queued]>
[2025-11-08T21:21:49.251+0000] {taskinstance.py:1331} INFO - Starting attempt 1 of 2
[2025-11-08T21:21:49.272+0000] {taskinstance.py:1350} INFO - Executing <Task(BranchPythonOperator): check_first_run> on 2023-01-01 00:20:00+00:00
[2025-11-08T21:21:49.284+0000] {standard_task_runner.py:57} INFO - Started process 15215 to run task
[2025-11-08T21:21:49.288+0000] {standard_task_runner.py:84} INFO - Running: ['***', 'tasks', 'run', 'orquestador', 'check_first_run', 'scheduled__2023-01-01T00:20:00+00:00', '--job-id', '805', '--raw', '--subdir', 'DAGS_FOLDER/orquestador.py', '--cfg-path', '/tmp/tmp7usxr3c7']
[2025-11-08T21:21:49.291+0000] {standard_task_runner.py:85} INFO - Job 805: Subtask check_first_run
[2025-11-08T21:21:49.592+0000] {task_command.py:410} INFO - Running <TaskInstance: orquestador.check_first_run scheduled__2023-01-01T00:20:00+00:00 [running]> on host 068cff9bffb3
[2025-11-08T21:21:49.698+0000] {taskinstance.py:1568} INFO - Exporting env vars: AIRFLOW_CTX_DAG_OWNER='***' AIRFLOW_CTX_DAG_ID='orquestador' AIRFLOW_CTX_TASK_ID='check_first_run' AIRFLOW_CTX_EXECUTION_DATE='2023-01-01T00:20:00+00:00' AIRFLOW_CTX_TRY_NUMBER='1' AIRFLOW_CTX_DAG_RUN_ID='scheduled__2023-01-01T00:20:00+00:00'
[2025-11-08T21:21:49.699+0000] {warnings.py:109} WARNING - /home/***/.local/lib/python3.9/site-packages/***/utils/context.py:313: AirflowContextDeprecationWarning: Accessing 'execution_date' from the template is deprecated and will be removed in a future version. Please use 'data_interval_start' or 'logical_date' instead.
  warnings.warn(_create_deprecation_warning(k, replacements))

[2025-11-08T21:21:49.699+0000] {python.py:183} INFO - Done. Returned value was: skip_table_creation
[2025-11-08T21:21:49.699+0000] {python.py:216} INFO - Branch callable return skip_table_creation
[2025-11-08T21:21:49.699+0000] {skipmixin.py:161} INFO - Following branch skip_table_creation
[2025-11-08T21:21:49.699+0000] {skipmixin.py:221} INFO - Skipping tasks ['delete_table_val', 'delete_table_raw', 'delete_table_clean', 'delete_table_train', 'delete_table_test']
[2025-11-08T21:21:49.755+0000] {taskinstance.py:1368} INFO - Marking task as SUCCESS. dag_id=orquestador, task_id=check_first_run, execution_date=20230101T002000, start_date=20251108T212149, end_date=20251108T212149
[2025-11-08T21:21:49.792+0000] {local_task_job_runner.py:232} INFO - Task exited with return code 0
[2025-11-08T21:21:50.116+0000] {taskinstance.py:2674} INFO - 0 downstream tasks scheduled from follow-on schedule check
[2025-11-09T00:48:27.957+0000] {taskinstance.py:1125} INFO - Dependencies all met for dep_context=non-requeueable deps ti=<TaskInstance: orquestador.check_first_run scheduled__2023-01-01T00:20:00+00:00 [queued]>
[2025-11-09T00:48:27.971+0000] {taskinstance.py:1125} INFO - Dependencies all met for dep_context=requeueable deps ti=<TaskInstance: orquestador.check_first_run scheduled__2023-01-01T00:20:00+00:00 [queued]>
[2025-11-09T00:48:27.972+0000] {taskinstance.py:1331} INFO - Starting attempt 1 of 2
[2025-11-09T00:48:27.986+0000] {taskinstance.py:1350} INFO - Executing <Task(BranchPythonOperator): check_first_run> on 2023-01-01 00:20:00+00:00
[2025-11-09T00:48:28.000+0000] {standard_task_runner.py:57} INFO - Started process 1318 to run task
[2025-11-09T00:48:28.008+0000] {standard_task_runner.py:84} INFO - Running: ['***', 'tasks', 'run', 'orquestador', 'check_first_run', 'scheduled__2023-01-01T00:20:00+00:00', '--job-id', '71', '--raw', '--subdir', 'DAGS_FOLDER/orquestador.py', '--cfg-path', '/tmp/tmpv43kberi']
[2025-11-09T00:48:28.011+0000] {standard_task_runner.py:85} INFO - Job 71: Subtask check_first_run
[2025-11-09T00:48:28.327+0000] {task_command.py:410} INFO - Running <TaskInstance: orquestador.check_first_run scheduled__2023-01-01T00:20:00+00:00 [running]> on host abefff83dc87
[2025-11-09T00:48:28.414+0000] {taskinstance.py:1568} INFO - Exporting env vars: AIRFLOW_CTX_DAG_OWNER='***' AIRFLOW_CTX_DAG_ID='orquestador' AIRFLOW_CTX_TASK_ID='check_first_run' AIRFLOW_CTX_EXECUTION_DATE='2023-01-01T00:20:00+00:00' AIRFLOW_CTX_TRY_NUMBER='1' AIRFLOW_CTX_DAG_RUN_ID='scheduled__2023-01-01T00:20:00+00:00'
[2025-11-09T00:48:28.415+0000] {warnings.py:109} WARNING - /home/***/.local/lib/python3.9/site-packages/***/utils/context.py:313: AirflowContextDeprecationWarning: Accessing 'execution_date' from the template is deprecated and will be removed in a future version. Please use 'data_interval_start' or 'logical_date' instead.
  warnings.warn(_create_deprecation_warning(k, replacements))

[2025-11-09T00:48:28.415+0000] {python.py:183} INFO - Done. Returned value was: skip_table_creation
[2025-11-09T00:48:28.416+0000] {python.py:216} INFO - Branch callable return skip_table_creation
[2025-11-09T00:48:28.416+0000] {skipmixin.py:161} INFO - Following branch skip_table_creation
[2025-11-09T00:48:28.417+0000] {skipmixin.py:221} INFO - Skipping tasks ['delete_table_train', 'delete_table_val', 'delete_table_test', 'delete_table_raw', 'delete_table_clean']
[2025-11-09T00:48:28.473+0000] {taskinstance.py:1368} INFO - Marking task as SUCCESS. dag_id=orquestador, task_id=check_first_run, execution_date=20230101T002000, start_date=20251109T004827, end_date=20251109T004828
[2025-11-09T00:48:28.537+0000] {local_task_job_runner.py:232} INFO - Task exited with return code 0
[2025-11-09T00:48:28.817+0000] {taskinstance.py:2674} INFO - 0 downstream tasks scheduled from follow-on schedule check
[2025-11-09T03:29:55.286+0000] {taskinstance.py:1125} INFO - Dependencies all met for dep_context=non-requeueable deps ti=<TaskInstance: orquestador.check_first_run scheduled__2023-01-01T00:20:00+00:00 [queued]>
[2025-11-09T03:29:55.299+0000] {taskinstance.py:1125} INFO - Dependencies all met for dep_context=requeueable deps ti=<TaskInstance: orquestador.check_first_run scheduled__2023-01-01T00:20:00+00:00 [queued]>
[2025-11-09T03:29:55.300+0000] {taskinstance.py:1331} INFO - Starting attempt 1 of 2
[2025-11-09T03:29:55.316+0000] {taskinstance.py:1350} INFO - Executing <Task(BranchPythonOperator): check_first_run> on 2023-01-01 00:20:00+00:00
[2025-11-09T03:29:55.330+0000] {standard_task_runner.py:57} INFO - Started process 856 to run task
[2025-11-09T03:29:55.336+0000] {standard_task_runner.py:84} INFO - Running: ['***', 'tasks', 'run', 'orquestador', 'check_first_run', 'scheduled__2023-01-01T00:20:00+00:00', '--job-id', '117', '--raw', '--subdir', 'DAGS_FOLDER/orquestador.py', '--cfg-path', '/tmp/tmpk2fqyrfx']
[2025-11-09T03:29:55.339+0000] {standard_task_runner.py:85} INFO - Job 117: Subtask check_first_run
[2025-11-09T03:29:55.675+0000] {task_command.py:410} INFO - Running <TaskInstance: orquestador.check_first_run scheduled__2023-01-01T00:20:00+00:00 [running]> on host 94c887adfb7d
[2025-11-09T03:29:55.763+0000] {taskinstance.py:1568} INFO - Exporting env vars: AIRFLOW_CTX_DAG_OWNER='***' AIRFLOW_CTX_DAG_ID='orquestador' AIRFLOW_CTX_TASK_ID='check_first_run' AIRFLOW_CTX_EXECUTION_DATE='2023-01-01T00:20:00+00:00' AIRFLOW_CTX_TRY_NUMBER='1' AIRFLOW_CTX_DAG_RUN_ID='scheduled__2023-01-01T00:20:00+00:00'
[2025-11-09T03:29:55.764+0000] {warnings.py:109} WARNING - /home/***/.local/lib/python3.9/site-packages/***/utils/context.py:313: AirflowContextDeprecationWarning: Accessing 'execution_date' from the template is deprecated and will be removed in a future version. Please use 'data_interval_start' or 'logical_date' instead.
  warnings.warn(_create_deprecation_warning(k, replacements))

[2025-11-09T03:29:55.764+0000] {python.py:183} INFO - Done. Returned value was: skip_table_creation
[2025-11-09T03:29:55.764+0000] {python.py:216} INFO - Branch callable return skip_table_creation
[2025-11-09T03:29:55.764+0000] {skipmixin.py:161} INFO - Following branch skip_table_creation
[2025-11-09T03:29:55.764+0000] {skipmixin.py:221} INFO - Skipping tasks ['delete_table_test', 'delete_table_raw', 'delete_table_train', 'delete_table_val', 'delete_table_clean']
[2025-11-09T03:29:55.810+0000] {taskinstance.py:1368} INFO - Marking task as SUCCESS. dag_id=orquestador, task_id=check_first_run, execution_date=20230101T002000, start_date=20251109T032955, end_date=20251109T032955
[2025-11-09T03:29:55.871+0000] {local_task_job_runner.py:232} INFO - Task exited with return code 0
[2025-11-09T03:29:56.190+0000] {taskinstance.py:2674} INFO - 0 downstream tasks scheduled from follow-on schedule check
