[2025-11-08T17:27:05.641+0000] {taskinstance.py:1125} INFO - Dependencies all met for dep_context=non-requeueable deps ti=<TaskInstance: orquestador.debug_api_response scheduled__2023-01-01T00:05:00+00:00 [queued]>
[2025-11-08T17:27:05.658+0000] {taskinstance.py:1125} INFO - Dependencies all met for dep_context=requeueable deps ti=<TaskInstance: orquestador.debug_api_response scheduled__2023-01-01T00:05:00+00:00 [queued]>
[2025-11-08T17:27:05.658+0000] {taskinstance.py:1331} INFO - Starting attempt 1 of 2
[2025-11-08T17:27:05.830+0000] {taskinstance.py:1350} INFO - Executing <Task(BranchPythonOperator): debug_api_response> on 2023-01-01 00:05:00+00:00
[2025-11-08T17:27:05.839+0000] {standard_task_runner.py:57} INFO - Started process 11318 to run task
[2025-11-08T17:27:05.852+0000] {standard_task_runner.py:84} INFO - Running: ['***', 'tasks', 'run', 'orquestador', 'debug_api_response', 'scheduled__2023-01-01T00:05:00+00:00', '--job-id', '699', '--raw', '--subdir', 'DAGS_FOLDER/orquestador.py', '--cfg-path', '/tmp/tmp13awej94']
[2025-11-08T17:27:05.860+0000] {standard_task_runner.py:85} INFO - Job 699: Subtask debug_api_response
[2025-11-08T17:27:05.930+0000] {task_command.py:410} INFO - Running <TaskInstance: orquestador.debug_api_response scheduled__2023-01-01T00:05:00+00:00 [running]> on host 068cff9bffb3
[2025-11-08T17:27:06.008+0000] {taskinstance.py:1568} INFO - Exporting env vars: AIRFLOW_CTX_DAG_OWNER='***' AIRFLOW_CTX_DAG_ID='orquestador' AIRFLOW_CTX_TASK_ID='debug_api_response' AIRFLOW_CTX_EXECUTION_DATE='2023-01-01T00:05:00+00:00' AIRFLOW_CTX_TRY_NUMBER='1' AIRFLOW_CTX_DAG_RUN_ID='scheduled__2023-01-01T00:05:00+00:00'
[2025-11-08T17:27:06.009+0000] {logging_mixin.py:149} INFO - 🔍 Probando conexión con la API...
[2025-11-08T17:27:07.814+0000] {logging_mixin.py:149} INFO - ✅ Estado HTTP: 200
[2025-11-08T17:27:07.814+0000] {logging_mixin.py:149} INFO - 🧾 Cabecera Content-Type: application/json
[2025-11-08T17:27:07.822+0000] {logging_mixin.py:149} INFO - 📏 Tamaño del cuerpo: 15360251 bytes
[2025-11-08T17:27:07.823+0000] {logging_mixin.py:149} INFO - 📦 Primeros 500 caracteres del cuerpo:
[2025-11-08T17:27:07.830+0000] {logging_mixin.py:149} INFO - [{"A1Cresult":NaN,"acarbose":"No","acetohexamide":"No","admission_source_id":7,"admission_type_id":2,"age":"[40-50)","change":"No","chlorpropamide":"No","citoglipton":"No","diabetesMed":"Yes","diag_1":"428","diag_2":"425","diag_3":"403","discharge_disposition_id":6,"encounter_id":168409152,"examide":"No","gender":"Male","glimepiride":"No","glimepiride-pioglitazone":"No","glipizide":"No","glipizide-metformin":"No","glyburide":"No","glyburide-metformin":"No","insulin":"Steady","max_glu_serum":NaN,
[2025-11-08T17:27:07.831+0000] {logging_mixin.py:149} INFO - 
--------------------------------------------------------------------------------
[2025-11-08T17:27:07.833+0000] {logging_mixin.py:149} INFO - ❌ Error al parsear JSON: Expecting value: line 1 column 15 (char 14)
[2025-11-08T17:27:07.834+0000] {python.py:183} INFO - Done. Returned value was: None
[2025-11-08T17:27:07.835+0000] {python.py:216} INFO - Branch callable return None
[2025-11-08T17:27:07.835+0000] {skipmixin.py:161} INFO - Following branch None
[2025-11-08T17:27:07.836+0000] {skipmixin.py:221} INFO - Skipping tasks ['delete_table_raw']
[2025-11-08T17:27:07.880+0000] {taskinstance.py:1368} INFO - Marking task as SUCCESS. dag_id=orquestador, task_id=debug_api_response, execution_date=20230101T000500, start_date=20251108T172705, end_date=20251108T172707
[2025-11-08T17:27:07.904+0000] {local_task_job_runner.py:232} INFO - Task exited with return code 0
[2025-11-08T17:27:07.961+0000] {taskinstance.py:2674} INFO - 0 downstream tasks scheduled from follow-on schedule check
[2025-11-08T17:28:42.168+0000] {taskinstance.py:1125} INFO - Dependencies all met for dep_context=non-requeueable deps ti=<TaskInstance: orquestador.debug_api_response scheduled__2023-01-01T00:05:00+00:00 [queued]>
[2025-11-08T17:28:42.184+0000] {taskinstance.py:1125} INFO - Dependencies all met for dep_context=requeueable deps ti=<TaskInstance: orquestador.debug_api_response scheduled__2023-01-01T00:05:00+00:00 [queued]>
[2025-11-08T17:28:42.184+0000] {taskinstance.py:1331} INFO - Starting attempt 1 of 2
[2025-11-08T17:28:42.198+0000] {taskinstance.py:1350} INFO - Executing <Task(BranchPythonOperator): debug_api_response> on 2023-01-01 00:05:00+00:00
[2025-11-08T17:28:42.207+0000] {standard_task_runner.py:57} INFO - Started process 11363 to run task
[2025-11-08T17:28:42.212+0000] {standard_task_runner.py:84} INFO - Running: ['***', 'tasks', 'run', 'orquestador', 'debug_api_response', 'scheduled__2023-01-01T00:05:00+00:00', '--job-id', '703', '--raw', '--subdir', 'DAGS_FOLDER/orquestador.py', '--cfg-path', '/tmp/tmpkua8t0em']
[2025-11-08T17:28:42.215+0000] {standard_task_runner.py:85} INFO - Job 703: Subtask debug_api_response
[2025-11-08T17:28:42.526+0000] {task_command.py:410} INFO - Running <TaskInstance: orquestador.debug_api_response scheduled__2023-01-01T00:05:00+00:00 [running]> on host 068cff9bffb3
[2025-11-08T17:28:42.653+0000] {taskinstance.py:1568} INFO - Exporting env vars: AIRFLOW_CTX_DAG_OWNER='***' AIRFLOW_CTX_DAG_ID='orquestador' AIRFLOW_CTX_TASK_ID='debug_api_response' AIRFLOW_CTX_EXECUTION_DATE='2023-01-01T00:05:00+00:00' AIRFLOW_CTX_TRY_NUMBER='1' AIRFLOW_CTX_DAG_RUN_ID='scheduled__2023-01-01T00:05:00+00:00'
[2025-11-08T17:28:42.654+0000] {logging_mixin.py:149} INFO - 🔍 Probando conexión con la API...
[2025-11-08T17:28:44.155+0000] {logging_mixin.py:149} INFO - ✅ Estado HTTP: 200
[2025-11-08T17:28:44.155+0000] {logging_mixin.py:149} INFO - 🧾 Cabecera Content-Type: application/json
[2025-11-08T17:28:44.162+0000] {logging_mixin.py:149} INFO - 📏 Tamaño del cuerpo: 12022752 bytes
[2025-11-08T17:28:44.163+0000] {logging_mixin.py:149} INFO - 📦 Primeros 500 caracteres del cuerpo:
[2025-11-08T17:28:44.169+0000] {logging_mixin.py:149} INFO - [{"A1Cresult":NaN,"acarbose":"No","acetohexamide":"No","admission_source_id":7,"admission_type_id":1,"age":"[50-60)","change":"Ch","chlorpropamide":"No","citoglipton":"No","diabetesMed":"Yes","diag_1":"250.8","diag_2":"998","diag_3":"153","discharge_disposition_id":6,"encounter_id":292045308,"examide":"No","gender":"Male","glimepiride":"No","glimepiride-pioglitazone":"No","glipizide":"No","glipizide-metformin":"No","glyburide":"No","glyburide-metformin":"No","insulin":"Down","max_glu_serum":NaN,
[2025-11-08T17:28:44.170+0000] {logging_mixin.py:149} INFO - 
--------------------------------------------------------------------------------
[2025-11-08T17:28:44.172+0000] {logging_mixin.py:149} INFO - ❌ Error al parsear JSON: Expecting value: line 1 column 15 (char 14)
[2025-11-08T17:28:44.173+0000] {python.py:183} INFO - Done. Returned value was: None
[2025-11-08T17:28:44.173+0000] {python.py:216} INFO - Branch callable return None
[2025-11-08T17:28:44.173+0000] {skipmixin.py:161} INFO - Following branch None
[2025-11-08T17:28:44.174+0000] {skipmixin.py:221} INFO - Skipping tasks ['delete_table_raw']
[2025-11-08T17:28:44.208+0000] {taskinstance.py:1368} INFO - Marking task as SUCCESS. dag_id=orquestador, task_id=debug_api_response, execution_date=20230101T000500, start_date=20251108T172842, end_date=20251108T172844
[2025-11-08T17:28:44.240+0000] {local_task_job_runner.py:232} INFO - Task exited with return code 0
[2025-11-08T17:28:44.496+0000] {taskinstance.py:2674} INFO - 0 downstream tasks scheduled from follow-on schedule check
